COCO INFO: Results will be output to folder exdata/EA_AOS_on_bbob_budget0500xD-002
after __main__
budget 0.72 0.17 102 DE/rand-to-best/2 500
above main 500
def main 500
Benchmarking solver '<function EA_AOS' with budget=500*dimension on b'bbob' suite, Sat Mar 30 12:50:23 2019
batch_loop 500
Mar30 12h50:23, d=20, running: f015coco_optimiser 10000
inside coco 10000
ea-aos 10000
0.05
0.05
10.25
668.2499565318792
18.65
567.1109570977477
24.55
566.6521168167949
43.5
485.2318023597534
71.3
397.35791970382195
119.3
302.858668607093
129.5
295.1421775409588
240.25
267.3063468362619
257.0
236.82231304909482
495.25
202.8956328945392

 168.1456328945392
.(1)  
    done in 2.6e-04 seconds/evaluation
  dimension seconds/evaluations
  -----------------------------
     20      2.6e-04 
  -----------------------------
  bbob done (1 of 360 problems benchmarked)
Deleting folder:  exdata/EA_AOS_on_bbob_budget0500xD-002
, Sat Mar 30 12:50:25 2019 (0h00:02 total elapsed time).
