COCO INFO: Results will be output to folder exdata/EA_AOS_on_bbob_budget0500xD-025
after __main__
budget 0.65 0.58 383 DE/rand-to-best/2 500
above main 500
def main 500
Benchmarking solver '<function EA_AOS' with budget=500*dimension on b'bbob' suite, Sat Mar 30 12:50:25 2019
batch_loop 500
Mar30 12h50:25, d=20, running: f015coco_optimiser 10000
inside coco 10000
ea-aos 10000
0.05
0.05
35.6
633.7152595332619
53.9
553.0104562679123
117.85
524.4833762421495
190.65
448.64508541646444
279.05
347.04470345254765
466.5
344.53187685234934

 309.78187685234934
.(1)  
    done in 4.3e-04 seconds/evaluation
  dimension seconds/evaluations
  -----------------------------
     20      4.3e-04 
  -----------------------------
  bbob done (1 of 360 problems benchmarked)
Deleting folder:  exdata/EA_AOS_on_bbob_budget0500xD-025
, Sat Mar 30 12:50:29 2019 (0h00:03 total elapsed time).
