COCO INFO: Results will be output to folder exdata/EA_AOS_on_bbob_budget0500xD-016
after __main__
budget 0.44 0.64 213 DE/rand-to-best/2 500
above main 500
def main 500
Benchmarking solver '<function EA_AOS' with budget=500*dimension on b'bbob' suite, Sat Mar 30 12:53:37 2019
batch_loop 500
Mar30 12h53:37, d=20, running: f015coco_optimiser 10000
inside coco 10000
ea-aos 10000
0.05
0.05
17.65
541.7037746407775
29.5
539.9862274511341
42.5
377.3123835030152
47.55
365.16596316754385
53.65
363.83339744568104
63.95
331.9524308153907
79.75
312.13530952225574
109.1
306.121052029265
126.55
266.8437334561873
149.45
224.48389398478523
189.35
216.38353330505402
228.45
213.67421665357833
314.55
210.0745237759758
328.95
198.75032199754526
368.05
195.6393722987284

 103.1693722987284
.(1)  
    done in 5.0e-04 seconds/evaluation
  dimension seconds/evaluations
  -----------------------------
     20      5.0e-04 
  -----------------------------
  bbob done (1 of 360 problems benchmarked)
Deleting folder:  exdata/EA_AOS_on_bbob_budget0500xD-016
, Sat Mar 30 12:53:42 2019 (0h00:02 total elapsed time).
