COCO INFO: Results will be output to folder exdata/EA_AOS_on_bbob_budget0500xD
after __main__
budget 0.1 0.58 342 DE/rand-to-best/2 500
above main 500
def main 500
Benchmarking solver '<function EA_AOS' with budget=500*dimension on b'bbob' suite, Sat Mar 30 13:03:35 2019
batch_loop 500
Mar30 13h03:35, d=20, running: f003coco_optimiser 10000
inside coco 10000
ea-aos 10000
0.05
10.65
511.8858816551884
27.6
461.33267964282504
38.9
421.268979014005
67.6
366.40574541434387
87.35
340.04058705094417
162.2
331.2031802906939
174.6
305.74951260232365
230.45
300.8369162648331
272.25
281.8260324960762
339.35
253.912548336087
412.65
251.57138369291968
481.05
226.84895515973375

 -235.24104484026623
.(1)  
    done in 4.3e-04 seconds/evaluation
  dimension seconds/evaluations
  -----------------------------
     20      4.3e-04 
  -----------------------------
  bbob done (1 of 360 problems benchmarked)
Deleting folder:  exdata/EA_AOS_on_bbob_budget0500xD
, Sat Mar 30 13:03:39 2019 (0h00:03 total elapsed time).
