COCO INFO: Results will be output to folder exdata/EA_AOS_on_bbob_budget0500xD-020
after __main__
budget 0.33 0.63 318 DE/rand-to-best/2 500
above main 500
def main 500
Benchmarking solver '<function EA_AOS' with budget=500*dimension on b'bbob' suite, Sat Mar 30 13:03:54 2019
batch_loop 500
Mar30 13h03:54, d=20, running: f003coco_optimiser 10000
inside coco 10000
ea-aos 10000
0.05
10.65
511.8858816551884
62.65
441.9462756031937
77.9
426.00628829798154
90.7
371.5703571036811
108.15
351.5431218348565
115.6
319.60313806753516
131.5
297.0654993010883
144.0
292.9115672174014
184.85
271.5561261193508
222.15
254.07471089942538
268.8
237.8394666036201

 -224.25053339637986
.(1)  
    done in 4.0e-04 seconds/evaluation
  dimension seconds/evaluations
  -----------------------------
     20      4.0e-04 
  -----------------------------
  bbob done (1 of 360 problems benchmarked)
Deleting folder:  exdata/EA_AOS_on_bbob_budget0500xD-020
, Sat Mar 30 13:03:58 2019 (0h00:03 total elapsed time).
