COCO INFO: Results will be output to folder exdata/EA_AOS_on_bbob_budget0500xD-001
after __main__
budget 0.85 0.66 129 DE/rand-to-best/2 500
above main 500
def main 500
Benchmarking solver '<function EA_AOS' with budget=500*dimension on b'bbob' suite, Sat Mar 30 13:04:03 2019
batch_loop 500
Mar30 13h04:03, d=20, running: f003coco_optimiser 10000
inside coco 10000
ea-aos 10000
0.05
5.8
864.7194687895983
6.95
782.6436104018275
28.3
681.7371599756398
432.05
625.1395542333371

 163.04955423333712
.(1)  
    done in 4.0e-04 seconds/evaluation
  dimension seconds/evaluations
  -----------------------------
     20      4.0e-04 
  -----------------------------
  bbob done (1 of 360 problems benchmarked)
Deleting folder:  exdata/EA_AOS_on_bbob_budget0500xD-001
, Sat Mar 30 13:04:07 2019 (0h00:03 total elapsed time).
