COCO INFO: Results will be output to folder exdata/EA_AOS_on_bbob_budget0500xD-004
after __main__
budget 0.12 0.13 364 DE/rand-to-best/2 500
above main 500
def main 500
Benchmarking solver '<function EA_AOS' with budget=500*dimension on b'bbob' suite, Sat Mar 30 12:51:32 2019
batch_loop 500
Mar30 12h51:32, d=20, running: f015coco_optimiser 10000
inside coco 10000
ea-aos 10000
0.05
0.05
29.2
571.7527241805941
37.95
531.1224622850389
60.9
522.0474715134454
72.85
447.3782206007605
132.2
414.3407011457161
171.1
374.68670455355084
243.55
358.53428371332745
269.35
357.5696954173977
287.55
283.27246446148274
388.6
281.99882863324984
438.7
280.5280616188409
476.5
257.5105691011601

 222.76056910116012
.(1)  
    done in 5.0e-04 seconds/evaluation
  dimension seconds/evaluations
  -----------------------------
     20      5.0e-04 
  -----------------------------
  bbob done (1 of 360 problems benchmarked)
Deleting folder:  exdata/EA_AOS_on_bbob_budget0500xD-004
, Sat Mar 30 12:51:37 2019 (0h00:03 total elapsed time).
