COCO INFO: Results will be output to folder exdata/EA_AOS_on_bbob_budget0500xD-017
after __main__
budget 0.69 0.76 312 DE/rand-to-best/2 500
above main 500
def main 500
Benchmarking solver '<function EA_AOS' with budget=500*dimension on b'bbob' suite, Sat Mar 30 13:04:09 2019
batch_loop 500
Mar30 13h04:09, d=20, running: f003coco_optimiser 10000
inside coco 10000
ea-aos 10000
0.05
10.65
511.8858816551884
197.7
510.7968444465706
431.9
424.38791641110987

 -37.702083588890105
.(1)  
    done in 3.2e-04 seconds/evaluation
  dimension seconds/evaluations
  -----------------------------
     20      3.2e-04 
  -----------------------------
  bbob done (1 of 360 problems benchmarked)
Deleting folder:  exdata/EA_AOS_on_bbob_budget0500xD-017
, Sat Mar 30 13:04:13 2019 (0h00:02 total elapsed time).
