COCO INFO: Results will be output to folder exdata/EA_AOS_on_bbob_budget0500xD-002
after __main__
budget 0.44 0.63 232 DE/rand-to-best/2 500
above main 500
def main 500
Benchmarking solver '<function EA_AOS' with budget=500*dimension on b'bbob' suite, Sat Mar 30 13:04:12 2019
batch_loop 500
Mar30 13h04:12, d=20, running: f003coco_optimiser 10000
inside coco 10000
ea-aos 10000
0.05
10.65
511.8858816551884
33.1
461.5452232062777
44.3
446.1284342252615
55.2
408.83948597910603
80.55
360.32483782676906
81.85
333.13651483742797
93.4
324.9656135148309
105.15
303.34634592901
122.45
293.8982838296077
137.15
269.6817652083015
139.35
261.15746110336755
160.55
221.0195283702821
202.6
218.5091118915634
301.05
203.48403937687777
334.1
202.65755917777847
362.7
201.6198282750803
397.5
192.39190245328376
480.55
189.0291479587031

 -273.06085204129687
.(1)  
    done in 3.2e-04 seconds/evaluation
  dimension seconds/evaluations
  -----------------------------
     20      3.2e-04 
  -----------------------------
  bbob done (1 of 360 problems benchmarked)
Deleting folder:  exdata/EA_AOS_on_bbob_budget0500xD-002
, Sat Mar 30 13:04:16 2019 (0h00:02 total elapsed time).
