COCO INFO: Results will be output to folder exdata/EA_AOS_on_bbob_budget0500xD-027
after __main__
budget 0.36 0.94 161 DE/rand-to-best/2 500
above main 500
def main 500
Benchmarking solver '<function EA_AOS' with budget=500*dimension on b'bbob' suite, Sat Mar 30 12:51:35 2019
batch_loop 500
Mar30 12h51:35, d=20, running: f015coco_optimiser 10000
inside coco 10000
ea-aos 10000
0.05
0.05
9.6
500.19219077120187
18.75
457.9426214424006
29.65
408.1243121075966
35.4
376.8677117011283
44.9
363.00234508434386
55.35
333.0786500797469
60.05
284.20230494630874
387.5
260.63022129369017

 225.88022129369017
.(1)  
    done in 4.2e-04 seconds/evaluation
  dimension seconds/evaluations
  -----------------------------
     20      4.2e-04 
  -----------------------------
  bbob done (1 of 360 problems benchmarked)
Deleting folder:  exdata/EA_AOS_on_bbob_budget0500xD-027
, Sat Mar 30 12:51:39 2019 (0h00:03 total elapsed time).
