COCO INFO: Results will be output to folder exdata/EA_AOS_on_bbob_budget0500xD-014
after __main__
budget 0.24 0.57 97 DE/rand-to-best/2 500
above main 500
def main 500
Benchmarking solver '<function EA_AOS' with budget=500*dimension on b'bbob' suite, Sat Mar 30 13:12:30 2019
batch_loop 500
Mar30 13h12:30, d=20, running: f015coco_optimiser 10000
inside coco 10000
ea-aos 10000
0.05
0.05
6.8
582.6997110452692
10.4
451.9374604456224
21.65
424.75530416400056
26.6
348.51140335573234
43.45
342.74515670952877
47.6
300.0860015875917
59.05
267.4129595211817
161.65
258.2835982018723
243.6
254.94993128997362
258.45
220.74412270855862

 128.27412270855862
.(1)  
    done in 4.3e-04 seconds/evaluation
  dimension seconds/evaluations
  -----------------------------
     20      4.3e-04 
  -----------------------------
  bbob done (1 of 360 problems benchmarked)
Deleting folder:  exdata/EA_AOS_on_bbob_budget0500xD-014
, Sat Mar 30 13:12:35 2019 (0h00:02 total elapsed time).
