COCO INFO: Results will be output to folder exdata/EA_AOS_on_bbob_budget0500xD-017
after __main__
budget 0.41 0.68 52 DE/rand-to-best/2 500
above main 500
def main 500
Benchmarking solver '<function EA_AOS' with budget=500*dimension on b'bbob' suite, Sat Mar 30 13:19:32 2019
batch_loop 500
Mar30 13h19:33, d=20, running: f024coco_optimiser 10000
inside coco 10000
ea-aos 10000
0.05
0.05
14.0
288.58429895077626
22.5
258.9815696317162
24.65
232.79218250906405
29.6
213.5247087801476
52.6
206.4985201427495
71.15
189.0055257321439

 55.41552573214389
.(1)  
    done in 4.2e-04 seconds/evaluation
  dimension seconds/evaluations
  -----------------------------
     20      4.2e-04 
  -----------------------------
  bbob done (1 of 360 problems benchmarked)
Deleting folder:  exdata/EA_AOS_on_bbob_budget0500xD-017
, Sat Mar 30 13:19:37 2019 (0h00:02 total elapsed time).
