COCO INFO: Results will be output to folder exdata/EA_AOS_on_bbob_budget0500xD-003
after __main__
budget 0.36 0.8 102 DE/rand-to-best/2 500
above main 500
def main 500
Benchmarking solver '<function EA_AOS' with budget=500*dimension on b'bbob' suite, Sat Mar 30 13:10:25 2019
batch_loop 500
Mar30 13h10:26, d=20, running: f015coco_optimiser 10000
inside coco 10000
ea-aos 10000
0.05
0.05
6.8
657.8581734486838
10.75
454.0574694161545
25.45
418.7888192333478
26.6
411.51444713172845
33.3
373.5081891077522
40.1
322.6482970719598
87.65
322.61216615842557
105.15
290.98437819053373
110.15
269.35431871474066
292.4
259.33413723712783
427.95
251.80261437160135

 217.05261437160135
.(1)  
    done in 4.5e-04 seconds/evaluation
  dimension seconds/evaluations
  -----------------------------
     20      4.5e-04 
  -----------------------------
  bbob done (1 of 360 problems benchmarked)
Deleting folder:  exdata/EA_AOS_on_bbob_budget0500xD-003
, Sat Mar 30 13:10:30 2019 (0h00:02 total elapsed time).
