COCO INFO: Results will be output to folder exdata/EA_AOS_on_bbob_budget0500xD-001
after __main__
budget 0.33 0.73 60 DE/rand-to-best/2 500
above main 500
def main 500
Benchmarking solver '<function EA_AOS' with budget=500*dimension on b'bbob' suite, Sat Mar 30 13:14:34 2019
batch_loop 500
Mar30 13h14:34, d=20, running: f020coco_optimiser 10000
inside coco 10000
ea-aos 10000
0.05
0.05
5.6
7747.159620970442
11.85
4525.940332424128
12.9
2072.1626431940704
19.1
972.1620513818399
27.3
811.531328607149
38.05
476.7895994860954
42.4
299.46113036625
70.2
289.1079933142411
76.5
131.10025982180647
79.5
130.59735061514013
103.5
130.53107557631373
120.9
112.30264300982694
125.65
112.00683721368627
152.65
111.9756381655368
236.65
111.94056217485985

 -33.63943782514016
.(1)  
    done in 5.2e-04 seconds/evaluation
  dimension seconds/evaluations
  -----------------------------
     20      5.2e-04 
  -----------------------------
  bbob done (1 of 360 problems benchmarked)
Deleting folder:  exdata/EA_AOS_on_bbob_budget0500xD-001
, Sat Mar 30 13:14:39 2019 (0h00:02 total elapsed time).
