COCO INFO: Results will be output to folder exdata/EA_AOS_on_bbob_budget0500xD-024
after __main__
budget 0.21 0.79 108 DE/rand-to-best/2 500
above main 500
def main 500
Benchmarking solver '<function EA_AOS' with budget=500*dimension on b'bbob' suite, Sat Mar 30 13:08:24 2019
batch_loop 500
Mar30 13h08:24, d=20, running: f020coco_optimiser 10000
inside coco 10000
ea-aos 10000
0.05
0.05
8.7
13561.45297839223
16.2
4920.9903337686765
17.85
1944.507593453665
45.65
937.3365745879162
49.9
598.6413621410614
67.4
596.7988373461881
75.15
411.9405680360663
82.35
130.639702162633
132.55
130.47451632986008
135.15
112.2353698343502
184.6
112.16119033014775
222.4
111.91614587588941
257.9
111.8449613784784
338.5
111.76333213720783

 -24.996667862792165
.(1)  
    done in 4.7e-04 seconds/evaluation
  dimension seconds/evaluations
  -----------------------------
     20      4.7e-04 
  -----------------------------
  bbob done (1 of 360 problems benchmarked)
Deleting folder:  exdata/EA_AOS_on_bbob_budget0500xD-024
, Sat Mar 30 13:08:29 2019 (0h00:02 total elapsed time).
