COCO INFO: Results will be output to folder exdata/EA_AOS_on_bbob_budget0500xD-012
after __main__
budget 0.28 0.73 107 DE/rand-to-best/2 500
above main 500
def main 500
Benchmarking solver '<function EA_AOS' with budget=500*dimension on b'bbob' suite, Sat Mar 30 13:10:50 2019
batch_loop 500
Mar30 13h10:50, d=20, running: f015coco_optimiser 10000
inside coco 10000
ea-aos 10000
0.05
0.05
14.95
619.0111829469092
20.7
517.4959866285949
23.9
482.39501845271343
30.05
444.1317543838736
39.15
383.830200213664
45.2
360.5347869460851
54.45
346.82020814370037
69.6
341.1714756093528
79.7
322.0862124014202
245.05
317.3787493357006
266.8
307.12801935548566

 272.37801935548566
.(1)  
    done in 4.4e-04 seconds/evaluation
  dimension seconds/evaluations
  -----------------------------
     20      4.4e-04 
  -----------------------------
  bbob done (1 of 360 problems benchmarked)
Deleting folder:  exdata/EA_AOS_on_bbob_budget0500xD-012
, Sat Mar 30 13:10:55 2019 (0h00:03 total elapsed time).
