COCO INFO: Results will be output to folder exdata/EA_AOS_on_bbob_budget0500xD-018
after __main__
budget 0.32 0.72 58 DE/rand-to-best/2 500
above main 500
def main 500
Benchmarking solver '<function EA_AOS' with budget=500*dimension on b'bbob' suite, Sat Mar 30 13:19:33 2019
batch_loop 500
Mar30 13h19:33, d=20, running: f024coco_optimiser 10000
inside coco 10000
ea-aos 10000
0.05
0.05
2.95
282.71604890878865
12.0
277.92855751979454
15.85
270.14933624141645
18.4
241.1995693440052
20.9
238.84540275853885
29.2
232.27420477997072
33.95
219.55111131963776
37.45
207.37282445374768
113.3
205.37149497267293
118.0
202.3440907447104
364.5
197.55979628434883

 63.96979628434883
.(1)  
    done in 4.6e-04 seconds/evaluation
  dimension seconds/evaluations
  -----------------------------
     20      4.6e-04 
  -----------------------------
  bbob done (1 of 360 problems benchmarked)
Deleting folder:  exdata/EA_AOS_on_bbob_budget0500xD-018
, Sat Mar 30 13:19:37 2019 (0h00:02 total elapsed time).
