COCO INFO: Results will be output to folder exdata/EA_AOS_on_bbob_budget0500xD-002
after __main__
budget 0.29 0.75 78 DE/rand-to-best/2 500
above main 500
def main 500
Benchmarking solver '<function EA_AOS' with budget=500*dimension on b'bbob' suite, Sat Mar 30 13:06:55 2019
batch_loop 500
Mar30 13h06:55, d=20, running: f012coco_optimiser 10000
inside coco 10000
ea-aos 10000
0.05
2.0
303777482.8634992
5.7
184368096.24798375
9.7
142775183.18582374
13.25
104315293.30180164
17.1
99080554.90683568
22.05
79774907.33555448
27.15
73996628.34722427
29.15
72780998.36525558
41.95
56525262.673204504
45.55
47081556.697997846
47.45
42829953.05437499
68.7
39648806.76861255
76.65
36769885.54907235
84.6
34480888.4168636
102.05
33599910.80518366
106.2
33324461.924605295
123.5
27935922.180690918
183.35
27150910.304498713
192.05
26907957.15004086
208.7
26153849.502255626
215.8
24903908.493713416
221.3
23401816.658180054
267.85
22990266.5066251
332.1
21294620.1279207

 21294698.0179207
.(1)  
    done in 3.2e-04 seconds/evaluation
  dimension seconds/evaluations
  -----------------------------
     20      3.2e-04 
  -----------------------------
  bbob done (1 of 360 problems benchmarked)
Deleting folder:  exdata/EA_AOS_on_bbob_budget0500xD-002
, Sat Mar 30 13:06:58 2019 (0h00:03 total elapsed time).
