COCO INFO: Results will be output to folder exdata/EA_AOS_on_bbob_budget0500xD-002
after __main__
budget 0.37 0.83 63 DE/rand-to-best/2 500
above main 500
def main 500
Benchmarking solver '<function EA_AOS' with budget=500*dimension on b'bbob' suite, Sat Mar 30 13:11:06 2019
batch_loop 500
Mar30 13h11:06, d=20, running: f015coco_optimiser 10000
inside coco 10000
ea-aos 10000
0.05
0.05
4.15
653.5046393754955
7.85
508.2704117342539
14.1
507.5938465521821
18.7
421.5342837420535
20.15
397.34593049142563
22.15
351.4764211079171
27.0
345.5704744030508
34.1
326.2350602945271
52.4
281.97169692251487
116.05
273.5356371675205
173.75
268.6623185026696
371.25
266.2585909617836

 231.50859096178363
.(1)  
    done in 3.0e-04 seconds/evaluation
  dimension seconds/evaluations
  -----------------------------
     20      3.0e-04 
  -----------------------------
  bbob done (1 of 360 problems benchmarked)
Deleting folder:  exdata/EA_AOS_on_bbob_budget0500xD-002
, Sat Mar 30 13:11:09 2019 (0h00:02 total elapsed time).
