COCO INFO: Results will be output to folder exdata/EA_AOS_on_bbob_budget0500xD-023
after __main__
budget 0.3 0.85 62 DE/rand-to-best/2 500
above main 500
def main 500
Benchmarking solver '<function EA_AOS' with budget=500*dimension on b'bbob' suite, Sat Mar 30 13:19:06 2019
batch_loop 500
Mar30 13h19:07, d=20, running: f018coco_optimiser 10000
inside coco 10000
ea-aos 10000
0.05
3.05
95.5890266224095
3.3
74.75594668911219
8.45
58.14761250969548
13.6
54.03168008019435
15.9
34.669430164711116
26.85
28.02085140556204
57.65
24.005446626078594
305.55
22.590098014402372
405.35
21.04560176297548
408.85
19.29919215240153

 292.4491921524015
.(1)  
    done in 4.6e-04 seconds/evaluation
  dimension seconds/evaluations
  -----------------------------
     20      4.6e-04 
  -----------------------------
  bbob done (1 of 360 problems benchmarked)
Deleting folder:  exdata/EA_AOS_on_bbob_budget0500xD-023
, Sat Mar 30 13:19:11 2019 (0h00:02 total elapsed time).
