COCO INFO: Results will be output to folder exdata/EA_AOS_on_bbob_budget0500xD-028
after __main__
budget 0.44 0.71 78 DE/rand-to-best/2 500
above main 500
def main 500
Benchmarking solver '<function EA_AOS' with budget=500*dimension on b'bbob' suite, Sat Mar 30 13:15:21 2019
batch_loop 500
Mar30 13h15:21, d=20, running: f020coco_optimiser 10000
inside coco 10000
ea-aos 10000
0.05
0.05
6.6
14707.250768604645
10.75
7548.402212456017
16.15
4658.222271369905
20.25
3946.0824660006733
31.15
2159.002915639871
36.85
1678.612251262347
39.65
748.0722106058073
43.55
725.3071138777299
47.3
251.86085600703376
53.4
123.68152647273544
85.6
63.95113298461773
96.65
4.335000955812404
101.95
4.026122817952171
203.35
3.864901832368588
218.95
3.805697577924036
275.05
3.797165762996457
277.45
3.688063416124237
296.95
3.51397634574559
332.05
3.195305794098772
386.2
3.154206364234369

 -142.42579363576564
.(1)  
    done in 4.0e-04 seconds/evaluation
  dimension seconds/evaluations
  -----------------------------
     20      4.0e-04 
  -----------------------------
  bbob done (1 of 360 problems benchmarked)
Deleting folder:  exdata/EA_AOS_on_bbob_budget0500xD-028
, Sat Mar 30 13:15:25 2019 (0h00:02 total elapsed time).
