COCO INFO: Results will be output to folder exdata/EA_AOS_on_bbob_budget0500xD-023
after __main__
budget 0.22 0.76 63 DE/rand-to-best/2 500
above main 500
def main 500
Benchmarking solver '<function EA_AOS' with budget=500*dimension on b'bbob' suite, Sat Mar 30 13:18:34 2019
batch_loop 500
Mar30 13h18:34, d=20, running: f005coco_optimiser 10000
inside coco 10000
ea-aos 10000
0.05
3.0
299.3528474716268
7.5
288.0027523002343
10.45
276.73750695408137
15.75
258.8381483126111
18.65
236.4867851275212
34.05
209.51428847361692
73.3
199.9005808385713
99.1
185.4595300193973
202.4
184.96001737321578
228.15
181.81876369905567
249.5
174.83104812793428
259.8
174.68134763128577
285.65
170.85109244780656
313.3
163.85365927788334
364.4
162.28842765036777
374.75
162.27382488834164
382.55
158.5339783099066
387.95
157.5680359084965
400.9
155.4988978273817
409.9
154.25264591118716
427.5
151.6159950124568
438.9
149.546856931342
444.65
147.902175431353
447.8
145.8330373502382
466.8
145.2655245326226
473.0
143.19638645150786

 242.72638645150786
.(1)  
    done in 2.9e-04 seconds/evaluation
  dimension seconds/evaluations
  -----------------------------
     20      2.9e-04 
  -----------------------------
  bbob done (1 of 360 problems benchmarked)
Deleting folder:  exdata/EA_AOS_on_bbob_budget0500xD-023
, Sat Mar 30 13:18:37 2019 (0h00:02 total elapsed time).
