COCO INFO: Results will be output to folder exdata/EA_AOS_on_bbob_budget0500xD-019
after __main__
budget 0.24 0.81 79 DE/rand-to-best/2 500
above main 500
def main 500
Benchmarking solver '<function EA_AOS' with budget=500*dimension on b'bbob' suite, Sat Mar 30 13:11:28 2019
batch_loop 500
Mar30 13h11:28, d=20, running: f015coco_optimiser 10000
inside coco 10000
ea-aos 10000
0.05
0.05
7.2
595.7644471264098
13.75
414.21456360881257
21.45
397.2259891863539
24.35
394.18700815589904
31.15
380.27260248832624
48.1
351.1280391911034
119.1
341.37294126384893
420.6
339.37250266222134

 304.62250266222134
.(1)  
    done in 5.1e-04 seconds/evaluation
  dimension seconds/evaluations
  -----------------------------
     20      5.1e-04 
  -----------------------------
  bbob done (1 of 360 problems benchmarked)
Deleting folder:  exdata/EA_AOS_on_bbob_budget0500xD-019
, Sat Mar 30 13:11:33 2019 (0h00:02 total elapsed time).
