COCO INFO: Results will be output to folder exdata/EA_AOS_on_bbob_budget0500xD-012
after __main__
budget 0.29 0.68 73 DE/rand-to-best/2 500
above main 500
def main 500
Benchmarking solver '<function EA_AOS' with budget=500*dimension on b'bbob' suite, Sat Mar 30 13:09:23 2019
batch_loop 500
Mar30 13h09:23, d=20, running: f020coco_optimiser 10000
inside coco 10000
ea-aos 10000
0.05
0.05
10.05
12272.781145731296
11.65
5770.269335716933
18.15
5399.188527471125
19.7
4334.129568928477
24.8
2258.628404886661
28.0
1787.424445754783
32.35
1238.758675784439
42.5
969.7009686533979
62.65
968.9971528331847
68.2
968.7092711620136
84.9
289.3136228260266
95.3
288.9588306498986
101.85
288.59957417073684
113.75
288.4466869605885
199.75
288.3459225365418

 151.58592253654183
.(1)  
    done in 4.4e-04 seconds/evaluation
  dimension seconds/evaluations
  -----------------------------
     20      4.4e-04 
  -----------------------------
  bbob done (1 of 360 problems benchmarked)
Deleting folder:  exdata/EA_AOS_on_bbob_budget0500xD-012
, Sat Mar 30 13:09:28 2019 (0h00:02 total elapsed time).
