COCO INFO: Results will be output to folder exdata/EA_AOS_on_bbob_budget0500xD-020
after __main__
budget 0.12 0.66 51 DE/rand-to-best/2 500
above main 500
def main 500
Benchmarking solver '<function EA_AOS' with budget=500*dimension on b'bbob' suite, Sat Mar 30 13:13:34 2019
batch_loop 500
Mar30 13h13:34, d=20, running: f015coco_optimiser 10000
inside coco 10000
ea-aos 10000
0.05
0.05
4.05
571.918784225792
5.25
536.7385621252664
10.65
450.6064059538653
14.9
418.98260961073015
17.85
372.6282901581627
22.5
368.22321823209074
25.05
366.8012147167301
31.95
324.57595813075216
58.85
310.2680037887486
66.5
301.08086999045895
192.7
275.3880243551218

 182.9180243551218
.(1)  
    done in 3.3e-04 seconds/evaluation
  dimension seconds/evaluations
  -----------------------------
     20      3.3e-04 
  -----------------------------
  bbob done (1 of 360 problems benchmarked)
Deleting folder:  exdata/EA_AOS_on_bbob_budget0500xD-020
, Sat Mar 30 13:13:38 2019 (0h00:02 total elapsed time).
