COCO INFO: Results will be output to folder exdata/EA_AOS_on_bbob_budget0500xD-005
after __main__
budget 0.45 0.85 51 DE/rand-to-best/2 500
above main 500
def main 500
Benchmarking solver '<function EA_AOS' with budget=500*dimension on b'bbob' suite, Sat Mar 30 13:19:32 2019
batch_loop 500
Mar30 13h19:32, d=20, running: f024coco_optimiser 10000
inside coco 10000
ea-aos 10000
0.05
0.05
15.25
282.0054681249071
20.25
269.8617705020105
21.15
212.27384057247593
41.0
209.4787904192743
47.1
194.95002703125093
188.85
191.84987589444023
199.6
191.72194266469225

 58.13194266469225
.(1)  
    done in 2.4e-04 seconds/evaluation
  dimension seconds/evaluations
  -----------------------------
     20      2.4e-04 
  -----------------------------
  bbob done (1 of 360 problems benchmarked)
Deleting folder:  exdata/EA_AOS_on_bbob_budget0500xD-005
, Sat Mar 30 13:19:34 2019 (0h00:02 total elapsed time).
