COCO INFO: Results will be output to folder exdata/EA_AOS_on_bbob_budget0500xD-025
after __main__
budget 0.59 0.75 104 DE/rand-to-best/2 500
above main 500
def main 500
Benchmarking solver '<function EA_AOS' with budget=500*dimension on b'bbob' suite, Sat Mar 30 13:15:42 2019
batch_loop 500
Mar30 13h15:42, d=20, running: f020coco_optimiser 10000
inside coco 10000
ea-aos 10000
0.05
0.05
6.05
17554.03501442086
45.1
13958.199675559965
61.6
12081.080478401564
65.6
1804.519211679963
83.45
1244.683792414427
108.25
430.97196624933486
136.1
77.84594733400489
142.25
46.61495142300555
182.2
3.748994271164946
198.45
3.745053037198062
228.05
3.6992096770588603
261.9
3.692292238727333
271.15
3.688619849537048
314.8
3.576319156881965
400.65
3.2738721154917414
452.15
3.2271035062676106
456.75
3.206732878820503
486.5
3.1445695664128834

 -142.43543043358713
.(1)  
    done in 3.5e-04 seconds/evaluation
  dimension seconds/evaluations
  -----------------------------
     20      3.5e-04 
  -----------------------------
  bbob done (1 of 360 problems benchmarked)
Deleting folder:  exdata/EA_AOS_on_bbob_budget0500xD-025
, Sat Mar 30 13:15:46 2019 (0h00:03 total elapsed time).
