COCO INFO: Results will be output to folder exdata/EA_AOS_on_bbob_budget0500xD-016
after __main__
budget 0.44 0.77 123 DE/rand-to-best/2 500
above main 500
def main 500
Benchmarking solver '<function EA_AOS' with budget=500*dimension on b'bbob' suite, Sat Mar 30 13:15:54 2019
batch_loop 500
Mar30 13h15:54, d=20, running: f020coco_optimiser 10000
inside coco 10000
ea-aos 10000
0.05
0.05
8.6
4645.489398388753
28.35
3119.1796324330994
39.05
1057.3339530843853
54.75
111.98305090121943
79.45
4.565292516752919
113.2
4.319225302611244
120.15
4.049993350402332
204.15
3.812658812477423
310.55
3.770164169143527
330.65
3.7554327993998413
340.75
3.7093023738816555
365.6
3.6089344462527038
371.45
3.6081196730931993
385.8
3.5389083897968874
388.35
3.5273052049821274
419.65
3.417674406152912

 -142.1623255938471
.(1)  
    done in 3.5e-04 seconds/evaluation
  dimension seconds/evaluations
  -----------------------------
     20      3.5e-04 
  -----------------------------
  bbob done (1 of 360 problems benchmarked)
Deleting folder:  exdata/EA_AOS_on_bbob_budget0500xD-016
, Sat Mar 30 13:15:58 2019 (0h00:02 total elapsed time).
