COCO INFO: Results will be output to folder exdata/EA_AOS_on_bbob_budget0500xD-019
after __main__
budget 0.1 0.86 104 DE/rand-to-best/2 500
above main 500
def main 500
Benchmarking solver '<function EA_AOS' with budget=500*dimension on b'bbob' suite, Sat Mar 30 13:09:46 2019
batch_loop 500
Mar30 13h09:46, d=20, running: f020coco_optimiser 10000
inside coco 10000
ea-aos 10000
0.05
0.05
13.15
10759.589472933205
17.35
7044.750036518035
24.5
5328.202348454586
26.9
4698.628749901101
36.35
2358.005590742606
38.15
457.441014280504
246.15
457.2816659811516

 320.5216659811516
.(1)  
    done in 4.5e-04 seconds/evaluation
  dimension seconds/evaluations
  -----------------------------
     20      4.5e-04 
  -----------------------------
  bbob done (1 of 360 problems benchmarked)
Deleting folder:  exdata/EA_AOS_on_bbob_budget0500xD-019
, Sat Mar 30 13:09:50 2019 (0h00:02 total elapsed time).
