COCO INFO: Results will be output to folder exdata/EA_AOS_on_bbob_budget0500xD-021
after __main__
budget 0.23 0.6 58 DE/rand-to-best/2 500
above main 500
def main 500
Benchmarking solver '<function EA_AOS' with budget=500*dimension on b'bbob' suite, Sat Mar 30 13:13:54 2019
batch_loop 500
Mar30 13h13:55, d=20, running: f015coco_optimiser 10000
inside coco 10000
ea-aos 10000
0.05
0.05
3.05
536.5980157738671
7.75
486.19961829676174
14.2
430.8548442130523
15.7
384.28935674871855
21.05
365.47368802267874
34.25
357.6688019592099
37.85
338.64030963560634
45.1
325.8403573632618
62.45
310.69037888134494
74.55
299.66676354054215
92.75
296.9293529285798
107.2
287.5662342916171
112.65
281.14689886278165
137.65
272.89215092099397
163.65
254.8610664790801

 162.3910664790801
.(1)  
    done in 4.8e-04 seconds/evaluation
  dimension seconds/evaluations
  -----------------------------
     20      4.8e-04 
  -----------------------------
  bbob done (1 of 360 problems benchmarked)
Deleting folder:  exdata/EA_AOS_on_bbob_budget0500xD-021
, Sat Mar 30 13:13:59 2019 (0h00:02 total elapsed time).
