COCO INFO: Results will be output to folder exdata/EA_AOS_on_bbob_budget0500xD-007
after __main__
budget 0.2 0.64 55 DE/rand-to-best/2 500
above main 500
def main 500
Benchmarking solver '<function EA_AOS' with budget=500*dimension on b'bbob' suite, Sat Mar 30 13:12:09 2019
batch_loop 500
Mar30 13h12:09, d=20, running: f015coco_optimiser 10000
inside coco 10000
ea-aos 10000
0.05
0.05
8.25
595.6983410420628
10.35
470.8193874253045
12.85
439.8221437633344
24.65
429.8449741779807
26.75
417.14247834754474
30.3
354.2904753305155
84.45
351.6954893529946
108.2
348.9939300911451
152.3
345.7253459760917
156.25
337.153204583428
218.95
334.30473605763086
245.05
328.10713982817754
269.25
322.6683618625288
278.3
320.00648382613247
365.5
273.95811801786056

 239.20811801786056
.(1)  
    done in 3.1e-04 seconds/evaluation
  dimension seconds/evaluations
  -----------------------------
     20      3.1e-04 
  -----------------------------
  bbob done (1 of 360 problems benchmarked)
Deleting folder:  exdata/EA_AOS_on_bbob_budget0500xD-007
, Sat Mar 30 13:12:12 2019 (0h00:02 total elapsed time).
