COCO INFO: Results will be output to folder exdata/EA_AOS_on_bbob_budget0500xD-005
after __main__
budget 0.28 0.68 52 DE/rand-to-best/2 500
above main 500
def main 500
Benchmarking solver '<function EA_AOS' with budget=500*dimension on b'bbob' suite, Sat Mar 30 13:31:35 2019
batch_loop 500
Mar30 13h31:35, d=20, running: f005coco_optimiser 10000
inside coco 10000
ea-aos 10000
0.05
2.3
307.89673680076555
2.85
279.618267993539
7.65
275.5877705622495
8.0
268.3209357712392
12.0
228.26917388184498
17.3
227.64793797937963
23.3
217.6180210402126
31.1
215.42513637614647
32.05
207.44373303692115
35.95
199.9126335959307
40.15
196.9449997919829
43.65
193.65548541836492
52.7
192.4624834976767
56.2
186.31716543368222
58.15
183.4295835108119
66.95
178.80560141812182
69.25
178.80270682843573
72.15
171.44225231685218
77.45
164.16869094763874
79.2
163.32508395113857
103.35
160.65362324210705
120.2
159.49993177465834
122.85
155.1980284609385
136.75
147.88750539319113
144.35
147.4435925029302
153.05
145.57258960741729
155.65
144.45281696272642
161.6
133.04451929829526
198.3
131.18794050135483
208.5
130.8482399584539
212.1
128.2115890597235

 227.7415890597235
.(1)  
    done in 3.1e-04 seconds/evaluation
  dimension seconds/evaluations
  -----------------------------
     20      3.1e-04 
  -----------------------------
  bbob done (1 of 360 problems benchmarked)
Deleting folder:  exdata/EA_AOS_on_bbob_budget0500xD-005
, Sat Mar 30 13:31:39 2019 (0h00:02 total elapsed time).
