COCO INFO: Results will be output to folder exdata/EA_AOS_on_bbob_budget0500xD-007
after __main__
budget 0.49 0.67 51 DE/rand-to-best/2 500
above main 500
def main 500
Benchmarking solver '<function EA_AOS' with budget=500*dimension on b'bbob' suite, Sat Mar 30 13:32:20 2019
batch_loop 500
Mar30 13h32:20, d=20, running: f024coco_optimiser 10000
inside coco 10000
ea-aos 10000
0.05
0.05
21.35
297.0726602928462
23.85
273.88895518450624
30.1
247.97487092484562
31.75
243.06874709561885
38.05
235.95129203870482
42.6
208.65548349671994
56.55
197.47541306132854
103.55
184.11180159236628
139.3
181.1928487664839
294.1
172.6931286495921

 39.103128649592094
.(1)  
    done in 4.1e-04 seconds/evaluation
  dimension seconds/evaluations
  -----------------------------
     20      4.1e-04 
  -----------------------------
  bbob done (1 of 360 problems benchmarked)
Deleting folder:  exdata/EA_AOS_on_bbob_budget0500xD-007
, Sat Mar 30 13:32:24 2019 (0h00:03 total elapsed time).
