COCO INFO: Results will be output to folder exdata/EA_AOS_on_bbob_budget0500xD-005
after __main__
budget 0.27 0.67 94 DE/rand-to-best/2 500
above main 500
def main 500
Benchmarking solver '<function EA_AOS' with budget=500*dimension on b'bbob' suite, Sat Mar 30 13:24:18 2019
batch_loop 500
Mar30 13h24:18, d=20, running: f015coco_optimiser 10000
inside coco 10000
ea-aos 10000
0.05
0.05
7.5
489.6764745250986
17.95
452.9913320079423
22.9
411.6990296450572
26.3
402.54749210633395
31.2
399.3949628060003
40.5
381.6235442586168
45.1
366.66372597761733
47.3
356.6278966859043
52.75
321.9413258982887
95.05
289.24847158319176
167.7
278.82058241913205
308.3
276.3800756174929
410.95
275.956215274768
438.15
269.0138047753507
472.75
252.91260534440428

 218.16260534440428
.(1)  
    done in 3.4e-04 seconds/evaluation
  dimension seconds/evaluations
  -----------------------------
     20      3.4e-04 
  -----------------------------
  bbob done (1 of 360 problems benchmarked)
Deleting folder:  exdata/EA_AOS_on_bbob_budget0500xD-005
, Sat Mar 30 13:24:21 2019 (0h00:02 total elapsed time).
