COCO INFO: Results will be output to folder exdata/EA_AOS_on_bbob_budget0500xD-029
after __main__
budget 0.25 0.83 57 DE/rand-to-best/2 500
above main 500
def main 500
Benchmarking solver '<function EA_AOS' with budget=500*dimension on b'bbob' suite, Sat Mar 30 13:24:19 2019
batch_loop 500
Mar30 13h24:19, d=20, running: f015coco_optimiser 10000
inside coco 10000
ea-aos 10000
0.05
0.05
4.9
415.96893350582366
19.0
393.85251303324515
20.8
390.54333109233994
23.85
382.3419490908392
32.85
374.74842237921354
45.4
346.5439983958901
123.9
337.8690664992142
136.55
335.42890613357054
167.55
323.5910898816052

 288.8410898816052
.(1)  
    done in 4.7e-04 seconds/evaluation
  dimension seconds/evaluations
  -----------------------------
     20      4.7e-04 
  -----------------------------
  bbob done (1 of 360 problems benchmarked)
Deleting folder:  exdata/EA_AOS_on_bbob_budget0500xD-029
, Sat Mar 30 13:24:24 2019 (0h00:02 total elapsed time).
