COCO INFO: Results will be output to folder exdata/EA_AOS_on_bbob_budget0500xD-002
after __main__
budget 0.25 0.83 57 DE/rand-to-best/2 500
above main 500
def main 500
Benchmarking solver '<function EA_AOS' with budget=500*dimension on b'bbob' suite, Sat Mar 30 13:30:22 2019
batch_loop 500
Mar30 13h30:22, d=20, running: f005coco_optimiser 10000
inside coco 10000
ea-aos 10000
0.05
1.6
250.61105465727212
2.95
225.03722294724832
15.0
218.5514655708526
21.6
217.78228906659479
29.1
204.91957687438628
40.4
197.635318557699
84.25
197.39956535544894
117.05
193.09358286628412
134.85
190.3947052792349
154.55
189.72971227747541
168.25
189.4641902695854
179.45
188.72875386487414
211.55
182.9299646737269
228.45
179.82145763834865
290.5
177.2609040092736
295.25
177.19068986125092
300.4
169.35851528306227
344.35
168.60950552481225
361.65
163.75212086469162
392.3
160.3656641646379
398.55
158.45012368584653
399.85
157.1956385165024
429.35
156.57297397390568
433.5
155.24742210181714
459.65
150.4144918632454
495.0
146.90711349676212

 80.51711349676212
.(1)  
    done in 3.2e-04 seconds/evaluation
  dimension seconds/evaluations
  -----------------------------
     20      3.2e-04 
  -----------------------------
  bbob done (1 of 360 problems benchmarked)
Deleting folder:  exdata/EA_AOS_on_bbob_budget0500xD-002
, Sat Mar 30 13:30:25 2019 (0h00:02 total elapsed time).
