COCO INFO: Results will be output to folder exdata/EA_AOS_on_bbob_budget0500xD-009
after __main__
budget 0.25 0.91 77 DE/rand-to-best/2 500
above main 500
def main 500
Benchmarking solver '<function EA_AOS' with budget=500*dimension on b'bbob' suite, Sat Mar 30 13:24:18 2019
batch_loop 500
Mar30 13h24:18, d=20, running: f015coco_optimiser 10000
inside coco 10000
ea-aos 10000
0.05
0.05
8.05
435.6327212014404
13.7
421.27510437608134
26.9
407.0848117458181
68.15
378.52276386733695
122.15
378.41217438937036
229.7
367.02781187649987

 332.27781187649987
.(1)  
    done in 3.5e-04 seconds/evaluation
  dimension seconds/evaluations
  -----------------------------
     20      3.5e-04 
  -----------------------------
  bbob done (1 of 360 problems benchmarked)
Deleting folder:  exdata/EA_AOS_on_bbob_budget0500xD-009
, Sat Mar 30 13:24:21 2019 (0h00:02 total elapsed time).
