COCO INFO: Results will be output to folder exdata/EA_AOS_on_bbob_budget0500xD-015
after __main__
budget 0.19 0.64 60 DE/rand-to-best/2 500
above main 500
def main 500
Benchmarking solver '<function EA_AOS' with budget=500*dimension on b'bbob' suite, Sat Mar 30 13:24:18 2019
batch_loop 500
Mar30 13h24:18, d=20, running: f015coco_optimiser 10000
inside coco 10000
ea-aos 10000
0.05
0.05
3.75
584.8490819772495
8.2
470.4399695768119
11.2
433.3017966227504
16.25
346.1227879206974
70.6
340.97145750365416
91.95
325.8473635679088
127.0
325.37494967430604
139.0
310.6977785268949
198.8
303.8266504315354
258.65
294.25118459290206
412.25
282.8058470051237

 248.05584700512372
.(1)  
    done in 4.3e-04 seconds/evaluation
  dimension seconds/evaluations
  -----------------------------
     20      4.3e-04 
  -----------------------------
  bbob done (1 of 360 problems benchmarked)
Deleting folder:  exdata/EA_AOS_on_bbob_budget0500xD-015
, Sat Mar 30 13:24:22 2019 (0h00:02 total elapsed time).
