COCO INFO: Results will be output to folder exdata/EA_AOS_on_bbob_budget0500xD-007
after __main__
budget 0.7 0.55 99 DE/rand-to-best/2 500
above main 500
def main 500
Benchmarking solver '<function EA_AOS' with budget=500*dimension on b'bbob' suite, Sat Mar 30 13:22:35 2019
batch_loop 500
Mar30 13h22:35, d=20, running: f003coco_optimiser 10000
inside coco 10000
ea-aos 10000
0.05
0.05
9.7
696.3575534453203
27.9
689.1605001829703
59.65
621.5096594756919
88.6
479.1512656945803
156.45
447.6505398851958
181.85
386.64390702129776
217.9
360.0670285931342
252.6
349.97129441104926
289.35
326.30541069337295
342.55
314.8048450381899
367.25
300.68626900675787
374.35
259.46027127876687
436.5
249.4700809182034
477.85
249.18612957685025
491.35
248.15205480328612

 -213.93794519671386
.(1)  
    done in 3.8e-04 seconds/evaluation
  dimension seconds/evaluations
  -----------------------------
     20      3.8e-04 
  -----------------------------
  bbob done (1 of 360 problems benchmarked)
Deleting folder:  exdata/EA_AOS_on_bbob_budget0500xD-007
, Sat Mar 30 13:22:39 2019 (0h00:02 total elapsed time).
