COCO INFO: Results will be output to folder exdata/EA_AOS_on_bbob_budget0500xD-014
after __main__
budget 0.32 0.79 59 DE/rand-to-best/2 500
above main 500
def main 500
Benchmarking solver '<function EA_AOS' with budget=500*dimension on b'bbob' suite, Sat Mar 30 13:20:36 2019
batch_loop 500
Mar30 13h20:36, d=20, running: f017coco_optimiser 10000
inside coco 10000
ea-aos 10000
0.05
0.1
5.0
11.315057214651944
6.15
9.319531274913459
13.6
7.88609917458615
24.3
7.076317064985403
59.3
7.027326072237315
65.7
6.3030461971734155
121.75
5.774807475196354

 -142.12519252480365
.(1)  
    done in 5.3e-04 seconds/evaluation
  dimension seconds/evaluations
  -----------------------------
     20      5.3e-04 
  -----------------------------
  bbob done (1 of 360 problems benchmarked)
Deleting folder:  exdata/EA_AOS_on_bbob_budget0500xD-014
, Sat Mar 30 13:20:41 2019 (0h00:02 total elapsed time).
