COCO INFO: Results will be output to folder exdata/EA_AOS_on_bbob_budget0500xD
after __main__
budget 0.49 0.7 100 DE/rand-to-best/2 500
above main 500
def main 500
Benchmarking solver '<function EA_AOS' with budget=500*dimension on b'bbob' suite, Sat Mar 30 13:22:36 2019
batch_loop 500
Mar30 13h22:36, d=20, running: f003coco_optimiser 10000
inside coco 10000
ea-aos 10000
0.05
0.05
12.85
572.5046684705176
31.05
459.29156693401563
37.9
357.13004708036044
42.8
308.3686352996237
60.2
297.71385162099523
66.05
292.79100980238064
81.75
284.1334266163412
86.15
272.33602316180827
92.75
270.2925245932917
99.9
234.26452928166705
135.75
230.4811383159136
158.05
193.77452451398239
267.1
190.4093855915208
273.05
190.18956100944428
313.05
188.33185510150173
322.75
182.76884857417082
327.25
181.70500487182858
350.55
179.80069869593046
377.1
178.51456736546766

 -283.5754326345323
.(1)  
    done in 3.9e-04 seconds/evaluation
  dimension seconds/evaluations
  -----------------------------
     20      3.9e-04 
  -----------------------------
  bbob done (1 of 360 problems benchmarked)
Deleting folder:  exdata/EA_AOS_on_bbob_budget0500xD
, Sat Mar 30 13:22:40 2019 (0h00:02 total elapsed time).
