COCO INFO: Results will be output to folder exdata/EA_AOS_on_bbob_budget0500xD-024
after __main__
budget 0.39 0.75 110 DE/rand-to-best/2 500
above main 500
def main 500
Benchmarking solver '<function EA_AOS' with budget=500*dimension on b'bbob' suite, Sat Mar 30 13:22:36 2019
batch_loop 500
Mar30 13h22:36, d=20, running: f003coco_optimiser 10000
inside coco 10000
ea-aos 10000
0.05
0.05
8.85
836.0376198306851
12.95
540.2609641065742
17.9
457.5315293565077
31.2
405.87724875159313
35.2
353.1941469845583
39.5
330.9070584616724
45.8
329.2400991157192
50.6
315.220258847991
58.8
295.1823129843232
63.35
288.548035719918
76.45
255.74662560663262
112.8
252.97350789079763
116.6
252.08629859748967
149.65
249.30761298598347
162.35
247.96069417941777
169.65
246.35840967068668
174.7
239.48273500019084
204.2
237.10284351346405
235.85
235.66782131377335
237.4
228.19689246785762
251.45
224.16932173766148
263.85
213.04558163061103
357.3
209.5753178832821
378.95
208.50937613491425

 -253.58062386508573
.(1)  
    done in 4.6e-04 seconds/evaluation
  dimension seconds/evaluations
  -----------------------------
     20      4.6e-04 
  -----------------------------
  bbob done (1 of 360 problems benchmarked)
Deleting folder:  exdata/EA_AOS_on_bbob_budget0500xD-024
, Sat Mar 30 13:22:41 2019 (0h00:03 total elapsed time).
