COCO INFO: Results will be output to folder exdata/EA_AOS_on_bbob_budget0500xD-021
after __main__
budget 0.37 0.69 93 DE/rand-to-best/2 500
above main 500
def main 500
Benchmarking solver '<function EA_AOS' with budget=500*dimension on b'bbob' suite, Sat Mar 30 13:24:42 2019
batch_loop 500
Mar30 13h24:42, d=20, running: f015coco_optimiser 10000
inside coco 10000
ea-aos 10000
0.05
0.05
13.65
580.297585282638
14.0
572.7783065199176
22.5
423.17408535089385
24.85
390.19641768918973
31.6
307.0552281649107
59.2
281.41721093830427
72.05
274.18574630849116
93.65
271.8700874647392
100.6
260.25097530276264
165.0
259.02386512108365
170.75
240.85828275527888
200.75
234.61971873161286

 199.86971873161286
.(1)  
    done in 5.0e-04 seconds/evaluation
  dimension seconds/evaluations
  -----------------------------
     20      5.0e-04 
  -----------------------------
  bbob done (1 of 360 problems benchmarked)
Deleting folder:  exdata/EA_AOS_on_bbob_budget0500xD-021
, Sat Mar 30 13:24:47 2019 (0h00:02 total elapsed time).
