COCO INFO: Results will be output to folder exdata/EA_AOS_on_bbob_budget0500xD-005
after __main__
budget 0.33 0.72 86 DE/rand-to-best/2 500
above main 500
def main 500
Benchmarking solver '<function EA_AOS' with budget=500*dimension on b'bbob' suite, Sat Mar 30 13:20:51 2019
batch_loop 500
Mar30 13h20:51, d=20, running: f017coco_optimiser 10000
inside coco 10000
ea-aos 10000
0.05
0.1
6.6
12.301152986295676
10.05
8.502300128598478
17.45
8.305646864452001
25.9
7.280921137497245
41.75
6.923763810589577
52.25
6.556025860120201
60.8
5.856155403607431
219.7
5.726252447379011
259.0
5.465956646305443

 -142.43404335369456
.(1)  
    done in 3.2e-04 seconds/evaluation
  dimension seconds/evaluations
  -----------------------------
     20      3.2e-04 
  -----------------------------
  bbob done (1 of 360 problems benchmarked)
Deleting folder:  exdata/EA_AOS_on_bbob_budget0500xD-005
, Sat Mar 30 13:20:54 2019 (0h00:02 total elapsed time).
