COCO INFO: Results will be output to folder exdata/EA_AOS_on_bbob_budget0500xD-003
after __main__
budget 0.44 0.73 86 DE/rand-to-best/2 500
above main 500
def main 500
Benchmarking solver '<function EA_AOS' with budget=500*dimension on b'bbob' suite, Sat Mar 30 13:25:03 2019
batch_loop 500
Mar30 13h25:03, d=20, running: f015coco_optimiser 10000
inside coco 10000
ea-aos 10000
0.05
0.05
9.1
569.0139904117627
16.8
458.5074716180797
17.25
364.36725404236097
25.7
344.1833992532127
28.4
308.42163255182874
43.1
285.40098389301306
49.8
270.6103639445395
58.05
242.19298498964966
69.2
240.7779098306106
90.1
233.58072605482795
121.9
219.6981588239632
127.25
215.8337435075042
132.9
210.78504882444173
162.3
162.46739953750662

 127.71739953750662
.(1)  
    done in 5.6e-04 seconds/evaluation
  dimension seconds/evaluations
  -----------------------------
     20      5.6e-04 
  -----------------------------
  bbob done (1 of 360 problems benchmarked)
Deleting folder:  exdata/EA_AOS_on_bbob_budget0500xD-003
, Sat Mar 30 13:25:08 2019 (0h00:02 total elapsed time).
