COCO INFO: Results will be output to folder exdata/EA_AOS_on_bbob_budget0500xD-027
after __main__
budget 0.25 0.69 55 DE/rand-to-best/2 500
above main 500
def main 500
Benchmarking solver '<function EA_AOS' with budget=500*dimension on b'bbob' suite, Sat Mar 30 13:29:04 2019
batch_loop 500
Mar30 13h29:04, d=20, running: f018coco_optimiser 10000
inside coco 10000
ea-aos 10000
0.05
1.95
103.96014979335064
4.15
60.191085200155214
9.8
45.97924207092478
17.25
36.730266283396986
27.4
31.20471049893837
30.25
22.97606373244389
56.05
21.698462436321165
74.65
19.738155802811775
90.85
19.105925754479415
111.65
17.62980256629413
199.95
17.1186745283091
212.75
14.95878310888287
228.7
14.397112485978425

 287.5471124859784
.(1)  
    done in 3.6e-04 seconds/evaluation
  dimension seconds/evaluations
  -----------------------------
     20      3.6e-04 
  -----------------------------
  bbob done (1 of 360 problems benchmarked)
Deleting folder:  exdata/EA_AOS_on_bbob_budget0500xD-027
, Sat Mar 30 13:29:07 2019 (0h00:02 total elapsed time).
