COCO INFO: Results will be output to folder exdata/EA_AOS_on_bbob_budget0500xD-015
after __main__
budget 0.25 0.69 55 DE/rand-to-best/2 500
above main 500
def main 500
Benchmarking solver '<function EA_AOS' with budget=500*dimension on b'bbob' suite, Sat Mar 30 13:32:04 2019
batch_loop 500
Mar30 13h32:04, d=20, running: f012coco_optimiser 10000
inside coco 10000
ea-aos 10000
0.05
2.0
303777482.8634992
4.8
125258258.02860862
9.35
87086393.38030298
12.95
42457799.37033491
28.8
34143096.36610897
53.95
33313672.330099788
59.6
31695711.34233175
65.1
30270537.30941057
67.75
24275807.610862624
150.25
18407665.98411216
228.5
18370943.7499653
231.1
18231866.397935495
255.0
16003635.638126422
271.5
14714970.83284527
297.0
14421038.31843441

 14421116.20843441
.(1)  
    done in 3.1e-04 seconds/evaluation
  dimension seconds/evaluations
  -----------------------------
     20      3.1e-04 
  -----------------------------
  bbob done (1 of 360 problems benchmarked)
Deleting folder:  exdata/EA_AOS_on_bbob_budget0500xD-015
, Sat Mar 30 13:32:07 2019 (0h00:02 total elapsed time).
