COCO INFO: Results will be output to folder exdata/EA_AOS_on_bbob_budget0500xD-021
after __main__
budget 0.46 0.78 97 DE/rand-to-best/2 500
above main 500
def main 500
Benchmarking solver '<function EA_AOS' with budget=500*dimension on b'bbob' suite, Sat Mar 30 13:29:03 2019
batch_loop 500
Mar30 13h29:03, d=20, running: f018coco_optimiser 10000
inside coco 10000
ea-aos 10000
0.05
3.7
66.4427600660922
17.55
52.73757318165946
22.25
50.98167476875534
24.9
44.177607304682056
37.65
26.837592916986125
58.9
25.57386901026956
70.5
23.70985907943907
73.9
20.762096441955634
80.45
19.856009740233333
90.2
17.264173353363105
109.75
16.82903700551242
119.95
16.77351012940045
127.65
11.776265781136942
276.45
11.198351196454212
324.6
10.260634909485134

 283.4106349094851
.(1)  
    done in 4.7e-04 seconds/evaluation
  dimension seconds/evaluations
  -----------------------------
     20      4.7e-04 
  -----------------------------
  bbob done (1 of 360 problems benchmarked)
Deleting folder:  exdata/EA_AOS_on_bbob_budget0500xD-021
, Sat Mar 30 13:29:08 2019 (0h00:02 total elapsed time).
