COCO INFO: Results will be output to folder exdata/EA_AOS_on_bbob_budget0500xD-022
after __main__
budget 0.33 0.78 86 DE/rand-to-best/2 500
above main 500
def main 500
Benchmarking solver '<function EA_AOS' with budget=500*dimension on b'bbob' suite, Sat Mar 30 13:29:03 2019
batch_loop 500
Mar30 13h29:04, d=20, running: f018coco_optimiser 10000
inside coco 10000
ea-aos 10000
0.05
3.7
66.4427600660922
9.7
48.21689043608376
15.0
46.17275208270331
17.75
45.0212030395557
25.2
42.41083467277832
26.85
36.30682024419326
35.4
35.993956082128875
42.35
32.00285751616167
51.7
29.166927325945892
58.85
28.814263773246807
63.5
26.06947495103799
89.25
25.554504738830815
155.45
24.77307806344095
159.6
23.678367749403833
167.95
22.029827929413386
257.9
20.94888804564988
260.5
20.854076053353708
263.9
19.254940331626415
281.65
18.956068766006524
301.45
17.731104343220466
373.95
17.186114684467952

 290.33611468446793
.(1)  
    done in 4.4e-04 seconds/evaluation
  dimension seconds/evaluations
  -----------------------------
     20      4.4e-04 
  -----------------------------
  bbob done (1 of 360 problems benchmarked)
Deleting folder:  exdata/EA_AOS_on_bbob_budget0500xD-022
, Sat Mar 30 13:29:08 2019 (0h00:02 total elapsed time).
