COCO INFO: Results will be output to folder exdata/EA_AOS_on_bbob_budget0500xD-024
after __main__
budget 0.33 0.78 86 DE/rand-to-best/2 500
above main 500
def main 500
Benchmarking solver '<function EA_AOS' with budget=500*dimension on b'bbob' suite, Sat Mar 30 13:22:58 2019
batch_loop 500
Mar30 13h22:58, d=20, running: f003coco_optimiser 10000
inside coco 10000
ea-aos 10000
0.05
0.05
4.85
665.2251942064026
15.6
470.0023572641908
20.5
464.74059656842456
25.6
456.58587967818283
28.4
430.51700751999397
41.6
404.13846105138487
48.1
397.6864229951044
54.2
390.2057784662826
64.7
388.38821243754984
81.5
374.24987655511563
102.5
366.7671394105739
122.45
359.24857742545714
141.85
345.04432560338114
143.35
340.0675008280739
165.75
330.4876109644065
179.2
327.48755361881393
200.7
323.96381139104994
214.55
322.9861687811204
218.85
321.92022703275256
224.55
321.1525049022595
239.1
319.22201257112584
246.85
306.8824793440965
276.2
293.39170645348975
292.6
292.32576470512186

 -169.76423529487812
.(1)  
    done in 3.8e-04 seconds/evaluation
  dimension seconds/evaluations
  -----------------------------
     20      3.8e-04 
  -----------------------------
  bbob done (1 of 360 problems benchmarked)
Deleting folder:  exdata/EA_AOS_on_bbob_budget0500xD-024
, Sat Mar 30 13:23:02 2019 (0h00:02 total elapsed time).
