COCO INFO: Results will be output to folder exdata/EA_AOS_on_bbob_budget0500xD
after __main__
budget 0.49 0.73 53 DE/rand-to-best/2 500
above main 500
def main 500
Benchmarking solver '<function EA_AOS' with budget=500*dimension on b'bbob' suite, Sat Mar 30 13:23:12 2019
batch_loop 500
Mar30 13h23:12, d=20, running: f003coco_optimiser 10000
inside coco 10000
ea-aos 10000
0.05
0.05
3.8
819.4202856787373
8.45
578.0729293043912
12.65
515.8017857356726
14.85
511.22130222527284
16.1
450.54806746327745
20.75
289.21677763435105
36.35
277.5153206257885
37.15
260.31053342584397
46.2
246.0804046344535
65.1
231.55201317994351
70.1
228.91507574103582
92.3
226.61087259483497
93.3
221.4557451887796
98.75
209.93373091118394
110.15
208.53002501097987
113.3
205.53908589487082
117.5
203.8070002927878
125.95
203.0158225479821
142.8
203.01372450195646
153.65
201.90269411688973
167.6
201.11151637208394
169.75
200.8388504145475
180.9
198.93454423864938

 -263.1554557613506
.(1)  
    done in 2.8e-04 seconds/evaluation
  dimension seconds/evaluations
  -----------------------------
     20      2.8e-04 
  -----------------------------
  bbob done (1 of 360 problems benchmarked)
Deleting folder:  exdata/EA_AOS_on_bbob_budget0500xD
, Sat Mar 30 13:23:15 2019 (0h00:02 total elapsed time).
