COCO INFO: Results will be output to folder exdata/EA_AOS_on_bbob_budget0500xD-002
after __main__
budget 0.47 0.64 71 DE/rand-to-best/2 500
above main 500
def main 500
Benchmarking solver '<function EA_AOS' with budget=500*dimension on b'bbob' suite, Sat Mar 30 13:27:21 2019
batch_loop 500
Mar30 13h27:21, d=20, running: f020coco_optimiser 10000
inside coco 10000
ea-aos 10000
0.05
0.05
13.65
9560.862854108995
21.1
8102.762546560051
23.45
2548.4618612151917
28.25
2212.3040605725664
34.5
715.1449635215035
46.2
688.6022548323215
53.45
119.56770402859733
61.55
78.00848005135255
75.35
23.553829646581505
89.55
6.99856274048409
123.3
4.407943219432269
180.2
4.273476931503836
217.8
4.159528184173155
249.15
4.087244635326385
294.15
4.04617758056051
322.55
3.973894031713712

 -132.78610596828628
.(1)  
    done in 2.2e-04 seconds/evaluation
  dimension seconds/evaluations
  -----------------------------
     20      2.2e-04 
  -----------------------------
  bbob done (1 of 360 problems benchmarked)
Deleting folder:  exdata/EA_AOS_on_bbob_budget0500xD-002
, Sat Mar 30 13:27:23 2019 (0h00:02 total elapsed time).
