COCO INFO: Results will be output to folder exdata/EA_AOS_on_bbob_budget0500xD-002
after __main__
budget 0.37 0.69 65 DE/rand-to-best/2 500
above main 500
def main 500
Benchmarking solver '<function EA_AOS' with budget=500*dimension on b'bbob' suite, Sat Mar 30 13:23:19 2019
batch_loop 500
Mar30 13h23:19, d=20, running: f003coco_optimiser 10000
inside coco 10000
ea-aos 10000
0.05
0.05
4.8
686.1070791701427
7.45
579.8447981214204
16.5
462.76629509514015
19.95
414.1045900876109
23.8
398.4157001382981
28.05
350.27369158236917
29.55
348.6108943857231
38.95
322.79770708024563
42.2
303.42836648798584
44.55
295.1824746988829
45.8
291.29137379612587
49.2
284.3865202182619
57.7
271.0180999970203
103.75
269.3965658991288
112.95
266.24429562470385
114.4
264.96725654928696
119.35
253.22433221109333
127.2
252.75352273409703
132.45
250.20094925292756
140.95
228.62578367394207
160.45
225.6576337957017

 -236.43236620429826
.(1)  
    done in 5.7e-04 seconds/evaluation
  dimension seconds/evaluations
  -----------------------------
     20      5.7e-04 
  -----------------------------
  bbob done (1 of 360 problems benchmarked)
Deleting folder:  exdata/EA_AOS_on_bbob_budget0500xD-002
, Sat Mar 30 13:23:25 2019 (0h00:03 total elapsed time).
