COCO INFO: Results will be output to folder exdata/EA_AOS_on_bbob_budget0500xD-003
after __main__
budget 0.48 0.77 65 DE/rand-to-best/2 500
above main 500
def main 500
Benchmarking solver '<function EA_AOS' with budget=500*dimension on b'bbob' suite, Sat Mar 30 13:21:14 2019
batch_loop 500
Mar30 13h21:14, d=20, running: f017coco_optimiser 10000
inside coco 10000
ea-aos 10000
0.05
0.1
10.4
12.44793944319153
15.9
10.167773033923623
25.05
9.931364450307456
29.6
8.567406022095412
34.8
8.298578036579272
38.95
8.024627648333876
40.1
7.83074050530945
45.15
6.962661558436906
58.6
6.951789421397649
64.15
6.442489063446402
76.15
6.324623824319218
78.65
6.213767939666553
96.4
5.398015738601089
113.7
5.186659489136048
143.6
4.792331853718991
274.15
4.500440506855739
318.5
4.48634204361116
384.05
4.478957595603475

 -143.42104240439653
.(1)  
    done in 4.3e-04 seconds/evaluation
  dimension seconds/evaluations
  -----------------------------
     20      4.3e-04 
  -----------------------------
  bbob done (1 of 360 problems benchmarked)
Deleting folder:  exdata/EA_AOS_on_bbob_budget0500xD-003
, Sat Mar 30 13:21:18 2019 (0h00:03 total elapsed time).
