COCO INFO: Results will be output to folder exdata/EA_AOS_on_bbob_budget0500xD-012
after __main__
budget 0.31 0.74 66 DE/rand-to-best/2 500
above main 500
def main 500
Benchmarking solver '<function EA_AOS' with budget=500*dimension on b'bbob' suite, Sat Mar 30 13:31:37 2019
batch_loop 500
Mar30 13h31:37, d=20, running: f005coco_optimiser 10000
inside coco 10000
ea-aos 10000
0.05
3.0
299.3528474716268
4.0
254.53748590523807
6.7
248.62635558128065
11.6
248.3108623171544
19.95
224.18311517660217
35.25
205.17945707545718
38.55
195.31646433377645
41.7
195.2471006723242
74.9
193.7507795903817
81.95
184.17645439661166
90.95
174.01649673741585
115.5
172.72988414961944
185.5
170.895994260705
189.2
161.08312278982893
242.0
160.5156099722134
249.15
158.48081793276353
263.1
158.31933063237202
277.95
155.9836091632819
286.7
153.34695826455152
303.75
151.0112367954614

 250.5412367954614
.(1)  
    done in 3.3e-04 seconds/evaluation
  dimension seconds/evaluations
  -----------------------------
     20      3.3e-04 
  -----------------------------
  bbob done (1 of 360 problems benchmarked)
Deleting folder:  exdata/EA_AOS_on_bbob_budget0500xD-012
, Sat Mar 30 13:31:40 2019 (0h00:03 total elapsed time).
