COCO INFO: Results will be output to folder exdata/EA_AOS_on_bbob_budget0500xD
after __main__
budget 0.32 0.62 66 DE/rand-to-best/2 500
above main 500
def main 500
Benchmarking solver '<function EA_AOS' with budget=500*dimension on b'bbob' suite, Sat Mar 30 13:29:41 2019
batch_loop 500
Mar30 13h29:41, d=20, running: f018coco_optimiser 10000
inside coco 10000
ea-aos 10000
0.05
3.05
95.5890266224095
4.2
82.274686389144
7.2
68.14701834285484
10.7
54.270609579903066
15.55
43.24519942337275
17.95
30.2837488543953
24.8
29.36891347183945
28.0
22.31669324037142
46.45
19.19982126463782
68.85
17.981180853061062
99.55
15.64674649468651
145.2
12.892459637051559
377.6
12.40631211195165
391.35
12.38629888419166
468.95
11.309112226111495

 284.4591122261115
.(1)  
    done in 3.1e-04 seconds/evaluation
  dimension seconds/evaluations
  -----------------------------
     20      3.1e-04 
  -----------------------------
  bbob done (1 of 360 problems benchmarked)
Deleting folder:  exdata/EA_AOS_on_bbob_budget0500xD
, Sat Mar 30 13:29:44 2019 (0h00:02 total elapsed time).
