COCO INFO: Results will be output to folder exdata/EA_AOS_on_bbob_budget0500xD-006
after __main__
budget 0.53 0.65 54 DE/rand-to-best/2 500
above main 500
def main 500
Benchmarking solver '<function EA_AOS' with budget=500*dimension on b'bbob' suite, Sat Mar 30 13:32:20 2019
batch_loop 500
Mar30 13h32:20, d=20, running: f024coco_optimiser 10000
inside coco 10000
ea-aos 10000
0.05
0.05
33.65
255.1048327918288
42.85
239.32049486775276
56.15
237.6667088077468
59.8
233.78978637640049
72.35
233.07206461362668
92.05
211.59877687348353
115.75
207.12150626585853
117.7
204.5366753722435
130.85
198.62099499546338
136.95
174.3767349443027
317.8
156.57511670382866
446.95
147.60408838568452

 14.014088385684516
.(1)  
    done in 3.8e-04 seconds/evaluation
  dimension seconds/evaluations
  -----------------------------
     20      3.8e-04 
  -----------------------------
  bbob done (1 of 360 problems benchmarked)
Deleting folder:  exdata/EA_AOS_on_bbob_budget0500xD-006
, Sat Mar 30 13:32:23 2019 (0h00:02 total elapsed time).
