COCO INFO: Results will be output to folder exdata/EA_AOS_on_bbob_budget0500xD-009
after __main__
budget 0.14 0.82 81 DE/rand-to-best/2 500
above main 500
def main 500
Benchmarking solver '<function EA_AOS' with budget=500*dimension on b'bbob' suite, Sat Mar 30 13:27:40 2019
batch_loop 500
Mar30 13h27:40, d=20, running: f020coco_optimiser 10000
inside coco 10000
ea-aos 10000
0.05
0.05
10.5
11414.050709909678
12.8
7604.996211737032
16.6
4435.789518389872
21.15
3640.6898555251637
27.3
1895.3589906250274
28.5
1336.7897794192854
43.5
687.2138453415245
49.85
366.01710980914623
57.95
132.54648509761114
103.15
130.92823240195773
118.2
130.3175663957943
201.85
130.28636734764484
214.85
130.2512913569679

 -6.508708643032094
.(1)  
    done in 3.7e-04 seconds/evaluation
  dimension seconds/evaluations
  -----------------------------
     20      3.7e-04 
  -----------------------------
  bbob done (1 of 360 problems benchmarked)
Deleting folder:  exdata/EA_AOS_on_bbob_budget0500xD-009
, Sat Mar 30 13:27:44 2019 (0h00:02 total elapsed time).
