COCO INFO: Results will be output to folder exdata/EA_AOS_on_bbob_budget0500xD-006
after __main__
budget 0.17 0.71 55 DE/rand-to-best/2 500
above main 500
def main 500
Benchmarking solver '<function EA_AOS' with budget=500*dimension on b'bbob' suite, Sat Mar 30 13:30:41 2019
batch_loop 500
Mar30 13h30:41, d=20, running: f005coco_optimiser 10000
inside coco 10000
ea-aos 10000
0.05
1.6
250.61105465727212
24.75
240.06947195181772
29.45
224.21781984491912
32.85
208.32739422117737
51.6
203.90515666718943
55.5
193.3317887876301
93.35
191.82256821208045
96.05
189.18719002472588
99.25
185.12029426299046
122.9
179.03261583474614
153.35
175.17264514330196
169.9
172.86202870319238
189.45
171.6963224247334
205.4
171.5588061887799
213.65
168.92215529004952
219.15
168.36517364520873
237.9
165.53789532390448
243.6
164.74776957722162
245.45
163.8520978354826
250.2
161.55209446697762
256.45
160.68263572765665
285.3
155.28016093670814
290.8
151.75832972477824
327.6
151.0813883059477
347.7
149.62441958430554
351.8
148.14134831060574
364.9
146.3083675997733
379.65
144.31234667358416
400.9
143.67171670104295
401.8
143.16897594278527
404.4
141.33599523195284

 74.94599523195284
.(1)  
    done in 3.4e-04 seconds/evaluation
  dimension seconds/evaluations
  -----------------------------
     20      3.4e-04 
  -----------------------------
  bbob done (1 of 360 problems benchmarked)
Deleting folder:  exdata/EA_AOS_on_bbob_budget0500xD-006
, Sat Mar 30 13:30:44 2019 (0h00:02 total elapsed time).
