COCO INFO: Results will be output to folder exdata/EA_AOS_on_bbob_budget0500xD-010
after __main__
budget 0.35 0.69 61 DE/rand-to-best/2 500
above main 500
def main 500
Benchmarking solver '<function EA_AOS' with budget=500*dimension on b'bbob' suite, Sat Mar 30 13:30:41 2019
batch_loop 500
Mar30 13h30:41, d=20, running: f005coco_optimiser 10000
inside coco 10000
ea-aos 10000
0.05
3.0
245.0169086271427
10.15
195.69591237645727
22.65
189.55915287625754
26.2
188.30097732266478
29.55
177.29238222845933
34.6
172.39443479514193
37.2
171.39256589770687
41.8
165.46646306914164
44.85
164.93578701705192
46.15
154.87002214493054
50.7
149.53098981751563
58.5
140.93035911538854
87.0
137.87209991469493
95.8
132.29797664078296
99.95
127.37832363734815
128.75
127.33306644522747
133.5
125.44640828858212
137.7
123.49567445638581
143.25
123.47586804606367
148.6
123.461214476444
149.85
120.83720868432167
154.55
120.52638290294644
157.75
112.46024550515703
165.35
110.88646253688107
182.5
109.20373500195713
192.6
108.92877588276136
197.6
99.10734313440548
207.85
97.22216282120593
217.0
94.58551192247558
235.3
89.10597851331349
280.25
87.53869073334114
292.45
83.22334106847815
311.25
81.02514005803545
340.95
80.58669016974778

 14.196690169747782
.(1)  
    done in 3.4e-04 seconds/evaluation
  dimension seconds/evaluations
  -----------------------------
     20      3.4e-04 
  -----------------------------
  bbob done (1 of 360 problems benchmarked)
Deleting folder:  exdata/EA_AOS_on_bbob_budget0500xD-010
, Sat Mar 30 13:30:45 2019 (0h00:02 total elapsed time).
