COCO INFO: Results will be output to folder exdata/EA_AOS_on_bbob_budget0500xD-009
after __main__
budget 0.23 0.74 59 DE/rand-to-best/2 500
above main 500
def main 500
Benchmarking solver '<function EA_AOS' with budget=500*dimension on b'bbob' suite, Sat Mar 30 13:32:39 2019
batch_loop 500
Mar30 13h32:39, d=20, running: f002coco_optimiser 10000
inside coco 10000
ea-aos 10000
0.05
1.75
3346150.7389059784
3.6
2421255.041190904
7.0
893292.344694179
14.15
439664.60987772973
42.5
388925.69460434956
58.6
366412.18722598255
69.1
359112.70633731224
76.95
347801.72894729895
101.15
347669.97484090587
111.8
347666.81291136827
115.9
347053.81937832315

 346484.93937832315
.(1)  
    done in 4.0e-04 seconds/evaluation
  dimension seconds/evaluations
  -----------------------------
     20      4.0e-04 
  -----------------------------
  bbob done (1 of 360 problems benchmarked)
Deleting folder:  exdata/EA_AOS_on_bbob_budget0500xD-009
, Sat Mar 30 13:32:43 2019 (0h00:02 total elapsed time).
