COCO INFO: Results will be output to folder exdata/EA_AOS_on_bbob_budget0500xD-005
after __main__
budget 0.23 0.65 67 DE/rand-to-best/2 500
above main 500
def main 500
Benchmarking solver '<function EA_AOS' with budget=500*dimension on b'bbob' suite, Sat Mar 30 13:21:52 2019
batch_loop 500
Mar30 13h21:52, d=20, running: f017coco_optimiser 10000
inside coco 10000
ea-aos 10000
0.05
0.1
5.6
9.975166066206526
8.95
8.539755528064859
18.15
7.584058755674647
24.1
7.506865161431421
35.95
6.715707309038891
60.7
6.559484863641586
72.75
6.216497210470948
235.75
5.714456975889931

 -142.18554302411007
.(1)  
    done in 3.2e-04 seconds/evaluation
  dimension seconds/evaluations
  -----------------------------
     20      3.2e-04 
  -----------------------------
  bbob done (1 of 360 problems benchmarked)
Deleting folder:  exdata/EA_AOS_on_bbob_budget0500xD-005
, Sat Mar 30 13:21:55 2019 (0h00:02 total elapsed time).
