COCO INFO: Results will be output to folder exdata/EA_AOS_on_bbob_budget0500xD-006
after __main__
budget 0.36 0.66 51 DE/rand-to-best/2 500
above main 500
def main 500
Benchmarking solver '<function EA_AOS' with budget=500*dimension on b'bbob' suite, Sat Mar 30 13:26:02 2019
batch_loop 500
Mar30 13h26:02, d=20, running: f015coco_optimiser 10000
inside coco 10000
ea-aos 10000
0.05
0.05
6.5
531.6965135499111
10.0
529.8778661836175
12.55
462.33630254850664
15.1
441.35083277006777
16.25
377.7213608843315
23.5
325.27700685070175
27.95
320.09244787347893
35.65
316.206616785049
36.15
310.80385853606714
44.45
301.3724105046589
75.75
272.95139132221857
97.7
268.60754295278014
101.35
261.61594202764934

 226.86594202764934
.(1)  
    done in 2.9e-04 seconds/evaluation
  dimension seconds/evaluations
  -----------------------------
     20      2.9e-04 
  -----------------------------
  bbob done (1 of 360 problems benchmarked)
Deleting folder:  exdata/EA_AOS_on_bbob_budget0500xD-006
, Sat Mar 30 13:26:05 2019 (0h00:02 total elapsed time).
