COCO INFO: Results will be output to folder exdata/EA_AOS_on_bbob_budget0500xD-020
after __main__
budget 0.36 0.66 51 DE/rand-to-best/2 500
above main 500
def main 500
Benchmarking solver '<function EA_AOS' with budget=500*dimension on b'bbob' suite, Sat Mar 30 13:32:20 2019
batch_loop 500
Mar30 13h32:20, d=20, running: f024coco_optimiser 10000
inside coco 10000
ea-aos 10000
0.05
0.05
13.45
278.9039514950634
18.7
274.01111196006207
22.35
257.6460141798324
24.7
234.45039766228794
26.55
226.34454936873448
67.3
220.40833531895314
81.65
211.9802791947837
140.5
206.1699974892945

 72.5799974892945
.(1)  
    done in 3.5e-04 seconds/evaluation
  dimension seconds/evaluations
  -----------------------------
     20      3.5e-04 
  -----------------------------
  bbob done (1 of 360 problems benchmarked)
Deleting folder:  exdata/EA_AOS_on_bbob_budget0500xD-020
, Sat Mar 30 13:32:24 2019 (0h00:02 total elapsed time).
