COCO INFO: Results will be output to folder exdata/EA_AOS_on_bbob_budget0500xD-012
after __main__
budget 0.36 0.66 51 DE/rand-to-best/2 500
above main 500
def main 500
Benchmarking solver '<function EA_AOS' with budget=500*dimension on b'bbob' suite, Sat Mar 30 13:31:49 2019
batch_loop 500
Mar30 13h31:49, d=20, running: f005coco_optimiser 10000
inside coco 10000
ea-aos 10000
0.05
2.3
307.89673680076555
3.25
259.3761690743146
6.0
247.99328584358554
7.7
240.54552220282503
14.1
212.73774355727366
19.1
191.51427020653713
23.05
191.31016536696777
27.9
186.25634629890132
29.7
165.83119066471883
32.25
160.91806834443602
37.95
149.7924918315667
51.1
146.53557502095373
54.05
145.30849137915413
58.8
144.4427707341282
63.8
143.0804466315606
66.75
140.5819723609921
72.45
139.0058739325405
81.6
138.6982998937291
84.15
134.4123298051157
84.55
129.95009083857917
98.5
125.90541286518393
125.35
119.9164433346103
139.0
119.1001045855094
157.9
118.16497274907951
159.35
116.46345368677905
165.55
114.37228255834728
177.1
112.33106295314579
179.0
110.85045134641737
182.0
109.69441205441544
184.1
107.05776115568509
198.45
105.91439042488622
209.1
104.08140971405376
219.65
103.27773952615584
224.95
101.44475881532341
231.15
100.64108862742549
256.65
98.80810791659306

 198.33810791659306
.(1)  
    done in 3.6e-04 seconds/evaluation
  dimension seconds/evaluations
  -----------------------------
     20      3.6e-04 
  -----------------------------
  bbob done (1 of 360 problems benchmarked)
Deleting folder:  exdata/EA_AOS_on_bbob_budget0500xD-012
, Sat Mar 30 13:31:52 2019 (0h00:02 total elapsed time).
