COCO INFO: Results will be output to folder exdata/EA_AOS_on_bbob_budget0500xD-003
after __main__
budget 0.55 0.74 58 DE/rand-to-best/2 500
above main 500
def main 500
Benchmarking solver '<function EA_AOS' with budget=500*dimension on b'bbob' suite, Sat Mar 30 13:37:27 2019
batch_loop 500
Mar30 13h37:27, d=20, running: f020coco_optimiser 10000
inside coco 10000
ea-aos 10000
0.05
0.05
10.7
8290.513775212077
23.05
6664.850666983533
29.85
5047.87411881441
35.0
3632.9124519042543
47.2
2629.9241221873854
49.35
435.4745338412287
68.45
30.44421690958717
79.35
14.127033886112116
102.25
7.06797964014163
106.9
6.98026021851345
121.5
4.494405689548444
125.5
4.210250559159988
139.65
4.165070468495173
187.15
3.9408385928525433
192.75
3.901203513205189
197.7
3.4787972185041838
231.95
3.4531171268334617
243.55
3.326794244506175
272.5
3.269298116764105
289.4
3.2485641965823504
290.4
3.0441719492608854
304.95
3.0178034640237286
309.7
2.9848260158977666
318.25
2.9226787244070067
338.15
2.83030876501968

 -133.9296912349803
.(1)  
    done in 3.3e-04 seconds/evaluation
  dimension seconds/evaluations
  -----------------------------
     20      3.3e-04 
  -----------------------------
  bbob done (1 of 360 problems benchmarked)
Deleting folder:  exdata/EA_AOS_on_bbob_budget0500xD-003
, Sat Mar 30 13:37:30 2019 (0h00:02 total elapsed time).
