COCO INFO: Results will be output to folder exdata/EA_AOS_on_bbob_budget0500xD-007
after __main__
budget 0.44 0.6 74 DE/rand-to-best/2 500
above main 500
def main 500
Benchmarking solver '<function EA_AOS' with budget=500*dimension on b'bbob' suite, Sat Mar 30 13:35:44 2019
batch_loop 500
Mar30 13h35:44, d=20, running: f015coco_optimiser 10000
inside coco 10000
ea-aos 10000
0.05
0.05
4.15
603.4343897458001
8.8
436.83173918125294
16.5
406.51299724181996
22.55
393.3131853083189
28.8
362.3259395256392
36.55
326.83429898722443
39.0
291.45808015055934
53.2
281.2494184433914
78.85
219.39683255633054
81.65
219.349304230421
113.25
209.5470674238377
324.55
199.0023518673172
337.3
188.94859198380976

 154.19859198380976
.(1)  
    done in 5.1e-04 seconds/evaluation
  dimension seconds/evaluations
  -----------------------------
     20      5.1e-04 
  -----------------------------
  bbob done (1 of 360 problems benchmarked)
Deleting folder:  exdata/EA_AOS_on_bbob_budget0500xD-007
, Sat Mar 30 13:35:49 2019 (0h00:03 total elapsed time).
