COCO INFO: Results will be output to folder exdata/EA_AOS_on_bbob_budget0500xD-018
after __main__
budget 0.36 0.74 60 DE/rand-to-best/2 500
above main 500
def main 500
Benchmarking solver '<function EA_AOS' with budget=500*dimension on b'bbob' suite, Sat Mar 30 13:33:57 2019
batch_loop 500
Mar30 13h33:57, d=20, running: f004coco_optimiser 10000
inside coco 10000
ea-aos 10000
0.05
0.05
5.2
721.6761387812209
11.35
597.486051934133
14.5
479.63391889540475
18.3
400.25797655457836
35.0
400.0471771649421
37.95
379.4683296466809
39.85
376.4125949860183
43.05
373.8563345569787
50.6
359.63108610931425
56.55
341.808864830508
86.4
339.3957915496512
96.7
337.0366171802253
105.9
334.088526310329
110.3
329.93203716006485
131.6
325.1705431019867
150.4
321.5164464197758
169.85
313.7961078995968

 274.4961078995968
.(1)  
    done in 3.9e-04 seconds/evaluation
  dimension seconds/evaluations
  -----------------------------
     20      3.9e-04 
  -----------------------------
  bbob done (1 of 360 problems benchmarked)
Deleting folder:  exdata/EA_AOS_on_bbob_budget0500xD-018
, Sat Mar 30 13:34:01 2019 (0h00:02 total elapsed time).
