COCO INFO: Results will be output to folder exdata/EA_AOS_on_bbob_budget0500xD-007
after __main__
budget 0.32 0.67 74 DE/rand-to-best/2 500
above main 500
def main 500
Benchmarking solver '<function EA_AOS' with budget=500*dimension on b'bbob' suite, Sat Mar 30 13:37:27 2019
batch_loop 500
Mar30 13h37:27, d=20, running: f020coco_optimiser 10000
inside coco 10000
ea-aos 10000
0.05
0.05
4.85
8253.220187949473
11.95
3903.0930626225536
19.55
3670.7404326829374
23.3
1520.9799440367756
34.25
800.0067689575417
40.7
779.1034932299802
52.6
411.96333420716167
75.75
130.90873636356412
88.65
130.5760840226394
136.1
130.45436529687737
156.2
130.44116656571725
166.45
130.28027822649872
168.1
130.26310525677758
186.6
130.08901818639893

 -6.67098181360106
.(1)  
    done in 3.5e-04 seconds/evaluation
  dimension seconds/evaluations
  -----------------------------
     20      3.5e-04 
  -----------------------------
  bbob done (1 of 360 problems benchmarked)
Deleting folder:  exdata/EA_AOS_on_bbob_budget0500xD-007
, Sat Mar 30 13:37:30 2019 (0h00:02 total elapsed time).
