COCO INFO: Results will be output to folder exdata/EA_AOS_on_bbob_budget0500xD-022
after __main__
budget 0.32 0.67 74 DE/rand-to-best/2 500
above main 500
def main 500
Benchmarking solver '<function EA_AOS' with budget=500*dimension on b'bbob' suite, Sat Mar 30 13:35:45 2019
batch_loop 500
Mar30 13h35:45, d=20, running: f015coco_optimiser 10000
inside coco 10000
ea-aos 10000
0.05
0.05
5.1
510.567455744712
14.95
506.7986363632873
21.65
491.98389783272427
22.55
460.6461008900636
26.7
402.0913185438383
34.1
370.76288961286104
39.75
338.53306793352624
46.95
327.53265064596695
106.3
324.816054338667
111.05
316.0600820260969
136.65
280.49347691909566
206.85
266.4621133401996

 231.7121133401996
.(1)  
    done in 3.7e-04 seconds/evaluation
  dimension seconds/evaluations
  -----------------------------
     20      3.7e-04 
  -----------------------------
  bbob done (1 of 360 problems benchmarked)
Deleting folder:  exdata/EA_AOS_on_bbob_budget0500xD-022
, Sat Mar 30 13:35:48 2019 (0h00:02 total elapsed time).
