COCO INFO: Results will be output to folder exdata/EA_AOS_on_bbob_budget0500xD-008
after __main__
budget 0.46 0.46 92 DE/rand-to-best/2 500
above main 500
def main 500
Benchmarking solver '<function EA_AOS' with budget=500*dimension on b'bbob' suite, Sat Mar 30 13:34:51 2019
batch_loop 500
Mar30 13h34:51, d=20, running: f003coco_optimiser 10000
inside coco 10000
ea-aos 10000
0.05
0.05
6.85
535.0573511593607
25.55
493.1228842978055
29.85
406.35310059768346
32.45
384.6688139675743
44.45
355.2497426892529
49.15
351.7112253935145
54.8
284.737252127613
75.35
273.09440169615175
80.05
250.38414601101786
93.95
210.57430545213762
136.5
209.62005649403454
141.1
206.8622581098794
148.05
189.89579243184903
162.75
188.5987109704397
177.6
178.5893451985806
250.1
176.52505548791942
276.6
174.39399489017126
312.25
173.90113935053972
325.0
172.93667329165038
338.8
172.12069395253155
381.5
170.75970115821582
400.9
168.9883226497314
414.7
166.81135051629684
446.95
165.52521918583398

 -296.564780814166
.(1)  
    done in 3.9e-04 seconds/evaluation
  dimension seconds/evaluations
  -----------------------------
     20      3.9e-04 
  -----------------------------
  bbob done (1 of 360 problems benchmarked)
Deleting folder:  exdata/EA_AOS_on_bbob_budget0500xD-008
, Sat Mar 30 13:34:54 2019 (0h00:02 total elapsed time).
