COCO INFO: Results will be output to folder exdata/EA_AOS_on_bbob_budget0500xD
after __main__
budget 0.61 0.49 68 DE/rand-to-best/2 500
above main 500
def main 500
Benchmarking solver '<function EA_AOS' with budget=500*dimension on b'bbob' suite, Sat Mar 30 13:34:50 2019
batch_loop 500
Mar30 13h34:50, d=20, running: f003coco_optimiser 10000
inside coco 10000
ea-aos 10000
0.05
0.05
3.9
757.1308792614198
8.8
550.1063338891709
16.55
535.9424882159813
24.05
535.2985979964176
30.45
520.3043911974207
33.4
507.9400759414906
39.5
469.0256197407608
42.8
391.5732789311013
46.2
375.8169810082759
63.25
337.89646480886523
76.8
324.62199247600256
100.15
273.38079234801285
115.65
231.10410354610332
137.0
227.55072195494387
173.45
225.4459916815835
188.65
221.3032312874387
192.05
215.19869629980928
203.4
212.15358457467238
206.85
205.8273131417887
215.5
194.11836548769753
231.3
186.25343238341435
234.65
173.3304020239014
332.85
170.77169117984897
347.05
167.8190749627458
351.75
163.8808548573091
440.05
163.39494139596275
460.75
161.33344740175954
463.95
160.4177513934116
476.25
159.18061937698576
484.9
159.14066018725958
499.15
159.06579872340666

 -303.0242012765933
.(1)  
    done in 3.4e-04 seconds/evaluation
  dimension seconds/evaluations
  -----------------------------
     20      3.4e-04 
  -----------------------------
  bbob done (1 of 360 problems benchmarked)
Deleting folder:  exdata/EA_AOS_on_bbob_budget0500xD
, Sat Mar 30 13:34:53 2019 (0h00:02 total elapsed time).
