COCO INFO: Results will be output to folder exdata/EA_AOS_on_bbob_budget0500xD
after __main__
budget 0.42 0.81 61 DE/rand-to-best/2 500
above main 500
def main 500
Benchmarking solver '<function EA_AOS' with budget=500*dimension on b'bbob' suite, Sat Mar 30 13:39:08 2019
batch_loop 500
Mar30 13h39:08, d=20, running: f002coco_optimiser 10000
inside coco 10000
ea-aos 10000
0.05
1.75
3346150.7389059784
5.05
1613032.723312452
9.2
614325.9394217912
26.05
537269.3204872943
33.35
514050.5515984153
35.7
416840.19033706986
37.25
399390.8455005419
51.0
374842.7500387165
52.1
335473.0148966452
60.25
316907.1727747485
75.55
315869.0106799551
81.0
309869.50213530794
82.6
308504.5695955474
106.9
308496.8150392573

 307927.9350392573
.(1)  
    done in 3.1e-04 seconds/evaluation
  dimension seconds/evaluations
  -----------------------------
     20      3.1e-04 
  -----------------------------
  bbob done (1 of 360 problems benchmarked)
Deleting folder:  exdata/EA_AOS_on_bbob_budget0500xD
, Sat Mar 30 13:39:11 2019 (0h00:02 total elapsed time).
