COCO INFO: Results will be output to folder exdata/EA_AOS_on_bbob_budget0500xD-021
after __main__
budget 0.15 0.59 52 DE/rand-to-best/2 500
above main 500
def main 500
Benchmarking solver '<function EA_AOS' with budget=500*dimension on b'bbob' suite, Sat Mar 30 13:34:51 2019
batch_loop 500
Mar30 13h34:51, d=20, running: f003coco_optimiser 10000
inside coco 10000
ea-aos 10000
0.05
0.05
3.15
856.4516441740259
5.95
608.5317336028522
8.1
582.6172970578276
11.45
540.2794809580183
16.65
444.7493846069482
18.85
414.54288158402477
22.05
411.30109194466064
27.85
386.6950867136976
41.3
379.3519253824299
42.95
377.6812588264369
47.4
373.4614545637787
55.8
372.7127951828563
58.45
359.7018686531388
65.75
344.5435116104592
67.7
330.70689724158694
84.0
320.01815445730585
93.8
314.49439703652087
97.3
305.40872588968017
100.2
298.0494251386795
111.2
296.3827471350508
118.15
296.20039642425473
120.35
287.0074317943932
126.65
270.8675348222348
141.35
257.8950491468148
158.5
245.55551591978545
185.65
237.2162323157571

 -224.87376768424286
.(1)  
    done in 3.0e-04 seconds/evaluation
  dimension seconds/evaluations
  -----------------------------
     20      3.0e-04 
  -----------------------------
  bbob done (1 of 360 problems benchmarked)
Deleting folder:  exdata/EA_AOS_on_bbob_budget0500xD-021
, Sat Mar 30 13:34:54 2019 (0h00:02 total elapsed time).
