COCO INFO: Results will be output to folder exdata/EA_AOS_on_bbob_budget0500xD-016
after __main__
budget 0.35 0.77 50 DE/rand-to-best/2 500
above main 500
def main 500
Benchmarking solver '<function EA_AOS' with budget=500*dimension on b'bbob' suite, Sat Mar 30 13:34:51 2019
batch_loop 500
Mar30 13h34:51, d=20, running: f003coco_optimiser 10000
inside coco 10000
ea-aos 10000
0.05
0.05
4.0
717.6843040615779
9.85
508.7068858691029
13.65
463.54986828570827
16.7
446.92422224203676
18.65
424.5801370036244
21.55
340.78772287285386
34.85
300.27968290567617
68.05
297.181816028567
73.4
288.10731629346253
82.9
279.4878799532213
85.4
278.2017486227584
94.05
276.5398323521354
96.55
263.0490594615286
116.9
260.1572071851102
118.75
258.7947782528254
137.85
243.95242116341
147.85
243.6704968764164
154.95
240.7023469981761
161.45
239.41621566771326

 -222.67378433228671
.(1)  
    done in 4.5e-04 seconds/evaluation
  dimension seconds/evaluations
  -----------------------------
     20      4.5e-04 
  -----------------------------
  bbob done (1 of 360 problems benchmarked)
Deleting folder:  exdata/EA_AOS_on_bbob_budget0500xD-016
, Sat Mar 30 13:34:55 2019 (0h00:02 total elapsed time).
