COCO INFO: Results will be output to folder exdata/EA_AOS_on_bbob_budget0500xD-004
after __main__
budget 0.35 0.77 50 DE/rand-to-best/2 500
above main 500
def main 500
Benchmarking solver '<function EA_AOS' with budget=500*dimension on b'bbob' suite, Sat Mar 30 13:39:24 2019
batch_loop 500
Mar30 13h39:24, d=20, running: f020coco_optimiser 10000
inside coco 10000
ea-aos 10000
0.05
0.05
5.8
14402.274298042847
9.5
9522.9967613636
12.0
4824.119309337428
13.85
1790.6360122306044
17.55
1753.6826238487906
21.2
1424.7218424593232
23.15
884.6258401810073
26.05
473.8687859130082
29.4
412.5542087723453
33.4
286.51017074616857
36.4
286.25314695093135
38.15
286.1313649069832
46.6
286.1056686123656
57.2
285.92284986159405
71.4
285.85657482276764
84.9
285.851416420561
86.65
285.78825730952684
88.2
285.6218856632467
103.1
285.55561062442035

 139.97561062442034
.(1)  
    done in 2.8e-04 seconds/evaluation
  dimension seconds/evaluations
  -----------------------------
     20      2.8e-04 
  -----------------------------
  bbob done (1 of 360 problems benchmarked)
Deleting folder:  exdata/EA_AOS_on_bbob_budget0500xD-004
, Sat Mar 30 13:39:27 2019 (0h00:02 total elapsed time).
