COCO INFO: Results will be output to folder exdata/EA_AOS_on_bbob_budget0500xD-009
after __main__
budget 0.18 0.73 73 DE/rand-to-best/2 500
above main 500
def main 500
Benchmarking solver '<function EA_AOS' with budget=500*dimension on b'bbob' suite, Sat Mar 30 13:35:08 2019
batch_loop 500
Mar30 13h35:08, d=20, running: f003coco_optimiser 10000
inside coco 10000
ea-aos 10000
0.05
0.05
6.5
502.5012503811037
14.15
498.67062786434883
17.75
492.10975323783293
20.65
419.12656120021916
24.15
411.77305561024895
33.7
377.2622233141849
37.35
343.3067399492954
41.4
326.11196448816077
55.35
320.7673571192326
63.45
306.3305664065251
115.4
295.80794339415866
118.2
292.83979351591825

 -169.25020648408173
.(1)  
    done in 3.2e-04 seconds/evaluation
  dimension seconds/evaluations
  -----------------------------
     20      3.2e-04 
  -----------------------------
  bbob done (1 of 360 problems benchmarked)
Deleting folder:  exdata/EA_AOS_on_bbob_budget0500xD-009
, Sat Mar 30 13:35:12 2019 (0h00:02 total elapsed time).
