COCO INFO: Results will be output to folder exdata/EA_AOS_on_bbob_budget0500xD-003
after __main__
budget 0.3 0.68 52 DE/rand-to-best/2 500
above main 500
def main 500
Benchmarking solver '<function EA_AOS' with budget=500*dimension on b'bbob' suite, Sat Mar 30 13:39:36 2019
batch_loop 500
Mar30 13h39:36, d=20, running: f017coco_optimiser 10000
inside coco 10000
ea-aos 10000
0.05
0.1
3.1
13.020478547660218
7.55
11.041776064625338
12.6
10.283420311819413
14.5
9.34839741361219
18.4
8.641019637814168
21.9
8.62584065543922
24.4
7.819697247858187
32.35
7.171898052700897
50.5
6.388379302312927
136.45
5.976168018636258
156.1
5.863562891115038
489.75
5.560237679596014

 -142.339762320404
.(1)  
    done in 2.5e-04 seconds/evaluation
  dimension seconds/evaluations
  -----------------------------
     20      2.5e-04 
  -----------------------------
  bbob done (1 of 360 problems benchmarked)
Deleting folder:  exdata/EA_AOS_on_bbob_budget0500xD-003
, Sat Mar 30 13:39:39 2019 (0h00:02 total elapsed time).
