COCO INFO: Results will be output to folder exdata/EA_AOS_on_bbob_budget0500xD-015
after __main__
budget 0.4 0.63 51 DE/rand-to-best/2 500
above main 500
def main 500
Benchmarking solver '<function EA_AOS' with budget=500*dimension on b'bbob' suite, Sat Mar 30 13:38:50 2019
batch_loop 500
Mar30 13h38:50, d=20, running: f014coco_optimiser 10000
inside coco 10000
ea-aos 10000
0.05
0.3
5.1
21.054341112789047
9.85
19.469324772756714
17.85
17.530227589172544
20.1
13.870917321290541
21.05
10.613042061146157
31.55
10.401785967361995
35.4
9.460689568032826
38.65
8.991829679862178
43.3
6.849567873853296
57.7
6.225247852130202
66.25
5.570259341978698
85.25
4.662863982969171
182.6
4.5661379920797245
196.25
4.167591063171734
205.15
3.8227001720661207
262.8
3.5845719761848756
301.9
3.5814935283656837
318.9
3.514632326007124
327.5
3.3811411817171617
360.45
3.2824206982694974
376.65
3.2657234611357424
378.2
2.9551460374903726
401.9
2.753349644223917

 -36.67665035577608
.(1)  
    done in 2.7e-04 seconds/evaluation
  dimension seconds/evaluations
  -----------------------------
     20      2.7e-04 
  -----------------------------
  bbob done (1 of 360 problems benchmarked)
Deleting folder:  exdata/EA_AOS_on_bbob_budget0500xD-015
, Sat Mar 30 13:38:53 2019 (0h00:02 total elapsed time).
