COCO INFO: Results will be output to folder exdata/EA_AOS_on_bbob_budget0500xD-004
after __main__
budget 0.12 0.79 94 DE/rand-to-best/2 500
above main 500
def main 500
Benchmarking solver '<function EA_AOS' with budget=500*dimension on b'bbob' suite, Sat Mar 30 13:35:21 2019
batch_loop 500
Mar30 13h35:21, d=20, running: f003coco_optimiser 10000
inside coco 10000
ea-aos 10000
0.05
0.05
5.45
743.9569438208587
9.95
516.5456125985108
27.3
469.40519403000883
31.8
395.36559079616904
54.55
374.52970929791695
68.25
363.79071228163696
88.3
351.17401212791435
109.05
346.39590980218975
124.35
344.4482302625653
142.0
332.3957802565153
207.75
331.56303284965827
218.7
327.88024359513173
231.25
319.76654077247224
251.25
317.5534231671
277.65
315.0301598202112
290.05
308.26804119636034
319.5
305.74477784947163
324.65
290.90242076005626

 -171.18757923994372
.(1)  
    done in 2.4e-04 seconds/evaluation
  dimension seconds/evaluations
  -----------------------------
     20      2.4e-04 
  -----------------------------
  bbob done (1 of 360 problems benchmarked)
Deleting folder:  exdata/EA_AOS_on_bbob_budget0500xD-004
, Sat Mar 30 13:35:24 2019 (0h00:02 total elapsed time).
