COCO INFO: Results will be output to folder exdata/EA_AOS_on_bbob_budget0500xD
after __main__
budget 0.25 0.84 123 DE/rand-to-best/2 500
above main 500
def main 500
Benchmarking solver '<function EA_AOS' with budget=500*dimension on b'bbob' suite, Sat Mar 30 13:37:11 2019
batch_loop 500
Mar30 13h37:11, d=20, running: f018coco_optimiser 10000
inside coco 10000
ea-aos 10000
0.05
3.7
66.4427600660922
12.95
55.63409245348828
24.6
42.841450605490195
26.85
42.22554919545934
34.85
31.50055344828371
75.1
31.259433109215934
80.4
31.13700765807596
91.55
28.642612736877368
154.7
25.37693619293566
187.4
24.748564563212653
201.1
24.179770365071192
288.4
23.685275774428874
337.75
22.62211638114485

 295.7721163811448
.(1)  
    done in 3.5e-04 seconds/evaluation
  dimension seconds/evaluations
  -----------------------------
     20      3.5e-04 
  -----------------------------
  bbob done (1 of 360 problems benchmarked)
Deleting folder:  exdata/EA_AOS_on_bbob_budget0500xD
, Sat Mar 30 13:37:14 2019 (0h00:03 total elapsed time).
