COCO INFO: Results will be output to folder exdata/EA_AOS_on_bbob_budget0500xD-010
after __main__
budget 0.27 0.41 127 DE/rand-to-best/2 500
above main 500
def main 500
Benchmarking solver '<function EA_AOS' with budget=500*dimension on b'bbob' suite, Sat Mar 30 13:35:24 2019
batch_loop 500
Mar30 13h35:24, d=20, running: f003coco_optimiser 10000
inside coco 10000
ea-aos 10000
0.05
5.8
864.7194687895983
6.8
727.3709644306294
16.75
500.0333144080005
29.85
387.9355558690827
48.35
330.1739957173679
60.45
321.4421791328937
75.6
293.56638274526483
92.4
280.6465568534393
97.75
276.65370029001144
111.4
272.3939280157107
116.0
253.78179770535144
133.35
253.27146767972897
155.95
247.0331187856998
166.9
241.4974664681801
172.75
238.64757319952264
179.4
222.5761001694568
219.5
210.55088165095435
255.5
208.06563230063762
280.85
207.53602575440647
286.25
204.5678758761661
299.6
204.4896533763153
316.85
202.14943482131144
319.0
199.62617147442273
341.45
199.2237959409578
364.55
198.43261819615208
385.85
197.20308534972054
407.45
195.03968406371467
445.75
193.97658306910938
458.25
192.51642071682596

 -269.573579283174
.(1)  
    done in 3.9e-04 seconds/evaluation
  dimension seconds/evaluations
  -----------------------------
     20      3.9e-04 
  -----------------------------
  bbob done (1 of 360 problems benchmarked)
Deleting folder:  exdata/EA_AOS_on_bbob_budget0500xD-010
, Sat Mar 30 13:35:27 2019 (0h00:03 total elapsed time).
