COCO INFO: Results will be output to folder exdata/EA_AOS_on_bbob_budget0500xD-023
after __main__
budget 0.3 0.73 63 DE/rand-to-best/2 500
above main 500
def main 500
Benchmarking solver '<function EA_AOS' with budget=500*dimension on b'bbob' suite, Sat Mar 30 13:41:49 2019
batch_loop 500
Mar30 13h41:49, d=20, running: f002coco_optimiser 10000
inside coco 10000
ea-aos 10000
0.05
1.75
3346150.7389059784
3.55
2457721.471056802
6.7
1604070.4357405833
9.65
1146109.977457146
16.8
795506.9691500184
18.95
776351.9001836211
22.8
592007.6236408239
30.75
563154.3444451205
36.8
562896.8053732244
39.05
494060.49050685077
41.7
477105.33684454014
54.85
476663.7160242218
59.7
462722.1459326479
62.05
446272.19210269564
71.5
446103.60266464803
83.3
427388.588031948
89.5
396467.90069691
102.1
366417.7040104646
105.25
366403.6640226048
114.8
347818.1447397565
134.75
347791.3803758677
139.95
347782.11437689734
153.8
347771.7658054661
174.95
347768.0743890375

 347199.1943890375
.(1)  
    done in 3.5e-04 seconds/evaluation
  dimension seconds/evaluations
  -----------------------------
     20      3.5e-04 
  -----------------------------
  bbob done (1 of 360 problems benchmarked)
Deleting folder:  exdata/EA_AOS_on_bbob_budget0500xD-023
, Sat Mar 30 13:41:53 2019 (0h00:02 total elapsed time).
