COCO INFO: Results will be output to folder exdata/EA_AOS_on_bbob_budget0500xD
after __main__
budget 0.29 0.7 52 DE/rand-to-best/2 500
above main 500
def main 500
Benchmarking solver '<function EA_AOS' with budget=500*dimension on b'bbob' suite, Sat Mar 30 13:42:58 2019
batch_loop 500
Mar30 13h42:58, d=20, running: f020coco_optimiser 10000
inside coco 10000
ea-aos 10000
0.05
0.05
6.45
8152.24567421519
10.35
6450.068588023564
12.45
2220.7982808799834
14.85
2143.8653736479
26.0
1794.9500158819478
26.55
1753.5270252217813
31.7
1365.5985738809995
44.8
805.8395245397489
55.2
779.1490332532583
62.0
778.7454706576204
67.35
411.986596298029

 275.226596298029
.(1)  
    done in 3.0e-04 seconds/evaluation
  dimension seconds/evaluations
  -----------------------------
     20      3.0e-04 
  -----------------------------
  bbob done (1 of 360 problems benchmarked)
Deleting folder:  exdata/EA_AOS_on_bbob_budget0500xD
, Sat Mar 30 13:43:01 2019 (0h00:02 total elapsed time).
