COCO INFO: Results will be output to folder exdata/EA_AOS_on_bbob_budget0500xD-027
after __main__
budget 0.42 0.79 97 DE/rand-to-best/2 500
above main 500
def main 500
Benchmarking solver '<function EA_AOS' with budget=500*dimension on b'bbob' suite, Sat Mar 30 13:41:49 2019
batch_loop 500
Mar30 13h41:49, d=20, running: f002coco_optimiser 10000
inside coco 10000
ea-aos 10000
0.05
1.75
3346150.7389059784
5.25
3291505.1667907047
12.2
968284.5271837509
20.5
809300.8701656524
36.4
745726.4363167819
39.35
523572.3390486711
50.3
464746.283431683
58.45
462537.32681070076
66.55
399396.0991393071
68.5
377864.86333125486
79.9
358640.47416157834
101.55
352142.0657525961
104.05
344611.1803478936
113.85
343000.40336627606
118.45
329603.5688331599
125.85
308746.6316057001
184.5
307801.05912114686
190.6
307719.30115939025
197.6
307191.60496406804
203.55
307175.1891716105
214.9
306744.5376019749
235.95
306703.4753603581
251.05
306633.7557796441
294.2
306606.1490942901

 306037.2690942901
.(1)  
    done in 3.2e-04 seconds/evaluation
  dimension seconds/evaluations
  -----------------------------
     20      3.2e-04 
  -----------------------------
  bbob done (1 of 360 problems benchmarked)
Deleting folder:  exdata/EA_AOS_on_bbob_budget0500xD-027
, Sat Mar 30 13:41:52 2019 (0h00:02 total elapsed time).
