COCO INFO: Results will be output to folder exdata/EA_AOS_on_bbob_budget0500xD-006
after __main__
budget 0.37 0.71 50 DE/rand-to-best/2 500
above main 500
def main 500
Benchmarking solver '<function EA_AOS' with budget=500*dimension on b'bbob' suite, Sat Mar 30 13:46:18 2019
batch_loop 500
Mar30 13h46:18, d=20, running: f002coco_optimiser 10000
inside coco 10000
ea-aos 10000
0.05
1.9
1118268.2100241375
12.25
634314.610328998
26.5
242438.00866158036
46.65
211836.71485177102
49.25
195233.9418558678
56.4
178029.44265870377
59.0
148473.0823859339
61.6
148405.36235485773
72.7
146119.97181828643
82.7
143815.8689459175
86.05
143815.38086284522
91.5
118785.34876845464
96.5
118524.36533164389
120.4
118402.6718449345
123.7
118401.04251767368

 118191.16251767367
.(1)  
    done in 3.2e-04 seconds/evaluation
  dimension seconds/evaluations
  -----------------------------
     20      3.2e-04 
  -----------------------------
  bbob done (1 of 360 problems benchmarked)
Deleting folder:  exdata/EA_AOS_on_bbob_budget0500xD-006
, Sat Mar 30 13:46:21 2019 (0h00:02 total elapsed time).
