COCO INFO: Results will be output to folder exdata/EA_AOS_on_bbob_budget0500xD-008
after __main__
budget 0.37 0.71 50 DE/rand-to-best/2 500
above main 500
def main 500
Benchmarking solver '<function EA_AOS' with budget=500*dimension on b'bbob' suite, Sat Mar 30 13:42:26 2019
batch_loop 500
Mar30 13h42:26, d=20, running: f005coco_optimiser 10000
inside coco 10000
ea-aos 10000
0.05
2.3
307.89673680076555
2.6
289.05114033423206
5.55
278.3956537771122
8.75
253.03054155918173
10.45
198.04939649692355
18.1
171.24322437821385
20.2
165.72240619603335
25.05
126.67030704450471
68.95
119.74476968196225
74.85
118.41736358315873
83.4
117.34480447000934
94.1
112.67704840630265
122.4
111.22213925565151
125.0
107.53272393649851
128.35
107.5059237924109
132.35
106.67686957950437
138.6
105.23337769853234
146.35
103.06478795236154
170.95
100.6559493283458
173.15
97.1120850690989
185.65
95.67363518081126
190.3
94.19312858340672
217.65
93.9946076391573
220.65
90.96784620096611
237.3
90.19410177164914
243.25
83.1525913227139
249.2
82.01507086406647
270.35
80.47716931072281
272.9
80.17623988108258
288.7
79.90965649310724
297.55
77.84051841199246

 177.37051841199246
.(1)  
    done in 3.0e-04 seconds/evaluation
  dimension seconds/evaluations
  -----------------------------
     20      3.0e-04 
  -----------------------------
  bbob done (1 of 360 problems benchmarked)
Deleting folder:  exdata/EA_AOS_on_bbob_budget0500xD-008
, Sat Mar 30 13:42:29 2019 (0h00:02 total elapsed time).
