COCO INFO: Results will be output to folder exdata/EA_AOS_on_bbob_budget0500xD-002
after __main__
budget 0.17 0.73 58 DE/rand-to-best/2 500
above main 500
def main 500
Benchmarking solver '<function EA_AOS' with budget=500*dimension on b'bbob' suite, Sat Mar 30 13:41:49 2019
batch_loop 500
Mar30 13h41:49, d=20, running: f002coco_optimiser 10000
inside coco 10000
ea-aos 10000
0.05
1.75
3346150.7389059784
4.2
2698907.9643409285
8.15
2228182.515353842
12.9
1047321.4729875126
16.6
748774.3014321646
19.5
717044.8114187391
21.65
657189.8301023948
23.95
556524.3889043997
31.4
494230.3815043633
35.2
487559.4932650247
44.7
354475.3409038213
47.3
354194.93482736405
49.7
346705.005373193
74.0
342851.3868477091
76.35
335300.85331889894
102.75
335256.96638452134

 334688.08638452133
.(1)  
    done in 3.5e-04 seconds/evaluation
  dimension seconds/evaluations
  -----------------------------
     20      3.5e-04 
  -----------------------------
  bbob done (1 of 360 problems benchmarked)
Deleting folder:  exdata/EA_AOS_on_bbob_budget0500xD-002
, Sat Mar 30 13:41:52 2019 (0h00:02 total elapsed time).
