COCO INFO: Results will be output to folder exdata/EA_AOS_on_bbob_budget0500xD-016
after __main__
budget 0.17 0.73 58 DE/rand-to-best/2 500
above main 500
def main 500
Benchmarking solver '<function EA_AOS' with budget=500*dimension on b'bbob' suite, Sat Mar 30 13:41:30 2019
batch_loop 500
Mar30 13h41:30, d=20, running: f015coco_optimiser 10000
inside coco 10000
ea-aos 10000
0.05
0.05
5.6
415.0817859012651
37.5
408.16000069371876
39.75
406.5382980117463
48.85
344.44642170477584
61.55
336.83517584967217
177.85
330.8660846722429
203.6
318.6792727297378
380.9
296.63087464943453

 261.88087464943453
.(1)  
    done in 3.5e-04 seconds/evaluation
  dimension seconds/evaluations
  -----------------------------
     20      3.5e-04 
  -----------------------------
  bbob done (1 of 360 problems benchmarked)
Deleting folder:  exdata/EA_AOS_on_bbob_budget0500xD-016
, Sat Mar 30 13:41:33 2019 (0h00:02 total elapsed time).
