COCO INFO: Results will be output to folder exdata/EA_AOS_on_bbob_budget0500xD-003
after __main__
budget 0.38 0.71 50 DE/rand-to-best/2 500
above main 500
def main 500
Benchmarking solver '<function EA_AOS' with budget=500*dimension on b'bbob' suite, Sat Mar 30 13:43:18 2019
batch_loop 500
Mar30 13h43:18, d=20, running: f005coco_optimiser 10000
inside coco 10000
ea-aos 10000
0.05
1.6
250.61105465727212
9.85
249.20933006555555
11.3
229.6574627424784
13.85
213.86240568082394
15.65
185.8950172391469
18.65
174.54712758319508
24.2
155.50152269318843
29.05
150.09757234274542
34.2
138.21178919558915
35.65
128.8450591851863
39.75
112.92845348851817
47.05
111.8584691307867
56.15
106.87307510390184
92.6
106.63416257745818
99.05
105.01038583826946
106.7
104.72067906628124
109.3
101.63769339244404
115.9
100.36341840674089
142.6
99.00104249371368
153.5
98.46280905510561
157.4
98.36341840674089
157.7
98.00104249371368
162.4
97.72676750801054
178.1
95.45249252230741

 29.06249252230741
.(1)  
    done in 2.5e-04 seconds/evaluation
  dimension seconds/evaluations
  -----------------------------
     20      2.5e-04 
  -----------------------------
  bbob done (1 of 360 problems benchmarked)
Deleting folder:  exdata/EA_AOS_on_bbob_budget0500xD-003
, Sat Mar 30 13:43:21 2019 (0h00:02 total elapsed time).
