COCO INFO: Results will be output to folder exdata/EA_AOS_on_bbob_budget0500xD-003
after __main__
budget 0.72 0.47 160 DE/rand-to-best/2 500
above main 500
def main 500
Benchmarking solver '<function EA_AOS' with budget=500*dimension on b'bbob' suite, Sat Mar 30 13:41:49 2019
batch_loop 500
Mar30 13h41:49, d=20, running: f002coco_optimiser 10000
inside coco 10000
ea-aos 10000
0.05
6.55
1300899.1602149657
17.1
539399.6521898971
267.45
428704.2408018397
429.15
409001.70232590387

 408432.82232590386
.(1)  
    done in 3.6e-04 seconds/evaluation
  dimension seconds/evaluations
  -----------------------------
     20      3.6e-04 
  -----------------------------
  bbob done (1 of 360 problems benchmarked)
Deleting folder:  exdata/EA_AOS_on_bbob_budget0500xD-003
, Sat Mar 30 13:41:52 2019 (0h00:02 total elapsed time).
