COCO INFO: Results will be output to folder exdata/EA_AOS_on_bbob_budget0500xD
after __main__
budget 0.28 0.53 57 DE/rand-to-best/2 500
above main 500
def main 500
Benchmarking solver '<function EA_AOS' with budget=500*dimension on b'bbob' suite, Sat Mar 30 13:45:58 2019
batch_loop 500
Mar30 13h45:58, d=20, running: f004coco_optimiser 10000
inside coco 10000
ea-aos 10000
0.05
0.05
10.8
579.8237160636286
13.65
531.6975709545821
15.0
492.7250672194998
22.2
478.1903357750649
23.75
451.6208934910222
27.9
407.41990014323727
32.2
385.99278968016483
46.1
366.66923447941514
70.15
364.43352976199253
77.25
362.34120442696695
81.45
359.87355204787855
85.0
351.54499330813076
96.0
342.3163966898222
112.8
342.26906175499613
121.35
335.69139099428
126.9
331.6037171600524
129.25
324.9787114645102
138.9
323.3938068363682
144.0
318.40104070379414
150.3
316.768801140826
171.8
313.47524451734927
174.75
306.89757375663316
195.8
305.265334193665

 265.965334193665
.(1)  
    done in 2.7e-04 seconds/evaluation
  dimension seconds/evaluations
  -----------------------------
     20      2.7e-04 
  -----------------------------
  bbob done (1 of 360 problems benchmarked)
Deleting folder:  exdata/EA_AOS_on_bbob_budget0500xD
, Sat Mar 30 13:46:01 2019 (0h00:02 total elapsed time).
