COCO INFO: Results will be output to folder exdata/EA_AOS_on_bbob_budget0500xD-016
after __main__
budget 0.39 0.73 67 DE/rand-to-best/2 500
above main 500
def main 500
Benchmarking solver '<function EA_AOS' with budget=500*dimension on b'bbob' suite, Sat Mar 30 13:44:11 2019
batch_loop 500
Mar30 13h44:11, d=20, running: f012coco_optimiser 10000
inside coco 10000
ea-aos 10000
0.05
2.0
303777482.8634992
4.35
194793947.8331429
9.75
139583753.75941613
11.9
101440274.79778646
13.9
87515999.68964459
21.25
75037679.6810782
25.0
65636768.34322745
29.9
61768825.772568196
31.55
37200864.01164195
49.4
37002130.51803662
52.65
34314376.25353338
59.45
34305547.03039068
65.3
31648289.525262367
69.3
28704673.74056068
73.0
27528894.00908722
74.35
26955933.036265686
78.0
25922122.79631599
90.65
23807124.798054487
96.75
23446148.64048915
98.8
22134241.148305006
120.4
21237674.904715873
120.8
20888179.194428705
124.65
18841412.7179011
151.35
17315805.218790743
202.0
17205657.50253938
214.15
16585192.845067175
215.45
15855329.081047103
218.7
15703690.230413804
230.9
12733842.179327503
233.6
12242801.17709437
337.25
12187802.204927107

 12187880.094927108
.(1)  
    done in 3.0e-04 seconds/evaluation
  dimension seconds/evaluations
  -----------------------------
     20      3.0e-04 
  -----------------------------
  bbob done (1 of 360 problems benchmarked)
Deleting folder:  exdata/EA_AOS_on_bbob_budget0500xD-016
, Sat Mar 30 13:44:14 2019 (0h00:02 total elapsed time).
