COCO INFO: Results will be output to folder exdata/EA_AOS_on_bbob_budget0500xD-002
after __main__
budget 0.38 0.71 55 DE/rand-to-best/2 500
above main 500
def main 500
Benchmarking solver '<function EA_AOS' with budget=500*dimension on b'bbob' suite, Sat Mar 30 13:45:03 2019
batch_loop 500
Mar30 13h45:03, d=20, running: f018coco_optimiser 10000
inside coco 10000
ea-aos 10000
0.05
1.95
103.96014979335064
4.15
50.880843087465394
12.55
46.845504654731315
16.3
43.19313009042054
19.2
38.90111266104384
24.8
37.59948048007635
29.4
32.28515414929757
32.35
28.1753756102986
48.65
26.92923038107324
60.35
26.247179921977647
61.6
22.115558912162157
70.75
16.628259898041392
192.05
16.233910578037978
253.35
14.423287989159178
371.5
13.695517738075637

 286.8455177380756
.(1)  
    done in 2.5e-04 seconds/evaluation
  dimension seconds/evaluations
  -----------------------------
     20      2.5e-04 
  -----------------------------
  bbob done (1 of 360 problems benchmarked)
Deleting folder:  exdata/EA_AOS_on_bbob_budget0500xD-002
, Sat Mar 30 13:45:06 2019 (0h00:02 total elapsed time).
