COCO INFO: Results will be output to folder exdata/EA_AOS_on_bbob_budget0500xD-006
after __main__
budget 0.35 0.72 51 DE/rand-to-best/2 500
above main 500
def main 500
Benchmarking solver '<function EA_AOS' with budget=500*dimension on b'bbob' suite, Sat Mar 30 13:44:00 2019
batch_loop 500
Mar30 13h44:00, d=20, running: f023coco_optimiser 10000
inside coco 10000
ea-aos 10000
0.05
0.75
13.55
3.1742778772580778
276.95
2.8016830777408757

 -220.31831692225913
.(1)  
    done in 3.1e-04 seconds/evaluation
  dimension seconds/evaluations
  -----------------------------
     20      3.1e-04 
  -----------------------------
  bbob done (1 of 360 problems benchmarked)
Deleting folder:  exdata/EA_AOS_on_bbob_budget0500xD-006
, Sat Mar 30 13:44:03 2019 (0h00:02 total elapsed time).
