COCO INFO: Results will be output to folder exdata/EA_AOS_on_bbob_budget0500xD
after __main__
budget 0.44 0.73 51 DE/rand-to-best/2 500
above main 500
def main 500
Benchmarking solver '<function EA_AOS' with budget=500*dimension on b'bbob' suite, Sat Mar 30 13:50:16 2019
batch_loop 500
Mar30 13h50:16, d=20, running: f018coco_optimiser 10000
inside coco 10000
ea-aos 10000
0.05
1.95
103.96014979335064
2.6
77.12645222897731
6.1
67.86686812555814
12.35
50.06410481838827
15.7
48.11804413752492
18.5
27.705164838264068
40.6
26.427404595022892
50.2
21.622889173576368
55.55
20.431517327307517
68.65
19.992741521134292
76.2
14.564118698685434
153.4
14.525103164249174
185.7
13.224914529498335
207.3
12.252234093439881
214.85
12.068122196274885
221.05
11.69966844169096
238.15
11.568462210234486
334.2
9.721468737287069
345.65
8.658522104564327

 281.8085221045643
.(1)  
    done in 3.0e-04 seconds/evaluation
  dimension seconds/evaluations
  -----------------------------
     20      3.0e-04 
  -----------------------------
  bbob done (1 of 360 problems benchmarked)
Deleting folder:  exdata/EA_AOS_on_bbob_budget0500xD
, Sat Mar 30 13:50:19 2019 (0h00:02 total elapsed time).
