COCO INFO: Results will be output to folder exdata/EA_AOS_on_bbob_budget0500xD-010
after __main__
budget 0.65 0.53 377 DE/rand-to-best/2 500
above main 500
def main 500
Benchmarking solver '<function EA_AOS' with budget=500*dimension on b'bbob' suite, Sat Mar 30 12:53:01 2019
batch_loop 500
Mar30 12h53:01, d=20, running: f015coco_optimiser 10000
inside coco 10000
ea-aos 10000
0.05
16.3
588.0265879198259
25.85
478.741796280994
49.85
452.214235793644
119.45
443.87356813464726
173.7
426.78672154706544
304.8
354.28079713612055
324.3
305.87543582857006

 213.40543582857006
.(1)  
    done in 4.9e-04 seconds/evaluation
  dimension seconds/evaluations
  -----------------------------
     20      4.9e-04 
  -----------------------------
  bbob done (1 of 360 problems benchmarked)
Deleting folder:  exdata/EA_AOS_on_bbob_budget0500xD-010
, Sat Mar 30 12:53:06 2019 (0h00:03 total elapsed time).
