COCO INFO: Results will be output to folder exdata/EA_AOS_on_bbob_budget0500xD-009
after __main__
budget 0.59 0.64 283 DE/rand-to-best/2 500
above main 500
def main 500
Benchmarking solver '<function EA_AOS' with budget=500*dimension on b'bbob' suite, Sat Mar 30 12:53:01 2019
batch_loop 500
Mar30 12h53:01, d=20, running: f015coco_optimiser 10000
inside coco 10000
ea-aos 10000
0.05
0.05
19.6
618.9311044838867
35.4
590.8695171795978
49.25
459.48305855496767
59.7
393.68951807939334
137.7
308.93090180476065
150.1
301.18723959459146
249.9
271.7775256374432
286.75
254.1566972934661
337.25
225.72858194963763

 133.25858194963763
.(1)  
    done in 4.3e-04 seconds/evaluation
  dimension seconds/evaluations
  -----------------------------
     20      4.3e-04 
  -----------------------------
  bbob done (1 of 360 problems benchmarked)
Deleting folder:  exdata/EA_AOS_on_bbob_budget0500xD-009
, Sat Mar 30 12:53:06 2019 (0h00:03 total elapsed time).
