COCO INFO: Results will be output to folder exdata/EA_AOS_on_bbob_budget0500xD
after __main__
budget 0.65 0.26 207 DE/rand-to-best/2 500
above main 500
def main 500
Benchmarking solver '<function EA_AOS' with budget=500*dimension on b'bbob' suite, Sat Mar 30 12:56:15 2019
batch_loop 500
Mar30 12h56:15, d=20, running: f020coco_optimiser 10000
inside coco 10000
ea-aos 10000
0.05
0.05
20.75
18192.947199656184
51.3
13804.688915277704
61.8
10730.812526728307
87.15
3598.793529905951
149.9
3260.0511008600006
173.6
2799.739416807708
194.9
2710.417568174669
211.1
2519.7926041675073
232.9
2236.1198662101824
251.3
225.18253554004048
363.6
59.31466334502488
441.6
4.876393020417197
460.75
4.375244043576714
481.45
4.34186125455372

 -132.41813874544627
.(1)  
    done in 3.6e-04 seconds/evaluation
  dimension seconds/evaluations
  -----------------------------
     20      3.6e-04 
  -----------------------------
  bbob done (1 of 360 problems benchmarked)
Deleting folder:  exdata/EA_AOS_on_bbob_budget0500xD
, Sat Mar 30 12:56:18 2019 (0h00:02 total elapsed time).
