COCO INFO: Results will be output to folder exdata/EA_AOS_on_bbob_budget0500xD-016
after __main__
budget 0.5 0.88 236 DE/rand/2 500
above main 500
def main 500
Benchmarking solver '<function EA_AOS' with budget=500*dimension on b'bbob' suite, Sat Mar 30 07:37:53 2019
batch_loop 500
Mar30 07h37:53, d=20, running: f011coco_optimiser 10000
inside coco 10000
ea-aos 10000
0.05
0.8
26.5

 275.45275941687163
.(1)  
    done in 3.0e-04 seconds/evaluation
  dimension seconds/evaluations
  -----------------------------
     20      3.0e-04 
  -----------------------------
  bbob done (1 of 360 problems benchmarked)
Deleting folder:  exdata/EA_AOS_on_bbob_budget0500xD-016
, Sat Mar 30 07:37:56 2019 (0h00:02 total elapsed time).
