COCO INFO: Results will be output to folder exdata/EA_AOS_on_bbob_budget0500xD-001
after __main__
budget 0.88 0.38 92 DE/rand/2 500
above main 500
def main 500
Benchmarking solver '<function EA_AOS' with budget=500*dimension on b'bbob' suite, Sat Mar 30 07:35:04 2019
batch_loop 500
Mar30 07h35:04, d=20, running: f024coco_optimiser 10000
inside coco 10000
ea-aos 10000
0.05
0.05
262.25

 174.01108597315582
.(1)  
    done in 2.2e-04 seconds/evaluation
  dimension seconds/evaluations
  -----------------------------
     20      2.2e-04 
  -----------------------------
  bbob done (1 of 360 problems benchmarked)
Deleting folder:  exdata/EA_AOS_on_bbob_budget0500xD-001
, Sat Mar 30 07:35:06 2019 (0h00:02 total elapsed time).
