COCO INFO: Results will be output to folder exdata/EA_AOS_on_bbob_budget0500xD-020
after __main__
budget 1.4 0.15 342 DE/rand/2 500
above main 500
def main 500
Benchmarking solver '<function EA_AOS' with budget=500*dimension on b'bbob' suite, Sat Mar 30 07:33:23 2019
batch_loop 500
Mar30 07h33:23, d=20, running: f017coco_optimiser 10000
inside coco 10000
ea-aos 10000
0.05
5.45
29.9
50.1
61.55
318.05

 55.01903986313001
.(1)  
    done in 3.3e-04 seconds/evaluation
  dimension seconds/evaluations
  -----------------------------
     20      3.3e-04 
  -----------------------------
  bbob done (1 of 360 problems benchmarked)
Deleting folder:  exdata/EA_AOS_on_bbob_budget0500xD-020
, Sat Mar 30 07:33:27 2019 (0h00:02 total elapsed time).
