COCO INFO: Results will be output to folder exdata/EA_AOS_on_bbob_budget0500xD-006
after __main__
budget 0.18 0.88 232 DE/rand/2 500
above main 500
def main 500
Benchmarking solver '<function EA_AOS' with budget=500*dimension on b'bbob' suite, Sat Mar 30 07:40:39 2019
batch_loop 500
Mar30 07h40:39, d=20, running: f014coco_optimiser 10000
inside coco 10000
ea-aos 10000
0.05
10.4
13.75
40.1
57.7
61.25
78.95
107.05
147.1
156.65
222.9
266.55
298.85

 -92.71527511671434
.(1)  
    done in 3.3e-04 seconds/evaluation
  dimension seconds/evaluations
  -----------------------------
     20      3.3e-04 
  -----------------------------
  bbob done (1 of 360 problems benchmarked)
Deleting folder:  exdata/EA_AOS_on_bbob_budget0500xD-006
, Sat Mar 30 07:40:42 2019 (0h00:02 total elapsed time).
