COCO INFO: Results will be output to folder exdata/EA_AOS_on_bbob_budget0500xD-018
after __main__
budget 0.39 0.2 366 DE/rand/2 500
above main 500
def main 500
Benchmarking solver '<function EA_AOS' with budget=500*dimension on b'bbob' suite, Sat Mar 30 07:37:10 2019
batch_loop 500
Mar30 07h37:10, d=20, running: f004coco_optimiser 10000
inside coco 10000
ea-aos 10000
0.05
0.05
48.7
62.4
99.0
135.6
230.75
267.35
347.35
348.35
417.55
426.3

 298.7481831792074
.(1)  
    done in 4.0e-04 seconds/evaluation
  dimension seconds/evaluations
  -----------------------------
     20      4.0e-04 
  -----------------------------
  bbob done (1 of 360 problems benchmarked)
Deleting folder:  exdata/EA_AOS_on_bbob_budget0500xD-018
, Sat Mar 30 07:37:14 2019 (0h00:03 total elapsed time).
