COCO INFO: Results will be output to folder exdata/EA_AOS_on_bbob_budget0500xD-024
after __main__
budget 0.2 0.71 136 DE/rand/2 500
above main 500
def main 500
Benchmarking solver '<function EA_AOS' with budget=500*dimension on b'bbob' suite, Sat Mar 30 07:44:08 2019
batch_loop 500
Mar30 07h44:08, d=20, running: f013coco_optimiser 10000
inside coco 10000
ea-aos 10000
0.05
2.0
11.3
19.35
23.95
46.6
53.85
54.65
78.6
87.65
90.1
162.85
190.3
349.9
390.95
430.55
441.55

 556.3764499373005
.(1)  
    done in 2.9e-04 seconds/evaluation
  dimension seconds/evaluations
  -----------------------------
     20      2.9e-04 
  -----------------------------
  bbob done (1 of 360 problems benchmarked)
Deleting folder:  exdata/EA_AOS_on_bbob_budget0500xD-024
, Sat Mar 30 07:44:11 2019 (0h00:02 total elapsed time).
