COCO INFO: Results will be output to folder exdata/EA_AOS_on_bbob_budget0500xD-018
after __main__
budget 0.51 0.92 57 DE/rand/2 500
above main 500
def main 500
Benchmarking solver '<function EA_AOS' with budget=500*dimension on b'bbob' suite, Sat Mar 30 07:44:08 2019
batch_loop 500
Mar30 07h44:08, d=20, running: f013coco_optimiser 10000
inside coco 10000
ea-aos 10000
0.05
2.0
36.65
38.7
43.95
60.45
67.2
76.2
99.0
115.4
161.4
191.75
204.45
235.9
247.55
262.65
272.8
289.95
424.6
497.25

 687.4897231315132
.(1)  
    done in 2.4e-04 seconds/evaluation
  dimension seconds/evaluations
  -----------------------------
     20      2.4e-04 
  -----------------------------
  bbob done (1 of 360 problems benchmarked)
Deleting folder:  exdata/EA_AOS_on_bbob_budget0500xD-018
, Sat Mar 30 07:44:10 2019 (0h00:02 total elapsed time).
