COCO INFO: Results will be output to folder exdata/EA_AOS_on_bbob_budget0500xD-001
after __main__
budget 0.42 0.81 74 DE/rand/2 500
above main 500
def main 500
Benchmarking solver '<function EA_AOS' with budget=500*dimension on b'bbob' suite, Sat Mar 30 07:44:20 2019
batch_loop 500
Mar30 07h44:20, d=20, running: f013coco_optimiser 10000
inside coco 10000
ea-aos 10000
0.05
2.0
5.8
19.5
39.4
64.2
95.4
105.45
121.15
128.95
142.25
146.7
153.55
170.95
218.6
266.8
271.95
316.15

 443.8044582706881
.(1)  
    done in 3.1e-04 seconds/evaluation
  dimension seconds/evaluations
  -----------------------------
     20      3.1e-04 
  -----------------------------
  bbob done (1 of 360 problems benchmarked)
Deleting folder:  exdata/EA_AOS_on_bbob_budget0500xD-001
, Sat Mar 30 07:44:23 2019 (0h00:02 total elapsed time).
