COCO INFO: Results will be output to folder exdata/EA_AOS_on_bbob_budget0500xD-006
after __main__
budget 0.21 0.78 59 DE/rand/2 500
above main 500
def main 500
Benchmarking solver '<function EA_AOS' with budget=500*dimension on b'bbob' suite, Sat Mar 30 07:48:39 2019
batch_loop 500
Mar30 07h48:39, d=20, running: f017coco_optimiser 10000
inside coco 10000
ea-aos 10000
0.05
0.05
3.05
6.9
16.35
23.0
26.2
28.1
33.6
38.35
54.0
61.65
74.75
78.3
87.3
111.3
149.95
194.85
218.7
224.65
236.4
312.15

 50.79090212149502
.(1)  
    done in 2.9e-04 seconds/evaluation
  dimension seconds/evaluations
  -----------------------------
     20      2.9e-04 
  -----------------------------
  bbob done (1 of 360 problems benchmarked)
Deleting folder:  exdata/EA_AOS_on_bbob_budget0500xD-006
, Sat Mar 30 07:48:42 2019 (0h00:02 total elapsed time).
