COCO INFO: Results will be output to folder exdata/EA_AOS_on_bbob_budget0500xD-018
after __main__
budget 0.34 0.78 52 DE/rand/2 500
above main 500
def main 500
Benchmarking solver '<function EA_AOS' with budget=500*dimension on b'bbob' suite, Sat Mar 30 07:42:22 2019
batch_loop 500
Mar30 07h42:22, d=20, running: f010coco_optimiser 10000
inside coco 10000
ea-aos 10000
0.05
0.25
10.4
11.35
14.3
92.6
97.55
134.55
161.95
208.05

 205031.76876216533
.(1)  
    done in 2.6e-04 seconds/evaluation
  dimension seconds/evaluations
  -----------------------------
     20      2.6e-04 
  -----------------------------
  bbob done (1 of 360 problems benchmarked)
Deleting folder:  exdata/EA_AOS_on_bbob_budget0500xD-018
, Sat Mar 30 07:42:24 2019 (0h00:02 total elapsed time).
