COCO INFO: Results will be output to folder exdata/EA_AOS_on_bbob_budget0500xD-016
after __main__
budget 0.12 0.85 70 DE/rand/2 500
above main 500
def main 500
Benchmarking solver '<function EA_AOS' with budget=500*dimension on b'bbob' suite, Sat Mar 30 07:46:49 2019
batch_loop 500
Mar30 07h46:49, d=20, running: f020coco_optimiser 10000
inside coco 10000
ea-aos 10000
0.05
0.05
4.45
8.45
15.45
20.5
21.25
48.35
79.4
96.0
163.7
176.1
190.15
246.1
276.35
280.05
289.7
291.65

 -142.11010737912113
.(1)  
    done in 3.0e-04 seconds/evaluation
  dimension seconds/evaluations
  -----------------------------
     20      3.0e-04 
  -----------------------------
  bbob done (1 of 360 problems benchmarked)
Deleting folder:  exdata/EA_AOS_on_bbob_budget0500xD-016
, Sat Mar 30 07:46:52 2019 (0h00:02 total elapsed time).
