COCO INFO: Results will be output to folder exdata/EA_AOS_on_bbob_budget0500xD-012
after __main__
budget 0.16 0.78 70 DE/rand/2 500
above main 500
def main 500
Benchmarking solver '<function EA_AOS' with budget=500*dimension on b'bbob' suite, Sat Mar 30 07:46:49 2019
batch_loop 500
Mar30 07h46:49, d=20, running: f020coco_optimiser 10000
inside coco 10000
ea-aos 10000
0.05
0.05
4.45
13.9
14.1
19.85
22.15
26.0
32.05
42.1
68.8
92.2
135.0
160.75
184.25
188.4
198.25
287.1
336.05

 -142.3129790025002
.(1)  
    done in 2.9e-04 seconds/evaluation
  dimension seconds/evaluations
  -----------------------------
     20      2.9e-04 
  -----------------------------
  bbob done (1 of 360 problems benchmarked)
Deleting folder:  exdata/EA_AOS_on_bbob_budget0500xD-012
, Sat Mar 30 07:46:52 2019 (0h00:02 total elapsed time).
