COCO INFO: Results will be output to folder exdata/EA_AOS_on_bbob_budget0500xD-021
after __main__
budget 0.16 0.78 70 DE/rand/2 500
above main 500
def main 500
Benchmarking solver '<function EA_AOS' with budget=500*dimension on b'bbob' suite, Sat Mar 30 07:42:22 2019
batch_loop 500
Mar30 07h42:22, d=20, running: f010coco_optimiser 10000
inside coco 10000
ea-aos 10000
0.05
0.25
4.6
8.15
20.25
24.0
27.95
32.3
41.5
58.15
62.9
92.25
100.6
110.1
179.25
194.05
200.25
302.35

 44216.79340820487
.(1)  
    done in 3.2e-04 seconds/evaluation
  dimension seconds/evaluations
  -----------------------------
     20      3.2e-04 
  -----------------------------
  bbob done (1 of 360 problems benchmarked)
Deleting folder:  exdata/EA_AOS_on_bbob_budget0500xD-021
, Sat Mar 30 07:42:25 2019 (0h00:02 total elapsed time).
