COCO INFO: Results will be output to folder exdata/EA_AOS_on_bbob_budget0500xD-024
after __main__
budget 0.21 0.4 59 DE/rand/2 500
above main 500
def main 500
Benchmarking solver '<function EA_AOS' with budget=500*dimension on b'bbob' suite, Sat Mar 30 07:46:50 2019
batch_loop 500
Mar30 07h46:50, d=20, running: f020coco_optimiser 10000
inside coco 10000
ea-aos 10000
0.05
0.05
5.7
17.5
21.25
24.4
27.5
42.5
48.1
52.8
63.8
66.0
71.9
79.3
94.05
98.95
122.25
126.5
194.15
195.05
205.8
229.4
238.25
255.5
269.25
291.8
312.7

 -142.80142358130516
.(1)  
    done in 3.5e-04 seconds/evaluation
  dimension seconds/evaluations
  -----------------------------
     20      3.5e-04 
  -----------------------------
  bbob done (1 of 360 problems benchmarked)
Deleting folder:  exdata/EA_AOS_on_bbob_budget0500xD-024
, Sat Mar 30 07:46:53 2019 (0h00:02 total elapsed time).
