COCO INFO: Results will be output to folder exdata/EA_AOS_on_bbob_budget0500xD-001
after __main__
budget 0.29 0.82 54 DE/rand/2 500
above main 500
def main 500
Benchmarking solver '<function EA_AOS' with budget=500*dimension on b'bbob' suite, Sat Mar 30 07:42:30 2019
batch_loop 500
Mar30 07h42:30, d=20, running: f010coco_optimiser 10000
inside coco 10000
ea-aos 10000
0.05
0.25
6.0
10.75
16.45
34.7
44.6
47.35
57.8
73.25
100.4
124.15
244.75
275.45
467.5

 68841.39964912541
.(1)  
    done in 2.6e-04 seconds/evaluation
  dimension seconds/evaluations
  -----------------------------
     20      2.6e-04 
  -----------------------------
  bbob done (1 of 360 problems benchmarked)
Deleting folder:  exdata/EA_AOS_on_bbob_budget0500xD-001
, Sat Mar 30 07:42:32 2019 (0h00:02 total elapsed time).
