COCO INFO: Results will be output to folder exdata/EA_AOS_on_bbob_budget0500xD-011
after __main__
budget 0.21 0.29 152 DE/rand/2 500
above main 500
def main 500
Benchmarking solver '<function EA_AOS' with budget=500*dimension on b'bbob' suite, Sat Mar 30 07:47:01 2019
batch_loop 500
Mar30 07h47:01, d=20, running: f020coco_optimiser 10000
inside coco 10000
ea-aos 10000
0.05
0.05
15.4
23.0
35.8
49.7
63.1
82.15
86.3
93.9
110.1
120.9
131.0
143.3
158.85
166.45
168.0
197.0
221.8
267.4
321.95
330.3
397.95
404.2
419.4
435.95
489.9

 -142.40565254936342
.(1)  
    done in 3.2e-04 seconds/evaluation
  dimension seconds/evaluations
  -----------------------------
     20      3.2e-04 
  -----------------------------
  bbob done (1 of 360 problems benchmarked)
Deleting folder:  exdata/EA_AOS_on_bbob_budget0500xD-011
, Sat Mar 30 07:47:04 2019 (0h00:02 total elapsed time).
