COCO INFO: Results will be output to folder exdata/EA_AOS_on_bbob_budget0500xD-010
after __main__
budget 0.23 0.77 76 DE/rand/2 500
above main 500
def main 500
Benchmarking solver '<function EA_AOS' with budget=500*dimension on b'bbob' suite, Sat Mar 30 07:47:01 2019
batch_loop 500
Mar30 07h47:01, d=20, running: f020coco_optimiser 10000
inside coco 10000
ea-aos 10000
0.05
0.05
10.4
14.45
15.9
24.95
29.15
39.75
47.0
55.3
62.55
66.05
75.8
76.7
84.3
119.25
123.7
154.6
236.8
323.5
403.9
448.9
459.55
480.25

 -142.52225046772756
.(1)  
    done in 3.3e-04 seconds/evaluation
  dimension seconds/evaluations
  -----------------------------
     20      3.3e-04 
  -----------------------------
  bbob done (1 of 360 problems benchmarked)
Deleting folder:  exdata/EA_AOS_on_bbob_budget0500xD-010
, Sat Mar 30 07:47:04 2019 (0h00:02 total elapsed time).
