COCO INFO: Results will be output to folder exdata/EA_AOS_on_bbob_budget0500xD-021
after __main__
budget 0.53 0.87 57 DE/rand/2 500
above main 500
def main 500
Benchmarking solver '<function EA_AOS' with budget=500*dimension on b'bbob' suite, Sat Mar 30 07:45:54 2019
batch_loop 500
Mar30 07h45:54, d=20, running: f004coco_optimiser 10000
inside coco 10000
ea-aos 10000
0.05
0.05
82.7
88.75
93.2
107.05
120.85
143.65
197.8
215.9
235.3
242.2
274.45
307.3
350.8
362.1
396.15
396.95
419.05
429.4
445.95

 257.36940701656994
.(1)  
    done in 4.0e-04 seconds/evaluation
  dimension seconds/evaluations
  -----------------------------
     20      4.0e-04 
  -----------------------------
  bbob done (1 of 360 problems benchmarked)
Deleting folder:  exdata/EA_AOS_on_bbob_budget0500xD-021
, Sat Mar 30 07:45:58 2019 (0h00:03 total elapsed time).
