COCO INFO: Results will be output to folder exdata/EA_AOS_on_bbob_budget0500xD-021
after __main__
budget 0.18 0.8 58 DE/rand/2 500
above main 500
def main 500
Benchmarking solver '<function EA_AOS' with budget=500*dimension on b'bbob' suite, Sat Mar 30 07:32:46 2019
batch_loop 500
Mar30 07h32:46, d=20, running: f017coco_optimiser 10000
inside coco 10000
ea-aos 10000
0.05
0.05
5.85
9.5
12.55
17.4
20.2
39.75
45.95
55.95
85.15
91.05
120.3
158.95
204.25
209.25
257.95
314.9
336.55
383.4
450.45
496.3

 50.722920316082124
.(1)  
    done in 3.1e-04 seconds/evaluation
  dimension seconds/evaluations
  -----------------------------
     20      3.1e-04 
  -----------------------------
  bbob done (1 of 360 problems benchmarked)
Deleting folder:  exdata/EA_AOS_on_bbob_budget0500xD-021
, Sat Mar 30 07:32:49 2019 (0h00:02 total elapsed time).
