COCO INFO: Results will be output to folder exdata/EA_AOS_on_bbob_budget0500xD
after __main__
budget 0.22 0.69 76 DE/rand/2 500
above main 500
def main 500
Benchmarking solver '<function EA_AOS' with budget=500*dimension on b'bbob' suite, Sat Mar 30 07:42:35 2019
batch_loop 500
Mar30 07h42:35, d=20, running: f010coco_optimiser 10000
inside coco 10000
ea-aos 10000
0.05
3.55
10.45
13.5
18.8
21.0
24.75
29.45
39.25
49.0
66.3
71.35
92.4
115.0
120.6
158.25
217.75
438.6

 107143.8905293161
.(1)  
    done in 3.0e-04 seconds/evaluation
  dimension seconds/evaluations
  -----------------------------
     20      3.0e-04 
  -----------------------------
  bbob done (1 of 360 problems benchmarked)
Deleting folder:  exdata/EA_AOS_on_bbob_budget0500xD
, Sat Mar 30 07:42:38 2019 (0h00:02 total elapsed time).
