COCO INFO: Results will be output to folder exdata/EA_AOS_on_bbob_budget0500xD
after __main__
budget 0.22 0.69 76 DE/rand/2 500
above main 500
def main 500
Benchmarking solver '<function EA_AOS' with budget=500*dimension on b'bbob' suite, Sat Mar 30 07:44:52 2019
batch_loop 500
Mar30 07h44:52, d=20, running: f013coco_optimiser 10000
inside coco 10000
ea-aos 10000
0.05
2.0
7.35
16.7
23.7
31.9
48.2
82.85
96.0
108.9
129.6
155.55
188.65
322.75
329.55
348.2
408.9
426.75
453.55
484.7
487.2

 395.30454950052206
.(1)  
    done in 3.4e-04 seconds/evaluation
  dimension seconds/evaluations
  -----------------------------
     20      3.4e-04 
  -----------------------------
  bbob done (1 of 360 problems benchmarked)
Deleting folder:  exdata/EA_AOS_on_bbob_budget0500xD
, Sat Mar 30 07:44:55 2019 (0h00:03 total elapsed time).
