COCO INFO: Results will be output to folder exdata/EA_AOS_on_bbob_budget0500xD
after __main__
budget 0.5 0.3 122 DE/rand/2 500
above main 500
def main 500
Benchmarking solver '<function EA_AOS' with budget=500*dimension on b'bbob' suite, Sat Mar 30 07:42:40 2019
batch_loop 500
Mar30 07h42:40, d=20, running: f010coco_optimiser 10000
inside coco 10000
ea-aos 10000
0.05
3.55
15.7
18.5
46.3
54.75
56.95
75.25
266.1
275.45
432.3

 538112.3769372037
.(1)  
    done in 2.5e-04 seconds/evaluation
  dimension seconds/evaluations
  -----------------------------
     20      2.5e-04 
  -----------------------------
  bbob done (1 of 360 problems benchmarked)
Deleting folder:  exdata/EA_AOS_on_bbob_budget0500xD
, Sat Mar 30 07:42:42 2019 (0h00:02 total elapsed time).
