COCO INFO: Results will be output to folder exdata/EA_AOS_on_bbob_budget0500xD-002
after __main__
budget 0.25 0.64 93 DE/rand/2 500
above main 500
def main 500
Benchmarking solver '<function EA_AOS' with budget=500*dimension on b'bbob' suite, Sat Mar 30 07:49:18 2019
batch_loop 500
Mar30 07h49:18, d=20, running: f007coco_optimiser 10000
inside coco 10000
ea-aos 10000
0.05
2.15
7.15
12.85
36.1
48.0
54.05
66.1
87.15
92.1
124.2
129.15
131.55
164.7
169.55
195.5
226.05
235.15
289.85
309.95
336.35
343.95
344.3
362.9
371.85

 30.137870282725636
.(1)  
    done in 3.6e-04 seconds/evaluation
  dimension seconds/evaluations
  -----------------------------
     20      3.6e-04 
  -----------------------------
  bbob done (1 of 360 problems benchmarked)
Deleting folder:  exdata/EA_AOS_on_bbob_budget0500xD-002
, Sat Mar 30 07:49:22 2019 (0h00:03 total elapsed time).
