COCO INFO: Results will be output to folder exdata/EA_AOS_on_bbob_budget0500xD-004
after __main__
budget 0.18 0.51 51 DE/rand/2 500
above main 500
def main 500
Benchmarking solver '<function EA_AOS' with budget=500*dimension on b'bbob' suite, Sat Mar 30 07:56:16 2019
batch_loop 500
Mar30 07h56:16, d=20, running: f011coco_optimiser 10000
inside coco 10000
ea-aos 10000
0.05
0.8
29.55
52.2
59.9
68.3
118.55
483.3

 101.4471867559948
.(1)  
    done in 2.8e-04 seconds/evaluation
  dimension seconds/evaluations
  -----------------------------
     20      2.8e-04 
  -----------------------------
  bbob done (1 of 360 problems benchmarked)
Deleting folder:  exdata/EA_AOS_on_bbob_budget0500xD-004
, Sat Mar 30 07:56:19 2019 (0h00:02 total elapsed time).
