COCO INFO: Results will be output to folder exdata/EA_AOS_on_bbob_budget0500xD-022
after __main__
budget 0.11 0.48 52 DE/rand/2 500
above main 500
def main 500
Benchmarking solver '<function EA_AOS' with budget=500*dimension on b'bbob' suite, Sat Mar 30 07:55:43 2019
batch_loop 500
Mar30 07h55:43, d=20, running: f001coco_optimiser 10000
inside coco 10000
ea-aos 10000
0.05
0.05
9.1
10.95
18.2
19.65
33.55
36.4
36.7
44.7
50.85
59.85
69.85
79.55
98.45
112.3
115.4
119.9
127.05
136.1
186.15
193.55
206.55
216.25

 -21.49357184
.(1)  
    done in 2.9e-04 seconds/evaluation
  dimension seconds/evaluations
  -----------------------------
     20      2.9e-04 
  -----------------------------
  bbob done (1 of 360 problems benchmarked)
Deleting folder:  exdata/EA_AOS_on_bbob_budget0500xD-022
, Sat Mar 30 07:55:46 2019 (0h00:02 total elapsed time).
