COCO INFO: Results will be output to folder exdata/EA_AOS_on_bbob_budget0500xD-001
after __main__
budget 0.2 0.47 107 DE/rand/2 500
above main 500
def main 500
Benchmarking solver '<function EA_AOS' with budget=500*dimension on b'bbob' suite, Sat Mar 30 07:49:29 2019
batch_loop 500
Mar30 07h49:29, d=20, running: f007coco_optimiser 10000
inside coco 10000
ea-aos 10000
0.05
2.15
6.05
13.25
20.0
25.35
44.3
48.6
53.6
97.2
116.1
197.95
207.8
238.95
250.3
418.15
427.95
466.1

 38.605291625113125
.(1)  
    done in 3.0e-04 seconds/evaluation
  dimension seconds/evaluations
  -----------------------------
     20      3.0e-04 
  -----------------------------
  bbob done (1 of 360 problems benchmarked)
Deleting folder:  exdata/EA_AOS_on_bbob_budget0500xD-001
, Sat Mar 30 07:49:32 2019 (0h00:02 total elapsed time).
