COCO INFO: Results will be output to folder exdata/EA_AOS_on_bbob_budget0500xD-015
after __main__
budget 0.16 0.51 94 DE/rand/2 500
above main 500
def main 500
Benchmarking solver '<function EA_AOS' with budget=500*dimension on b'bbob' suite, Sat Mar 30 07:54:04 2019
batch_loop 500
Mar30 07h54:04, d=20, running: f014coco_optimiser 10000
inside coco 10000
ea-aos 10000
0.05
1.05
5.85
13.0
17.7
25.25
32.9
34.1
39.05
46.45
55.85
84.1
114.8
121.35
129.2
145.15
196.55
215.75
234.15
248.2
311.85
319.55
346.9
399.95
408.3
420.25
452.1
459.2

 -96.9859566247561
.(1)  
    done in 3.9e-04 seconds/evaluation
  dimension seconds/evaluations
  -----------------------------
     20      3.9e-04 
  -----------------------------
  bbob done (1 of 360 problems benchmarked)
Deleting folder:  exdata/EA_AOS_on_bbob_budget0500xD-015
, Sat Mar 30 07:54:08 2019 (0h00:03 total elapsed time).
