COCO INFO: Results will be output to folder exdata/EA_AOS_on_bbob_budget0500xD-008
after __main__
budget 0.1 0.3 85 DE/rand/2 500
above main 500
def main 500
Benchmarking solver '<function EA_AOS' with budget=500*dimension on b'bbob' suite, Sat Mar 30 07:49:53 2019
batch_loop 500
Mar30 07h49:53, d=20, running: f007coco_optimiser 10000
inside coco 10000
ea-aos 10000
0.05
2.15
6.9
19.65
28.6
42.4
61.85
71.95
88.7
117.15
120.2
127.7
144.8
259.65
317.95
339.05
369.95
376.1
464.6

 34.66812654022586
.(1)  
    done in 2.5e-04 seconds/evaluation
  dimension seconds/evaluations
  -----------------------------
     20      2.5e-04 
  -----------------------------
  bbob done (1 of 360 problems benchmarked)
Deleting folder:  exdata/EA_AOS_on_bbob_budget0500xD-008
, Sat Mar 30 07:49:55 2019 (0h00:02 total elapsed time).
