COCO INFO: Results will be output to folder exdata/EA_AOS_on_bbob_budget0500xD-016
after __main__
budget 0.44 0.37 79 DE/rand/2 500
above main 500
def main 500
Benchmarking solver '<function EA_AOS' with budget=500*dimension on b'bbob' suite, Sat Mar 30 07:52:11 2019
batch_loop 500
Mar30 07h52:11, d=20, running: f020coco_optimiser 10000
inside coco 10000
ea-aos 10000
0.05
0.05
19.8
34.0
57.7
66.25
84.7
101.65
108.3
120.15
132.4
155.25
158.1
182.75
211.4
239.05
246.3
263.3
278.0
294.9
316.35
320.3
442.15
442.75
487.05
495.25

 -143.0139730000883
.(1)  
    done in 3.0e-04 seconds/evaluation
  dimension seconds/evaluations
  -----------------------------
     20      3.0e-04 
  -----------------------------
  bbob done (1 of 360 problems benchmarked)
Deleting folder:  exdata/EA_AOS_on_bbob_budget0500xD-016
, Sat Mar 30 07:52:14 2019 (0h00:02 total elapsed time).
