COCO INFO: Results will be output to folder exdata/EA_AOS_on_bbob_budget0500xD-020
after __main__
budget 0.11 0.41 74 DE/rand/2 500
above main 500
def main 500
Benchmarking solver '<function EA_AOS' with budget=500*dimension on b'bbob' suite, Sat Mar 30 07:58:12 2019
batch_loop 500
Mar30 07h58:12, d=20, running: f017coco_optimiser 10000
inside coco 10000
ea-aos 10000
0.05
0.05
6.15
9.7
14.2
23.85
30.3
34.6
44.1
56.45
61.45
100.95
128.4
158.95
212.2
292.5
387.35

 50.47959608114054
.(1)  
    done in 2.9e-04 seconds/evaluation
  dimension seconds/evaluations
  -----------------------------
     20      2.9e-04 
  -----------------------------
  bbob done (1 of 360 problems benchmarked)
Deleting folder:  exdata/EA_AOS_on_bbob_budget0500xD-020
, Sat Mar 30 07:58:15 2019 (0h00:02 total elapsed time).
