COCO INFO: Results will be output to folder exdata/EA_AOS_on_bbob_budget0500xD
after __main__
budget 0.11 0.41 74 DE/rand/2 500
above main 500
def main 500
Benchmarking solver '<function EA_AOS' with budget=500*dimension on b'bbob' suite, Sat Mar 30 07:59:49 2019
batch_loop 500
Mar30 07h59:49, d=20, running: f006coco_optimiser 10000
inside coco 10000
ea-aos 10000
0.05
0.05
6.35
7.9
15.6
26.95
50.1
71.75
97.3
108.05
112.1
119.5
143.5
170.8
190.6
235.0
246.1
268.8
305.3
360.25
367.65
375.05

 100.29632130359104
.(1)  
    done in 2.8e-04 seconds/evaluation
  dimension seconds/evaluations
  -----------------------------
     20      2.8e-04 
  -----------------------------
  bbob done (1 of 360 problems benchmarked)
Deleting folder:  exdata/EA_AOS_on_bbob_budget0500xD
, Sat Mar 30 07:59:52 2019 (0h00:02 total elapsed time).
