COCO INFO: Results will be output to folder exdata/EA_AOS_on_bbob_budget0500xD-005
after __main__
budget 0.15 0.41 81 DE/rand/2 500
above main 500
def main 500
Benchmarking solver '<function EA_AOS' with budget=500*dimension on b'bbob' suite, Sat Mar 30 07:58:12 2019
batch_loop 500
Mar30 07h58:12, d=20, running: f017coco_optimiser 10000
inside coco 10000
ea-aos 10000
0.05
0.05
7.5
10.05
14.8
23.7
25.0
29.2
37.9
92.5
98.4
132.25
144.4
202.8
263.45
462.5

 50.83385702176543
.(1)  
    done in 2.3e-04 seconds/evaluation
  dimension seconds/evaluations
  -----------------------------
     20      2.3e-04 
  -----------------------------
  bbob done (1 of 360 problems benchmarked)
Deleting folder:  exdata/EA_AOS_on_bbob_budget0500xD-005
, Sat Mar 30 07:58:14 2019 (0h00:02 total elapsed time).
