COCO INFO: Results will be output to folder exdata/EA_AOS_on_bbob_budget0500xD-015
after __main__
budget 0.59 0.53 98 DE/rand/2 500
above main 500
def main 500
Benchmarking solver '<function EA_AOS' with budget=500*dimension on b'bbob' suite, Sat Mar 30 07:57:13 2019
batch_loop 500
Mar30 07h57:13, d=20, running: f013coco_optimiser 10000
inside coco 10000
ea-aos 10000
0.05
2.0
14.75
28.25
30.45
47.65
53.9
59.35
121.0
207.55
216.15
234.75
406.05
438.5

 816.3650621845325
.(1)  
    done in 2.9e-04 seconds/evaluation
  dimension seconds/evaluations
  -----------------------------
     20      2.9e-04 
  -----------------------------
  bbob done (1 of 360 problems benchmarked)
Deleting folder:  exdata/EA_AOS_on_bbob_budget0500xD-015
, Sat Mar 30 07:57:16 2019 (0h00:02 total elapsed time).
