COCO INFO: Results will be output to folder exdata/EA_AOS_on_bbob_budget0500xD-001
after __main__
budget 0.29 0.49 56 DE/rand/2 500
above main 500
def main 500
Benchmarking solver '<function EA_AOS' with budget=500*dimension on b'bbob' suite, Sat Mar 30 08:00:02 2019
batch_loop 500
Mar30 08h00:02, d=20, running: f007coco_optimiser 10000
inside coco 10000
ea-aos 10000
0.05
2.15
6.3
15.4
30.75
46.2
65.9
69.45
75.0
75.65
90.25
95.25
120.5
125.9
149.4
151.45
174.6
253.0
305.2
312.45
362.15
388.8
480.75

 35.870918937772956
.(1)  
    done in 2.4e-04 seconds/evaluation
  dimension seconds/evaluations
  -----------------------------
     20      2.4e-04 
  -----------------------------
  bbob done (1 of 360 problems benchmarked)
Deleting folder:  exdata/EA_AOS_on_bbob_budget0500xD-001
, Sat Mar 30 08:00:05 2019 (0h00:02 total elapsed time).
