COCO INFO: Results will be output to folder exdata/EA_AOS_on_bbob_budget0500xD-021
after __main__
budget 0.13 0.49 84 DE/rand/2 500
above main 500
def main 500
Benchmarking solver '<function EA_AOS' with budget=500*dimension on b'bbob' suite, Sat Mar 30 07:56:40 2019
batch_loop 500
Mar30 07h56:40, d=20, running: f015coco_optimiser 10000
inside coco 10000
ea-aos 10000
0.05
3.0
10.35
35.1
40.5
48.9
80.95
97.0
122.2
142.1
146.1
148.95
181.65
275.4

 162.13108162981533
.(1)  
    done in 2.7e-04 seconds/evaluation
  dimension seconds/evaluations
  -----------------------------
     20      2.7e-04 
  -----------------------------
  bbob done (1 of 360 problems benchmarked)
Deleting folder:  exdata/EA_AOS_on_bbob_budget0500xD-021
, Sat Mar 30 07:56:43 2019 (0h00:02 total elapsed time).
