COCO INFO: Results will be output to folder exdata/EA_AOS_on_bbob_budget0500xD-008
after __main__
budget 0.39 0.37 73 DE/rand/2 500
above main 500
def main 500
Benchmarking solver '<function EA_AOS' with budget=500*dimension on b'bbob' suite, Sat Mar 30 07:56:52 2019
batch_loop 500
Mar30 07h56:52, d=20, running: f015coco_optimiser 10000
inside coco 10000
ea-aos 10000
0.05
3.0
27.1
30.45
39.6
48.95
72.85
84.5
93.4
111.0
129.55
184.85
244.9
270.05
472.55
489.15

 160.91391577092634
.(1)  
    done in 3.0e-04 seconds/evaluation
  dimension seconds/evaluations
  -----------------------------
     20      3.0e-04 
  -----------------------------
  bbob done (1 of 360 problems benchmarked)
Deleting folder:  exdata/EA_AOS_on_bbob_budget0500xD-008
, Sat Mar 30 07:56:55 2019 (0h00:02 total elapsed time).
