COCO INFO: Results will be output to folder exdata/EA_AOS_on_bbob_budget0500xD-010
after __main__
budget 0.35 0.26 85 DE/rand/2 500
above main 500
def main 500
Benchmarking solver '<function EA_AOS' with budget=500*dimension on b'bbob' suite, Sat Mar 30 07:58:54 2019
batch_loop 500
Mar30 07h58:54, d=20, running: f001coco_optimiser 10000
inside coco 10000
ea-aos 10000
0.05
0.05
29.35
37.85
59.1
67.3
79.0
84.6
92.8
105.55
148.05
163.95
169.3
191.45
199.1
207.9
210.45
232.65
253.0
278.95
280.6
288.6
297.1
320.4

 -23.389571840000002
.(1)  
    done in 2.8e-04 seconds/evaluation
  dimension seconds/evaluations
  -----------------------------
     20      2.8e-04 
  -----------------------------
  bbob done (1 of 360 problems benchmarked)
Deleting folder:  exdata/EA_AOS_on_bbob_budget0500xD-010
, Sat Mar 30 07:58:57 2019 (0h00:02 total elapsed time).
