COCO INFO: Results will be output to folder exdata/EA_AOS_on_bbob_budget0500xD-026
after __main__
budget 0.14 0.41 66 DE/rand/2 500
above main 500
def main 500
Benchmarking solver '<function EA_AOS' with budget=500*dimension on b'bbob' suite, Sat Mar 30 07:57:54 2019
batch_loop 500
Mar30 07h57:54, d=20, running: f010coco_optimiser 10000
inside coco 10000
ea-aos 10000
0.05
0.25
4.45
8.55
11.55
21.05
24.35
35.2
120.35
154.8
236.0
284.05
315.05
387.65

 43557.50166718165
.(1)  
    done in 3.5e-04 seconds/evaluation
  dimension seconds/evaluations
  -----------------------------
     20      3.5e-04 
  -----------------------------
  bbob done (1 of 360 problems benchmarked)
Deleting folder:  exdata/EA_AOS_on_bbob_budget0500xD-026
, Sat Mar 30 07:57:57 2019 (0h00:02 total elapsed time).
