COCO INFO: Results will be output to folder exdata/EA_AOS_on_bbob_budget0500xD-016
after __main__
budget 0.16 0.44 137 DE/rand/2 500
above main 500
def main 500
Benchmarking solver '<function EA_AOS' with budget=500*dimension on b'bbob' suite, Sat Mar 30 07:57:54 2019
batch_loop 500
Mar30 07h57:54, d=20, running: f010coco_optimiser 10000
inside coco 10000
ea-aos 10000
0.05
3.55
11.85
18.1
25.95
43.15
68.15
73.7
81.1
87.95
190.85
430.5
473.65

 96740.97500934733
.(1)  
    done in 3.0e-04 seconds/evaluation
  dimension seconds/evaluations
  -----------------------------
     20      3.0e-04 
  -----------------------------
  bbob done (1 of 360 problems benchmarked)
Deleting folder:  exdata/EA_AOS_on_bbob_budget0500xD-016
, Sat Mar 30 07:57:57 2019 (0h00:02 total elapsed time).
