COCO INFO: Results will be output to folder exdata/EA_AOS_on_bbob_budget0500xD-029
after __main__
budget 0.15 0.32 113 DE/rand/2 500
above main 500
def main 500
Benchmarking solver '<function EA_AOS' with budget=500*dimension on b'bbob' suite, Sat Mar 30 07:57:26 2019
batch_loop 500
Mar30 07h57:26, d=20, running: f013coco_optimiser 10000
inside coco 10000
ea-aos 10000
0.05
2.0
11.25
15.3
38.15
43.55
45.65
73.6
94.25
99.9
101.85
113.15
165.5
210.7
227.65
238.95
292.95
311.05
445.5
454.8
460.45

 189.49788647237588
.(1)  
    done in 2.8e-04 seconds/evaluation
  dimension seconds/evaluations
  -----------------------------
     20      2.8e-04 
  -----------------------------
  bbob done (1 of 360 problems benchmarked)
Deleting folder:  exdata/EA_AOS_on_bbob_budget0500xD-029
, Sat Mar 30 07:57:29 2019 (0h00:02 total elapsed time).
