COCO INFO: Results will be output to folder exdata/EA_AOS_on_bbob_budget0500xD-003
after __main__
budget 0.29 0.43 158 DE/rand/2 500
above main 500
def main 500
Benchmarking solver '<function EA_AOS' with budget=500*dimension on b'bbob' suite, Sat Mar 30 07:59:01 2019
batch_loop 500
Mar30 07h59:01, d=20, running: f001coco_optimiser 10000
inside coco 10000
ea-aos 10000
0.05
0.05
8.65
37.6
45.5
57.7
81.4
109.5
113.0
147.6
151.8
187.1
206.3
245.35
261.85
289.1
351.2
360.2
372.85
399.7
422.15
446.75
487.35

 -22.431171839999998
.(1)  
    done in 2.8e-04 seconds/evaluation
  dimension seconds/evaluations
  -----------------------------
     20      2.8e-04 
  -----------------------------
  bbob done (1 of 360 problems benchmarked)
Deleting folder:  exdata/EA_AOS_on_bbob_budget0500xD-003
, Sat Mar 30 07:59:04 2019 (0h00:02 total elapsed time).
