COCO INFO: Results will be output to folder exdata/EA_AOS_on_bbob_budget0500xD-004
after __main__
budget 0.33 0.39 96 DE/rand/2 500
above main 500
def main 500
Benchmarking solver '<function EA_AOS' with budget=500*dimension on b'bbob' suite, Sat Mar 30 07:58:01 2019
batch_loop 500
Mar30 07h58:01, d=20, running: f010coco_optimiser 10000
inside coco 10000
ea-aos 10000
0.05
3.55
6.5
12.05
40.3
49.5
55.65
77.0
167.2
269.35
336.95
376.4
465.0

 137461.40793565722
.(1)  
    done in 2.5e-04 seconds/evaluation
  dimension seconds/evaluations
  -----------------------------
     20      2.5e-04 
  -----------------------------
  bbob done (1 of 360 problems benchmarked)
Deleting folder:  exdata/EA_AOS_on_bbob_budget0500xD-004
, Sat Mar 30 07:58:03 2019 (0h00:02 total elapsed time).
