COCO INFO: Results will be output to folder exdata/EA_AOS_on_bbob_budget0500xD-019
after __main__
budget 0.11 0.5 72 DE/rand/2 500
above main 500
def main 500
Benchmarking solver '<function EA_AOS' with budget=500*dimension on b'bbob' suite, Sat Mar 30 07:59:50 2019
batch_loop 500
Mar30 07h59:50, d=20, running: f006coco_optimiser 10000
inside coco 10000
ea-aos 10000
0.05
0.05
10.0
12.9
15.0
19.75
27.3
43.8
69.1
116.7
139.05
152.4
157.25
175.25
214.3
228.7
330.45
377.25
395.4
397.4
409.5
459.25

 105.72629595828792
.(1)  
    done in 2.7e-04 seconds/evaluation
  dimension seconds/evaluations
  -----------------------------
     20      2.7e-04 
  -----------------------------
  bbob done (1 of 360 problems benchmarked)
Deleting folder:  exdata/EA_AOS_on_bbob_budget0500xD-019
, Sat Mar 30 07:59:52 2019 (0h00:02 total elapsed time).
