COCO INFO: Results will be output to folder exdata/EA_AOS_on_bbob_budget0500xD-001
after __main__
budget 0.15 0.23 51 DE/rand/2 500
above main 500
def main 500
Benchmarking solver '<function EA_AOS' with budget=500*dimension on b'bbob' suite, Sat Mar 30 08:03:44 2019
batch_loop 500
Mar30 08h03:44, d=20, running: f017coco_optimiser 10000
inside coco 10000
ea-aos 10000
0.05
0.05
6.2
11.8
12.9
22.55
27.3
32.25
33.75
36.3
59.5
67.45
77.05
84.1
88.55
136.35
164.7
326.75
342.05
422.75
432.75

 50.50728693450951
.(1)  
    done in 2.3e-04 seconds/evaluation
  dimension seconds/evaluations
  -----------------------------
     20      2.3e-04 
  -----------------------------
  bbob done (1 of 360 problems benchmarked)
Deleting folder:  exdata/EA_AOS_on_bbob_budget0500xD-001
, Sat Mar 30 08:03:46 2019 (0h00:02 total elapsed time).
