COCO INFO: Results will be output to folder exdata/EA_AOS_on_bbob_budget0500xD-025
after __main__
budget 0.49 0.57 63 DE/rand/2 500
above main 500
def main 500
Benchmarking solver '<function EA_AOS' with budget=500*dimension on b'bbob' suite, Sat Mar 30 08:02:08 2019
batch_loop 500
Mar30 08h02:08, d=20, running: f014coco_optimiser 10000
inside coco 10000
ea-aos 10000
0.05
1.05
4.2
14.75
17.2
39.6
91.05
95.95
111.7
187.15
210.4
222.7
281.6
295.15
342.95
399.25
486.5

 -96.57997957265253
.(1)  
    done in 2.8e-04 seconds/evaluation
  dimension seconds/evaluations
  -----------------------------
     20      2.8e-04 
  -----------------------------
  bbob done (1 of 360 problems benchmarked)
Deleting folder:  exdata/EA_AOS_on_bbob_budget0500xD-025
, Sat Mar 30 08:02:10 2019 (0h00:02 total elapsed time).
