COCO INFO: Results will be output to folder exdata/EA_AOS_on_bbob_budget0500xD-019
after __main__
budget 0.17 0.41 64 DE/rand/2 500
above main 500
def main 500
Benchmarking solver '<function EA_AOS' with budget=500*dimension on b'bbob' suite, Sat Mar 30 08:00:59 2019
batch_loop 500
Mar30 08h00:59, d=20, running: f023coco_optimiser 10000
inside coco 10000
ea-aos 10000
0.05
0.65
12.05
23.3
88.1
427.35

 -220.3823108103148
.(1)  
    done in 3.8e-04 seconds/evaluation
  dimension seconds/evaluations
  -----------------------------
     20      3.8e-04 
  -----------------------------
  bbob done (1 of 360 problems benchmarked)
Deleting folder:  exdata/EA_AOS_on_bbob_budget0500xD-019
, Sat Mar 30 08:01:03 2019 (0h00:02 total elapsed time).
