COCO INFO: Results will be output to folder exdata/EA_AOS_on_bbob_budget0500xD-006
after __main__
budget 0.11 0.39 63 DE/rand/2 500
above main 500
def main 500
Benchmarking solver '<function EA_AOS' with budget=500*dimension on b'bbob' suite, Sat Mar 30 08:04:14 2019
batch_loop 500
Mar30 08h04:14, d=20, running: f001coco_optimiser 10000
inside coco 10000
ea-aos 10000
0.05
0.05
12.05
16.15
19.3
42.7
49.25
52.4
58.55
68.0
71.15
87.15
96.85
102.65
138.45
143.8
150.7
152.75
156.55
171.85
190.75
239.45
244.7
268.4

 -23.12717184
.(1)  
    done in 2.6e-04 seconds/evaluation
  dimension seconds/evaluations
  -----------------------------
     20      2.6e-04 
  -----------------------------
  bbob done (1 of 360 problems benchmarked)
Deleting folder:  exdata/EA_AOS_on_bbob_budget0500xD-006
, Sat Mar 30 08:04:16 2019 (0h00:02 total elapsed time).
