COCO INFO: Results will be output to folder exdata/EA_AOS_on_bbob_budget0500xD-001
after __main__
budget 0.26 0.31 82 DE/rand/2 500
above main 500
def main 500
Benchmarking solver '<function EA_AOS' with budget=500*dimension on b'bbob' suite, Sat Mar 30 08:04:22 2019
batch_loop 500
Mar30 08h04:22, d=20, running: f017coco_optimiser 10000
inside coco 10000
ea-aos 10000
0.05
0.05
11.45
14.2
20.55
26.05
38.25
54.65
64.75
141.55
164.75
223.2
226.6
274.9
293.05
298.15
331.4

 50.27687086022796
.(1)  
    done in 2.3e-04 seconds/evaluation
  dimension seconds/evaluations
  -----------------------------
     20      2.3e-04 
  -----------------------------
  bbob done (1 of 360 problems benchmarked)
Deleting folder:  exdata/EA_AOS_on_bbob_budget0500xD-001
, Sat Mar 30 08:04:24 2019 (0h00:02 total elapsed time).
