COCO INFO: Results will be output to folder exdata/EA_AOS_on_bbob_budget0500xD-028
after __main__
budget 0.26 0.12 320 DE/rand/2 500
above main 500
def main 500
Benchmarking solver '<function EA_AOS' with budget=500*dimension on b'bbob' suite, Sat Mar 30 07:36:36 2019
batch_loop 500
Mar30 07h36:36, d=20, running: f004coco_optimiser 10000
inside coco 10000
ea-aos 10000
0.05
0.05
44.75
67.15
87.5
99.15
133.55
157.55
167.5
183.5
224.55
263.55
275.3
323.3
343.95
360.45
376.45
481.35

 277.0158476610878
.(1)  
    done in 3.4e-04 seconds/evaluation
  dimension seconds/evaluations
  -----------------------------
     20      3.4e-04 
  -----------------------------
  bbob done (1 of 360 problems benchmarked)
Deleting folder:  exdata/EA_AOS_on_bbob_budget0500xD-028
, Sat Mar 30 07:36:39 2019 (0h00:03 total elapsed time).
