COCO INFO: Results will be output to folder exdata/EA_AOS_on_bbob_budget0500xD-022
after __main__
budget 0.25 0.64 112 DE/current-to-rand/1 500
above main 500
def main 500
Benchmarking solver '<function EA_AOS' with budget=500*dimension on b'bbob' suite, Sat Mar 30 09:33:56 2019
batch_loop 500
Mar30 09h33:56, d=20, running: f011coco_optimiser 10000
inside coco 10000
ea-aos 10000
0.05
3.7
14.65
24.4
32.3
97.05
202.75
294.3
395.55

 107.33088823551282
.(1)  
    done in 3.0e-04 seconds/evaluation
  dimension seconds/evaluations
  -----------------------------
     20      3.0e-04 
  -----------------------------
  bbob done (1 of 360 problems benchmarked)
Deleting folder:  exdata/EA_AOS_on_bbob_budget0500xD-022
, Sat Mar 30 09:33:59 2019 (0h00:02 total elapsed time).
