COCO INFO: Results will be output to folder exdata/EA_AOS_on_bbob_budget0500xD-002
after __main__
budget 0.76 0.33 185 DE/current-to-rand/1 500
above main 500
def main 500
Benchmarking solver '<function EA_AOS' with budget=500*dimension on b'bbob' suite, Sat Mar 30 09:35:52 2019
batch_loop 500
Mar30 09h35:52, d=20, running: f024coco_optimiser 10000
inside coco 10000
ea-aos 10000
0.05
0.05
9.3
128.5
139.6
203.45
212.7
245.35
250.45
272.45
367.0
425.4

 72.82837252012169
.(1)  
    done in 3.4e-04 seconds/evaluation
  dimension seconds/evaluations
  -----------------------------
     20      3.4e-04 
  -----------------------------
  bbob done (1 of 360 problems benchmarked)
Deleting folder:  exdata/EA_AOS_on_bbob_budget0500xD-002
, Sat Mar 30 09:35:55 2019 (0h00:03 total elapsed time).
