COCO INFO: Results will be output to folder exdata/EA_AOS_on_bbob_budget0500xD-002
after __main__
budget 1.23 0.46 394 DE/current-to-rand/1 500
above main 500
def main 500
Benchmarking solver '<function EA_AOS' with budget=500*dimension on b'bbob' suite, Sat Mar 30 09:37:47 2019
batch_loop 500
Mar30 09h37:47, d=20, running: f004coco_optimiser 10000
inside coco 10000
ea-aos 10000
0.05
10.85
171.95

 589.4658760673112
.(1)  
    done in 3.5e-04 seconds/evaluation
  dimension seconds/evaluations
  -----------------------------
     20      3.5e-04 
  -----------------------------
  bbob done (1 of 360 problems benchmarked)
Deleting folder:  exdata/EA_AOS_on_bbob_budget0500xD-002
, Sat Mar 30 09:37:51 2019 (0h00:03 total elapsed time).
