COCO INFO: Results will be output to folder exdata/EA_AOS_on_bbob_budget0500xD-002
after __main__
budget 0.4 0.81 72 DE/current-to-rand/1 500
above main 500
def main 500
Benchmarking solver '<function EA_AOS' with budget=500*dimension on b'bbob' suite, Sat Mar 30 09:36:03 2019
batch_loop 500
Mar30 09h36:04, d=20, running: f024coco_optimiser 10000
inside coco 10000
ea-aos 10000
0.05
0.05
13.8
17.9
23.0
28.05
36.0
172.45

 76.11249795446079
.(1)  
    done in 3.5e-04 seconds/evaluation
  dimension seconds/evaluations
  -----------------------------
     20      3.5e-04 
  -----------------------------
  bbob done (1 of 360 problems benchmarked)
Deleting folder:  exdata/EA_AOS_on_bbob_budget0500xD-002
, Sat Mar 30 09:36:07 2019 (0h00:03 total elapsed time).
