COCO INFO: Results will be output to folder exdata/EA_AOS_on_bbob_budget0500xD-016
after __main__
budget 0.78 0.25 392 DE/current-to-rand/1 500
above main 500
def main 500
Benchmarking solver '<function EA_AOS' with budget=500*dimension on b'bbob' suite, Sat Mar 30 09:31:38 2019
batch_loop 500
Mar30 09h31:38, d=20, running: f020coco_optimiser 10000
inside coco 10000
ea-aos 10000
0.05
0.05
67.75
97.15
98.05
130.35
196.05
228.35
267.4
390.0

 1018.9764996028152
.(1)  
    done in 3.3e-04 seconds/evaluation
  dimension seconds/evaluations
  -----------------------------
     20      3.3e-04 
  -----------------------------
  bbob done (1 of 360 problems benchmarked)
Deleting folder:  exdata/EA_AOS_on_bbob_budget0500xD-016
, Sat Mar 30 09:31:41 2019 (0h00:03 total elapsed time).
