COCO INFO: Results will be output to folder exdata/EA_AOS_on_bbob_budget0500xD-005
after __main__
budget 0.52 0.79 75 DE/current-to-rand/1 500
above main 500
def main 500
Benchmarking solver '<function EA_AOS' with budget=500*dimension on b'bbob' suite, Sat Mar 30 09:38:02 2019
batch_loop 500
Mar30 09h38:02, d=20, running: f004coco_optimiser 10000
inside coco 10000
ea-aos 10000
0.05
0.05
7.4
19.55
22.55
29.7
32.5
41.0
44.95
46.1
60.3
66.4
68.6
85.15
124.15
128.85
194.7
195.85
216.2
267.3
274.45
313.95

 305.43468175617267
.(1)  
    done in 4.2e-04 seconds/evaluation
  dimension seconds/evaluations
  -----------------------------
     20      4.2e-04 
  -----------------------------
  bbob done (1 of 360 problems benchmarked)
Deleting folder:  exdata/EA_AOS_on_bbob_budget0500xD-005
, Sat Mar 30 09:38:06 2019 (0h00:03 total elapsed time).
