COCO INFO: Results will be output to folder exdata/EA_AOS_on_bbob_budget0500xD-009
after __main__
budget 0.55 0.83 283 DE/current-to-rand/1 500
above main 500
def main 500
Benchmarking solver '<function EA_AOS' with budget=500*dimension on b'bbob' suite, Sat Mar 30 09:38:03 2019
batch_loop 500
Mar30 09h38:03, d=20, running: f004coco_optimiser 10000
inside coco 10000
ea-aos 10000
0.05
10.85
34.35
70.35
84.85
115.25
171.25
190.0
222.6
232.45
244.65
470.6

 332.00386337452136
.(1)  
    done in 2.8e-04 seconds/evaluation
  dimension seconds/evaluations
  -----------------------------
     20      2.8e-04 
  -----------------------------
  bbob done (1 of 360 problems benchmarked)
Deleting folder:  exdata/EA_AOS_on_bbob_budget0500xD-009
, Sat Mar 30 09:38:05 2019 (0h00:02 total elapsed time).
