COCO INFO: Results will be output to folder exdata/EA_AOS_on_bbob_budget0500xD-019
after __main__
budget 0.37 0.4 112 DE/current-to-rand/1 500
above main 500
def main 500
Benchmarking solver '<function EA_AOS' with budget=500*dimension on b'bbob' suite, Sat Mar 30 09:40:39 2019
batch_loop 500
Mar30 09h40:39, d=20, running: f013coco_optimiser 10000
inside coco 10000
ea-aos 10000
0.05
4.15
8.9
25.7
30.95
36.9
64.9
70.5
106.05
117.25
212.45
419.65

 1246.1240275883824
.(1)  
    done in 2.6e-04 seconds/evaluation
  dimension seconds/evaluations
  -----------------------------
     20      2.6e-04 
  -----------------------------
  bbob done (1 of 360 problems benchmarked)
Deleting folder:  exdata/EA_AOS_on_bbob_budget0500xD-019
, Sat Mar 30 09:40:42 2019 (0h00:02 total elapsed time).
