COCO INFO: Results will be output to folder exdata/EA_AOS_on_bbob_budget0500xD-001
after __main__
budget 0.19 0.91 283 DE/current-to-rand/1 500
above main 500
def main 500
Benchmarking solver '<function EA_AOS' with budget=500*dimension on b'bbob' suite, Sat Mar 30 09:34:33 2019
batch_loop 500
Mar30 09h34:33, d=20, running: f011coco_optimiser 10000
inside coco 10000
ea-aos 10000
0.05
3.7
20.85
34.65
75.35
93.85
199.05
412.75

 113.45841813024786
.(1)  
    done in 2.6e-04 seconds/evaluation
  dimension seconds/evaluations
  -----------------------------
     20      2.6e-04 
  -----------------------------
  bbob done (1 of 360 problems benchmarked)
Deleting folder:  exdata/EA_AOS_on_bbob_budget0500xD-001
, Sat Mar 30 09:34:36 2019 (0h00:02 total elapsed time).
