COCO INFO: Results will be output to folder exdata/EA_AOS_on_bbob_budget0500xD
after __main__
budget 1.4 0.2 205 DE/current-to-rand/1 500
above main 500
def main 500
Benchmarking solver '<function EA_AOS' with budget=500*dimension on b'bbob' suite, Sat Mar 30 09:34:35 2019
batch_loop 500
Mar30 09h34:35, d=20, running: f011coco_optimiser 10000
inside coco 10000
ea-aos 10000
0.05
3.7
15.4
288.4

 314.90778705211875
.(1)  
    done in 3.5e-04 seconds/evaluation
  dimension seconds/evaluations
  -----------------------------
     20      3.5e-04 
  -----------------------------
  bbob done (1 of 360 problems benchmarked)
Deleting folder:  exdata/EA_AOS_on_bbob_budget0500xD
, Sat Mar 30 09:34:38 2019 (0h00:02 total elapsed time).
