COCO INFO: Results will be output to folder exdata/EA_AOS_on_bbob_budget0500xD-019
after __main__
budget 1.06 0.15 55 DE/current-to-rand/1 500
above main 500
def main 500
Benchmarking solver '<function EA_AOS' with budget=500*dimension on b'bbob' suite, Sat Mar 30 09:40:47 2019
batch_loop 500
Mar30 09h40:48, d=20, running: f018coco_optimiser 10000
inside coco 10000
ea-aos 10000
0.05
2.3
22.25
33.15
38.05
84.8
97.3
124.8
149.55
175.75
189.5
234.8
278.4

 0.5781333005668614
.(1)  
    done in 3.1e-04 seconds/evaluation
  dimension seconds/evaluations
  -----------------------------
     20      3.1e-04 
  -----------------------------
  bbob done (1 of 360 problems benchmarked)
Deleting folder:  exdata/EA_AOS_on_bbob_budget0500xD-019
, Sat Mar 30 09:40:51 2019 (0h00:02 total elapsed time).
