COCO INFO: Results will be output to folder exdata/EA_AOS_on_bbob_budget0500xD-004
after __main__
budget 0.66 0.67 67 DE/current-to-rand/1 500
above main 500
def main 500
Benchmarking solver '<function EA_AOS' with budget=500*dimension on b'bbob' suite, Sat Mar 30 09:41:00 2019
batch_loop 500
Mar30 09h41:00, d=20, running: f022coco_optimiser 10000
inside coco 10000
ea-aos 10000
0.05
0.05
7.4
10.35
14.3
21.9
27.6
52.75
53.9
87.6
103.5
182.55
193.65
257.3
304.2
321.25

 128.61272525136394
.(1)  
    done in 2.3e-04 seconds/evaluation
  dimension seconds/evaluations
  -----------------------------
     20      2.3e-04 
  -----------------------------
  bbob done (1 of 360 problems benchmarked)
Deleting folder:  exdata/EA_AOS_on_bbob_budget0500xD-004
, Sat Mar 30 09:41:02 2019 (0h00:02 total elapsed time).
