COCO INFO: Results will be output to folder exdata/EA_AOS_on_bbob_budget0500xD-023
after __main__
budget 0.83 0.31 138 DE/current-to-rand/1 500
above main 500
def main 500
Benchmarking solver '<function EA_AOS' with budget=500*dimension on b'bbob' suite, Sat Mar 30 09:45:22 2019
batch_loop 500
Mar30 09h45:22, d=20, running: f004coco_optimiser 10000
inside coco 10000
ea-aos 10000
0.05
0.05
10.55
38.15
42.2
76.7
91.6
133.85
140.75
148.75
163.1
165.95
230.35
239.0
264.85
334.25
349.4
395.9
425.45
432.2

 218.1798194164137
.(1)  
    done in 2.9e-04 seconds/evaluation
  dimension seconds/evaluations
  -----------------------------
     20      2.9e-04 
  -----------------------------
  bbob done (1 of 360 problems benchmarked)
Deleting folder:  exdata/EA_AOS_on_bbob_budget0500xD-023
, Sat Mar 30 09:45:25 2019 (0h00:02 total elapsed time).
