COCO INFO: Results will be output to folder exdata/EA_AOS_on_bbob_budget0500xD-019
after __main__
budget 0.39 0.32 374 DE/current-to-rand/1 500
above main 500
def main 500
Benchmarking solver '<function EA_AOS' with budget=500*dimension on b'bbob' suite, Sat Mar 30 09:36:49 2019
batch_loop 500
Mar30 09h36:49, d=20, running: f004coco_optimiser 10000
inside coco 10000
ea-aos 10000
0.05
10.85
28.8
43.85
67.35
101.9
153.25
287.45
307.55
326.25

 374.1022807426136
.(1)  
    done in 3.5e-04 seconds/evaluation
  dimension seconds/evaluations
  -----------------------------
     20      3.5e-04 
  -----------------------------
  bbob done (1 of 360 problems benchmarked)
Deleting folder:  exdata/EA_AOS_on_bbob_budget0500xD-019
, Sat Mar 30 09:36:53 2019 (0h00:03 total elapsed time).
