COCO INFO: Results will be output to folder exdata/EA_AOS_on_bbob_budget0500xD-001
after __main__
budget 0.38 0.23 69 DE/current-to-rand/1 500
above main 500
def main 500
Benchmarking solver '<function EA_AOS' with budget=500*dimension on b'bbob' suite, Sat Mar 30 09:43:27 2019
batch_loop 500
Mar30 09h43:27, d=20, running: f015coco_optimiser 10000
inside coco 10000
ea-aos 10000
0.05
1.05
4.5
17.95
21.4
35.2
39.0
42.45
45.9
59.7
156.3
352.95

 269.88589000022006
.(1)  
    done in 3.3e-04 seconds/evaluation
  dimension seconds/evaluations
  -----------------------------
     20      3.3e-04 
  -----------------------------
  bbob done (1 of 360 problems benchmarked)
Deleting folder:  exdata/EA_AOS_on_bbob_budget0500xD-001
, Sat Mar 30 09:43:30 2019 (0h00:02 total elapsed time).
