COCO INFO: Results will be output to folder exdata/EA_AOS_on_bbob_budget0500xD-013
after __main__
budget 0.68 0.23 57 DE/current-to-rand/1 500
above main 500
def main 500
Benchmarking solver '<function EA_AOS' with budget=500*dimension on b'bbob' suite, Sat Mar 30 09:41:23 2019
batch_loop 500
Mar30 09h41:23, d=20, running: f001coco_optimiser 10000
inside coco 10000
ea-aos 10000
0.05
0.05
14.3
22.85
28.55
49.45
55.15
60.85
73.75
87.3
88.5
98.15
100.05
103.85
110.8
115.35
126.65
156.6
159.45
166.65
177.55
230.45
280.65
287.6
296.5
363.5

 -22.85677184
.(1)  
    done in 2.1e-04 seconds/evaluation
  dimension seconds/evaluations
  -----------------------------
     20      2.1e-04 
  -----------------------------
  bbob done (1 of 360 problems benchmarked)
Deleting folder:  exdata/EA_AOS_on_bbob_budget0500xD-013
, Sat Mar 30 09:41:25 2019 (0h00:02 total elapsed time).
