COCO INFO: Results will be output to folder exdata/EA_AOS_on_bbob_budget0500xD-014
after __main__
budget 0.78 0.14 71 DE/current-to-rand/1 500
above main 500
def main 500
Benchmarking solver '<function EA_AOS' with budget=500*dimension on b'bbob' suite, Sat Mar 30 09:43:52 2019
batch_loop 500
Mar30 09h43:52, d=20, running: f015coco_optimiser 10000
inside coco 10000
ea-aos 10000
0.05
1.05
7.15
11.7
17.2
20.75
34.95
38.4
48.05
54.15
63.45
83.65
85.35
97.0
107.65
111.2
133.35
214.8
234.9
239.35
256.2

 158.37986442370794
.(1)  
    done in 3.9e-04 seconds/evaluation
  dimension seconds/evaluations
  -----------------------------
     20      3.9e-04 
  -----------------------------
  bbob done (1 of 360 problems benchmarked)
Deleting folder:  exdata/EA_AOS_on_bbob_budget0500xD-014
, Sat Mar 30 09:43:56 2019 (0h00:03 total elapsed time).
