COCO INFO: Results will be output to folder exdata/EA_AOS_on_bbob_budget0500xD-022
after __main__
budget 0.52 0.55 81 DE/current-to-rand/1 500
above main 500
def main 500
Benchmarking solver '<function EA_AOS' with budget=500*dimension on b'bbob' suite, Sat Mar 30 09:41:47 2019
batch_loop 500
Mar30 09h41:47, d=20, running: f001coco_optimiser 10000
inside coco 10000
ea-aos 10000
0.05
0.05
15.0
19.05
20.85
35.6
51.1
55.85
58.8
66.9
75.0
103.75
113.5
131.7
142.1
188.4
194.5
222.85
235.8
242.8
261.3
292.0
377.65
487.0

 -11.263171839999998
.(1)  
    done in 2.8e-04 seconds/evaluation
  dimension seconds/evaluations
  -----------------------------
     20      2.8e-04 
  -----------------------------
  bbob done (1 of 360 problems benchmarked)
Deleting folder:  exdata/EA_AOS_on_bbob_budget0500xD-022
, Sat Mar 30 09:41:50 2019 (0h00:02 total elapsed time).
