COCO INFO: Results will be output to folder exdata/EA_AOS_on_bbob_budget0500xD
after __main__
budget 0.75 0.46 75 DE/current-to-rand/1 500
above main 500
def main 500
Benchmarking solver '<function EA_AOS' with budget=500*dimension on b'bbob' suite, Sat Mar 30 09:41:53 2019
batch_loop 500
Mar30 09h41:53, d=20, running: f001coco_optimiser 10000
inside coco 10000
ea-aos 10000
0.05
0.05
16.3
35.05
52.45
63.35
74.6
78.85
93.65
117.35
136.6
142.5
148.1
155.6
204.9
240.25
244.0
253.9
286.5
307.75
315.25
350.9

 -22.715971839999998
.(1)  
    done in 2.7e-04 seconds/evaluation
  dimension seconds/evaluations
  -----------------------------
     20      2.7e-04 
  -----------------------------
  bbob done (1 of 360 problems benchmarked)
Deleting folder:  exdata/EA_AOS_on_bbob_budget0500xD
, Sat Mar 30 09:41:56 2019 (0h00:02 total elapsed time).
