COCO INFO: Results will be output to folder exdata/EA_AOS_on_bbob_budget0500xD-002
after __main__
budget 0.53 0.32 70 DE/current-to-rand/1 500
above main 500
def main 500
Benchmarking solver '<function EA_AOS' with budget=500*dimension on b'bbob' suite, Sat Mar 30 09:47:34 2019
batch_loop 500
Mar30 09h47:34, d=20, running: f007coco_optimiser 10000
inside coco 10000
ea-aos 10000
0.05
3.05
6.9
14.05
26.3
45.35
59.2
71.25
78.2
92.2
95.75
106.4
159.5
233.0
261.0
344.15

 33.960174101485485
.(1)  
    done in 2.4e-04 seconds/evaluation
  dimension seconds/evaluations
  -----------------------------
     20      2.4e-04 
  -----------------------------
  bbob done (1 of 360 problems benchmarked)
Deleting folder:  exdata/EA_AOS_on_bbob_budget0500xD-002
, Sat Mar 30 09:47:36 2019 (0h00:02 total elapsed time).
