COCO INFO: Results will be output to folder exdata/EA_AOS_on_bbob_budget0500xD-008
after __main__
budget 0.61 0.41 54 DE/current-to-rand/1 500
above main 500
def main 500
Benchmarking solver '<function EA_AOS' with budget=500*dimension on b'bbob' suite, Sat Mar 30 09:55:04 2019
batch_loop 500
Mar30 09h55:04, d=20, running: f020coco_optimiser 10000
inside coco 10000
ea-aos 10000
0.05
0.05
2.75
16.25
23.05
28.0
39.45
50.05
52.75
65.9
68.3
83.0
87.0
90.7
112.15
113.7
124.0
124.8
130.4
184.4
213.65
224.9
234.5
242.45
462.15

 -133.83935320417774
.(1)  
    done in 2.7e-04 seconds/evaluation
  dimension seconds/evaluations
  -----------------------------
     20      2.7e-04 
  -----------------------------
  bbob done (1 of 360 problems benchmarked)
Deleting folder:  exdata/EA_AOS_on_bbob_budget0500xD-008
, Sat Mar 30 09:55:07 2019 (0h00:02 total elapsed time).
