COCO INFO: Results will be output to folder exdata/EA_AOS_on_bbob_budget0500xD-001
after __main__
budget 0.34 0.38 101 DE/current-to-rand/1 500
above main 500
def main 500
Benchmarking solver '<function EA_AOS' with budget=500*dimension on b'bbob' suite, Sat Mar 30 09:52:17 2019
batch_loop 500
Mar30 09h52:18, d=20, running: f022coco_optimiser 10000
inside coco 10000
ea-aos 10000
0.05
0.05
8.65
17.1
21.1
27.2
31.0
37.3
62.55
92.85
158.5
219.1
320.1

 137.04721043021414
.(1)  
    done in 2.8e-04 seconds/evaluation
  dimension seconds/evaluations
  -----------------------------
     20      2.8e-04 
  -----------------------------
  bbob done (1 of 360 problems benchmarked)
Deleting folder:  exdata/EA_AOS_on_bbob_budget0500xD-001
, Sat Mar 30 09:52:20 2019 (0h00:02 total elapsed time).
