COCO INFO: Results will be output to folder exdata/EA_AOS_on_bbob_budget0500xD-027
after __main__
budget 0.66 0.33 51 DE/current-to-rand/1 500
above main 500
def main 500
Benchmarking solver '<function EA_AOS' with budget=500*dimension on b'bbob' suite, Sat Mar 30 09:49:58 2019
batch_loop 500
Mar30 09h49:58, d=20, running: f015coco_optimiser 10000
inside coco 10000
ea-aos 10000
0.05
1.05
9.55
14.65
18.35
27.4
29.15
33.1
51.5
54.05
60.8
89.2
91.0
99.85
105.05
148.8
183.65
225.3
409.85
411.45
491.65

 171.02102432056148
.(1)  
    done in 3.4e-04 seconds/evaluation
  dimension seconds/evaluations
  -----------------------------
     20      3.4e-04 
  -----------------------------
  bbob done (1 of 360 problems benchmarked)
Deleting folder:  exdata/EA_AOS_on_bbob_budget0500xD-027
, Sat Mar 30 09:50:01 2019 (0h00:03 total elapsed time).
