COCO INFO: Results will be output to folder exdata/EA_AOS_on_bbob_budget0500xD-018
after __main__
budget 0.64 0.59 91 DE/current-to-rand/1 500
above main 500
def main 500
Benchmarking solver '<function EA_AOS' with budget=500*dimension on b'bbob' suite, Sat Mar 30 09:49:57 2019
batch_loop 500
Mar30 09h49:57, d=20, running: f015coco_optimiser 10000
inside coco 10000
ea-aos 10000
0.05
1.05
5.4
15.55
32.5
40.35
41.4
53.55
60.4
64.4
78.2
88.95
99.0
117.95
136.75
157.1
179.25
283.25
336.8
431.75

 198.1966095786271
.(1)  
    done in 3.3e-04 seconds/evaluation
  dimension seconds/evaluations
  -----------------------------
     20      3.3e-04 
  -----------------------------
  bbob done (1 of 360 problems benchmarked)
Deleting folder:  exdata/EA_AOS_on_bbob_budget0500xD-018
, Sat Mar 30 09:50:01 2019 (0h00:02 total elapsed time).
