COCO INFO: Results will be output to folder exdata/EA_AOS_on_bbob_budget0500xD-020
after __main__
budget 0.63 0.39 83 DE/current-to-rand/1 500
above main 500
def main 500
Benchmarking solver '<function EA_AOS' with budget=500*dimension on b'bbob' suite, Sat Mar 30 09:51:20 2019
batch_loop 500
Mar30 09h51:20, d=20, running: f003coco_optimiser 10000
inside coco 10000
ea-aos 10000
0.05
2.8
4.95
10.3
13.3
22.75
25.7
41.35
46.45
63.2
73.45
77.9
87.5
123.6
129.0
136.15
147.8
149.65
160.25
173.85
193.7
210.3
236.75
322.75
352.9
372.6
419.3
489.2

 -277.7118442073356
.(1)  
    done in 2.9e-04 seconds/evaluation
  dimension seconds/evaluations
  -----------------------------
     20      2.9e-04 
  -----------------------------
  bbob done (1 of 360 problems benchmarked)
Deleting folder:  exdata/EA_AOS_on_bbob_budget0500xD-020
, Sat Mar 30 09:51:23 2019 (0h00:02 total elapsed time).
