COCO INFO: Results will be output to folder exdata/EA_AOS_on_bbob_budget0500xD
after __main__
budget 0.45 0.36 56 DE/current-to-rand/1 500
above main 500
def main 500
Benchmarking solver '<function EA_AOS' with budget=500*dimension on b'bbob' suite, Sat Mar 30 09:49:10 2019
batch_loop 500
Mar30 09h49:10, d=20, running: f004coco_optimiser 10000
inside coco 10000
ea-aos 10000
0.05
0.05
8.75
14.35
31.15
45.5
51.1
62.3
73.5
101.5
126.05
142.85
162.45
197.55
277.9

 385.49758428780365
.(1)  
    done in 3.1e-04 seconds/evaluation
  dimension seconds/evaluations
  -----------------------------
     20      3.1e-04 
  -----------------------------
  bbob done (1 of 360 problems benchmarked)
Deleting folder:  exdata/EA_AOS_on_bbob_budget0500xD
, Sat Mar 30 09:49:13 2019 (0h00:02 total elapsed time).
