COCO INFO: Results will be output to folder exdata/EA_AOS_on_bbob_budget0500xD-007
after __main__
budget 0.45 0.36 56 DE/current-to-rand/1 500
above main 500
def main 500
Benchmarking solver '<function EA_AOS' with budget=500*dimension on b'bbob' suite, Sat Mar 30 09:52:41 2019
batch_loop 500
Mar30 09h52:41, d=20, running: f022coco_optimiser 10000
inside coco 10000
ea-aos 10000
0.05
0.05
7.3
12.15
16.7
17.75
22.1
23.35
34.45
48.55
51.35
90.7
99.1
107.25
123.8
160.2
296.2
318.6
332.6
342.85
357.8
360.6
383.0

 141.60989809593073
.(1)  
    done in 3.4e-04 seconds/evaluation
  dimension seconds/evaluations
  -----------------------------
     20      3.4e-04 
  -----------------------------
  bbob done (1 of 360 problems benchmarked)
Deleting folder:  exdata/EA_AOS_on_bbob_budget0500xD-007
, Sat Mar 30 09:52:44 2019 (0h00:02 total elapsed time).
