COCO INFO: Results will be output to folder exdata/EA_AOS_on_bbob_budget0500xD-018
after __main__
budget 0.61 0.37 74 DE/current-to-rand/1 500
above main 500
def main 500
Benchmarking solver '<function EA_AOS' with budget=500*dimension on b'bbob' suite, Sat Mar 30 09:51:32 2019
batch_loop 500
Mar30 09h51:32, d=20, running: f003coco_optimiser 10000
inside coco 10000
ea-aos 10000
0.05
2.8
9.4
21.3
25.0
36.95
40.3
41.85
45.55
51.05
60.35
71.05
80.8
85.85
93.25
96.95
103.0
106.7
114.1
119.15
122.85
143.7
158.0
169.05
191.25
388.15
399.25
414.05
458.45

 -283.8480985920688
.(1)  
    done in 3.2e-04 seconds/evaluation
  dimension seconds/evaluations
  -----------------------------
     20      3.2e-04 
  -----------------------------
  bbob done (1 of 360 problems benchmarked)
Deleting folder:  exdata/EA_AOS_on_bbob_budget0500xD-018
, Sat Mar 30 09:51:35 2019 (0h00:02 total elapsed time).
