COCO INFO: Results will be output to folder exdata/EA_AOS_on_bbob_budget0500xD-022
after __main__
budget 0.76 0.25 57 DE/current-to-rand/1 500
above main 500
def main 500
Benchmarking solver '<function EA_AOS' with budget=500*dimension on b'bbob' suite, Sat Mar 30 09:47:59 2019
batch_loop 500
Mar30 09h47:59, d=20, running: f007coco_optimiser 10000
inside coco 10000
ea-aos 10000
0.05
1.15
5.0
16.4
18.95
30.35
130.1
170.0
281.15
350.85
368.1
430.7

 53.83362666970846
.(1)  
    done in 2.5e-04 seconds/evaluation
  dimension seconds/evaluations
  -----------------------------
     20      2.5e-04 
  -----------------------------
  bbob done (1 of 360 problems benchmarked)
Deleting folder:  exdata/EA_AOS_on_bbob_budget0500xD-022
, Sat Mar 30 09:48:01 2019 (0h00:02 total elapsed time).
