COCO INFO: Results will be output to folder exdata/EA_AOS_on_bbob_budget0500xD-021
after __main__
budget 0.55 0.35 76 DE/current-to-rand/1 500
above main 500
def main 500
Benchmarking solver '<function EA_AOS' with budget=500*dimension on b'bbob' suite, Sat Mar 30 09:52:42 2019
batch_loop 500
Mar30 09h52:42, d=20, running: f022coco_optimiser 10000
inside coco 10000
ea-aos 10000
0.05
0.05
4.6
8.65
14.8
17.65
29.05
32.85
51.85
58.7
62.35
76.85
80.65
114.85
171.85
217.45
333.4
336.6
339.05
356.9
417.7
452.05
495.3

 109.30291709334892
.(1)  
    done in 2.7e-04 seconds/evaluation
  dimension seconds/evaluations
  -----------------------------
     20      2.7e-04 
  -----------------------------
  bbob done (1 of 360 problems benchmarked)
Deleting folder:  exdata/EA_AOS_on_bbob_budget0500xD-021
, Sat Mar 30 09:52:44 2019 (0h00:02 total elapsed time).
