COCO INFO: Results will be output to folder exdata/EA_AOS_on_bbob_budget0500xD-008
after __main__
budget 0.8 0.39 101 DE/current-to-rand/1 500
above main 500
def main 500
Benchmarking solver '<function EA_AOS' with budget=500*dimension on b'bbob' suite, Sat Mar 30 09:48:10 2019
batch_loop 500
Mar30 09h48:10, d=20, running: f007coco_optimiser 10000
inside coco 10000
ea-aos 10000
0.05
3.05
8.9
12.6
84.4
164.15
171.35
213.0
252.95
273.6
301.55
311.15
359.55
411.4

 111.03898595998666
.(1)  
    done in 4.0e-04 seconds/evaluation
  dimension seconds/evaluations
  -----------------------------
     20      4.0e-04 
  -----------------------------
  bbob done (1 of 360 problems benchmarked)
Deleting folder:  exdata/EA_AOS_on_bbob_budget0500xD-008
, Sat Mar 30 09:48:14 2019 (0h00:02 total elapsed time).
