COCO INFO: Results will be output to folder exdata/EA_AOS_on_bbob_budget0500xD-006
after __main__
budget 0.6 0.43 59 DE/current-to-rand/1 500
above main 500
def main 500
Benchmarking solver '<function EA_AOS' with budget=500*dimension on b'bbob' suite, Sat Mar 30 09:55:04 2019
batch_loop 500
Mar30 09h55:04, d=20, running: f020coco_optimiser 10000
inside coco 10000
ea-aos 10000
0.05
0.05
11.35
18.55
21.5
24.45
27.65
31.4
32.5
36.7
42.6
54.55
82.6
85.35
94.2
101.9
128.45
176.55
202.45
217.2
279.95
316.05
347.2
379.6
420.45
465.8
479.9

 -133.92359508573665
.(1)  
    done in 2.8e-04 seconds/evaluation
  dimension seconds/evaluations
  -----------------------------
     20      2.8e-04 
  -----------------------------
  bbob done (1 of 360 problems benchmarked)
Deleting folder:  exdata/EA_AOS_on_bbob_budget0500xD-006
, Sat Mar 30 09:55:07 2019 (0h00:02 total elapsed time).
