COCO INFO: Results will be output to folder exdata/EA_AOS_on_bbob_budget0500xD-016
after __main__
budget 0.53 0.32 56 DE/current-to-rand/1 500
above main 500
def main 500
Benchmarking solver '<function EA_AOS' with budget=500*dimension on b'bbob' suite, Sat Mar 30 09:54:30 2019
batch_loop 500
Mar30 09h54:30, d=20, running: f001coco_optimiser 10000
inside coco 10000
ea-aos 10000
0.05
0.05
2.85
5.65
12.55
15.15
23.05
28.65
32.9
39.4
56.25
72.65
84.2
89.8
112.8
126.8
140.2
154.2
159.45
183.8
207.05
222.8
244.4
256.4
296.45
318.85
481.6

 -20.96237184
.(1)  
    done in 2.9e-04 seconds/evaluation
  dimension seconds/evaluations
  -----------------------------
     20      2.9e-04 
  -----------------------------
  bbob done (1 of 360 problems benchmarked)
Deleting folder:  exdata/EA_AOS_on_bbob_budget0500xD-016
, Sat Mar 30 09:54:33 2019 (0h00:02 total elapsed time).
