COCO INFO: Results will be output to folder exdata/EA_AOS_on_bbob_budget0500xD-015
after __main__
budget 0.75 0.23 112 DE/current-to-rand/1 500
above main 500
def main 500
Benchmarking solver '<function EA_AOS' with budget=500*dimension on b'bbob' suite, Sat Mar 30 09:50:46 2019
batch_loop 500
Mar30 09h50:47, d=20, running: f015coco_optimiser 10000
inside coco 10000
ea-aos 10000
0.05
1.05
13.7
22.1
30.55
36.5
44.5
50.1
55.7
65.15
99.45
139.7
144.15
159.4
175.6
209.2
221.2
228.75
400.4

 165.47755697376687
.(1)  
    done in 3.6e-04 seconds/evaluation
  dimension seconds/evaluations
  -----------------------------
     20      3.6e-04 
  -----------------------------
  bbob done (1 of 360 problems benchmarked)
Deleting folder:  exdata/EA_AOS_on_bbob_budget0500xD-015
, Sat Mar 30 09:50:50 2019 (0h00:02 total elapsed time).
