COCO INFO: Results will be output to folder exdata/EA_AOS_on_bbob_budget0500xD-011
after __main__
budget 0.56 0.34 59 DE/current-to-rand/1 500
above main 500
def main 500
Benchmarking solver '<function EA_AOS' with budget=500*dimension on b'bbob' suite, Sat Mar 30 09:52:05 2019
batch_loop 500
Mar30 09h52:05, d=20, running: f003coco_optimiser 10000
inside coco 10000
ea-aos 10000
0.05
2.8
5.45
7.7
11.9
20.5
20.75
29.6
38.35
44.35
50.25
60.8
67.7
79.5
84.85
86.05
93.7
117.6
120.55
123.5
141.2
212.4
230.1
238.55
344.9
453.45

 -260.3603087824807
.(1)  
    done in 2.4e-04 seconds/evaluation
  dimension seconds/evaluations
  -----------------------------
     20      2.4e-04 
  -----------------------------
  bbob done (1 of 360 problems benchmarked)
Deleting folder:  exdata/EA_AOS_on_bbob_budget0500xD-011
, Sat Mar 30 09:52:08 2019 (0h00:02 total elapsed time).
