COCO INFO: Results will be output to folder exdata/EA_AOS_on_bbob_budget0500xD-014
after __main__
budget 0.51 0.43 88 DE/current-to-rand/1 500
above main 500
def main 500
Benchmarking solver '<function EA_AOS' with budget=500*dimension on b'bbob' suite, Sat Mar 30 09:52:05 2019
batch_loop 500
Mar30 09h52:05, d=20, running: f003coco_optimiser 10000
inside coco 10000
ea-aos 10000
0.05
2.8
9.6
14.0
21.65
38.7
44.95
64.45
82.7
85.7
91.5
99.65
113.25
130.85
159.8
203.8
222.05
257.25
268.5
321.3
347.7
383.15
450.85
484.75

 -256.55091410512915
.(1)  
    done in 2.7e-04 seconds/evaluation
  dimension seconds/evaluations
  -----------------------------
     20      2.7e-04 
  -----------------------------
  bbob done (1 of 360 problems benchmarked)
Deleting folder:  exdata/EA_AOS_on_bbob_budget0500xD-014
, Sat Mar 30 09:52:08 2019 (0h00:02 total elapsed time).
