COCO INFO: Results will be output to folder exdata/EA_AOS_on_bbob_budget0500xD-029
after __main__
budget 0.4 0.24 95 DE/current-to-rand/1 500
above main 500
def main 500
Benchmarking solver '<function EA_AOS' with budget=500*dimension on b'bbob' suite, Sat Mar 30 09:57:49 2019
batch_loop 500
Mar30 09h57:50, d=20, running: f015coco_optimiser 10000
inside coco 10000
ea-aos 10000
0.05
1.05
5.8
10.55
24.8
34.3
43.8
48.55
72.3
182.4
376.3
461.8

 237.89234831508566
.(1)  
    done in 3.1e-04 seconds/evaluation
  dimension seconds/evaluations
  -----------------------------
     20      3.1e-04 
  -----------------------------
  bbob done (1 of 360 problems benchmarked)
Deleting folder:  exdata/EA_AOS_on_bbob_budget0500xD-029
, Sat Mar 30 09:57:53 2019 (0h00:02 total elapsed time).
