COCO INFO: Results will be output to folder exdata/EA_AOS_on_bbob_budget0500xD-010
after __main__
budget 0.84 0.18 68 DE/current-to-rand/1 500
above main 500
def main 500
Benchmarking solver '<function EA_AOS' with budget=500*dimension on b'bbob' suite, Sat Mar 30 09:58:02 2019
batch_loop 500
Mar30 09h58:02, d=20, running: f015coco_optimiser 10000
inside coco 10000
ea-aos 10000
0.05
1.05
4.45
11.25
18.05
51.3
84.7
91.5
106.45
120.05
154.7
171.7
219.3
257.85
442.65

 158.38213857345386
.(1)  
    done in 3.3e-04 seconds/evaluation
  dimension seconds/evaluations
  -----------------------------
     20      3.3e-04 
  -----------------------------
  bbob done (1 of 360 problems benchmarked)
Deleting folder:  exdata/EA_AOS_on_bbob_budget0500xD-010
, Sat Mar 30 09:58:05 2019 (0h00:02 total elapsed time).
