COCO INFO: Results will be output to folder exdata/EA_AOS_on_bbob_budget0500xD-025
after __main__
budget 1.12 0.43 124 DE/current-to-rand/1 500
above main 500
def main 500
Benchmarking solver '<function EA_AOS' with budget=500*dimension on b'bbob' suite, Sat Mar 30 09:56:19 2019
batch_loop 500
Mar30 09h56:19, d=20, running: f007coco_optimiser 10000
inside coco 10000
ea-aos 10000
0.05
3.05
34.6
52.8
57.65
268.6
322.45

 322.6908892608464
.(1)  
    done in 3.2e-04 seconds/evaluation
  dimension seconds/evaluations
  -----------------------------
     20      3.2e-04 
  -----------------------------
  bbob done (1 of 360 problems benchmarked)
Deleting folder:  exdata/EA_AOS_on_bbob_budget0500xD-025
, Sat Mar 30 09:56:23 2019 (0h00:02 total elapsed time).
