COCO INFO: Results will be output to folder exdata/EA_AOS_on_bbob_budget0500xD
after __main__
budget 0.6 0.22 52 DE/current-to-rand/1 500
above main 500
def main 500
Benchmarking solver '<function EA_AOS' with budget=500*dimension on b'bbob' suite, Sat Mar 30 09:58:06 2019
batch_loop 500
Mar30 09h58:06, d=20, running: f015coco_optimiser 10000
inside coco 10000
ea-aos 10000
0.05
1.05
8.15
12.25
14.9
15.95
18.6
21.15
45.9
66.55
79.55
95.3
100.5
113.15
123.55
178.5
225.6
450.7
481.75
497.1

 177.65365900869045
.(1)  
    done in 2.3e-04 seconds/evaluation
  dimension seconds/evaluations
  -----------------------------
     20      2.3e-04 
  -----------------------------
  bbob done (1 of 360 problems benchmarked)
Deleting folder:  exdata/EA_AOS_on_bbob_budget0500xD
, Sat Mar 30 09:58:08 2019 (0h00:02 total elapsed time).
