COCO INFO: Results will be output to folder exdata/EA_AOS_on_bbob_budget0500xD-002
after __main__
budget 0.51 0.33 79 DE/current-to-rand/1 500
above main 500
def main 500
Benchmarking solver '<function EA_AOS' with budget=500*dimension on b'bbob' suite, Sat Mar 30 09:56:27 2019
batch_loop 500
Mar30 09h56:27, d=20, running: f007coco_optimiser 10000
inside coco 10000
ea-aos 10000
0.05
3.05
7.0
11.5
27.3
29.0
37.7
42.0
57.75
61.75
89.35
123.75
150.2
161.8
232.75
251.8
267.6
317.2
379.3
425.1

 31.11151257460211
.(1)  
    done in 3.0e-04 seconds/evaluation
  dimension seconds/evaluations
  -----------------------------
     20      3.0e-04 
  -----------------------------
  bbob done (1 of 360 problems benchmarked)
Deleting folder:  exdata/EA_AOS_on_bbob_budget0500xD-002
, Sat Mar 30 09:56:30 2019 (0h00:02 total elapsed time).
