COCO INFO: Results will be output to folder exdata/EA_AOS_on_bbob_budget0500xD-001
after __main__
budget 0.66 0.39 58 DE/current-to-rand/1 500
above main 500
def main 500
Benchmarking solver '<function EA_AOS' with budget=500*dimension on b'bbob' suite, Sat Mar 30 10:01:29 2019
batch_loop 500
Mar30 10h01:29, d=20, running: f003coco_optimiser 10000
inside coco 10000
ea-aos 10000
0.05
2.8
11.45
12.1
16.3
27.9
34.65
37.2
43.0
53.95
56.85
59.75
61.0
70.15
75.95
81.75
102.05
122.35
139.75
161.5
176.0
194.85
200.65
268.2
299.25
322.7
328.5
467.7

 -294.15201094201905
.(1)  
    done in 2.9e-04 seconds/evaluation
  dimension seconds/evaluations
  -----------------------------
     20      2.9e-04 
  -----------------------------
  bbob done (1 of 360 problems benchmarked)
Deleting folder:  exdata/EA_AOS_on_bbob_budget0500xD-001
, Sat Mar 30 10:01:32 2019 (0h00:02 total elapsed time).
