COCO INFO: Results will be output to folder exdata/EA_AOS_on_bbob_budget0500xD-013
after __main__
budget 0.76 0.32 57 DE/current-to-rand/1 500
above main 500
def main 500
Benchmarking solver '<function EA_AOS' with budget=500*dimension on b'bbob' suite, Sat Mar 30 10:02:14 2019
batch_loop 500
Mar30 10h02:15, d=20, running: f022coco_optimiser 10000
inside coco 10000
ea-aos 10000
0.05
0.05
3.9
18.15
32.65
40.4
55.5
73.0
76.4
78.7
82.65
108.3
128.8
147.15
264.55
295.25
315.75
363.35
369.35
394.15
469.9
480.45

 112.20358936432112
.(1)  
    done in 2.7e-04 seconds/evaluation
  dimension seconds/evaluations
  -----------------------------
     20      2.7e-04 
  -----------------------------
  bbob done (1 of 360 problems benchmarked)
Deleting folder:  exdata/EA_AOS_on_bbob_budget0500xD-013
, Sat Mar 30 10:02:17 2019 (0h00:02 total elapsed time).
