COCO INFO: Results will be output to folder exdata/EA_AOS_on_bbob_budget0500xD-024
after __main__
budget 1.26 0.19 87 DE/current-to-rand/1 500
above main 500
def main 500
Benchmarking solver '<function EA_AOS' with budget=500*dimension on b'bbob' suite, Sat Mar 30 10:00:20 2019
batch_loop 500
Mar30 10h00:20, d=20, running: f002coco_optimiser 10000
inside coco 10000
ea-aos 10000
0.05
0.2
8.35
24.4
37.45
44.45
65.35
94.25
122.35
162.2
175.65
217.75
239.5
435.25

 441880.09171997494
.(1)  
    done in 2.6e-04 seconds/evaluation
  dimension seconds/evaluations
  -----------------------------
     20      2.6e-04 
  -----------------------------
  bbob done (1 of 360 problems benchmarked)
Deleting folder:  exdata/EA_AOS_on_bbob_budget0500xD-024
, Sat Mar 30 10:00:23 2019 (0h00:02 total elapsed time).
