COCO INFO: Results will be output to folder exdata/EA_AOS_on_bbob_budget0500xD-019
after __main__
budget 0.67 0.25 90 DE/current-to-rand/1 500
above main 500
def main 500
Benchmarking solver '<function EA_AOS' with budget=500*dimension on b'bbob' suite, Sat Mar 30 10:00:20 2019
batch_loop 500
Mar30 10h00:20, d=20, running: f002coco_optimiser 10000
inside coco 10000
ea-aos 10000
0.05
0.2
8.5
16.8
20.9
43.4
46.25
55.25
59.75
68.75
72.2
98.65
110.05
131.5
143.65
174.75
187.2
191.05
194.15
212.15
222.55
230.15
248.15
258.25
262.75
281.65
341.05
348.85
367.15
389.35
434.65
449.1
496.25

 287887.3852768216
.(1)  
    done in 3.4e-04 seconds/evaluation
  dimension seconds/evaluations
  -----------------------------
     20      3.4e-04 
  -----------------------------
  bbob done (1 of 360 problems benchmarked)
Deleting folder:  exdata/EA_AOS_on_bbob_budget0500xD-019
, Sat Mar 30 10:00:24 2019 (0h00:02 total elapsed time).
