COCO INFO: Results will be output to folder exdata/EA_AOS_on_bbob_budget0500xD-003
after __main__
budget 0.7 0.42 149 DE/current-to-rand/1 500
above main 500
def main 500
Benchmarking solver '<function EA_AOS' with budget=500*dimension on b'bbob' suite, Sat Mar 30 10:01:34 2019
batch_loop 500
Mar30 10h01:34, d=20, running: f003coco_optimiser 10000
inside coco 10000
ea-aos 10000
0.05
7.4
14.85
28.55
50.8
77.7
117.85
124.45
139.15
149.7
157.15
169.15
194.4
282.15
316.0
325.75
348.1
476.7
484.35
495.65

 -281.3119339061574
.(1)  
    done in 2.7e-04 seconds/evaluation
  dimension seconds/evaluations
  -----------------------------
     20      2.7e-04 
  -----------------------------
  bbob done (1 of 360 problems benchmarked)
Deleting folder:  exdata/EA_AOS_on_bbob_budget0500xD-003
, Sat Mar 30 10:01:37 2019 (0h00:02 total elapsed time).
