COCO INFO: Results will be output to folder exdata/EA_AOS_on_bbob_budget0500xD
after __main__
budget 0.45 0.35 60 DE/current-to-rand/1 500
above main 500
def main 500
Benchmarking solver '<function EA_AOS' with budget=500*dimension on b'bbob' suite, Sat Mar 30 10:04:50 2019
batch_loop 500
Mar30 10h04:50, d=20, running: f010coco_optimiser 10000
inside coco 10000
ea-aos 10000
0.05
1.2
4.05
7.05
46.7
63.8
85.2
88.2
100.2
109.2
132.8
136.2
138.8
345.8
375.8

 133804.65351444454
.(1)  
    done in 2.3e-04 seconds/evaluation
  dimension seconds/evaluations
  -----------------------------
     20      2.3e-04 
  -----------------------------
  bbob done (1 of 360 problems benchmarked)
Deleting folder:  exdata/EA_AOS_on_bbob_budget0500xD
, Sat Mar 30 10:04:52 2019 (0h00:02 total elapsed time).
