COCO INFO: Results will be output to folder exdata/EA_AOS_on_bbob_budget0500xD
after __main__
budget 0.76 0.45 50 DE/current-to-rand/1 500
above main 500
def main 500
Benchmarking solver '<function EA_AOS' with budget=500*dimension on b'bbob' suite, Sat Mar 30 10:06:08 2019
batch_loop 500
Mar30 10h06:08, d=20, running: f003coco_optimiser 10000
inside coco 10000
ea-aos 10000
0.05
0.05
8.5
10.05
15.05
20.05
34.4
44.4
49.4
58.65
73.65
82.4
87.05
106.35
129.55
135.85
139.65
170.45
230.45
324.2
449.65
469.65
497.15

 222.2454155537531
.(1)  
    done in 2.4e-04 seconds/evaluation
  dimension seconds/evaluations
  -----------------------------
     20      2.4e-04 
  -----------------------------
  bbob done (1 of 360 problems benchmarked)
Deleting folder:  exdata/EA_AOS_on_bbob_budget0500xD
, Sat Mar 30 10:06:10 2019 (0h00:02 total elapsed time).
