COCO INFO: Results will be output to folder exdata/EA_AOS_on_bbob_budget0500xD-004
after __main__
budget 1.53 0.46 202 DE/current-to-rand/1 500
above main 500
def main 500
Benchmarking solver '<function EA_AOS' with budget=500*dimension on b'bbob' suite, Sat Mar 30 09:33:55 2019
batch_loop 500
Mar30 09h33:55, d=20, running: f011coco_optimiser 10000
inside coco 10000
ea-aos 10000
0.05
3.7
14.5
26.2
33.35

 939.7064682041827
.(1)  
    done in 3.6e-04 seconds/evaluation
  dimension seconds/evaluations
  -----------------------------
     20      3.6e-04 
  -----------------------------
  bbob done (1 of 360 problems benchmarked)
Deleting folder:  exdata/EA_AOS_on_bbob_budget0500xD-004
, Sat Mar 30 09:33:59 2019 (0h00:03 total elapsed time).
