COCO INFO: Results will be output to folder exdata/EA_AOS_on_bbob_budget0500xD-019
after __main__
budget 0.72 0.62 370 DE/rand/1 500
above main 500
def main 500
Benchmarking solver '<function EA_AOS' with budget=500*dimension on b'bbob' suite, Sat Mar 30 01:10:23 2019
batch_loop 500
Mar30 01h10:23, d=20, running: f007coco_optimiser 10000
inside coco 10000
ea-aos 10000
0.05
3.95
25.25
67.75
76.7
127.45
391.85
420.4

 468.8249620038257
.(1)  
    done in 4.3e-04 seconds/evaluation
  dimension seconds/evaluations
  -----------------------------
     20      4.3e-04 
  -----------------------------
  bbob done (1 of 360 problems benchmarked)
Deleting folder:  exdata/EA_AOS_on_bbob_budget0500xD-019
, Sat Mar 30 01:10:28 2019 (0h00:03 total elapsed time).
