COCO INFO: Results will be output to folder exdata/EA_AOS_on_bbob_budget0500xD-008
after __main__
budget 0.47 0.4 281 DE/rand/1 500
above main 500
def main 500
Benchmarking solver '<function EA_AOS' with budget=500*dimension on b'bbob' suite, Sat Mar 30 01:12:19 2019
batch_loop 500
Mar30 01h12:19, d=20, running: f002coco_optimiser 10000
inside coco 10000
ea-aos 10000
0.05
0.35
38.15
61.15
84.05
108.85
122.45
162.75
170.45
183.8
206.55
230.85
251.2
256.45
293.85
304.65
346.8
387.2
422.2
447.45
475.35
479.6

 89739.6842977113
.(1)  
    done in 3.0e-04 seconds/evaluation
  dimension seconds/evaluations
  -----------------------------
     20      3.0e-04 
  -----------------------------
  bbob done (1 of 360 problems benchmarked)
Deleting folder:  exdata/EA_AOS_on_bbob_budget0500xD-008
, Sat Mar 30 01:12:22 2019 (0h00:02 total elapsed time).
