COCO INFO: Results will be output to folder exdata/EA_AOS_on_bbob_budget0500xD-001
after __main__
budget 0.22 0.57 296 DE/rand/1 500
above main 500
def main 500
Benchmarking solver '<function EA_AOS' with budget=500*dimension on b'bbob' suite, Sat Mar 30 01:10:46 2019
batch_loop 500
Mar30 01h10:46, d=20, running: f007coco_optimiser 10000
inside coco 10000
ea-aos 10000
0.05
3.95
15.35
43.95
54.4
94.45
110.4
153.6
204.1
213.4
307.5
316.4
345.45
362.95
381.7
392.15
403.8
479.9

 162.89456830919576
.(1)  
    done in 3.2e-04 seconds/evaluation
  dimension seconds/evaluations
  -----------------------------
     20      3.2e-04 
  -----------------------------
  bbob done (1 of 360 problems benchmarked)
Deleting folder:  exdata/EA_AOS_on_bbob_budget0500xD-001
, Sat Mar 30 01:10:49 2019 (0h00:03 total elapsed time).
