COCO INFO: Results will be output to folder exdata/EA_AOS_on_bbob_budget0500xD-011
after __main__
budget 0.46 0.17 189 DE/rand/1 500
above main 500
def main 500
Benchmarking solver '<function EA_AOS' with budget=500*dimension on b'bbob' suite, Sat Mar 30 01:16:35 2019
batch_loop 500
Mar30 01h16:35, d=20, running: f020coco_optimiser 10000
inside coco 10000
ea-aos 10000
0.05
0.05
29.0
44.9
63.8
82.7
93.05
139.4
143.4
205.55
228.2
279.85
298.75
321.25
349.6
367.65
375.8
440.05
470.3

 -142.42192281021855
.(1)  
    done in 3.1e-04 seconds/evaluation
  dimension seconds/evaluations
  -----------------------------
     20      3.1e-04 
  -----------------------------
  bbob done (1 of 360 problems benchmarked)
Deleting folder:  exdata/EA_AOS_on_bbob_budget0500xD-011
, Sat Mar 30 01:16:38 2019 (0h00:02 total elapsed time).
