COCO INFO: Results will be output to folder exdata/EA_AOS_on_bbob_budget0500xD-028
after __main__
budget 0.2 0.55 317 DE/rand/1 500
above main 500
def main 500
Benchmarking solver '<function EA_AOS' with budget=500*dimension on b'bbob' suite, Sat Mar 30 01:12:45 2019
batch_loop 500
Mar30 01h12:45, d=20, running: f002coco_optimiser 10000
inside coco 10000
ea-aos 10000
0.05
0.35
37.35
52.65
70.45
84.3
100.75
141.0
175.5
199.75
227.75
370.8
406.9
419.95
434.1
450.5

 89516.35225830514
.(1)  
    done in 4.3e-04 seconds/evaluation
  dimension seconds/evaluations
  -----------------------------
     20      4.3e-04 
  -----------------------------
  bbob done (1 of 360 problems benchmarked)
Deleting folder:  exdata/EA_AOS_on_bbob_budget0500xD-028
, Sat Mar 30 01:12:49 2019 (0h00:03 total elapsed time).
