COCO INFO: Results will be output to folder exdata/EA_AOS_on_bbob_budget0500xD-028
after __main__
budget 0.2 0.56 229 DE/rand/1 500
above main 500
def main 500
Benchmarking solver '<function EA_AOS' with budget=500*dimension on b'bbob' suite, Sat Mar 30 01:12:56 2019
batch_loop 500
Mar30 01h12:56, d=20, running: f002coco_optimiser 10000
inside coco 10000
ea-aos 10000
0.05
0.35
30.65
36.8
75.55
137.05
150.55
163.05
176.6
227.55
239.05
243.2
256.45
369.45
385.35
391.5
412.75
425.25
448.15
483.95

 84537.54545235484
.(1)  
    done in 3.6e-04 seconds/evaluation
  dimension seconds/evaluations
  -----------------------------
     20      3.6e-04 
  -----------------------------
  bbob done (1 of 360 problems benchmarked)
Deleting folder:  exdata/EA_AOS_on_bbob_budget0500xD-028
, Sat Mar 30 01:12:59 2019 (0h00:03 total elapsed time).
