COCO INFO: Results will be output to folder exdata/EA_AOS_on_bbob_budget0500xD-009
after __main__
budget 0.47 0.28 112 DE/rand/1 500
above main 500
def main 500
Benchmarking solver '<function EA_AOS' with budget=500*dimension on b'bbob' suite, Sat Mar 30 01:21:30 2019
batch_loop 500
Mar30 01h21:30, d=20, running: f007coco_optimiser 10000
inside coco 10000
ea-aos 10000
0.05
3.95
9.55
14.5
18.95
33.5
55.9
67.1
69.8
78.3
98.05
104.4
126.05
129.9
147.25
195.7
270.2
290.9
295.65
345.7
405.3
459.25
482.55

 122.40959609547319
.(1)  
    done in 3.4e-04 seconds/evaluation
  dimension seconds/evaluations
  -----------------------------
     20      3.4e-04 
  -----------------------------
  bbob done (1 of 360 problems benchmarked)
Deleting folder:  exdata/EA_AOS_on_bbob_budget0500xD-009
, Sat Mar 30 01:21:33 2019 (0h00:02 total elapsed time).
