COCO INFO: Results will be output to folder exdata/EA_AOS_on_bbob_budget0500xD-019
after __main__
budget 0.94 0.3 62 DE/rand/1 500
above main 500
def main 500
Benchmarking solver '<function EA_AOS' with budget=500*dimension on b'bbob' suite, Sat Mar 30 01:22:48 2019
batch_loop 500
Mar30 01h22:48, d=20, running: f020coco_optimiser 10000
inside coco 10000
ea-aos 10000
0.05
0.05
23.4
44.15
50.35
87.55
96.55
103.05
129.15
131.55
133.75
143.05
162.1
174.5
196.2
233.8
253.95
259.4
267.1
295.0
339.35
346.75
351.75
410.65
469.55

 -143.2066282536891
.(1)  
    done in 2.7e-04 seconds/evaluation
  dimension seconds/evaluations
  -----------------------------
     20      2.7e-04 
  -----------------------------
  bbob done (1 of 360 problems benchmarked)
Deleting folder:  exdata/EA_AOS_on_bbob_budget0500xD-019
, Sat Mar 30 01:22:51 2019 (0h00:02 total elapsed time).
