COCO INFO: Results will be output to folder exdata/EA_AOS_on_bbob_budget0500xD-008
after __main__
budget 0.38 0.24 52 DE/rand/1 500
above main 500
def main 500
Benchmarking solver '<function EA_AOS' with budget=500*dimension on b'bbob' suite, Sat Mar 30 01:25:40 2019
batch_loop 500
Mar30 01h25:40, d=20, running: f010coco_optimiser 10000
inside coco 10000
ea-aos 10000
0.05
1.15
5.75
9.35
22.35
28.9
38.7
46.95
62.55
74.7
80.55
81.2
163.95
223.85
494.25

 95451.43355221987
.(1)  
    done in 2.6e-04 seconds/evaluation
  dimension seconds/evaluations
  -----------------------------
     20      2.6e-04 
  -----------------------------
  bbob done (1 of 360 problems benchmarked)
Deleting folder:  exdata/EA_AOS_on_bbob_budget0500xD-008
, Sat Mar 30 01:25:43 2019 (0h00:02 total elapsed time).
