COCO INFO: Results will be output to folder exdata/EA_AOS_on_bbob_budget0500xD-024
after __main__
budget 0.5 0.15 58 DE/rand/1 500
above main 500
def main 500
Benchmarking solver '<function EA_AOS' with budget=500*dimension on b'bbob' suite, Sat Mar 30 01:25:17 2019
batch_loop 500
Mar30 01h25:17, d=20, running: f015coco_optimiser 10000
inside coco 10000
ea-aos 10000
0.05
0.05
7.85
10.15
15.95
33.05
46.4
52.2
55.6
76.55
82.3
84.7
88.95
90.3
111.1
117.45
130.15
134.45
194.25
239.6
253.35
257.0
443.35

 130.04488573173475
.(1)  
    done in 2.3e-04 seconds/evaluation
  dimension seconds/evaluations
  -----------------------------
     20      2.3e-04 
  -----------------------------
  bbob done (1 of 360 problems benchmarked)
Deleting folder:  exdata/EA_AOS_on_bbob_budget0500xD-024
, Sat Mar 30 01:25:19 2019 (0h00:02 total elapsed time).
