COCO INFO: Results will be output to folder exdata/EA_AOS_on_bbob_budget0500xD-008
after __main__
budget 0.75 0.34 65 DE/rand/1 500
above main 500
def main 500
Benchmarking solver '<function EA_AOS' with budget=500*dimension on b'bbob' suite, Sat Mar 30 01:10:00 2019
batch_loop 500
Mar30 01h10:00, d=20, running: f007coco_optimiser 10000
inside coco 10000
ea-aos 10000
0.05
2.15
6.4
38.95
39.2
52.9
103.35
149.2
246.7
284.4
389.7
424.15
466.4

 212.4053378096561
.(1)  
    done in 2.2e-04 seconds/evaluation
  dimension seconds/evaluations
  -----------------------------
     20      2.2e-04 
  -----------------------------
  bbob done (1 of 360 problems benchmarked)
Deleting folder:  exdata/EA_AOS_on_bbob_budget0500xD-008
, Sat Mar 30 01:10:03 2019 (0h00:02 total elapsed time).
