COCO INFO: Results will be output to folder exdata/EA_AOS_on_bbob_budget0500xD
after __main__
budget 0.32 0.22 72 DE/rand/1 500
above main 500
def main 500
Benchmarking solver '<function EA_AOS' with budget=500*dimension on b'bbob' suite, Sat Mar 30 01:20:51 2019
batch_loop 500
Mar30 01h20:51, d=20, running: f001coco_optimiser 10000
inside coco 10000
ea-aos 10000
0.05
0.05
13.95
18.2
21.65
29.95
49.25
52.2
66.6
95.95
104.3
109.25
115.1
115.55
120.55
130.5
134.75
141.15
155.95
170.35
194.9
209.0
230.6
270.95
274.2

 -23.389571840000002
.(1)  
    done in 2.9e-04 seconds/evaluation
  dimension seconds/evaluations
  -----------------------------
     20      2.9e-04 
  -----------------------------
  bbob done (1 of 360 problems benchmarked)
Deleting folder:  exdata/EA_AOS_on_bbob_budget0500xD
, Sat Mar 30 01:20:54 2019 (0h00:02 total elapsed time).
