COCO INFO: Results will be output to folder exdata/EA_AOS_on_bbob_budget0500xD-018
after __main__
budget 0.74 0.17 58 DE/rand/1 500
above main 500
def main 500
Benchmarking solver '<function EA_AOS' with budget=500*dimension on b'bbob' suite, Sat Mar 30 01:23:25 2019
batch_loop 500
Mar30 01h23:25, d=20, running: f020coco_optimiser 10000
inside coco 10000
ea-aos 10000
0.05
0.05
12.25
15.15
18.05
53.85
59.65
69.1
76.9
87.7
113.8
119.75
136.7
149.75
172.35
186.85
204.25
215.85
247.7
250.6
275.95
288.25
310.75
315.05
408.2
438.3

 -143.3338839629484
.(1)  
    done in 3.0e-04 seconds/evaluation
  dimension seconds/evaluations
  -----------------------------
     20      3.0e-04 
  -----------------------------
  bbob done (1 of 360 problems benchmarked)
Deleting folder:  exdata/EA_AOS_on_bbob_budget0500xD-018
, Sat Mar 30 01:23:28 2019 (0h00:02 total elapsed time).
