COCO INFO: Results will be output to folder exdata/EA_AOS_on_bbob_budget0500xD-008
after __main__
budget 0.61 0.27 140 DE/rand/1 500
above main 500
def main 500
Benchmarking solver '<function EA_AOS' with budget=500*dimension on b'bbob' suite, Sat Mar 30 01:22:19 2019
batch_loop 500
Mar30 01h22:19, d=20, running: f007coco_optimiser 10000
inside coco 10000
ea-aos 10000
0.05
3.95
13.75
27.0
32.0
41.75
45.95
66.95
73.8
79.4
86.4
107.4
113.1
134.1
163.4
175.65
224.65
266.75
273.75

 164.09165129435183
.(1)  
    done in 3.3e-04 seconds/evaluation
  dimension seconds/evaluations
  -----------------------------
     20      3.3e-04 
  -----------------------------
  bbob done (1 of 360 problems benchmarked)
Deleting folder:  exdata/EA_AOS_on_bbob_budget0500xD-008
, Sat Mar 30 01:22:23 2019 (0h00:02 total elapsed time).
