COCO INFO: Results will be output to folder exdata/EA_AOS_on_bbob_budget0500xD-018
after __main__
budget 0.53 0.27 144 DE/rand/1 500
above main 500
def main 500
Benchmarking solver '<function EA_AOS' with budget=500*dimension on b'bbob' suite, Sat Mar 30 01:25:05 2019
batch_loop 500
Mar30 01h25:05, d=20, running: f002coco_optimiser 10000
inside coco 10000
ea-aos 10000
0.05
0.35
7.55
79.7
86.9
112.75
126.6
148.2
165.95
218.65
234.8
256.4
261.85
285.2
338.7
375.9
392.0
428.0
434.9
456.5

 83688.899846336
.(1)  
    done in 2.7e-04 seconds/evaluation
  dimension seconds/evaluations
  -----------------------------
     20      2.7e-04 
  -----------------------------
  bbob done (1 of 360 problems benchmarked)
Deleting folder:  exdata/EA_AOS_on_bbob_budget0500xD-018
, Sat Mar 30 01:25:08 2019 (0h00:02 total elapsed time).
