COCO INFO: Results will be output to folder exdata/EA_AOS_on_bbob_budget0500xD-001
after __main__
budget 0.31 0.24 80 DE/rand/1 500
above main 500
def main 500
Benchmarking solver '<function EA_AOS' with budget=500*dimension on b'bbob' suite, Sat Mar 30 01:33:29 2019
batch_loop 500
Mar30 01h33:29, d=20, running: f010coco_optimiser 10000
inside coco 10000
ea-aos 10000
0.05
1.15
26.9
30.85
42.85
47.8
56.75
90.3
99.8
133.25
214.1
223.9
350.1
355.9
431.9

 90629.10622301661
.(1)  
    done in 2.5e-04 seconds/evaluation
  dimension seconds/evaluations
  -----------------------------
     20      2.5e-04 
  -----------------------------
  bbob done (1 of 360 problems benchmarked)
Deleting folder:  exdata/EA_AOS_on_bbob_budget0500xD-001
, Sat Mar 30 01:33:31 2019 (0h00:02 total elapsed time).
