COCO INFO: Results will be output to folder exdata/EA_AOS_on_bbob_budget0500xD
after __main__
budget 0.4 0.25 52 DE/rand/1 500
above main 500
def main 500
Benchmarking solver '<function EA_AOS' with budget=500*dimension on b'bbob' suite, Sat Mar 30 01:33:28 2019
batch_loop 500
Mar30 01h33:29, d=20, running: f010coco_optimiser 10000
inside coco 10000
ea-aos 10000
0.05
1.15
22.35
31.8
101.2
141.85
216.4
238.4
302.2
339.8

 127932.27053558824
.(1)  
    done in 2.8e-04 seconds/evaluation
  dimension seconds/evaluations
  -----------------------------
     20      2.8e-04 
  -----------------------------
  bbob done (1 of 360 problems benchmarked)
Deleting folder:  exdata/EA_AOS_on_bbob_budget0500xD
, Sat Mar 30 01:33:31 2019 (0h00:02 total elapsed time).
