COCO INFO: Results will be output to folder exdata/EA_AOS_on_bbob_budget0500xD-008
after __main__
budget 0.13 0.2 69 DE/rand/1 500
above main 500
def main 500
Benchmarking solver '<function EA_AOS' with budget=500*dimension on b'bbob' suite, Sat Mar 30 01:33:29 2019
batch_loop 500
Mar30 01h33:29, d=20, running: f010coco_optimiser 10000
inside coco 10000
ea-aos 10000
0.05
1.15
21.85
30.6
54.05
56.0
68.2
71.3
78.2
107.85
155.0
156.15
223.8
294.05
365.2
449.4

 69220.55985283839
.(1)  
    done in 3.2e-04 seconds/evaluation
  dimension seconds/evaluations
  -----------------------------
     20      3.2e-04 
  -----------------------------
  bbob done (1 of 360 problems benchmarked)
Deleting folder:  exdata/EA_AOS_on_bbob_budget0500xD-008
, Sat Mar 30 01:33:32 2019 (0h00:03 total elapsed time).
