COCO INFO: Results will be output to folder exdata/EA_AOS_on_bbob_budget0500xD-012
after __main__
budget 0.3 0.14 97 DE/rand/1 500
above main 500
def main 500
Benchmarking solver '<function EA_AOS' with budget=500*dimension on b'bbob' suite, Sat Mar 30 01:31:06 2019
batch_loop 500
Mar30 01h31:06, d=20, running: f015coco_optimiser 10000
inside coco 10000
ea-aos 10000
0.05
0.05
6.7
11.55
19.35
33.9
48.45
51.35
61.6
76.8
84.3
99.8
109.0
158.5
179.35
238.75
247.65
266.0
289.7
395.0
411.7

 142.43986518232072
.(1)  
    done in 3.7e-04 seconds/evaluation
  dimension seconds/evaluations
  -----------------------------
     20      3.7e-04 
  -----------------------------
  bbob done (1 of 360 problems benchmarked)
Deleting folder:  exdata/EA_AOS_on_bbob_budget0500xD-012
, Sat Mar 30 01:31:10 2019 (0h00:03 total elapsed time).
