COCO INFO: Results will be output to folder exdata/EA_AOS_on_bbob_budget0500xD-028
after __main__
budget 0.36 0.19 81 DE/rand/1 500
above main 500
def main 500
Benchmarking solver '<function EA_AOS' with budget=500*dimension on b'bbob' suite, Sat Mar 30 01:28:28 2019
batch_loop 500
Mar30 01h28:28, d=20, running: f007coco_optimiser 10000
inside coco 10000
ea-aos 10000
0.05
3.95
15.85
20.85
24.9
33.0
50.65
63.9
65.4
73.5
90.85
143.5
162.75
198.8
211.95
223.1
278.65
307.2
316.75
335.35
404.35
412.3

 116.01793101976108
.(1)  
    done in 2.6e-04 seconds/evaluation
  dimension seconds/evaluations
  -----------------------------
     20      2.6e-04 
  -----------------------------
  bbob done (1 of 360 problems benchmarked)
Deleting folder:  exdata/EA_AOS_on_bbob_budget0500xD-028
, Sat Mar 30 01:28:31 2019 (0h00:02 total elapsed time).
