COCO INFO: Results will be output to folder exdata/EA_AOS_on_bbob_budget0500xD-020
after __main__
budget 0.28 0.14 69 DE/rand/1 500
above main 500
def main 500
Benchmarking solver '<function EA_AOS' with budget=500*dimension on b'bbob' suite, Sat Mar 30 01:33:29 2019
batch_loop 500
Mar30 01h33:29, d=20, running: f010coco_optimiser 10000
inside coco 10000
ea-aos 10000
0.05
1.15
13.35
95.3
106.75
172.05
242.3
369.95

 66945.48512414291
.(1)  
    done in 3.0e-04 seconds/evaluation
  dimension seconds/evaluations
  -----------------------------
     20      3.0e-04 
  -----------------------------
  bbob done (1 of 360 problems benchmarked)
Deleting folder:  exdata/EA_AOS_on_bbob_budget0500xD-020
, Sat Mar 30 01:33:32 2019 (0h00:02 total elapsed time).
