COCO INFO: Results will be output to folder exdata/EA_AOS_on_bbob_budget0500xD-008
after __main__
budget 0.18 0.22 66 DE/rand/1 500
above main 500
def main 500
Benchmarking solver '<function EA_AOS' with budget=500*dimension on b'bbob' suite, Sat Mar 30 01:31:30 2019
batch_loop 500
Mar30 01h31:30, d=20, running: f015coco_optimiser 10000
inside coco 10000
ea-aos 10000
0.05
0.05
4.4
17.0
41.45
43.4
72.9
79.5
108.35
124.95
193.2

 155.51245425093782
.(1)  
    done in 2.6e-04 seconds/evaluation
  dimension seconds/evaluations
  -----------------------------
     20      2.6e-04 
  -----------------------------
  bbob done (1 of 360 problems benchmarked)
Deleting folder:  exdata/EA_AOS_on_bbob_budget0500xD-008
, Sat Mar 30 01:31:32 2019 (0h00:02 total elapsed time).
