COCO INFO: Results will be output to folder exdata/EA_AOS_on_bbob_budget0500xD-013
after __main__
budget 0.53 0.31 69 DE/rand/1 500
above main 500
def main 500
Benchmarking solver '<function EA_AOS' with budget=500*dimension on b'bbob' suite, Sat Mar 30 01:28:50 2019
batch_loop 500
Mar30 01h28:50, d=20, running: f007coco_optimiser 10000
inside coco 10000
ea-aos 10000
0.05
2.15
4.9
11.8
26.0
41.5
51.85
123.7
182.95
202.7
256.85
309.1
318.95

 145.81649116349112
.(1)  
    done in 2.8e-04 seconds/evaluation
  dimension seconds/evaluations
  -----------------------------
     20      2.8e-04 
  -----------------------------
  bbob done (1 of 360 problems benchmarked)
Deleting folder:  exdata/EA_AOS_on_bbob_budget0500xD-013
, Sat Mar 30 01:28:53 2019 (0h00:02 total elapsed time).
