COCO INFO: Results will be output to folder exdata/EA_AOS_on_bbob_budget0500xD-023
after __main__
budget 0.25 0.24 51 DE/rand/1 500
above main 500
def main 500
Benchmarking solver '<function EA_AOS' with budget=500*dimension on b'bbob' suite, Sat Mar 30 01:31:30 2019
batch_loop 500
Mar30 01h31:31, d=20, running: f015coco_optimiser 10000
inside coco 10000
ea-aos 10000
0.05
0.05
2.6
13.5
16.05
22.35
27.6
29.2
34.9
46.2
49.6
60.3
64.65
76.3
90.4
111.05
177.0
206.4
240.1
267.35
331.1

 127.1319313774504
.(1)  
    done in 2.9e-04 seconds/evaluation
  dimension seconds/evaluations
  -----------------------------
     20      2.9e-04 
  -----------------------------
  bbob done (1 of 360 problems benchmarked)
Deleting folder:  exdata/EA_AOS_on_bbob_budget0500xD-023
, Sat Mar 30 01:31:33 2019 (0h00:02 total elapsed time).
