COCO INFO: Results will be output to folder exdata/EA_AOS_on_bbob_budget0500xD
after __main__
budget 0.3 0.11 62 DE/rand/1 500
above main 500
def main 500
Benchmarking solver '<function EA_AOS' with budget=500*dimension on b'bbob' suite, Sat Mar 30 01:31:49 2019
batch_loop 500
Mar30 01h31:49, d=20, running: f015coco_optimiser 10000
inside coco 10000
ea-aos 10000
0.05
0.05
12.4
16.6
19.7
29.0
32.1
42.7
76.25
86.3
89.4
108.15
119.9
148.3
165.75
170.0
216.0
222.2
225.55
244.4
253.2
406.25

 140.76218309751798
.(1)  
    done in 3.2e-04 seconds/evaluation
  dimension seconds/evaluations
  -----------------------------
     20      3.2e-04 
  -----------------------------
  bbob done (1 of 360 problems benchmarked)
Deleting folder:  exdata/EA_AOS_on_bbob_budget0500xD
, Sat Mar 30 01:31:52 2019 (0h00:02 total elapsed time).
