COCO INFO: Results will be output to folder exdata/EA_AOS_on_bbob_budget0500xD-028
after __main__
budget 0.32 0.2 76 DE/rand/1 500
above main 500
def main 500
Benchmarking solver '<function EA_AOS' with budget=500*dimension on b'bbob' suite, Sat Mar 30 01:31:54 2019
batch_loop 500
Mar30 01h31:54, d=20, running: f015coco_optimiser 10000
inside coco 10000
ea-aos 10000
0.05
0.05
7.25
11.05
30.25
31.9
41.6
43.3
49.2
56.8
98.6
145.55
156.45
259.05

 164.5782649671018
.(1)  
    done in 2.8e-04 seconds/evaluation
  dimension seconds/evaluations
  -----------------------------
     20      2.8e-04 
  -----------------------------
  bbob done (1 of 360 problems benchmarked)
Deleting folder:  exdata/EA_AOS_on_bbob_budget0500xD-028
, Sat Mar 30 01:31:57 2019 (0h00:02 total elapsed time).
