COCO INFO: Results will be output to folder exdata/EA_AOS_on_bbob_budget0500xD
after __main__
budget 0.15 0.27 52 DE/rand/1 500
above main 500
def main 500
Benchmarking solver '<function EA_AOS' with budget=500*dimension on b'bbob' suite, Sat Mar 30 01:40:57 2019
batch_loop 500
Mar30 01h40:57, d=20, running: f007coco_optimiser 10000
inside coco 10000
ea-aos 10000
0.05
1.35
2.7
10.1
13.0
20.8
23.6
31.6
36.35
38.2
43.0
49.6
54.8
140.6
226.35
234.15
241.6
301.4
317.0
330.6
427.05

 37.46968634604936
.(1)  
    done in 2.7e-04 seconds/evaluation
  dimension seconds/evaluations
  -----------------------------
     20      2.7e-04 
  -----------------------------
  bbob done (1 of 360 problems benchmarked)
Deleting folder:  exdata/EA_AOS_on_bbob_budget0500xD
, Sat Mar 30 01:41:00 2019 (0h00:02 total elapsed time).
