COCO INFO: Results will be output to folder exdata/EA_AOS_on_bbob_budget0500xD-016
after __main__
budget 0.44 0.23 58 DE/rand/1 500
above main 500
def main 500
Benchmarking solver '<function EA_AOS' with budget=500*dimension on b'bbob' suite, Sat Mar 30 01:36:35 2019
batch_loop 500
Mar30 01h36:35, d=20, running: f013coco_optimiser 10000
inside coco 10000
ea-aos 10000
0.05
0.5
4.7
17.4
24.9
27.8
29.4
39.75
48.65
51.0
54.95
64.55
67.3
88.55
91.45
97.25
101.15
106.95
115.2
117.1
119.5
128.2
142.7
153.0
155.1
170.6
175.6
181.4
190.95
191.55
201.4
212.5
227.35
229.25
234.05
236.95
238.95
275.85
278.45
294.4
296.25
310.25
314.15
319.45
322.85
354.15
368.1
388.95

 34.60544357767665
.(1)  
    done in 3.0e-04 seconds/evaluation
  dimension seconds/evaluations
  -----------------------------
     20      3.0e-04 
  -----------------------------
  bbob done (1 of 360 problems benchmarked)
Deleting folder:  exdata/EA_AOS_on_bbob_budget0500xD-016
, Sat Mar 30 01:36:38 2019 (0h00:02 total elapsed time).
