COCO INFO: Results will be output to folder exdata/EA_AOS_on_bbob_budget0500xD-011
after __main__
budget 0.25 0.25 74 DE/rand/1 500
above main 500
def main 500
Benchmarking solver '<function EA_AOS' with budget=500*dimension on b'bbob' suite, Sat Mar 30 01:38:08 2019
batch_loop 500
Mar30 01h38:08, d=20, running: f018coco_optimiser 10000
inside coco 10000
ea-aos 10000
0.05
3.45
7.15
21.95
32.85
38.25
55.45
57.45
60.45
74.5
95.45
98.95
101.45
134.75
138.45
148.05
185.05
191.75
259.75
264.4
299.7
333.75
384.05
410.55
448.65

 -7.188556090401546
.(1)  
    done in 3.1e-04 seconds/evaluation
  dimension seconds/evaluations
  -----------------------------
     20      3.1e-04 
  -----------------------------
  bbob done (1 of 360 problems benchmarked)
Deleting folder:  exdata/EA_AOS_on_bbob_budget0500xD-011
, Sat Mar 30 01:38:11 2019 (0h00:02 total elapsed time).
