COCO INFO: Results will be output to folder exdata/EA_AOS_on_bbob_budget0500xD-012
after __main__
budget 0.23 0.18 50 DE/rand/1 500
above main 500
def main 500
Benchmarking solver '<function EA_AOS' with budget=500*dimension on b'bbob' suite, Sat Mar 30 01:39:34 2019
batch_loop 500
Mar30 01h39:34, d=20, running: f015coco_optimiser 10000
inside coco 10000
ea-aos 10000
0.05
0.05
3.6
6.1
9.45
10.05
15.05
24.95
26.1
32.4
32.55
40.8
45.75
54.65
55.85
64.8
89.75
95.9
106.35
116.4
133.65
152.2
402.6

 136.15571024752285
.(1)  
    done in 3.1e-04 seconds/evaluation
  dimension seconds/evaluations
  -----------------------------
     20      3.1e-04 
  -----------------------------
  bbob done (1 of 360 problems benchmarked)
Deleting folder:  exdata/EA_AOS_on_bbob_budget0500xD-012
, Sat Mar 30 01:39:37 2019 (0h00:02 total elapsed time).
