COCO INFO: Results will be output to folder exdata/EA_AOS_on_bbob_budget0500xD-017
after __main__
budget 0.13 0.26 52 DE/rand/1 500
above main 500
def main 500
Benchmarking solver '<function EA_AOS' with budget=500*dimension on b'bbob' suite, Sat Mar 30 01:39:34 2019
batch_loop 500
Mar30 01h39:34, d=20, running: f015coco_optimiser 10000
inside coco 10000
ea-aos 10000
0.05
0.05
4.1
6.65
10.85
15.1
25.5
29.5
31.6
38.75
39.4
47.35
55.15
86.85
105.6
107.95
236.85
384.3
434.35
493.2

 160.86070963667427
.(1)  
    done in 3.1e-04 seconds/evaluation
  dimension seconds/evaluations
  -----------------------------
     20      3.1e-04 
  -----------------------------
  bbob done (1 of 360 problems benchmarked)
Deleting folder:  exdata/EA_AOS_on_bbob_budget0500xD-017
, Sat Mar 30 01:39:37 2019 (0h00:02 total elapsed time).
