COCO INFO: Results will be output to folder exdata/EA_AOS_on_bbob_budget0500xD-022
after __main__
budget 0.19 0.22 50 DE/rand/1 500
above main 500
def main 500
Benchmarking solver '<function EA_AOS' with budget=500*dimension on b'bbob' suite, Sat Mar 30 01:40:50 2019
batch_loop 500
Mar30 01h40:50, d=20, running: f015coco_optimiser 10000
inside coco 10000
ea-aos 10000
0.05
0.05
2.85
5.35
16.0
23.5
32.85
36.0
39.25
41.35
65.35
81.95
88.5
94.45
380.4

 49.40077471925804
.(1)  
    done in 3.5e-04 seconds/evaluation
  dimension seconds/evaluations
  -----------------------------
     20      3.5e-04 
  -----------------------------
  bbob done (1 of 360 problems benchmarked)
Deleting folder:  exdata/EA_AOS_on_bbob_budget0500xD-022
, Sat Mar 30 01:40:53 2019 (0h00:02 total elapsed time).
