COCO INFO: Results will be output to folder exdata/EA_AOS_on_bbob_budget0500xD-008
after __main__
budget 0.28 0.2 86 DE/rand/1 500
above main 500
def main 500
Benchmarking solver '<function EA_AOS' with budget=500*dimension on b'bbob' suite, Sat Mar 30 01:37:10 2019
batch_loop 500
Mar30 01h37:10, d=20, running: f001coco_optimiser 10000
inside coco 10000
ea-aos 10000
0.05
0.05
8.65
36.0
39.2
43.5
56.4
68.35
69.3
73.6
99.4
141.5
145.8
170.15
178.75
193.15
206.0
219.95
231.85
244.75
245.45
253.2
256.25
262.7
288.1
291.55

 -23.389571840000002
.(1)  
    done in 3.1e-04 seconds/evaluation
  dimension seconds/evaluations
  -----------------------------
     20      3.1e-04 
  -----------------------------
  bbob done (1 of 360 problems benchmarked)
Deleting folder:  exdata/EA_AOS_on_bbob_budget0500xD-008
, Sat Mar 30 01:37:13 2019 (0h00:02 total elapsed time).
