COCO INFO: Results will be output to folder exdata/EA_AOS_on_bbob_budget0500xD-020
after __main__
budget 0.25 0.27 74 DE/rand/1 500
above main 500
def main 500
Benchmarking solver '<function EA_AOS' with budget=500*dimension on b'bbob' suite, Sat Mar 30 01:38:19 2019
batch_loop 500
Mar30 01h38:19, d=20, running: f018coco_optimiser 10000
inside coco 10000
ea-aos 10000
0.05
3.45
7.15
11.1
16.0
22.2
27.95
36.55
44.4
55.85
75.75
94.7
123.85
130.0
152.25
192.45
229.75
237.3
280.0
295.85
412.95
414.9
491.0
494.35

 -9.498786576808284
.(1)  
    done in 3.0e-04 seconds/evaluation
  dimension seconds/evaluations
  -----------------------------
     20      3.0e-04 
  -----------------------------
  bbob done (1 of 360 problems benchmarked)
Deleting folder:  exdata/EA_AOS_on_bbob_budget0500xD-020
, Sat Mar 30 01:38:22 2019 (0h00:02 total elapsed time).
