COCO INFO: Results will be output to folder exdata/EA_AOS_on_bbob_budget0500xD-023
after __main__
budget 0.12 0.22 53 DE/rand/1 500
above main 500
def main 500
Benchmarking solver '<function EA_AOS' with budget=500*dimension on b'bbob' suite, Sat Mar 30 01:37:56 2019
batch_loop 500
Mar30 01h37:57, d=20, running: f021coco_optimiser 10000
inside coco 10000
ea-aos 10000
0.05
0.05
4.8
10.2
12.85
50.55
74.4
110.5
121.35
139.05
140.75
149.65
160.25
202.05
211.15
233.35
238.15
244.65
255.8
265.85
335.15
339.05
348.4

 -33.90834994851896
.(1)  
    done in 2.6e-04 seconds/evaluation
  dimension seconds/evaluations
  -----------------------------
     20      2.6e-04 
  -----------------------------
  bbob done (1 of 360 problems benchmarked)
Deleting folder:  exdata/EA_AOS_on_bbob_budget0500xD-023
, Sat Mar 30 01:37:59 2019 (0h00:02 total elapsed time).
