COCO INFO: Results will be output to folder exdata/EA_AOS_on_bbob_budget0500xD-022
after __main__
budget 0.13 0.21 51 DE/rand/1 500
above main 500
def main 500
Benchmarking solver '<function EA_AOS' with budget=500*dimension on b'bbob' suite, Sat Mar 30 01:38:19 2019
batch_loop 500
Mar30 01h38:19, d=20, running: f018coco_optimiser 10000
inside coco 10000
ea-aos 10000
0.05
2.05
3.7
6.25
11.35
20.9
23.75
30.6
31.4
38.75
42.25
45.4
49.25
51.5
165.9
210.5
216.15
292.35
350.05
360.25
429.2

 -8.716372325538805
.(1)  
    done in 3.0e-04 seconds/evaluation
  dimension seconds/evaluations
  -----------------------------
     20      3.0e-04 
  -----------------------------
  bbob done (1 of 360 problems benchmarked)
Deleting folder:  exdata/EA_AOS_on_bbob_budget0500xD-022
, Sat Mar 30 01:38:22 2019 (0h00:02 total elapsed time).
