COCO INFO: Results will be output to folder exdata/EA_AOS_on_bbob_budget0500xD-004
after __main__
budget 0.45 0.49 152 DE/rand/1 500
above main 500
def main 500
Benchmarking solver '<function EA_AOS' with budget=500*dimension on b'bbob' suite, Sat Mar 30 01:16:59 2019
batch_loop 500
Mar30 01h16:59, d=20, running: f020coco_optimiser 10000
inside coco 10000
ea-aos 10000
0.05
0.05
29.7
52.85
54.9
71.0
76.15
97.45
116.05
152.85
168.45
216.7
233.75
241.75
294.8
332.8
421.45
434.9
452.0
485.5

 -142.44803533516068
.(1)  
    done in 3.6e-04 seconds/evaluation
  dimension seconds/evaluations
  -----------------------------
     20      3.6e-04 
  -----------------------------
  bbob done (1 of 360 problems benchmarked)
Deleting folder:  exdata/EA_AOS_on_bbob_budget0500xD-004
, Sat Mar 30 01:17:03 2019 (0h00:02 total elapsed time).
