COCO INFO: Results will be output to folder exdata/EA_AOS_on_bbob_budget0500xD-001
after __main__
budget 0.27 0.23 55 DE/rand/1 500
above main 500
def main 500
Benchmarking solver '<function EA_AOS' with budget=500*dimension on b'bbob' suite, Sat Mar 30 01:43:48 2019
batch_loop 500
Mar30 01h43:49, d=20, running: f018coco_optimiser 10000
inside coco 10000
ea-aos 10000
0.05
2.05
2.85
6.65
10.0
11.1
19.65
27.1
28.1
30.85
38.25
43.8
65.3
68.05
91.15
125.7
229.7
246.2
260.6
268.85
297.25
353.3
408.3

 -10.677130548169211
.(1)  
    done in 2.0e-04 seconds/evaluation
  dimension seconds/evaluations
  -----------------------------
     20      2.0e-04 
  -----------------------------
  bbob done (1 of 360 problems benchmarked)
Deleting folder:  exdata/EA_AOS_on_bbob_budget0500xD-001
, Sat Mar 30 01:43:50 2019 (0h00:01 total elapsed time).
