COCO INFO: Results will be output to folder exdata/EA_AOS_on_bbob_budget0500xD-002
after __main__
budget 0.65 0.43 102 DE/rand/2 500
above main 500
def main 500
Benchmarking solver '<function EA_AOS' with budget=500*dimension on b'bbob' suite, Sat Mar 30 11:35:32 2019
batch_loop 500
Mar30 11h35:32, d=20, running: f014coco_optimiser 10000
inside coco 10000
ea-aos 10000
0.05
3.55
57.70887752887003
5.55
47.186877986526056
19.65
45.89287296745375
42.0
39.63958724420096
47.3
35.398944115561136
77.9
30.11540180475714
304.95
27.44959590160935
437.65
23.03678077066517

 30.67678077066517
.(1)  
    done in 3.2e-04 seconds/evaluation
  dimension seconds/evaluations
  -----------------------------
     20      3.2e-04 
  -----------------------------
  bbob done (1 of 360 problems benchmarked)
Deleting folder:  exdata/EA_AOS_on_bbob_budget0500xD-002
, Sat Mar 30 11:35:35 2019 (0h00:02 total elapsed time).
