COCO INFO: Results will be output to folder exdata/EA_AOS_on_bbob_budget0500xD-018
after __main__
budget 1.01 0.58 247 DE/rand/2 500
above main 500
def main 500
Benchmarking solver '<function EA_AOS' with budget=500*dimension on b'bbob' suite, Sat Mar 30 11:40:10 2019
batch_loop 500
Mar30 11h40:10, d=20, running: f018coco_optimiser 10000
inside coco 10000
ea-aos 10000
0.05
0.1
107.85
81.12042605750787
264.25
78.37108810395921

 351.5210881039592
.(1)  
    done in 4.8e-04 seconds/evaluation
  dimension seconds/evaluations
  -----------------------------
     20      4.8e-04 
  -----------------------------
  bbob done (1 of 360 problems benchmarked)
Deleting folder:  exdata/EA_AOS_on_bbob_budget0500xD-018
, Sat Mar 30 11:40:14 2019 (0h00:02 total elapsed time).
