COCO INFO: Results will be output to folder exdata/EA_AOS_on_bbob_budget0500xD-008
after __main__
budget 1.94 0.28 176 DE/rand/2 500
above main 500
def main 500
Benchmarking solver '<function EA_AOS' with budget=500*dimension on b'bbob' suite, Sat Mar 30 11:45:34 2019
batch_loop 500
Mar30 11h45:34, d=20, running: f022coco_optimiser 10000
inside coco 10000
ea-aos 10000
0.05
2.85
79.07188394434645
66.45
73.89740888654514

 173.69740888654513
.(1)  
    done in 4.5e-04 seconds/evaluation
  dimension seconds/evaluations
  -----------------------------
     20      4.5e-04 
  -----------------------------
  bbob done (1 of 360 problems benchmarked)
Deleting folder:  exdata/EA_AOS_on_bbob_budget0500xD-008
, Sat Mar 30 11:45:38 2019 (0h00:02 total elapsed time).
