COCO INFO: Results will be output to folder exdata/EA_AOS_on_bbob_budget0500xD-018
after __main__
budget 0.65 0.5 285 DE/rand/2 500
above main 500
def main 500
Benchmarking solver '<function EA_AOS' with budget=500*dimension on b'bbob' suite, Sat Mar 30 11:47:06 2019
batch_loop 500
Mar30 11h47:06, d=20, running: f022coco_optimiser 10000
inside coco 10000
ea-aos 10000
0.05
11.35
73.12026698384857
236.75
72.38292364298975
310.0
69.90225747017105

 169.70225747017105
.(1)  
    done in 5.2e-04 seconds/evaluation
  dimension seconds/evaluations
  -----------------------------
     20      5.2e-04 
  -----------------------------
  bbob done (1 of 360 problems benchmarked)
Deleting folder:  exdata/EA_AOS_on_bbob_budget0500xD-018
, Sat Mar 30 11:47:11 2019 (0h00:03 total elapsed time).
