COCO INFO: Results will be output to folder exdata/EA_AOS_on_bbob_budget0500xD-017
after __main__
budget 0.49 0.17 237 DE/rand/2 500
above main 500
def main 500
Benchmarking solver '<function EA_AOS' with budget=500*dimension on b'bbob' suite, Sat Mar 30 11:40:34 2019
batch_loop 500
Mar30 11h40:34, d=20, running: f018coco_optimiser 10000
inside coco 10000
ea-aos 10000
0.05
0.1
20.6
71.84491333026853
42.35
66.72631918751404
61.6
62.929151697685654
91.15
58.41377583218252
125.3
51.270453984382584
138.55
48.452565584368415
165.25
45.71403123177748
174.1
33.97950195539772
304.9
32.1471633087624
334.25
31.55469823238485
369.05
29.486246504062535
398.85
28.03640965137612
446.25
26.425116667631585
489.1
24.454816358338746

 297.6048163583387
.(1)  
    done in 5.0e-04 seconds/evaluation
  dimension seconds/evaluations
  -----------------------------
     20      5.0e-04 
  -----------------------------
  bbob done (1 of 360 problems benchmarked)
Deleting folder:  exdata/EA_AOS_on_bbob_budget0500xD-017
, Sat Mar 30 11:40:39 2019 (0h00:03 total elapsed time).
