COCO INFO: Results will be output to folder exdata/EA_AOS_on_bbob_budget0500xD-015
after __main__
budget 0.27 0.34 69 DE/rand/2 500
above main 500
def main 500
Benchmarking solver '<function EA_AOS' with budget=500*dimension on b'bbob' suite, Sat Mar 30 11:47:27 2019
batch_loop 500
Mar30 11h47:27, d=20, running: f022coco_optimiser 10000
inside coco 10000
ea-aos 10000
0.05
2.85
79.07188394434645
10.1
77.69306527345744
13.45
75.86925914962866
17.7
72.88450566594385
32.1
67.74535674983254
44.3
61.4483798291521
61.65
51.68305838053543
89.25
34.80482436321064
96.15
30.957056492285048
101.85
30.726092996555153
120.3
26.608495149936815
134.1
24.251566814012364
135.5
20.797607641327716
175.95
18.017443600582453
200.1
14.693408042293242
221.9
13.121062224896164
292.8
12.453377377086639
299.7
10.84916744113417
328.85
10.529861515850556
332.95
10.179019545991451
341.5
8.883338993664708
355.3
8.606805174343847
450.4
8.438605222368835

 108.23860522236883
.(1)  
    done in 3.7e-04 seconds/evaluation
  dimension seconds/evaluations
  -----------------------------
     20      3.7e-04 
  -----------------------------
  bbob done (1 of 360 problems benchmarked)
Deleting folder:  exdata/EA_AOS_on_bbob_budget0500xD-015
, Sat Mar 30 11:47:31 2019 (0h00:02 total elapsed time).
