COCO INFO: Results will be output to folder exdata/EA_AOS_on_bbob_budget0500xD-021
after __main__
budget 0.55 0.86 282 DE/rand/2 500
above main 500
def main 500
Benchmarking solver '<function EA_AOS' with budget=500*dimension on b'bbob' suite, Sat Mar 30 11:41:17 2019
batch_loop 500
Mar30 11h41:17, d=20, running: f018coco_optimiser 10000
inside coco 10000
ea-aos 10000
0.05
12.4
83.74847792900948
40.2
68.34588462288593
148.25
65.19065272397813
211.75
62.670632612398265
293.75
60.885285952293714
443.1
56.56201053721861
493.2
46.2786249622024

 319.4286249622024
.(1)  
    done in 3.6e-04 seconds/evaluation
  dimension seconds/evaluations
  -----------------------------
     20      3.6e-04 
  -----------------------------
  bbob done (1 of 360 problems benchmarked)
Deleting folder:  exdata/EA_AOS_on_bbob_budget0500xD-021
, Sat Mar 30 11:41:20 2019 (0h00:03 total elapsed time).
