COCO INFO: Results will be output to folder exdata/EA_AOS_on_bbob_budget0500xD-025
after __main__
budget 0.55 0.86 282 DE/rand/2 500
above main 500
def main 500
Benchmarking solver '<function EA_AOS' with budget=500*dimension on b'bbob' suite, Sat Mar 30 11:37:50 2019
batch_loop 500
Mar30 11h37:50, d=20, running: f014coco_optimiser 10000
inside coco 10000
ea-aos 10000
0.05
3.55
57.70887752887003
42.75
39.42448219942048
194.45
32.406495320621

 40.046495320621
.(1)  
    done in 3.8e-04 seconds/evaluation
  dimension seconds/evaluations
  -----------------------------
     20      3.8e-04 
  -----------------------------
  bbob done (1 of 360 problems benchmarked)
Deleting folder:  exdata/EA_AOS_on_bbob_budget0500xD-025
, Sat Mar 30 11:37:54 2019 (0h00:03 total elapsed time).
