COCO INFO: Results will be output to folder exdata/EA_AOS_on_bbob_budget0500xD-001
after __main__
budget 1.87 0.17 102 DE/rand/2 500
above main 500
def main 500
Benchmarking solver '<function EA_AOS' with budget=500*dimension on b'bbob' suite, Sat Mar 30 11:51:31 2019
batch_loop 500
Mar30 11h51:31, d=20, running: f003coco_optimiser 10000
inside coco 10000
ea-aos 10000
0.05
3.7
632.2078248121554
14.8
551.0413297951211
304.6
511.91015738188366

 49.82015738188369
.(1)  
    done in 2.7e-04 seconds/evaluation
  dimension seconds/evaluations
  -----------------------------
     20      2.7e-04 
  -----------------------------
  bbob done (1 of 360 problems benchmarked)
Deleting folder:  exdata/EA_AOS_on_bbob_budget0500xD-001
, Sat Mar 30 11:51:34 2019 (0h00:02 total elapsed time).
