COCO INFO: Results will be output to folder exdata/EA_AOS_on_bbob_budget0500xD-002
after __main__
budget 1.87 0.17 102 DE/rand/2 500
above main 500
def main 500
Benchmarking solver '<function EA_AOS' with budget=500*dimension on b'bbob' suite, Sat Mar 30 11:48:30 2019
batch_loop 500
Mar30 11h48:30, d=20, running: f022coco_optimiser 10000
inside coco 10000
ea-aos 10000
0.05
2.85
79.07188394434645
48.75
69.58649542307104

 169.38649542307104
.(1)  
    done in 4.0e-04 seconds/evaluation
  dimension seconds/evaluations
  -----------------------------
     20      4.0e-04 
  -----------------------------
  bbob done (1 of 360 problems benchmarked)
Deleting folder:  exdata/EA_AOS_on_bbob_budget0500xD-002
, Sat Mar 30 11:48:34 2019 (0h00:03 total elapsed time).
