COCO INFO: Results will be output to folder exdata/EA_AOS_on_bbob_budget0500xD-009
after __main__
budget 0.32 0.28 172 DE/rand/2 500
above main 500
def main 500
Benchmarking solver '<function EA_AOS' with budget=500*dimension on b'bbob' suite, Sat Mar 30 11:52:08 2019
batch_loop 500
Mar30 11h52:08, d=20, running: f004coco_optimiser 10000
inside coco 10000
ea-aos 10000
0.05
0.05
20.55
634.9532944589205
56.1
454.78235729982134
64.7
452.73296186979957
73.3
391.05291152909854
159.3
376.3341213214573
169.8
369.4527803468016
173.0
362.43134068701124
181.6
343.65451317354234
195.6
313.1547767170275
264.4
308.36670341880904
273.0
295.499503105235
296.2
288.7775698307526
318.75
266.34549439350917
327.35
266.0219942530786
344.55
256.81396270320846
442.35
254.94672874122614
447.6
252.7004054813429
462.45
248.96779287341712
469.4
233.24298854114522
478.0
228.72816411140406

 189.42816411140404
.(1)  
    done in 3.2e-04 seconds/evaluation
  dimension seconds/evaluations
  -----------------------------
     20      3.2e-04 
  -----------------------------
  bbob done (1 of 360 problems benchmarked)
Deleting folder:  exdata/EA_AOS_on_bbob_budget0500xD-009
, Sat Mar 30 11:52:11 2019 (0h00:02 total elapsed time).
