COCO INFO: Results will be output to folder exdata/EA_AOS_on_bbob_budget0500xD-015
after __main__
budget 0.25 0.91 57 DE/rand/2 500
above main 500
def main 500
Benchmarking solver '<function EA_AOS' with budget=500*dimension on b'bbob' suite, Sat Mar 30 12:00:14 2019
batch_loop 500
Mar30 12h00:14, d=20, running: f022coco_optimiser 10000
inside coco 10000
ea-aos 10000
0.05
2.85
79.07188394434645
6.3
78.8902771058571
11.45
72.37320152677462
23.2
69.37386888070763
35.2
68.14772791688098
37.3
63.72245325640357
49.95
63.343087539943284
68.1
59.529146039155066
72.4
58.57548541022295
80.7
57.10013249802405
84.35
55.25037531748272
95.05
51.29061411714473
138.25
50.93210951379395
141.45
47.24858731429906
163.0
41.951896201286345
170.55
40.679585352494044
184.65
35.08678907918441
321.5
33.93199488573573
325.05
32.866102439589795
357.85
32.84236750123695
362.05
32.761551884719054
379.25
32.47912207788046
382.55
29.94627602077388
402.5
29.43059550331479
448.1
26.973654108295108
496.65
26.741953018535014

 126.54195301853501
.(1)  
    done in 3.8e-04 seconds/evaluation
  dimension seconds/evaluations
  -----------------------------
     20      3.8e-04 
  -----------------------------
  bbob done (1 of 360 problems benchmarked)
Deleting folder:  exdata/EA_AOS_on_bbob_budget0500xD-015
, Sat Mar 30 12:00:17 2019 (0h00:02 total elapsed time).
