COCO INFO: Results will be output to folder exdata/EA_AOS_on_bbob_budget0500xD-002
after __main__
budget 0.24 0.21 61 DE/rand/2 500
above main 500
def main 500
Benchmarking solver '<function EA_AOS' with budget=500*dimension on b'bbob' suite, Sat Mar 30 11:57:42 2019
batch_loop 500
Mar30 11h57:42, d=20, running: f004coco_optimiser 10000
inside coco 10000
ea-aos 10000
0.05
0.05
10.25
725.2871803394793
13.3
659.0709916533406
19.4
587.3247059561941
25.5
554.3290831073157
29.8
480.7342966243983
35.9
467.27454173612034
37.25
450.262398893111
43.6
421.87120272878497
46.65
395.82755256224493
51.15
395.69873338633704
52.95
390.6183732980688
58.85
378.53961312709595
63.45
358.9049353217674
72.6
311.39411429565246
90.9
302.85744324201994
106.15
297.9075413387992
116.9
289.43905510670766
122.9
287.01554821265944
129.0
276.55179244834824
138.05
259.51050190395176
145.7
255.46006405014458
152.8
249.06763290928234
157.9
247.6581574335092
158.9
240.65204216899326
187.95
231.20994119009532
192.95
229.82349693604084
204.35
226.54592546422685
213.45
219.1285164186953
216.1
216.3987973288243
221.75
205.80778830273704
238.55
203.07409509652717
248.1
200.65025730946246
263.85
199.94632858444004
272.05
198.3140890214719
310.4
197.84756374349342

 158.5475637434934
.(1)  
    done in 3.6e-04 seconds/evaluation
  dimension seconds/evaluations
  -----------------------------
     20      3.6e-04 
  -----------------------------
  bbob done (1 of 360 problems benchmarked)
Deleting folder:  exdata/EA_AOS_on_bbob_budget0500xD-002
, Sat Mar 30 11:57:45 2019 (0h00:02 total elapsed time).
