COCO INFO: Results will be output to folder exdata/EA_AOS_on_bbob_budget0500xD-007
after __main__
budget 0.24 0.31 100 DE/rand/2 500
above main 500
def main 500
Benchmarking solver '<function EA_AOS' with budget=500*dimension on b'bbob' suite, Sat Mar 30 12:00:13 2019
batch_loop 500
Mar30 12h00:13, d=20, running: f022coco_optimiser 10000
inside coco 10000
ea-aos 10000
0.05
2.85
79.07188394434645
8.55
76.9470893599081
13.2
71.82000761762073
16.2
71.44399636535304
24.85
65.3928132141365
44.85
64.06872849215152
73.85
61.06790958502732
77.1
60.66995767152942
84.95
50.49374914147627
129.55
46.71590360181172
146.4
38.69260953318836
172.1
37.893735695669264
181.4
33.14651041663963
210.2
31.463746952877713
215.6
24.96048926896681
230.55
23.641570776309308
242.45
22.929776497226428
257.55
22.01700526272444
269.7
21.91830069652174
271.1
20.63018542190939
276.1
18.265034471744443
286.1
11.793567326864334
414.1
11.159041494573259
433.7
10.622356303050864
465.4
10.554261752623901
496.6
10.49595573305561

 110.2959557330556
.(1)  
    done in 3.3e-04 seconds/evaluation
  dimension seconds/evaluations
  -----------------------------
     20      3.3e-04 
  -----------------------------
  bbob done (1 of 360 problems benchmarked)
Deleting folder:  exdata/EA_AOS_on_bbob_budget0500xD-007
, Sat Mar 30 12:00:16 2019 (0h00:02 total elapsed time).
