COCO INFO: Results will be output to folder exdata/EA_AOS_on_bbob_budget0500xD-013
after __main__
budget 0.18 0.32 100 DE/rand/2 500
above main 500
def main 500
Benchmarking solver '<function EA_AOS' with budget=500*dimension on b'bbob' suite, Sat Mar 30 11:58:05 2019
batch_loop 500
Mar30 11h58:05, d=20, running: f004coco_optimiser 10000
inside coco 10000
ea-aos 10000
0.05
0.05
16.1
654.2100758678212
29.5
546.0841672637226
44.8
541.2269217721213
49.0
471.7122608446608
54.05
377.9480450934195
73.15
377.12242911725394
75.25
362.877771753343
86.6
354.87719098643646
100.75
347.161583405167
105.75
343.67101850002837
112.7
341.9442357961267
115.75
332.3234290098043
124.05
308.71970736058745
156.45
303.6681150495656
164.4
296.98277723519186
173.35
284.50535385856983
179.4
249.35995554502472
242.4
247.69218191507832
249.35
232.83347842525177
253.6
227.500668566968
259.35
225.84586559863192
286.75
218.45620806951325
291.75
217.9896827915348
298.5
215.48517332868892
318.5
208.86016763314672
350.75
205.8767886624962
374.25
204.93909471701403
385.75
204.24454909952806
392.7
203.93814529272493
403.35
200.65025730946246
407.0
198.3140890214719
459.4
197.84756374349342

 158.5475637434934
.(1)  
    done in 3.6e-04 seconds/evaluation
  dimension seconds/evaluations
  -----------------------------
     20      3.6e-04 
  -----------------------------
  bbob done (1 of 360 problems benchmarked)
Deleting folder:  exdata/EA_AOS_on_bbob_budget0500xD-013
, Sat Mar 30 11:58:08 2019 (0h00:02 total elapsed time).
