COCO INFO: Results will be output to folder exdata/EA_AOS_on_bbob_budget0500xD-017
after __main__
budget 0.25 0.22 92 DE/rand/2 500
above main 500
def main 500
Benchmarking solver '<function EA_AOS' with budget=500*dimension on b'bbob' suite, Sat Mar 30 12:00:35 2019
batch_loop 500
Mar30 12h00:35, d=20, running: f022coco_optimiser 10000
inside coco 10000
ea-aos 10000
0.05
2.85
79.07188394434645
4.65
76.10816914315872
16.4
73.59369198197108
21.25
73.10487638666673
29.85
69.99103410859071
48.25
67.25910313535634
52.85
65.07932075490588
95.55
63.83773931981058
101.0
62.08210365518748
115.95
60.87871769115246
121.85
56.41090764376007
126.85
52.76248638226714
129.3
47.44343354714839
156.95
29.385696807501958
193.75
28.26489459326625
210.85
27.467190301197917
222.4
23.350572586656
236.55
23.138189864822223
240.8
15.36390708116383
289.9
14.716807766956563
299.95
14.616639207835433
326.7
14.480842423663816
335.9
13.044485261822459
360.95
12.799037429579187
386.95
11.660908392837328
419.15
11.562420783488562
438.5
11.352682280150546
474.75
11.21452921920337
492.85
11.017127459025147

 110.81712745902514
.(1)  
    done in 3.5e-04 seconds/evaluation
  dimension seconds/evaluations
  -----------------------------
     20      3.5e-04 
  -----------------------------
  bbob done (1 of 360 problems benchmarked)
Deleting folder:  exdata/EA_AOS_on_bbob_budget0500xD-017
, Sat Mar 30 12:00:39 2019 (0h00:02 total elapsed time).
