COCO INFO: Results will be output to folder exdata/EA_AOS_on_bbob_budget0500xD-021
after __main__
budget 0.11 0.26 67 DE/rand/2 500
above main 500
def main 500
Benchmarking solver '<function EA_AOS' with budget=500*dimension on b'bbob' suite, Sat Mar 30 12:00:36 2019
batch_loop 500
Mar30 12h00:36, d=20, running: f022coco_optimiser 10000
inside coco 10000
ea-aos 10000
0.05
2.85
79.07188394434645
6.2
75.94790910584182
13.65
72.03397519365394
26.0
70.44018843919481
29.35
69.85734974524432
39.9
61.59061126995097
59.35
60.7837716397088
62.05
60.67580494240944
65.4
55.52928083057323
70.45
42.30176010397186
83.85
39.1604292626274
103.7
36.057409665402034
105.7
29.657403415422877
112.95
29.47103350977666
117.35
28.86139657511562
123.25
28.708064566091437
124.7
28.484987317776373
132.5
26.208499239110168
135.85
23.62996017660801
153.75
20.62224108084463
180.05
19.806179147917433
190.6
19.3063508828905
204.0
17.622536308288574
214.8
16.730975199832457
234.85
16.33461767578416
241.6
13.253719991686879
261.7
11.255339542581524
293.85
11.176294010913495
333.0
11.109016164344638
343.05
10.046089076835202
352.4
9.518035612254849
381.75
9.30587172449627
391.15
8.683046526375861
397.85
8.611018293118121
456.95
8.495743652939069
480.95
8.485222006437183
491.25
8.438605222368835

 108.23860522236883
.(1)  
    done in 4.9e-04 seconds/evaluation
  dimension seconds/evaluations
  -----------------------------
     20      4.9e-04 
  -----------------------------
  bbob done (1 of 360 problems benchmarked)
Deleting folder:  exdata/EA_AOS_on_bbob_budget0500xD-021
, Sat Mar 30 12:00:41 2019 (0h00:02 total elapsed time).
