COCO INFO: Results will be output to folder exdata/EA_AOS_on_bbob_budget0500xD-012
after __main__
budget 0.11 0.26 67 DE/rand/2 500
above main 500
def main 500
Benchmarking solver '<function EA_AOS' with budget=500*dimension on b'bbob' suite, Sat Mar 30 12:04:33 2019
batch_loop 500
Mar30 12h04:33, d=20, running: f014coco_optimiser 10000
inside coco 10000
ea-aos 10000
0.05
2.05
71.85823910900007
5.4
53.96601294988781
9.3
51.06027188607728
17.05
35.06379990718769
25.0
23.5210669627763
36.2
18.43332940722446
39.55
17.971498452567264
40.4
15.937271199497197
50.25
13.183510957313928
60.3
11.404993476674711
89.65
10.921339908111644
92.9
10.802678435967401
93.9
9.627842705308499
97.25
8.730991718563857
134.05
7.945670470879603
145.3
7.287078810112718
150.65
7.142171524732427
164.55
6.464532667228828
168.75
5.9601127773532125
178.55
4.8248901372301605
225.95
4.5459789857142345
261.85
4.5322590364884165
265.0
4.528791007095603
275.25
4.319577584986274
281.4
4.071009187058221
287.65
4.040263801527948
288.65
3.7050446506923054
292.0
3.661256973429457
347.15
3.302218778679653
396.5
3.2877300734245134
403.55
3.282519227934139
419.55
3.037886349745169
422.9
3.0315409214476334
430.7
3.0307189923562836
438.35
3.0231958236783862
449.1
2.912741684683149
454.7
2.8515886863298308

 10.49158868632983
.(1)  
    done in 2.9e-04 seconds/evaluation
  dimension seconds/evaluations
  -----------------------------
     20      2.9e-04 
  -----------------------------
  bbob done (1 of 360 problems benchmarked)
Deleting folder:  exdata/EA_AOS_on_bbob_budget0500xD-012
, Sat Mar 30 12:04:35 2019 (0h00:02 total elapsed time).
