COCO INFO: Results will be output to folder exdata/EA_AOS_on_bbob_budget0500xD-018
after __main__
budget 0.47 0.81 85 DE/rand/2 500
above main 500
def main 500
Benchmarking solver '<function EA_AOS' with budget=500*dimension on b'bbob' suite, Sat Mar 30 12:02:54 2019
batch_loop 500
Mar30 12h02:54, d=20, running: f001coco_optimiser 10000
inside coco 10000
ea-aos 10000
0.05
0.05
35.55
60.04922816
70.0
43.28282816
80.55
39.74522816
89.3
25.620428159999996
126.2
15.332428160000001
141.65
12.476428160000005
204.5
10.540428160000003
226.95
10.22682816
252.0
7.817228160000003
384.65
7.686028159999999
393.85
7.124428160000001
406.1
6.761228160000002
441.15
6.25882816
446.95
5.830028160000001
495.7
5.5372281600000015

 -19.71277184
.(1)  
    done in 3.4e-04 seconds/evaluation
  dimension seconds/evaluations
  -----------------------------
     20      3.4e-04 
  -----------------------------
  bbob done (1 of 360 problems benchmarked)
Deleting folder:  exdata/EA_AOS_on_bbob_budget0500xD-018
, Sat Mar 30 12:02:58 2019 (0h00:02 total elapsed time).
