COCO INFO: Results will be output to folder exdata/EA_AOS_on_bbob_budget0500xD-025
after __main__
budget 0.38 0.38 79 DE/rand/2 500
above main 500
def main 500
Benchmarking solver '<function EA_AOS' with budget=500*dimension on b'bbob' suite, Sat Mar 30 11:58:06 2019
batch_loop 500
Mar30 11h58:06, d=20, running: f004coco_optimiser 10000
inside coco 10000
ea-aos 10000
0.05
0.05
29.95
723.5709935252088
31.85
566.0359718097961
51.6
556.0523257278257
56.95
518.5374795449534
64.05
445.96012161314104
67.2
439.1302472226297
77.4
438.157929674716
82.7
433.5957319630995
94.7
399.45458072303813
98.5
383.4604682802118
101.0
358.4301155482127
120.25
351.416724111235
128.2
322.74344626252724
146.2
280.6436236012435
190.35
276.1832613306017
194.3
272.25491394675413
215.95
254.15552638398907
236.0
254.07662528210864
267.1
233.51524913887187
301.1
229.10543762936481
323.2
225.06458483138232
337.15
221.34742429047492
347.0
218.5591951837742
353.9
218.41842613289873
357.4
218.12585062929145
375.8
207.9065531436837
400.95
205.39057082538284
411.45
204.6852165423075
418.45
200.65025730946246
419.35
198.3140890214719

 159.01408902147188
.(1)  
    done in 3.0e-04 seconds/evaluation
  dimension seconds/evaluations
  -----------------------------
     20      3.0e-04 
  -----------------------------
  bbob done (1 of 360 problems benchmarked)
Deleting folder:  exdata/EA_AOS_on_bbob_budget0500xD-025
, Sat Mar 30 11:58:09 2019 (0h00:02 total elapsed time).
