COCO INFO: Results will be output to folder exdata/EA_AOS_on_bbob_budget0500xD-002
after __main__
budget 0.5 0.36 117 DE/rand/2 500
above main 500
def main 500
Benchmarking solver '<function EA_AOS' with budget=500*dimension on b'bbob' suite, Sat Mar 30 12:03:05 2019
batch_loop 500
Mar30 12h03:05, d=20, running: f001coco_optimiser 10000
inside coco 10000
ea-aos 10000
0.05
0.05
24.45
57.99482816
31.15
50.884428160000006
37.0
47.879628159999996
75.9
39.300428159999996
118.75
38.306828159999995
145.95
38.23962816
150.55
34.79802816
169.05
32.64922816000001
179.8
30.68922816
182.85
22.823628160000005
197.35
22.550028160000004
200.4
21.775628160000004
214.75
19.48922816
219.95
17.52602816
223.65
16.980428160000002
246.95
16.28602816
257.2
12.825228160000002
276.2
9.159628159999997
334.7
7.406028159999998
397.65
6.444428160000001
415.55
5.382028159999997
421.45
4.943628160000003
456.5
4.628428160000002
478.15
3.84282816

 -21.40717184
.(1)  
    done in 2.9e-04 seconds/evaluation
  dimension seconds/evaluations
  -----------------------------
     20      2.9e-04 
  -----------------------------
  bbob done (1 of 360 problems benchmarked)
Deleting folder:  exdata/EA_AOS_on_bbob_budget0500xD-002
, Sat Mar 30 12:03:08 2019 (0h00:02 total elapsed time).
