COCO INFO: Results will be output to folder exdata/EA_AOS_on_bbob_budget0500xD
after __main__
budget 0.19 0.79 70 DE/rand/2 500
above main 500
def main 500
Benchmarking solver '<function EA_AOS' with budget=500*dimension on b'bbob' suite, Sat Mar 30 11:55:43 2019
batch_loop 500
Mar30 11h55:43, d=20, running: f018coco_optimiser 10000
inside coco 10000
ea-aos 10000
0.05
0.1
3.9
64.63435855404265
16.45
55.97392522181627
25.65
32.20573981328454
42.45
30.973878939124802
46.3
27.508178705049488
78.7
17.663638966714075
139.2
16.318179645323823
206.7
14.507136206950179
219.9
13.79230420101328
262.2
13.125022810272185
266.55
12.614790997384944
324.9
12.254858973176624
355.2
12.067511972730301
381.6
12.023290758558971
389.55
10.694254839855887

 283.84425483985586
.(1)  
    done in 3.3e-04 seconds/evaluation
  dimension seconds/evaluations
  -----------------------------
     20      3.3e-04 
  -----------------------------
  bbob done (1 of 360 problems benchmarked)
Deleting folder:  exdata/EA_AOS_on_bbob_budget0500xD
, Sat Mar 30 11:55:46 2019 (0h00:03 total elapsed time).
