COCO INFO: Results will be output to folder exdata/EA_AOS_on_bbob_budget0500xD-001
after __main__
budget 0.14 0.83 59 DE/rand/2 500
above main 500
def main 500
Benchmarking solver '<function EA_AOS' with budget=500*dimension on b'bbob' suite, Sat Mar 30 11:55:43 2019
batch_loop 500
Mar30 11h55:43, d=20, running: f018coco_optimiser 10000
inside coco 10000
ea-aos 10000
0.05
0.1
8.5
79.181025422657
11.85
75.90499846775481
15.85
49.414893125834794
23.7
47.292342619253134
27.5
39.81876998900907
32.7
36.13877002985976
40.65
33.56582464990771
50.9
26.4075020210675
87.35
22.884749507052845
114.95
22.81823745959457
140.15
19.98189721098703
268.65
18.931348019813868
287.25
18.359742436485647
305.95
17.36957622598777
313.0
17.272741904215138

 290.4227419042151
.(1)  
    done in 2.8e-04 seconds/evaluation
  dimension seconds/evaluations
  -----------------------------
     20      2.8e-04 
  -----------------------------
  bbob done (1 of 360 problems benchmarked)
Deleting folder:  exdata/EA_AOS_on_bbob_budget0500xD-001
, Sat Mar 30 11:55:46 2019 (0h00:02 total elapsed time).
