COCO INFO: Results will be output to folder exdata/EA_AOS_on_bbob_budget0500xD-013
after __main__
budget 0.22 0.74 52 DE/rand/2 500
above main 500
def main 500
Benchmarking solver '<function EA_AOS' with budget=500*dimension on b'bbob' suite, Sat Mar 30 12:05:25 2019
batch_loop 500
Mar30 12h05:25, d=20, running: f006coco_optimiser 10000
inside coco 10000
ea-aos 10000
0.05
0.05
6.5
139579.39862529436
10.4
113672.09917073311
11.05
92615.7884551783
13.15
56695.746586195455
19.15
31039.948750100673
22.5
3954.114699038465
37.0
849.9275346029442
41.7
312.27475206779263
65.55
187.65785330658267
85.15
179.3945091101088
92.8
151.23400145021975
140.15
147.462391510988
147.85
141.66787143800423
152.9
116.95602068550392
182.75
113.13193246094144
275.3
112.15695905211624
305.05
111.99551855971919
307.65
99.94814379944441
313.35
99.8978143755541

 130.7478143755541
.(1)  
    done in 3.8e-04 seconds/evaluation
  dimension seconds/evaluations
  -----------------------------
     20      3.8e-04 
  -----------------------------
  bbob done (1 of 360 problems benchmarked)
Deleting folder:  exdata/EA_AOS_on_bbob_budget0500xD-013
, Sat Mar 30 12:05:29 2019 (0h00:02 total elapsed time).
