COCO INFO: Results will be output to folder exdata/EA_AOS_on_bbob_budget0500xD-029
after __main__
budget 0.32 0.15 84 DE/rand/2 500
above main 500
def main 500
Benchmarking solver '<function EA_AOS' with budget=500*dimension on b'bbob' suite, Sat Mar 30 12:00:57 2019
batch_loop 500
Mar30 12h00:58, d=20, running: f022coco_optimiser 10000
inside coco 10000
ea-aos 10000
0.05
2.85
79.07188394434645
7.4
63.04366826387131
11.6
61.799690852458625
20.0
59.15996543945799
67.4
57.324107957498214
74.25
56.508340058221975
85.45
53.52664323117692
101.0
48.95862776635879
105.2
46.199673665742935
117.8
44.67191111406238
126.2
43.13038296186578
144.25
41.32017112928314
158.1
40.3056157136095
159.8
36.113211482031616
172.4
34.06028293850916
182.05
29.362852659126602
189.2
26.636935790377052
196.45
23.67662413756787
209.05
23.596189502465364
238.45
22.944814196248615
239.6
22.046653945451126
256.4
21.057890413082973
288.25
19.831544158880206
317.65
19.07215500359331
342.6
17.187391153417153
349.2
16.482486191159424
382.45
16.43826300345779
387.85
16.40986129705209
413.95
14.667288505878744
439.15
14.376602378615175
444.25
11.707026675013992
452.65
11.017097616766506

 110.8170976167665
.(1)  
    done in 3.9e-04 seconds/evaluation
  dimension seconds/evaluations
  -----------------------------
     20      3.9e-04 
  -----------------------------
  bbob done (1 of 360 problems benchmarked)
Deleting folder:  exdata/EA_AOS_on_bbob_budget0500xD-029
, Sat Mar 30 12:01:01 2019 (0h00:02 total elapsed time).
