COCO INFO: Results will be output to folder exdata/EA_AOS_on_bbob_budget0500xD-013
after __main__
budget 0.12 0.84 56 DE/rand/2 500
above main 500
def main 500
Benchmarking solver '<function EA_AOS' with budget=500*dimension on b'bbob' suite, Sat Mar 30 12:06:23 2019
batch_loop 500
Mar30 12h06:23, d=20, running: f003coco_optimiser 10000
inside coco 10000
ea-aos 10000
0.05
2.25
719.2482309328874
7.2
538.620747881338
11.05
481.51525645958964
16.3
466.0105537307884
17.3
438.59817025289044
25.75
390.34837776401594
37.95
370.6256797090765
40.1
363.967477625126
47.0
359.1271801329646
51.05
340.4864093607051
54.1
337.79862559794327
62.3
328.5167268509666
65.2
303.20470794851724
82.2
293.6992214465074
85.0
282.50386594643953
98.85
270.66400812261094
130.3
268.17594634990735
138.9
266.0239050805757
146.45
264.0009512937956
148.9
244.45830250153512
177.2
242.1540993553342
191.05
238.54210502220894

 -223.54789497779103
.(1)  
    done in 3.3e-04 seconds/evaluation
  dimension seconds/evaluations
  -----------------------------
     20      3.3e-04 
  -----------------------------
  bbob done (1 of 360 problems benchmarked)
Deleting folder:  exdata/EA_AOS_on_bbob_budget0500xD-013
, Sat Mar 30 12:06:27 2019 (0h00:02 total elapsed time).
