COCO INFO: Results will be output to folder exdata/EA_AOS_on_bbob_budget0500xD-003
after __main__
budget 0.14 0.81 74 DE/rand/2 500
above main 500
def main 500
Benchmarking solver '<function EA_AOS' with budget=500*dimension on b'bbob' suite, Sat Mar 30 12:03:17 2019
batch_loop 500
Mar30 12h03:17, d=20, running: f001coco_optimiser 10000
inside coco 10000
ea-aos 10000
0.05
0.05
14.8
67.45882816000001
17.0
43.729228160000005
21.35
42.154828160000015
28.55
36.71802816000002
33.5
35.23162816000001
39.55
29.121228160000005
42.95
27.44282816
52.8
23.56762816
64.05
22.569228160000005
68.85
19.65402816
87.05
15.526028160000001
115.3
15.076428160000004
135.45
12.85882816
188.65
12.19002816
196.05
11.626828160000002
212.5
10.37082816
241.85
9.56282816
284.45
9.42362816
297.9
9.316428160000001
314.3
8.620428160000003
334.6
8.39162816
336.85
8.342028160000002
342.15
7.9564281600000015
347.4
7.396428159999999
373.45
6.945228159999999
412.0
6.5692281600000015
418.75
5.71002816
435.95
4.6988281600000015

 -20.55117184
.(1)  
    done in 4.5e-04 seconds/evaluation
  dimension seconds/evaluations
  -----------------------------
     20      4.5e-04 
  -----------------------------
  bbob done (1 of 360 problems benchmarked)
Deleting folder:  exdata/EA_AOS_on_bbob_budget0500xD-003
, Sat Mar 30 12:03:21 2019 (0h00:02 total elapsed time).
