COCO INFO: Results will be output to folder exdata/EA_AOS_on_bbob_budget0500xD
after __main__
budget 0.31 0.28 56 DE/rand/2 500
above main 500
def main 500
Benchmarking solver '<function EA_AOS' with budget=500*dimension on b'bbob' suite, Sat Mar 30 12:03:26 2019
batch_loop 500
Mar30 12h03:26, d=20, running: f001coco_optimiser 10000
inside coco 10000
ea-aos 10000
0.05
0.05
13.1
70.71002816000001
15.9
67.30522816
21.5
61.308428160000005
24.75
57.14842816
27.1
39.977228159999996
32.7
36.35962816
33.85
28.153228160000005
41.1
25.628428160000002
53.2
23.964428159999994
58.65
22.25722816
63.3
22.255628160000004
66.35
13.26362816
80.35
11.95322816
91.6
11.58842816
99.75
10.270028159999999
102.8
9.754828159999999
105.35
7.887628160000002
108.15
6.45722816
115.5
5.9516281599999985
123.3
5.926028160000001
138.95
4.697228160000002
150.6
4.58042816
152.95
4.19802816
159.0
4.084428160000002
164.3
2.9676281600000003
177.25
2.7052281600000008
184.3
2.6220281599999993
185.1
2.3932281599999996
191.2
2.206028159999999
199.1
2.13082816
218.2
2.122828160000001
224.35
2.0892281599999976
230.95
2.00122816
233.2
1.8604281599999979

 -23.389571840000002
.(1)  
    done in 3.0e-04 seconds/evaluation
  dimension seconds/evaluations
  -----------------------------
     20      3.0e-04 
  -----------------------------
  bbob done (1 of 360 problems benchmarked)
Deleting folder:  exdata/EA_AOS_on_bbob_budget0500xD
, Sat Mar 30 12:03:29 2019 (0h00:02 total elapsed time).
