COCO INFO: Results will be output to folder exdata/EA_AOS_on_bbob_budget0500xD-014
after __main__
budget 0.12 0.81 89 DE/rand/2 500
above main 500
def main 500
Benchmarking solver '<function EA_AOS' with budget=500*dimension on b'bbob' suite, Sat Mar 30 12:01:18 2019
batch_loop 500
Mar30 12h01:18, d=20, running: f022coco_optimiser 10000
inside coco 10000
ea-aos 10000
0.05
2.85
79.07188394434645
7.5
77.10128837033075
9.35
73.7040022419924
13.55
73.46597690433624
20.95
73.3380800632486
28.6
70.64363423237496
31.6
69.75598624044254
39.1
65.508130673787
41.0
64.9515289614637
55.05
64.46508094516919
66.55
63.019169720059196
70.7
57.863410678501324
76.35
55.59569971324724
96.7
54.832421608957944
105.7
54.1470331221707
117.1
50.03896903135397
127.5
46.03678311034368
151.6
44.12424710646657
162.6
35.76513751803786
242.85
34.303134440342646
272.45
34.098959061836794
287.3
33.898482204303676
304.3
29.541793085998663
360.6
25.52964521143194
392.65
25.014556498964822
463.85
22.112494258341727

 121.91249425834172
.(1)  
    done in 5.4e-04 seconds/evaluation
  dimension seconds/evaluations
  -----------------------------
     20      5.4e-04 
  -----------------------------
  bbob done (1 of 360 problems benchmarked)
Deleting folder:  exdata/EA_AOS_on_bbob_budget0500xD-014
, Sat Mar 30 12:01:23 2019 (0h00:02 total elapsed time).
