COCO INFO: Results will be output to folder exdata/EA_AOS_on_bbob_budget0500xD-013
after __main__
budget 0.14 0.9 59 DE/rand/2 500
above main 500
def main 500
Benchmarking solver '<function EA_AOS' with budget=500*dimension on b'bbob' suite, Sat Mar 30 12:04:50 2019
batch_loop 500
Mar30 12h04:50, d=20, running: f014coco_optimiser 10000
inside coco 10000
ea-aos 10000
0.05
2.05
71.85823910900007
3.05
58.034973139166
11.3
56.05727298023346
13.6
49.85621407622658
16.0
41.51758928891938
19.6
37.053602698159565
22.3
36.12241407274919
24.4
28.82725335553841
28.75
28.202812968600497
31.0
23.249707154502573
38.0
18.80971639922121
48.55
16.79643256370922
61.15
16.432551147159195
62.6
15.28498835673188
96.35
15.091473706064747
102.4
14.037567744477165
122.55
13.173594692601338
142.9
12.618865637672762
148.0
11.980115421117173
185.8
11.723075621241549
196.5
11.577894240121633
210.55
11.523824112566867
220.9
11.51979264400845
223.15
11.40990399457759
234.35
11.069632637710473
250.95
10.983316495786802
259.6
10.885034415586627
263.95
10.81226769088704
266.8
10.803369859022503
272.25
10.73733241018553
283.05
10.659010020650683
306.7
10.466227233696529

 18.10622723369653
.(1)  
    done in 3.6e-04 seconds/evaluation
  dimension seconds/evaluations
  -----------------------------
     20      3.6e-04 
  -----------------------------
  bbob done (1 of 360 problems benchmarked)
Deleting folder:  exdata/EA_AOS_on_bbob_budget0500xD-013
, Sat Mar 30 12:04:54 2019 (0h00:02 total elapsed time).
