COCO INFO: Results will be output to folder exdata/EA_AOS_on_bbob_budget0500xD-006
after __main__
budget 0.25 0.3 57 DE/rand/2 500
above main 500
def main 500
Benchmarking solver '<function EA_AOS' with budget=500*dimension on b'bbob' suite, Sat Mar 30 12:05:45 2019
batch_loop 500
Mar30 12h05:45, d=20, running: f006coco_optimiser 10000
inside coco 10000
ea-aos 10000
0.05
0.05
6.0
117803.37591459777
14.1
72761.26622114901
15.05
72547.80240506168
20.3
12447.392958896973
28.55
6872.991709029257
43.1
5024.187619233428
47.55
1600.0085449934977
53.25
411.0296163226228
64.5
194.1661773456859
79.45
130.3805980308255
105.2
126.07150013182422
111.6
120.5805900933484
149.65
119.98014961341573
156.5
114.05186648156075
157.4
103.2015361730443
194.25
97.60144791521915
208.85
91.1228700051096
223.1
82.33575831511675
234.5
69.03825736615542
311.85
68.83148514954897
314.3
59.829386417914
337.1
58.13219621944079
351.3
55.246518908792346
379.8
51.7286864021606
406.2
50.92414744607239
419.75
48.34161182708939
432.4
44.59893446483414
483.7
43.305064702968146

 74.15506470296815
.(1)  
    done in 4.2e-04 seconds/evaluation
  dimension seconds/evaluations
  -----------------------------
     20      4.2e-04 
  -----------------------------
  bbob done (1 of 360 problems benchmarked)
Deleting folder:  exdata/EA_AOS_on_bbob_budget0500xD-006
, Sat Mar 30 12:05:49 2019 (0h00:02 total elapsed time).
