COCO INFO: Results will be output to folder exdata/EA_AOS_on_bbob_budget0500xD-014
after __main__
budget 0.15 0.97 57 DE/rand/2 500
above main 500
def main 500
Benchmarking solver '<function EA_AOS' with budget=500*dimension on b'bbob' suite, Sat Mar 30 12:05:45 2019
batch_loop 500
Mar30 12h05:45, d=20, running: f006coco_optimiser 10000
inside coco 10000
ea-aos 10000
0.05
0.05
2.9
166246.86691457828
8.0
127305.20597526302
9.4
108812.2676443596
11.5
97698.09193204547
15.1
37163.41532281818
18.2
32832.45263242165
32.45
26396.770086850393
36.75
18589.9593982796
38.15
18264.85674008948
42.85
15332.732496882358
105.85
13702.548142940657

 13733.398142940658
.(1)  
    done in 4.5e-04 seconds/evaluation
  dimension seconds/evaluations
  -----------------------------
     20      4.5e-04 
  -----------------------------
  bbob done (1 of 360 problems benchmarked)
Deleting folder:  exdata/EA_AOS_on_bbob_budget0500xD-014
, Sat Mar 30 12:05:49 2019 (0h00:02 total elapsed time).
