COCO INFO: Results will be output to folder exdata/EA_AOS_on_bbob_budget0500xD-005
after __main__
budget 0.22 0.91 56 DE/rand/2 500
above main 500
def main 500
Benchmarking solver '<function EA_AOS' with budget=500*dimension on b'bbob' suite, Sat Mar 30 12:04:50 2019
batch_loop 500
Mar30 12h04:50, d=20, running: f014coco_optimiser 10000
inside coco 10000
ea-aos 10000
0.05
2.05
71.85823910900007
5.05
55.187736720532435
8.7
53.762582084650425
12.55
36.052327634583385
18.7
35.691100990823266
19.95
35.13859099573879
26.85
29.636718387378508
30.35
26.506678335014804
33.4
20.07483047276974
48.3
18.583898385700532
60.35
17.48128528213507
92.5
17.22192839760776
107.4
17.18518609292516
109.35
16.97591630327302
112.55
16.51028734276748
121.3
16.4360990218415
134.8
16.07665872937709
139.8
15.813759467841411
143.95
15.31394364035106
158.8
15.023388768878501
208.55
15.015686749515144
214.4
14.781631776803525

 22.421631776803526
.(1)  
    done in 4.3e-04 seconds/evaluation
  dimension seconds/evaluations
  -----------------------------
     20      4.3e-04 
  -----------------------------
  bbob done (1 of 360 problems benchmarked)
Deleting folder:  exdata/EA_AOS_on_bbob_budget0500xD-005
, Sat Mar 30 12:04:54 2019 (0h00:02 total elapsed time).
