COCO INFO: Results will be output to folder exdata/EA_AOS_on_bbob_budget0500xD-017
after __main__
budget 0.23 0.74 53 DE/rand/2 500
above main 500
def main 500
Benchmarking solver '<function EA_AOS' with budget=500*dimension on b'bbob' suite, Sat Mar 30 12:04:51 2019
batch_loop 500
Mar30 12h04:51, d=20, running: f014coco_optimiser 10000
inside coco 10000
ea-aos 10000
0.05
2.05
71.85823910900007
4.25
45.85894572136968
7.15
33.41602484734894
22.55
27.86864956709273
26.0
24.136655474590583
34.35
22.42040695413524
35.5
19.19063185906916
45.2
19.136158855356815
47.95
18.369962000540465
55.25
17.9070249910742
56.1
15.23383039387577
63.7
14.944411214102004
69.8
14.691260121176661
72.55
13.395368050567264
88.4
13.235631424585325
104.1
12.055678333403648
153.6
11.996728452498846
155.3
11.813891607170067
159.0
11.40345212928856
162.4
10.745528021420341
196.1
10.65592094373162
200.85
9.932221252981694
225.45
9.811633157737464
261.75
9.462458347148448
266.8
9.394044971477008
326.6
9.168624877762664
342.6
9.05627525476159
355.2
8.996599247234037
364.85
8.784524448915136

 16.424524448915136
.(1)  
    done in 2.9e-04 seconds/evaluation
  dimension seconds/evaluations
  -----------------------------
     20      2.9e-04 
  -----------------------------
  bbob done (1 of 360 problems benchmarked)
Deleting folder:  exdata/EA_AOS_on_bbob_budget0500xD-017
, Sat Mar 30 12:04:54 2019 (0h00:02 total elapsed time).
