COCO INFO: Results will be output to folder exdata/EA_AOS_on_bbob_budget0500xD-004
after __main__
budget 0.44 0.43 53 DE/rand/2 500
above main 500
def main 500
Benchmarking solver '<function EA_AOS' with budget=500*dimension on b'bbob' suite, Sat Mar 30 11:59:31 2019
batch_loop 500
Mar30 11h59:31, d=20, running: f004coco_optimiser 10000
inside coco 10000
ea-aos 10000
0.05
0.05
9.65
699.9223101863158
19.25
541.607840207078
52.65
464.515863633328
66.05
461.10785741403924
71.35
443.14030169152073
74.0
442.5581866661786
75.65
424.6546463272376
83.6
411.50464543060787
86.5
410.5657861870052
89.9
399.9251557494126
92.55
386.9087230011891
95.25
381.6422231119134
96.55
379.2982267836884
100.55
377.14731487863355
102.8
355.27150376877023
108.05
348.67982956817843
111.1
330.7992556378411
124.35
269.71090047895837
161.8
267.62720420169
166.95
265.45132388084784
187.55
262.4515303267112
194.25
256.7310880349425
197.95
245.21742916701896
198.9
239.61192430521783
224.65
239.13421114141977
226.25
229.50085605112338
238.45
222.2518973594049
242.65
215.6307821193896
252.3
211.7616983462184
273.1
205.39057082538284
290.1
203.75833126241469
295.45
202.28249687243067
305.75
200.65025730946246

 161.35025730946245
.(1)  
    done in 3.0e-04 seconds/evaluation
  dimension seconds/evaluations
  -----------------------------
     20      3.0e-04 
  -----------------------------
  bbob done (1 of 360 problems benchmarked)
Deleting folder:  exdata/EA_AOS_on_bbob_budget0500xD-004
, Sat Mar 30 11:59:34 2019 (0h00:02 total elapsed time).
