COCO INFO: Results will be output to folder exdata/EA_AOS_on_bbob_budget0500xD-021
after __main__
budget 0.25 0.83 88 DE/rand/2 500
above main 500
def main 500
Benchmarking solver '<function EA_AOS' with budget=500*dimension on b'bbob' suite, Sat Mar 30 12:04:05 2019
batch_loop 500
Mar30 12h04:05, d=20, running: f001coco_optimiser 10000
inside coco 10000
ea-aos 10000
0.05
0.05
6.5
68.18682816
10.1
67.23482816
19.15
52.45402816000001
35.1
41.46842816
40.65
34.83962816
46.85
32.75322816
53.25
32.726028160000006
57.45
28.25882816
65.1
24.64602816
66.95
22.25402816
73.7
21.041228160000003
77.75
17.40762816
81.15
16.33722816
98.45
13.895628160000001
116.1
12.455628160000003
126.65
10.314828160000003
226.05
9.593228159999997
267.95
8.886028160000002
268.95
8.366028160000003
278.8
8.305228160000002
404.8
7.441228160000001
490.95
7.212428160000002

 -18.03757184
.(1)  
    done in 3.4e-04 seconds/evaluation
  dimension seconds/evaluations
  -----------------------------
     20      3.4e-04 
  -----------------------------
  bbob done (1 of 360 problems benchmarked)
Deleting folder:  exdata/EA_AOS_on_bbob_budget0500xD-021
, Sat Mar 30 12:04:09 2019 (0h00:02 total elapsed time).
