COCO INFO: Results will be output to folder exdata/EA_AOS_on_bbob_budget0500xD-008
after __main__
budget 0.25 0.83 88 DE/rand/2 500
above main 500
def main 500
Benchmarking solver '<function EA_AOS' with budget=500*dimension on b'bbob' suite, Sat Mar 30 11:59:36 2019
batch_loop 500
Mar30 11h59:36, d=20, running: f004coco_optimiser 10000
inside coco 10000
ea-aos 10000
0.05
0.05
6.55
701.3853516305184
9.45
699.0166289255549
15.55
624.8537556991519
19.2
624.0904538784757
24.35
574.3715171097263
28.8
538.3080619397451
38.2
492.2066100738177
47.25
465.52602757060856
49.35
444.1254808003536
62.85
441.3362063604027
71.65
422.10337562343096
75.3
408.18658165474324
80.7
401.60183290974976
84.45
397.03632124834405
98.6
381.65683831446984
121.85
376.6462088741091
131.5
376.6422759706257
145.0
376.5357249055056
158.95
375.1520464398527
165.95
372.1943029316684
170.25
352.93006281483156
180.95
335.5144034055687
201.3
333.1767532660549
206.3
321.29992559561185
227.65
316.04712189924635
232.1
314.1965180245553
257.0
312.8289328942308
271.7
306.3611784335235
281.5
305.5988714322118
326.85
294.3893822889149
362.8
286.0307425674969
381.1
266.2223968224861
465.65
265.7790888434252
487.35
253.2029013925801

 213.90290139258008
.(1)  
    done in 3.1e-04 seconds/evaluation
  dimension seconds/evaluations
  -----------------------------
     20      3.1e-04 
  -----------------------------
  bbob done (1 of 360 problems benchmarked)
Deleting folder:  exdata/EA_AOS_on_bbob_budget0500xD-008
, Sat Mar 30 11:59:39 2019 (0h00:02 total elapsed time).
