COCO INFO: Results will be output to folder exdata/EA_AOS_on_bbob_budget0500xD-005
after __main__
budget 0.12 0.78 63 DE/rand/2 500
above main 500
def main 500
Benchmarking solver '<function EA_AOS' with budget=500*dimension on b'bbob' suite, Sat Mar 30 12:06:00 2019
batch_loop 500
Mar30 12h06:00, d=20, running: f006coco_optimiser 10000
inside coco 10000
ea-aos 10000
0.05
0.05
6.8
127895.53915950614
11.2
87780.24615400878
13.6
32476.411256188534
16.2
18169.861581010886
31.2
17041.43438066052
33.5
13511.3786231101
35.55
13362.30338737064
40.05
10029.792247673424
43.45
7399.5684221435395
49.2
1974.48122620878
58.45
1218.6496474462233
65.85
957.7367359265787
87.55
933.6513663832909
88.9
594.8757585440251
94.75
414.32101034504007
109.7
409.4332309004969
110.55
152.07643349959608
120.9
126.17445247208468
122.95
118.78920647088626
134.75
117.20292600090642
137.55
111.22451814966666
227.5
106.04376003478504
289.6
103.96277968916979
316.0
99.04011259316388
402.7
92.10559811067151
403.9
81.87795890929922

 112.72795890929922
.(1)  
    done in 2.7e-04 seconds/evaluation
  dimension seconds/evaluations
  -----------------------------
     20      2.7e-04 
  -----------------------------
  bbob done (1 of 360 problems benchmarked)
Deleting folder:  exdata/EA_AOS_on_bbob_budget0500xD-005
, Sat Mar 30 12:06:03 2019 (0h00:02 total elapsed time).
