COCO INFO: Results will be output to folder exdata/EA_AOS_on_bbob_budget0500xD-017
after __main__
budget 0.22 0.75 79 DE/rand/2 500
above main 500
def main 500
Benchmarking solver '<function EA_AOS' with budget=500*dimension on b'bbob' suite, Sat Mar 30 12:05:06 2019
batch_loop 500
Mar30 12h05:06, d=20, running: f014coco_optimiser 10000
inside coco 10000
ea-aos 10000
0.05
3.55
57.70887752887003
7.95
31.50770065250402
24.75
22.963131075128526
46.25
17.950213763753226
58.85
17.88887528968864
66.35
17.031523201369293
70.3
15.07526808920284
76.95
12.108984531732009
105.4
11.879979391573528
115.9
11.243753596464583
145.35
9.675375062719944
172.5
9.151225443305073
202.55
8.957491903784163
242.6
8.270460187344373
249.35
8.020554855747228
285.5
6.419434097805959
452.55
6.282360109865675
470.7
6.155989673325128

 13.795989673325128
.(1)  
    done in 3.7e-04 seconds/evaluation
  dimension seconds/evaluations
  -----------------------------
     20      3.7e-04 
  -----------------------------
  bbob done (1 of 360 problems benchmarked)
Deleting folder:  exdata/EA_AOS_on_bbob_budget0500xD-017
, Sat Mar 30 12:05:10 2019 (0h00:02 total elapsed time).
