COCO INFO: Results will be output to folder exdata/EA_AOS_on_bbob_budget0500xD-012
after __main__
budget 0.22 0.75 79 DE/rand/2 500
above main 500
def main 500
Benchmarking solver '<function EA_AOS' with budget=500*dimension on b'bbob' suite, Sat Mar 30 12:02:14 2019
batch_loop 500
Mar30 12h02:14, d=20, running: f022coco_optimiser 10000
inside coco 10000
ea-aos 10000
0.05
2.85
79.07188394434645
7.75
78.54338254424921
8.45
77.92906312762115
14.45
74.83144893489877
22.55
72.764098407741
24.25
70.50709333818845
30.95
66.84718118975546
36.4
63.88756505376877
46.7
63.57004690543344
50.6
56.923605584935004
58.9
53.88287233368412
64.95
48.93186295864048
80.05
47.47595016587901
89.6
47.26869322954566
98.15
28.162338189941053
184.05
27.19792151554863
190.3
24.527950475172617
221.6
23.885164938533592
240.45
23.166998823311545
249.35
22.94770401250355
261.45
22.071175532339026
283.75
21.904182170880247
284.95
21.508696945039546
290.45
20.861746727880245
303.8
20.358382152671894
309.25
20.108120053729394
316.25
17.29180554220966
383.3
17.180975054250965
391.2
16.546030434965402
399.85
16.325537720002202
422.6
14.726696283502903
426.15
13.672046825946907

 113.4720468259469
.(1)  
    done in 3.2e-04 seconds/evaluation
  dimension seconds/evaluations
  -----------------------------
     20      3.2e-04 
  -----------------------------
  bbob done (1 of 360 problems benchmarked)
Deleting folder:  exdata/EA_AOS_on_bbob_budget0500xD-012
, Sat Mar 30 12:02:18 2019 (0h00:02 total elapsed time).
