COCO INFO: Results will be output to folder exdata/EA_AOS_on_bbob_budget0500xD-013
after __main__
budget 0.16 0.29 80 DE/rand/2 500
above main 500
def main 500
Benchmarking solver '<function EA_AOS' with budget=500*dimension on b'bbob' suite, Sat Mar 30 11:59:52 2019
batch_loop 500
Mar30 11h59:52, d=20, running: f004coco_optimiser 10000
inside coco 10000
ea-aos 10000
0.05
0.05
8.45
717.702869954034
16.15
639.1877958697095
26.65
613.5797860222644
28.15
603.4652980085366
33.3
484.61714601067246
39.75
466.5641524386981
41.3
430.6790247408314
52.0
418.58822162562205
61.3
399.60067787338994
65.95
370.10875671823817
68.1
353.4985276890628
76.1
340.4750790493132
104.15
339.83107535051846
109.7
319.53258738194063
126.05
314.3853831730256
139.05
307.90741181398573
151.1
288.9479930652252
163.8
284.95668871657466
171.2
280.821684875419
175.65
277.5159882292857
176.95
277.1114770384911
180.3
258.0254045996899
195.7
245.88368166091868
208.65
226.49339983213036
267.55
226.12116553577823
275.55
211.4132141889794
299.55
208.4298352183289
308.85
207.66666710461902
321.55
207.17171171625392
332.95
201.81597159445215
361.6
199.94632858444004
364.95
199.47980330646158

 160.17980330646157
.(1)  
    done in 3.0e-04 seconds/evaluation
  dimension seconds/evaluations
  -----------------------------
     20      3.0e-04 
  -----------------------------
  bbob done (1 of 360 problems benchmarked)
Deleting folder:  exdata/EA_AOS_on_bbob_budget0500xD-013
, Sat Mar 30 11:59:55 2019 (0h00:02 total elapsed time).
