COCO INFO: Results will be output to folder exdata/EA_AOS_on_bbob_budget0500xD-014
after __main__
budget 0.14 0.67 70 DE/rand/2 500
above main 500
def main 500
Benchmarking solver '<function EA_AOS' with budget=500*dimension on b'bbob' suite, Sat Mar 30 11:59:52 2019
batch_loop 500
Mar30 11h59:52, d=20, running: f004coco_optimiser 10000
inside coco 10000
ea-aos 10000
0.05
0.05
11.05
502.36363258396545
26.4
489.5664733923902
33.95
444.7997343240098
36.1
436.02098358086675
44.2
431.84273129200494
52.0
423.4510989666364
53.3
375.4909720087562
60.3
366.31653816379526
72.25
359.111654447932
80.15
351.06611251775666
87.15
344.44110682221446
94.05
333.259481430703
104.0
321.95815527771333
141.0
316.7611274958404
180.85
315.73103984009606
184.1
315.33314958217113
194.55
307.61281106199215
198.3
304.5777835753927
215.85
295.3831781649425
226.85
293.88995508238077
283.15
291.5537867943902
293.75
289.4861334139531
307.95
286.902342255761
326.4
280.6288775773212
339.35
280.16235229934273

 240.86235229934272
.(1)  
    done in 3.9e-04 seconds/evaluation
  dimension seconds/evaluations
  -----------------------------
     20      3.9e-04 
  -----------------------------
  bbob done (1 of 360 problems benchmarked)
Deleting folder:  exdata/EA_AOS_on_bbob_budget0500xD-014
, Sat Mar 30 11:59:56 2019 (0h00:02 total elapsed time).
