COCO INFO: Results will be output to folder exdata/EA_AOS_on_bbob_budget0500xD-020
after __main__
budget 0.25 0.9 69 DE/rand/2 500
above main 500
def main 500
Benchmarking solver '<function EA_AOS' with budget=500*dimension on b'bbob' suite, Sat Mar 30 12:05:06 2019
batch_loop 500
Mar30 12h05:06, d=20, running: f014coco_optimiser 10000
inside coco 10000
ea-aos 10000
0.05
2.05
71.85823910900007
7.5
54.69245601269487
14.5
39.08475444876348
20.2
33.71026985471818
26.55
20.711879154494284
45.05
18.59182284666432
55.65
17.946527157949607
60.0
15.140905444320662
68.6
14.165926733292402
99.85
13.9345719094928
111.7
13.353498153512213
130.3
12.79260406458814
166.7
12.227484620812156
230.55
12.177202061269707
246.2
11.681430963217217
249.65
10.833121190545931
374.8
10.598934168206878
387.55
9.791586129628794

 17.431586129628794
.(1)  
    done in 3.4e-04 seconds/evaluation
  dimension seconds/evaluations
  -----------------------------
     20      3.4e-04 
  -----------------------------
  bbob done (1 of 360 problems benchmarked)
Deleting folder:  exdata/EA_AOS_on_bbob_budget0500xD-020
, Sat Mar 30 12:05:10 2019 (0h00:02 total elapsed time).
