COCO INFO: Results will be output to folder exdata/EA_AOS_on_bbob_budget0500xD-015
after __main__
budget 0.33 0.37 94 DE/rand/2 500
above main 500
def main 500
Benchmarking solver '<function EA_AOS' with budget=500*dimension on b'bbob' suite, Sat Mar 30 12:12:37 2019
batch_loop 500
Mar30 12h12:37, d=20, running: f004coco_optimiser 10000
inside coco 10000
ea-aos 10000
0.05
0.05
19.15
721.6051581931688
32.9
598.6198962299268
36.9
423.8095703272878
44.75
418.6547696378933
78.55
373.2779388836266
102.05
367.2414618175648
112.7
364.11004298089637
117.35
363.74724687474145
119.95
347.48578176241017
131.45
334.9693666360779
135.8
325.1694701197329
147.55
320.07202845986546
156.1
283.66333834795773
174.45
262.46195191729095
207.5
249.00023911094274
244.95
240.78162466371055
256.6
236.4551615808076
276.1
234.38370912349166
308.75
231.67223489059364
313.05
230.73540399329374
317.1
228.68645062096488
327.8
225.44816926804128
337.5
216.8239685065451
351.6
204.24454909952806
387.85
203.54062037450564
398.75
202.28249687243067
425.35
200.65025730946246
439.85
198.3140890214719
463.45
197.84756374349342

 158.5475637434934
.(1)  
    done in 5.2e-04 seconds/evaluation
  dimension seconds/evaluations
  -----------------------------
     20      5.2e-04 
  -----------------------------
  bbob done (1 of 360 problems benchmarked)
Deleting folder:  exdata/EA_AOS_on_bbob_budget0500xD-015
, Sat Mar 30 12:12:42 2019 (0h00:02 total elapsed time).
