COCO INFO: Results will be output to folder exdata/EA_AOS_on_bbob_budget0500xD-013
after __main__
budget 0.14 0.27 57 DE/rand/2 500
above main 500
def main 500
Benchmarking solver '<function EA_AOS' with budget=500*dimension on b'bbob' suite, Sat Mar 30 12:20:13 2019
batch_loop 500
Mar30 12h20:13, d=20, running: f006coco_optimiser 10000
inside coco 10000
ea-aos 10000
0.05
0.05
8.0
136247.54342836275
14.1
73456.79294483436
20.75
64265.53972524968
23.35
61098.485890351505
27.75
9416.721294450113
42.0
6734.571068473903
51.15
3462.5567578120585
68.7
1775.8870245538615
73.95
597.5159808988603
85.8
125.45532875741242
117.15
117.21030452097551
120.0
113.17906152725143
134.25
106.64881517180865
160.8
102.698002369416
174.15
95.13302675358585
223.55
83.22893004867413
256.85
74.85466927664984
350.85
73.31017800612076
381.6
73.25411953180554
386.15
72.3615400855955
393.0
63.96464678193802
421.5
62.04251553099797
427.2
56.383841477443674

 87.23384147744368
.(1)  
    done in 3.2e-04 seconds/evaluation
  dimension seconds/evaluations
  -----------------------------
     20      3.2e-04 
  -----------------------------
  bbob done (1 of 360 problems benchmarked)
Deleting folder:  exdata/EA_AOS_on_bbob_budget0500xD-013
, Sat Mar 30 12:20:16 2019 (0h00:02 total elapsed time).
