COCO INFO: Results will be output to folder exdata/EA_AOS_on_bbob_budget0500xD-002
after __main__
budget 0.14 0.27 57 DE/rand/2 500
above main 500
def main 500
Benchmarking solver '<function EA_AOS' with budget=500*dimension on b'bbob' suite, Sat Mar 30 12:08:00 2019
batch_loop 500
Mar30 12h08:00, d=20, running: f005coco_optimiser 10000
inside coco 10000
ea-aos 10000
0.05
2.75
273.2808334377829
11.95
267.92069617010657
15.05
253.76405793680883
17.6
248.78182457342697
22.55
233.71260961282522
23.6
222.54637379808023
27.5
209.24216448108254
33.2
206.03591508838858
36.05
195.2344667807333
40.0
182.19407098990987
43.25
176.2377667015584
46.5
165.84824822991843
55.05
160.2029639801161
58.4
152.73082391323575
68.95
150.9088769068197
75.5
143.313058209999
83.55
141.64005902310785
89.35
134.90965744706492
106.55
129.26872758905438
115.4
102.83664763412159
140.75
97.65750649097433
145.55
97.62873494842952
148.7
96.66466711390328
154.1
90.22083244922234
162.65
87.7652376680538
165.5
82.58475238284083
183.65
80.51776894939778
187.25
80.49136853647937
195.35
79.63617358386526
200.7
77.80675907092356
205.8
76.64287201473724
210.05
73.91050215657017
215.9
73.88202417552125
216.8
73.78898616515741
226.95
69.08875228328142
238.35
65.841198804904
249.75
63.48138051862023
252.6
63.141679975719256
258.3
58.818076962588606
282.6
54.2723615768592
301.05
50.459190919714075
326.45
49.184915934010945
330.95
49.02074103142641
333.8
46.47219106002015
359.45
45.47219106002015
362.3
44.47219106002015

 144.00219106002015
.(1)  
    done in 3.1e-04 seconds/evaluation
  dimension seconds/evaluations
  -----------------------------
     20      3.1e-04 
  -----------------------------
  bbob done (1 of 360 problems benchmarked)
Deleting folder:  exdata/EA_AOS_on_bbob_budget0500xD-002
, Sat Mar 30 12:08:03 2019 (0h00:02 total elapsed time).
