COCO INFO: Results will be output to folder exdata/EA_AOS_on_bbob_budget0500xD-005
after __main__
budget 0.28 0.32 63 DE/rand/2 500
above main 500
def main 500
Benchmarking solver '<function EA_AOS' with budget=500*dimension on b'bbob' suite, Sat Mar 30 12:14:54 2019
batch_loop 500
Mar30 12h14:54, d=20, running: f012coco_optimiser 10000
inside coco 10000
ea-aos 10000
0.05
0.25
5.35
141253401.73313934
11.65
113087864.73881435
14.8
93716089.71898444
39.65
76837475.5672247
43.45
76098714.49169981
44.6
59485627.46646046
47.9
52198819.686156236
54.6
49010545.349052995
56.85
36269429.837235235
60.0
28554532.908654805
72.6
26085121.662148044
80.85
20867524.367955197
90.3
18771298.99796891
99.65
15403046.81825211
106.65
15271920.259146485
115.15
12346265.213052193
123.0
10737287.26705778
126.7
9997393.944223741
134.5
7247997.682541892
149.4
6786937.227074887
166.05
5068479.0450668065
169.2
3257589.9273381247
223.2
2557014.274698069
242.75
1764062.4003196696
304.75
1583847.528219606
312.65
1355862.155592293
342.7
1278239.997207791

 1278317.887207791
.(1)  
    done in 2.9e-04 seconds/evaluation
  dimension seconds/evaluations
  -----------------------------
     20      2.9e-04 
  -----------------------------
  bbob done (1 of 360 problems benchmarked)
Deleting folder:  exdata/EA_AOS_on_bbob_budget0500xD-005
, Sat Mar 30 12:14:57 2019 (0h00:02 total elapsed time).
