COCO INFO: Results will be output to folder exdata/EA_AOS_on_bbob_budget0500xD-010
after __main__
budget 0.16 0.19 90 DE/rand/2 500
above main 500
def main 500
Benchmarking solver '<function EA_AOS' with budget=500*dimension on b'bbob' suite, Sat Mar 30 12:14:55 2019
batch_loop 500
Mar30 12h14:55, d=20, running: f012coco_optimiser 10000
inside coco 10000
ea-aos 10000
0.05
0.25
5.85
160800127.05042794
20.0
100901965.76039001
24.5
63236065.64517939
42.5
48692355.40937507
69.5
41334628.85560963
87.8
31971901.54481895
94.75
30675526.54216859
100.35
29205034.344044603
108.25
24587814.29365984
117.25
22700068.389247898
121.75
20643665.64094816
140.4
13900740.158454837
171.1
13779661.626018541
176.85
12940689.487855433
181.0
12695430.117770955
187.6
10145290.380121646
201.1
7526517.114339
237.05
7202024.416827904
239.5
6832818.399964615
248.1
5389480.813328653
282.75
4944251.711213608
290.05
3994746.8478541393
306.7
2884266.1230301647
326.05
2220463.1873533907
330.55
2187457.1496849456
344.7
2114195.4472753736
364.9
1900129.96516928
432.85
1583847.528219606

 1583925.418219606
.(1)  
    done in 3.3e-04 seconds/evaluation
  dimension seconds/evaluations
  -----------------------------
     20      3.3e-04 
  -----------------------------
  bbob done (1 of 360 problems benchmarked)
Deleting folder:  exdata/EA_AOS_on_bbob_budget0500xD-010
, Sat Mar 30 12:14:58 2019 (0h00:02 total elapsed time).
