COCO INFO: Results will be output to folder exdata/EA_AOS_on_bbob_budget0500xD-017
after __main__
budget 0.48 0.22 65 DE/rand/2 500
above main 500
def main 500
Benchmarking solver '<function EA_AOS' with budget=500*dimension on b'bbob' suite, Sat Mar 30 12:12:37 2019
batch_loop 500
Mar30 12h12:37, d=20, running: f004coco_optimiser 10000
inside coco 10000
ea-aos 10000
0.05
0.05
22.7
707.6095778802733
30.35
602.6653969637746
37.9
556.3765609603636
52.95
519.3937233506066
63.75
497.23800983299407
67.0
486.00847051813855
68.8
464.14831547434835
77.8
411.25144256458816
90.95
410.0750623585093
93.8
390.1086946127218
100.55
378.3833947114202
101.3
365.9242549970747
106.1
356.5759442591744
112.55
333.94529584869724
119.1
330.70816288192225
127.15
328.3995596654747
130.3
325.7212898520097
135.8
316.23143222579824
145.4
315.2588610753241
149.85
280.3106154189428
164.45
273.0653351207442
166.1
270.4048737644718
170.4
267.94813835149336
172.6
255.57323389454774
181.15
242.92029275635593
209.35
240.9756079728075
213.65
235.9326799297362
226.3
230.67183322698014
240.75
217.79116492137746
261.8
215.93771131163118
271.0
215.007505979045
276.15
205.39057082538284
279.4
202.28249687243067
310.55
201.42216297442405
312.6
199.94632858444004
326.25
198.3140890214719
355.5
197.84756374349342

 158.5475637434934
.(1)  
    done in 5.7e-04 seconds/evaluation
  dimension seconds/evaluations
  -----------------------------
     20      5.7e-04 
  -----------------------------
  bbob done (1 of 360 problems benchmarked)
Deleting folder:  exdata/EA_AOS_on_bbob_budget0500xD-017
, Sat Mar 30 12:12:43 2019 (0h00:03 total elapsed time).
