COCO INFO: Results will be output to folder exdata/EA_AOS_on_bbob_budget0500xD-005
after __main__
budget 0.42 0.33 51 DE/rand/2 500
above main 500
def main 500
Benchmarking solver '<function EA_AOS' with budget=500*dimension on b'bbob' suite, Sat Mar 30 12:10:17 2019
batch_loop 500
Mar30 12h10:17, d=20, running: f001coco_optimiser 10000
inside coco 10000
ea-aos 10000
0.05
0.05
18.8
46.91322816
25.85
42.22842816000001
34.65
38.28762816000001
43.1
36.09562816
43.75
30.841228160000004
47.35
29.145228160000002
49.95
19.758028160000006
61.05
17.178828160000002
72.95
16.53082816
78.55
15.61722816
79.95
11.64922816
85.35
11.151628160000001
92.95
9.66202816
95.2
9.44762816
100.6
7.74842816
105.85
6.80762816
116.05
5.121228160000001
131.35
4.714828160000003
134.9
3.9996281600000003
139.0
3.3532281600000005
170.25
2.8124281599999996
183.6
2.7788281599999998
187.5
2.3932281599999996
230.95
2.3292281599999995
239.85
2.2636281599999997
243.7
2.122828160000001

 -23.12717184
.(1)  
    done in 3.8e-04 seconds/evaluation
  dimension seconds/evaluations
  -----------------------------
     20      3.8e-04 
  -----------------------------
  bbob done (1 of 360 problems benchmarked)
Deleting folder:  exdata/EA_AOS_on_bbob_budget0500xD-005
, Sat Mar 30 12:10:21 2019 (0h00:02 total elapsed time).
