COCO INFO: Results will be output to folder exdata/EA_AOS_on_bbob_budget0500xD-002
after __main__
budget 0.31 0.24 79 DE/rand/2 500
above main 500
def main 500
Benchmarking solver '<function EA_AOS' with budget=500*dimension on b'bbob' suite, Sat Mar 30 12:08:22 2019
batch_loop 500
Mar30 12h08:22, d=20, running: f005coco_optimiser 10000
inside coco 10000
ea-aos 10000
0.05
2.75
273.2808334377829
9.4
271.54768193323605
13.4
268.22953474904784
17.35
246.51598655871047
27.0
211.87315208391956
29.9
211.6629763564151
34.45
200.09112647090845
38.85
152.93558285868102
46.75
126.26044100036134
68.3
113.29682540325197
80.15
98.71967441925008
86.55
98.23527380477623
93.1
92.05332473698891
97.05
77.85341150280556
109.7
62.6999883378204
110.95
58.534935949430235
117.6
51.021380992369785
132.0
46.85352015668843
138.1
46.295248267523846
145.45
41.30383177228859
151.7
25.624335306860786
157.3
25.480883001124297
177.7
25.303905879325228
184.95
15.429873052518516
191.95
14.734845952625264
196.8
11.267966197612168
208.65
7.456757450021158
232.7
5.83298071083243
250.1
5.2714305991200945
263.25
4.069138081114787
275.75
2.961818602517127
286.05
2.27427498570313
303.35
1.0
309.75
0.0

 99.53
.(1)  
    done in 3.8e-04 seconds/evaluation
  dimension seconds/evaluations
  -----------------------------
     20      3.8e-04 
  -----------------------------
  bbob done (1 of 360 problems benchmarked)
Deleting folder:  exdata/EA_AOS_on_bbob_budget0500xD-002
, Sat Mar 30 12:08:25 2019 (0h00:03 total elapsed time).
