COCO INFO: Results will be output to folder exdata/EA_AOS_on_bbob_budget0500xD-001
after __main__
budget 0.32 0.38 58 DE/rand/2 500
above main 500
def main 500
Benchmarking solver '<function EA_AOS' with budget=500*dimension on b'bbob' suite, Sat Mar 30 12:15:13 2019
batch_loop 500
Mar30 12h15:13, d=20, running: f012coco_optimiser 10000
inside coco 10000
ea-aos 10000
0.05
0.25
3.7
258431013.9288524
5.85
182811269.04916117
8.85
168263770.6358636
15.35
129660992.32795328
19.15
109095874.1662583
24.9
90124471.58869477
30.7
54688737.07183378
43.5
51052945.04584893
54.35
37624299.25351453
60.15
24816456.969159972
68.25
21852178.79512171
83.7
20255393.92619002
89.25
16008493.894068863
98.3
12282170.301678093
101.35
11004603.619866721
103.05
10071764.285761822
117.3
9533192.154875137
125.9
7123850.427551212
134.6
6330442.080154025
153.2
5735348.519529748
156.2
4909830.81024464
166.0
4424578.464053909
185.95
4324605.060714171
196.5
4303900.185551801
198.4
3557641.6928441436
203.5
3283814.021054219
208.0
2706028.083339869
214.6
2221105.0179834426
246.5
1775397.9638602054
261.1
1745934.8032182818
270.4
1278239.997207791
315.1
1208457.1960219997
337.65
1151154.3386366486

 1151232.2286366485
.(1)  
    done in 4.4e-04 seconds/evaluation
  dimension seconds/evaluations
  -----------------------------
     20      4.4e-04 
  -----------------------------
  bbob done (1 of 360 problems benchmarked)
Deleting folder:  exdata/EA_AOS_on_bbob_budget0500xD-001
, Sat Mar 30 12:15:17 2019 (0h00:02 total elapsed time).
