COCO INFO: Results will be output to folder exdata/EA_AOS_on_bbob_budget0500xD-013
after __main__
budget 0.32 0.38 58 DE/rand/2 500
above main 500
def main 500
Benchmarking solver '<function EA_AOS' with budget=500*dimension on b'bbob' suite, Sat Mar 30 12:08:23 2019
batch_loop 500
Mar30 12h08:23, d=20, running: f005coco_optimiser 10000
inside coco 10000
ea-aos 10000
0.05
2.75
273.2808334377829
5.65
250.86592179398892
7.05
245.92818580305558
14.35
229.36480667194402
15.75
221.41769501621386
17.65
206.18924898267696
24.4
200.16679283946613
26.65
175.4256806817007
29.2
172.5876479726405
34.2
159.02473572732814
35.35
154.5386956975181
39.45
153.09893878827918
42.9
117.12535627105544
45.8
115.20132092289569
57.4
109.56585650253078
63.3
94.65246565263081
68.45
79.35188853733109
70.35
70.9811506346444
76.1
62.27055652364231
88.75
50.072539656112724
108.2
46.78032076417074
112.35
44.76249038240795
115.7
43.68459799695589
118.55
37.22734885255693
124.6
32.81667312372426
126.05
25.00660680989226
134.75
21.76534046076432
138.55
17.504771395717967
147.55
15.938745052313067
149.7
13.370707706520676
158.4
10.93240353267251
162.05
8.746495610874746
181.6
7.675167951146776
188.9
5.414801329918987
196.85
5.080534189209885
198.3
2.976351441631323
200.35
1.1288378916846966
223.8
0.0

 99.53
.(1)  
    done in 2.7e-04 seconds/evaluation
  dimension seconds/evaluations
  -----------------------------
     20      2.7e-04 
  -----------------------------
  bbob done (1 of 360 problems benchmarked)
Deleting folder:  exdata/EA_AOS_on_bbob_budget0500xD-013
, Sat Mar 30 12:08:25 2019 (0h00:02 total elapsed time).
