COCO INFO: Results will be output to folder exdata/EA_AOS_on_bbob_budget0500xD-007
after __main__
budget 0.31 0.35 96 DE/rand/2 500
above main 500
def main 500
Benchmarking solver '<function EA_AOS' with budget=500*dimension on b'bbob' suite, Sat Mar 30 12:19:00 2019
batch_loop 500
Mar30 12h19:00, d=20, running: f003coco_optimiser 10000
inside coco 10000
ea-aos 10000
0.05
3.7
632.2078248121554
14.65
479.59973988873725
28.95
395.3852103704114
51.45
383.986275463932
52.95
368.99188889427916
57.95
346.6677329223423
71.55
328.40914540412587
74.1
324.0500632000476
80.25
298.1770584421109
86.15
280.66325550327485
86.8
270.7714199153534
95.75
254.27304428855592
100.85
249.36100710642228
110.45
243.04744242555756
118.0
242.37458397878794
133.65
240.67035481770964
139.4
214.519885431119
147.25
213.08600738543595
151.6
212.58175425988932
171.25
208.52460367871754
182.2
206.79016720646024
184.25
198.60597410294844
196.6
191.8911814758618
204.0
190.86670860508974
206.6
187.10876251182646
226.35
182.5075326040169
266.1
175.20078889882103
300.15
167.66517551460146
317.95
166.2300475645588
348.15
160.7020354762211
381.55
159.76738604211465
392.15
158.19524379001467
420.95
155.8831299009102
483.65
155.46755350383933

 -306.62244649616065
.(1)  
    done in 5.3e-04 seconds/evaluation
  dimension seconds/evaluations
  -----------------------------
     20      5.3e-04 
  -----------------------------
  bbob done (1 of 360 problems benchmarked)
Deleting folder:  exdata/EA_AOS_on_bbob_budget0500xD-007
, Sat Mar 30 12:19:05 2019 (0h00:02 total elapsed time).
