COCO INFO: Results will be output to folder exdata/EA_AOS_on_bbob_budget0500xD-001
after __main__
budget 0.32 0.2 54 DE/rand/2 500
above main 500
def main 500
Benchmarking solver '<function EA_AOS' with budget=500*dimension on b'bbob' suite, Sat Mar 30 12:22:47 2019
batch_loop 500
Mar30 12h22:47, d=20, running: f022coco_optimiser 10000
inside coco 10000
ea-aos 10000
0.05
1.6
79.61295947507718
4.3
72.72155196574222
8.3
71.4566592655183
15.1
69.7931013542976
28.6
65.95040571407147
32.6
63.02666191829293
53.85
59.423002739675965
65.0
58.01548843674921
70.4
53.26606710032256
80.85
34.65611118922995
100.1
26.537606856659707
120.95
26.4094000238847
126.3
25.308545693461767
133.9
24.638239171325736
150.1
24.376866057573977
154.55
24.046778172397424
157.8
18.85388052083313
219.5
15.675491857354288
269.95
15.587331548148853
275.4
13.460074217095226
288.4
12.860940886513191
329.05
12.157551320976111
342.4
10.817869822203988
382.9
10.478826664846551
391.5
9.448227249029188
421.2
8.86110698948626
475.2
8.729608687547127

 108.52960868754712
.(1)  
    done in 4.3e-04 seconds/evaluation
  dimension seconds/evaluations
  -----------------------------
     20      4.3e-04 
  -----------------------------
  bbob done (1 of 360 problems benchmarked)
Deleting folder:  exdata/EA_AOS_on_bbob_budget0500xD-001
, Sat Mar 30 12:22:52 2019 (0h00:02 total elapsed time).
