COCO INFO: Results will be output to folder exdata/EA_AOS_on_bbob_budget0500xD-003
after __main__
budget 0.12 0.3 90 DE/rand/2 500
above main 500
def main 500
Benchmarking solver '<function EA_AOS' with budget=500*dimension on b'bbob' suite, Sat Mar 30 12:08:22 2019
batch_loop 500
Mar30 12h08:22, d=20, running: f005coco_optimiser 10000
inside coco 10000
ea-aos 10000
0.05
2.75
273.2808334377829
7.25
265.7013541926624
16.2
260.8071918530403
24.35
244.3811042044285
27.85
240.97505898005718
32.0
224.8154785838474
41.0
200.83882733431867
56.25
183.06549108904412
65.3
174.02554538824356
74.25
172.854547116946
78.5
167.16955685904216
85.35
154.58821400572688
105.75
152.41444148654142
110.6
147.84340619449034
121.2
140.2971496420757
123.5
132.66804467204196
132.5
132.41333331196023
141.75
118.88069302688166
177.2
118.5258114682176
182.25
111.25077771961375
185.65
109.7548256203201
190.75
106.92837156955665
199.7
103.79933551773726
208.15
98.60938505082018
213.2
93.44814692464104
221.65
90.59990498587894
240.0
89.2941837667345
243.1
80.73827916427157
249.0
73.3546054750779
277.15
71.7310780707077
318.7
67.01990225999538
328.85
65.92820886139873
339.45
61.38658989794121
343.25
58.22785256005369
355.45
57.399662121896796
365.75
56.78940267176603
380.1
56.12845117206794
384.5
50.789739924151434
387.45
48.954801268880914
405.45
47.825963377196246
414.45
43.36140401642143
428.0
42.73196911216158
440.95
41.218811308986034
449.95
40.86930955550042
466.95
38.80433905356071
483.3
37.46423082701273

 136.99423082701273
.(1)  
    done in 3.5e-04 seconds/evaluation
  dimension seconds/evaluations
  -----------------------------
     20      3.5e-04 
  -----------------------------
  bbob done (1 of 360 problems benchmarked)
Deleting folder:  exdata/EA_AOS_on_bbob_budget0500xD-003
, Sat Mar 30 12:08:25 2019 (0h00:02 total elapsed time).
