COCO INFO: Results will be output to folder exdata/EA_AOS_on_bbob_budget0500xD-004
after __main__
budget 0.39 0.41 69 DE/rand/2 500
above main 500
def main 500
Benchmarking solver '<function EA_AOS' with budget=500*dimension on b'bbob' suite, Sat Mar 30 12:08:22 2019
batch_loop 500
Mar30 12h08:22, d=20, running: f005coco_optimiser 10000
inside coco 10000
ea-aos 10000
0.05
2.75
273.2808334377829
9.35
248.7870877273302
12.5
238.360142695313
16.1
220.3170804919201
20.5
191.74525848347614
23.55
178.4356529009461
26.8
175.6562643760179
30.45
141.418720407372
33.9
125.40034460511458
49.1
118.66677969828007
53.85
104.41471929560302
57.3
83.34906963557512
68.75
68.64100685246206
84.1
65.70629948122976
89.65
44.58645562469101
106.9
42.03503839547474
109.2
41.87413673821487
110.7
21.13420212661913
127.6
14.884271440496391
131.15
11.576624510260046
138.05
5.0
142.2
0.0

 99.53
.(1)  
    done in 5.0e-04 seconds/evaluation
  dimension seconds/evaluations
  -----------------------------
     20      5.0e-04 
  -----------------------------
  bbob done (1 of 360 problems benchmarked)
Deleting folder:  exdata/EA_AOS_on_bbob_budget0500xD-004
, Sat Mar 30 12:08:27 2019 (0h00:02 total elapsed time).
