COCO INFO: Results will be output to folder exdata/EA_AOS_on_bbob_budget0500xD-007
after __main__
budget 0.18 0.29 66 DE/rand/2 500
above main 500
def main 500
Benchmarking solver '<function EA_AOS' with budget=500*dimension on b'bbob' suite, Sat Mar 30 12:08:22 2019
batch_loop 500
Mar30 12h08:22, d=20, running: f005coco_optimiser 10000
inside coco 10000
ea-aos 10000
0.05
2.75
273.2808334377829
7.8
258.29830958669515
12.65
249.73585997635539
15.65
249.6165674205573
17.7
233.14984690926147
22.35
211.90330297182427
26.25
203.53125732205652
27.75
201.54683701073392
35.45
170.72586650321293
46.8
136.37141162560786
61.85
127.95370749799926
63.95
112.926291087225
67.6
106.16338778681964
94.4
99.57383378934523
97.7
97.33311835663852
107.2
96.84685584478584
111.35
88.58196365129726
121.25
81.59477539844897
131.1
78.43427541445735
138.15
73.55995635012638
142.1
58.066323480551574
163.95
56.38697891785844
185.5
56.077649794302346
198.4
49.57590518693459
218.1
48.08840417936946
224.45
47.2863958632189
236.55
44.60998935441279
242.0
40.115191204169264
245.3
39.79656786508221
255.0
37.94127734092629
259.1
37.61401340115569
279.25
33.97392469597878
285.3
31.760762182949065
288.6
29.90686628788498
305.1
28.984861933746714
316.45
28.866845215257086
318.5
27.235266565314703
335.0
25.79681667702704
351.55
25.44040346990306
355.8
23.297810762467634
362.4
23.16897287078295
388.45
22.85936087417997
389.45
22.080024735980885
404.4
21.525386077906944
421.5
20.58508588847684
430.8
20.456247996792158
439.7
19.456247996792158

 118.98624799679216
.(1)  
    done in 2.9e-04 seconds/evaluation
  dimension seconds/evaluations
  -----------------------------
     20      2.9e-04 
  -----------------------------
  bbob done (1 of 360 problems benchmarked)
Deleting folder:  exdata/EA_AOS_on_bbob_budget0500xD-007
, Sat Mar 30 12:08:25 2019 (0h00:02 total elapsed time).
