COCO INFO: Results will be output to folder exdata/EA_AOS_on_bbob_budget0500xD-021
after __main__
budget 0.1 0.24 76 DE/rand/2 500
above main 500
def main 500
Benchmarking solver '<function EA_AOS' with budget=500*dimension on b'bbob' suite, Sat Mar 30 12:10:38 2019
batch_loop 500
Mar30 12h10:38, d=20, running: f001coco_optimiser 10000
inside coco 10000
ea-aos 10000
0.05
0.05
17.45
63.17402815999999
21.25
47.75482816
26.9
42.14522816000001
44.7
41.16922816
46.05
38.10362816
50.5
28.30682816000001
54.3
28.27962816
59.25
26.001228160000004
62.0
24.25402816
65.8
23.873228160000007
75.05
16.489228160000003
80.05
15.006028160000001
91.45
11.48762816
112.6
9.67642816
129.1
9.244428160000002
136.7
7.3580281600000035
139.55
6.858828160000002
147.15
6.121228160000001
155.7
5.889228160000002
174.1
4.414028160000001
196.75
4.273228160000002
207.1
3.4412281600000014
214.7
2.3596281599999998
288.8
2.3516281600000006
294.5
2.0892281599999976
351.4
2.00122816
369.4
1.8604281599999979

 -23.389571840000002
.(1)  
    done in 2.9e-04 seconds/evaluation
  dimension seconds/evaluations
  -----------------------------
     20      2.9e-04 
  -----------------------------
  bbob done (1 of 360 problems benchmarked)
Deleting folder:  exdata/EA_AOS_on_bbob_budget0500xD-021
, Sat Mar 30 12:10:41 2019 (0h00:02 total elapsed time).
