COCO INFO: Results will be output to folder exdata/EA_AOS_on_bbob_budget0500xD-019
after __main__
budget 0.65 0.24 60 DE/rand/2 500
above main 500
def main 500
Benchmarking solver '<function EA_AOS' with budget=500*dimension on b'bbob' suite, Sat Mar 30 12:08:23 2019
batch_loop 500
Mar30 12h08:23, d=20, running: f005coco_optimiser 10000
inside coco 10000
ea-aos 10000
0.05
2.75
273.2808334377829
8.75
262.3521524128706
11.75
245.14288314910445
14.1
210.812911533397
23.7
204.7527711660554
26.05
165.0137140052107
29.05
141.76616052683326
41.25
137.83056195987595
42.75
134.6873724722397
45.4
132.72563602416227
50.25
102.56206331623258
52.15
102.14184501401334
58.15
71.86890787753671
60.85
49.39933805037501
73.4
35.19355830508093
84.85
22.279360834501148
91.25
9.261387522553107
129.9
8.531958826053838
133.25
7.192249441438321
135.55
2.6237767391887274
144.9
0.0

 99.53
.(1)  
    done in 3.5e-04 seconds/evaluation
  dimension seconds/evaluations
  -----------------------------
     20      3.5e-04 
  -----------------------------
  bbob done (1 of 360 problems benchmarked)
Deleting folder:  exdata/EA_AOS_on_bbob_budget0500xD-019
, Sat Mar 30 12:08:26 2019 (0h00:02 total elapsed time).
