COCO INFO: Results will be output to folder exdata/EA_AOS_on_bbob_budget0500xD-021
after __main__
budget 0.65 0.24 60 DE/rand/2 500
above main 500
def main 500
Benchmarking solver '<function EA_AOS' with budget=500*dimension on b'bbob' suite, Sat Mar 30 12:15:14 2019
batch_loop 500
Mar30 12h15:14, d=20, running: f012coco_optimiser 10000
inside coco 10000
ea-aos 10000
0.05
0.25
6.25
190736367.77531046
14.0
179727095.3224891
39.2
178868928.28608453
42.25
159174491.38489842
50.5
151144465.43603033
51.05
134523748.821824
73.25
113577598.31076969
87.05
109662997.85714646
94.05
108922776.4856826
99.05
96863605.26204866
105.55
83927229.57325242
117.4
80837901.6233158
126.55
65543677.2090247
129.55
64654358.97758135
142.25
64338156.06568164
153.2
62110011.70850912
164.0
37444527.192475915
188.0
31348827.0295115
251.75
27331768.913922198
253.05
23378903.730587743
275.0
18636721.32576812
310.7
13654181.26544968
359.9
10967220.225287186
361.3
8671474.692200312
379.3
7164932.0592778055
419.8
6515977.866364267
437.95
4902382.289678712
484.95
3672612.0725835036

 3672689.9625835037
.(1)  
    done in 2.5e-04 seconds/evaluation
  dimension seconds/evaluations
  -----------------------------
     20      2.5e-04 
  -----------------------------
  bbob done (1 of 360 problems benchmarked)
Deleting folder:  exdata/EA_AOS_on_bbob_budget0500xD-021
, Sat Mar 30 12:15:16 2019 (0h00:02 total elapsed time).
