COCO INFO: Results will be output to folder exdata/EA_AOS_on_bbob_budget0500xD-024
after __main__
budget 0.24 0.27 70 DE/rand/2 500
above main 500
def main 500
Benchmarking solver '<function EA_AOS' with budget=500*dimension on b'bbob' suite, Sat Mar 30 12:12:59 2019
batch_loop 500
Mar30 12h12:59, d=20, running: f004coco_optimiser 10000
inside coco 10000
ea-aos 10000
0.05
0.05
7.75
568.3314451311206
11.25
543.1859567942838
23.6
477.44932129435176
40.95
471.73717821164814
42.75
414.80868757124813
51.65
386.08099334014616
53.4
385.3056964860467
62.15
382.27718084022445
64.05
331.20390090262015
73.2
325.5351981863576
90.7
311.69224489433657
99.95
290.6155694955553
117.7
286.4889307390154
120.95
284.8385958987872
134.3
273.33346090549543
144.3
263.8026454556283
147.55
261.80110926223495
151.3
259.64615630536423
154.8
251.92581778518525
163.3
248.6679286759765
173.3
243.73033411956715
176.8
234.30490287914432
183.5
226.5236489493376
194.0
224.18748066134702
218.5
222.0541098289733
230.6
221.10922959994195
241.2
214.50285719926654
251.0
213.11090934556182
253.3
209.74891226068712
259.95
209.6320732981083
271.8
208.86016763314672
276.3
206.62761216318103
282.5
205.39057082538284
289.5
203.05440253739226
294.0
199.94632858444004

 160.64632858444003
.(1)  
    done in 4.3e-04 seconds/evaluation
  dimension seconds/evaluations
  -----------------------------
     20      4.3e-04 
  -----------------------------
  bbob done (1 of 360 problems benchmarked)
Deleting folder:  exdata/EA_AOS_on_bbob_budget0500xD-024
, Sat Mar 30 12:13:03 2019 (0h00:02 total elapsed time).
