COCO INFO: Results will be output to folder exdata/EA_AOS_on_bbob_budget0500xD-003
after __main__
budget 0.3 0.22 67 DE/rand/2 500
above main 500
def main 500
Benchmarking solver '<function EA_AOS' with budget=500*dimension on b'bbob' suite, Sat Mar 30 12:21:29 2019
batch_loop 500
Mar30 12h21:29, d=20, running: f018coco_optimiser 10000
inside coco 10000
ea-aos 10000
0.05
0.1
12.0
60.585055592707135
15.85
54.894371541558826
27.4
49.95457301877059
30.35
48.33876279842906
53.05
41.680367614832505
55.5
37.01087786729414
68.2
29.977093879833376
72.6
20.969964135735268
111.75
17.81764511392163
126.4
17.66948847838239
144.85
14.963737282599311
186.25
13.612512946524191
226.8
11.13202455910573
272.15
9.954267415010918
299.3
9.753272334458927
302.3
9.102378710348148
315.45
8.945981666973523
417.3
8.565180679540163
433.7
8.16935962913368
468.55
7.332712050798932

 280.4827120507989
.(1)  
    done in 3.0e-04 seconds/evaluation
  dimension seconds/evaluations
  -----------------------------
     20      3.0e-04 
  -----------------------------
  bbob done (1 of 360 problems benchmarked)
Deleting folder:  exdata/EA_AOS_on_bbob_budget0500xD-003
, Sat Mar 30 12:21:32 2019 (0h00:02 total elapsed time).
