COCO INFO: Results will be output to folder exdata/EA_AOS_on_bbob_budget0500xD-002
after __main__
budget 0.39 0.24 91 DE/rand/2 500
above main 500
def main 500
Benchmarking solver '<function EA_AOS' with budget=500*dimension on b'bbob' suite, Sat Mar 30 12:08:43 2019
batch_loop 500
Mar30 12h08:43, d=20, running: f005coco_optimiser 10000
inside coco 10000
ea-aos 10000
0.05
2.75
273.2808334377829
11.2
252.96085230945457
20.0
226.4630867480224
28.25
203.4373823463014
37.4
192.24166382216274
42.3
170.16426780994377
53.55
150.85153616603836
59.55
141.634332242328
71.75
106.61332349973182
76.05
103.69729441308397
83.5
97.48212064363167
89.55
79.37896015848514
102.6
73.94968422222942
112.7
63.67098969423367
126.35
52.5757440046107
128.2
45.54147694164763
135.05
34.69885887333837
139.6
20.90606424852949
163.6
20.25228244979823
172.9
14.62255120498179
182.8
13.372583072235074
202.9
12.645864131632038
209.3
10.500676515764042
214.65
8.501252854668905
239.4
3.910925884433496
245.2
1.4384498882876642
250.55
0.0

 99.53
.(1)  
    done in 4.8e-04 seconds/evaluation
  dimension seconds/evaluations
  -----------------------------
     20      4.8e-04 
  -----------------------------
  bbob done (1 of 360 problems benchmarked)
Deleting folder:  exdata/EA_AOS_on_bbob_budget0500xD-002
, Sat Mar 30 12:08:48 2019 (0h00:02 total elapsed time).
