COCO INFO: Results will be output to folder exdata/EA_AOS_on_bbob_budget0500xD-008
after __main__
budget 0.13 0.19 71 DE/rand/2 500
above main 500
def main 500
Benchmarking solver '<function EA_AOS' with budget=500*dimension on b'bbob' suite, Sat Mar 30 12:22:48 2019
batch_loop 500
Mar30 12h22:48, d=20, running: f022coco_optimiser 10000
inside coco 10000
ea-aos 10000
0.05
2.85
79.07188394434645
8.5
74.42265545239685
12.05
68.87992338789316
31.95
62.94001747020819
42.6
56.58753848059963
69.15
52.42698077900458
71.3
39.9631677913825
110.05
39.21519160183085
121.1
37.07540206126039
124.65
36.825301611024955
160.15
30.59611228362148
173.0
27.69432657298593
174.75
25.427241408787225
200.8
21.796112985301946
216.95
21.53019385547745
222.1
20.962455336934028
232.75
19.138650115287717
249.05
17.498779950909253
270.35
17.407233936507524
297.25
16.677803224887043
298.75
15.477190242434702
305.85
12.966044249098502
324.4
12.782185322452293
355.85
12.21803756704496
362.95
11.630946498852296
380.4
11.105764670708453
383.95
10.351535394139745
395.0
10.335071155370414
406.65
9.721205308264615
427.95
8.956994636208421

 108.75699463620842
.(1)  
    done in 2.5e-04 seconds/evaluation
  dimension seconds/evaluations
  -----------------------------
     20      2.5e-04 
  -----------------------------
  bbob done (1 of 360 problems benchmarked)
Deleting folder:  exdata/EA_AOS_on_bbob_budget0500xD-008
, Sat Mar 30 12:22:50 2019 (0h00:02 total elapsed time).
