COCO INFO: Results will be output to folder exdata/EA_AOS_on_bbob_budget0500xD-004
after __main__
budget 0.13 0.19 71 DE/rand/2 500
above main 500
def main 500
Benchmarking solver '<function EA_AOS' with budget=500*dimension on b'bbob' suite, Sat Mar 30 12:15:34 2019
batch_loop 500
Mar30 12h15:34, d=20, running: f012coco_optimiser 10000
inside coco 10000
ea-aos 10000
0.05
0.25
6.05
176467821.1698814
10.5
173161718.0889781
13.15
94706470.39681195
27.35
81025751.31004202
37.7
62757124.639922
41.25
61304845.11011332
48.35
48480808.15151057
52.25
47043175.16633543
55.45
32473719.404958513
66.45
31105997.152642533
71.9
27130096.336305697
82.55
22989474.344583016
86.1
18123337.854433198
93.2
17604837.59900304
114.45
13703264.043386111
118.25
12911426.009725643
121.8
10689242.203509275
136.0
8174222.333026924
146.65
6978608.994236395
167.95
6696563.235060063
179.2
6624823.658558433
200.0
4482718.15335036
230.9
2937759.7537262496
270.85
2789899.699553447
277.15
2603661.664037619
282.65
2361339.9468106385
288.55
1929447.3698546248
305.65
1765108.2795073176
312.95
1583847.528219606
383.75
1573053.550437104
397.7
1355862.155592293

 1355940.045592293
.(1)  
    done in 3.5e-04 seconds/evaluation
  dimension seconds/evaluations
  -----------------------------
     20      3.5e-04 
  -----------------------------
  bbob done (1 of 360 problems benchmarked)
Deleting folder:  exdata/EA_AOS_on_bbob_budget0500xD-004
, Sat Mar 30 12:15:38 2019 (0h00:02 total elapsed time).
