COCO INFO: Results will be output to folder exdata/EA_AOS_on_bbob_budget0500xD-004
after __main__
budget 0.13 0.19 71 DE/rand/2 500
above main 500
def main 500
Benchmarking solver '<function EA_AOS' with budget=500*dimension on b'bbob' suite, Sat Mar 30 12:20:33 2019
batch_loop 500
Mar30 12h20:33, d=20, running: f006coco_optimiser 10000
inside coco 10000
ea-aos 10000
0.05
0.05
4.5
100852.31545935196
14.5
62932.733954528776
18.05
33375.74390132267
28.7
25850.67916777496
35.6
25206.21105393563
52.4
15458.708432253532
53.35
11440.538107796263
60.6
5712.782631590627
70.7
4492.372846257558
77.95
3670.422172457924
87.65
213.4717734048128
92.2
118.45130651818118
149.0
117.37992964077841
206.7
117.00854459870007
217.05
115.51967858703765
238.35
109.20518075814027
343.1
108.58276471272566
347.7
106.49936307788624
366.45
103.06005414655274
372.55
98.80255597406006
383.8
90.77950051711122
394.55
69.05088524696325
419.4
62.24375977124732

 93.09375977124732
.(1)  
    done in 5.3e-04 seconds/evaluation
  dimension seconds/evaluations
  -----------------------------
     20      5.3e-04 
  -----------------------------
  bbob done (1 of 360 problems benchmarked)
Deleting folder:  exdata/EA_AOS_on_bbob_budget0500xD-004
, Sat Mar 30 12:20:38 2019 (0h00:02 total elapsed time).
