COCO INFO: Results will be output to folder exdata/EA_AOS_on_bbob_budget0500xD-002
after __main__
budget 0.13 0.19 71 DE/rand/2 500
above main 500
def main 500
Benchmarking solver '<function EA_AOS' with budget=500*dimension on b'bbob' suite, Sat Mar 30 12:21:50 2019
batch_loop 500
Mar30 12h21:50, d=20, running: f018coco_optimiser 10000
inside coco 10000
ea-aos 10000
0.05
0.1
3.75
66.49603171482045
7.2
66.14179361755373
10.75
53.14317112062679
17.25
47.83914175957176
20.5
44.82667763404237
24.05
40.62031921369305
30.65
38.86977781459649
35.0
36.91824680057999
38.25
35.66427920233582
45.05
33.918539748380965
51.5
32.71011175147339
58.3
25.558992367071028
85.95
24.78698210591824
93.95
24.15620267137001
98.65
20.624867458354515
117.15
20.505038592971687
126.7
17.00601687426382
162.0
16.813339728829305
169.15
14.0809010650201
176.75
12.543505839097577
207.35
10.93495250265562
308.4
10.777118006613648
323.25
8.89200270620995
380.05
7.489383247516798

 280.6393832475168
.(1)  
    done in 4.5e-04 seconds/evaluation
  dimension seconds/evaluations
  -----------------------------
     20      4.5e-04 
  -----------------------------
  bbob done (1 of 360 problems benchmarked)
Deleting folder:  exdata/EA_AOS_on_bbob_budget0500xD-002
, Sat Mar 30 12:21:55 2019 (0h00:02 total elapsed time).
