COCO INFO: Results will be output to folder exdata/EA_AOS_on_bbob_budget0500xD
after __main__
budget 0.21 0.35 62 DE/rand/2 500
above main 500
def main 500
Benchmarking solver '<function EA_AOS' with budget=500*dimension on b'bbob' suite, Sat Mar 30 12:23:49 2019
batch_loop 500
Mar30 12h23:49, d=20, running: f014coco_optimiser 10000
inside coco 10000
ea-aos 10000
0.05
2.05
71.85823910900007
6.75
47.21624879776577
16.15
41.89393463674432
20.15
33.689666064337914
26.3
25.733563824578546
34.0
24.431582964843436
36.25
24.39122015491597
40.2
21.499594991208273
46.9
20.13221456799194
51.3
15.873341726473175
62.8
15.137479253826115
73.0
14.596967297289979
76.1
11.817131250725428
88.3
11.175729579297919
92.8
11.117792862901315
106.1
9.341099470674163
115.25
9.337846544145744
123.85
8.499245865558649
129.6
7.831000330181285
136.25
7.448554952982467
142.4
7.349249177244425
145.5
7.114847196689682
149.35
5.7655586293462475
184.0
5.7426317798339985
190.2
5.639646393726708
196.9
5.50882893282627
199.0
5.3232906507293345
203.1
5.268875763151285
211.7
5.181170337688703
214.8
5.089699464414221
221.7
5.057655447286945
226.1
5.0286690265612455
230.5
4.262959599436376
239.3
4.1523386541623895
279.6
4.0206046155617665
294.55
3.6738756117414786
331.7
3.409072008303485
340.95
2.948601950168512
377.65
2.9394382648732416
381.3
2.9265191711037994
388.35
2.8217506294658117
391.95
2.7755360997559295
412.1
2.688494128309654
428.65
2.673478271555619
436.6
2.5540101170976834
441.85
2.509734154023014
465.9
2.4432721410980855
469.0
2.345358826974576
487.6
2.336776093600357
493.6
2.2863650359062317

 9.926365035906231
.(1)  
    done in 4.3e-04 seconds/evaluation
  dimension seconds/evaluations
  -----------------------------
     20      4.3e-04 
  -----------------------------
  bbob done (1 of 360 problems benchmarked)
Deleting folder:  exdata/EA_AOS_on_bbob_budget0500xD
, Sat Mar 30 12:23:54 2019 (0h00:02 total elapsed time).
