COCO INFO: Results will be output to folder exdata/EA_AOS_on_bbob_budget0500xD-010
after __main__
budget 0.16 0.26 77 DE/rand/2 500
above main 500
def main 500
Benchmarking solver '<function EA_AOS' with budget=500*dimension on b'bbob' suite, Sat Mar 30 12:19:21 2019
batch_loop 500
Mar30 12h19:21, d=20, running: f003coco_optimiser 10000
inside coco 10000
ea-aos 10000
0.05
3.7
632.2078248121554
7.55
580.4914475916983
11.4
572.9005036144903
26.35
465.3913998182676
29.45
422.19088318610613
34.6
406.8280133229626
38.45
379.03911364607177
43.4
377.47106563920875
57.5
315.71957675415297
69.55
310.0573073129201
73.4
297.6573009619761
80.35
286.8678113597199
89.6
265.17855835683986
99.0
246.7401318321231
112.7
228.15747432768552
118.85
221.17283151005478
126.55
209.44061377358895
130.4
205.95249524827994
139.65
203.77159597410764
154.25
194.0074778903906
193.55
192.2566086935921
205.3
191.02239450474445
209.25
190.48515580111058
214.55
184.62819367746255
216.55
180.48086219804264
233.15
179.54775940743832
245.0
174.14387916753725
256.55
170.14694269698612
284.45
169.65729534048108
308.1
168.1358792412458
321.6
165.63491529318725
339.55
164.4228133680993
347.7
162.0969503654369
365.9
160.81081903497403

 -301.27918096502594
.(1)  
    done in 3.5e-04 seconds/evaluation
  dimension seconds/evaluations
  -----------------------------
     20      3.5e-04 
  -----------------------------
  bbob done (1 of 360 problems benchmarked)
Deleting folder:  exdata/EA_AOS_on_bbob_budget0500xD-010
, Sat Mar 30 12:19:24 2019 (0h00:02 total elapsed time).
