COCO INFO: Results will be output to folder exdata/EA_AOS_on_bbob_budget0500xD-011
after __main__
budget 0.15 0.37 71 DE/rand/2 500
above main 500
def main 500
Benchmarking solver '<function EA_AOS' with budget=500*dimension on b'bbob' suite, Sat Mar 30 12:19:21 2019
batch_loop 500
Mar30 12h19:21, d=20, running: f003coco_optimiser 10000
inside coco 10000
ea-aos 10000
0.05
2.25
719.2482309328874
12.25
610.0298787235902
14.7
562.5433944838824
18.1
527.3144968989122
21.65
468.37137723489144
29.35
466.44843203372056
36.1
399.15853570601587
40.7
385.5300826394292
48.9
356.9557576271783
50.15
353.2641363197266
53.55
331.7995064407885
57.7
296.79432122217366
61.25
281.3442879881102
70.95
277.24746230209564
73.35
262.90461770768485
78.15
249.13684888244393
88.25
236.33598983919165
90.5
229.66894770394686
93.2
217.677492489305
108.8
209.08749661997018
119.6
192.12732006954366
140.9
188.6035778417796
157.6
186.6811845965862
174.85
186.2898801897624
181.45
181.95406200374333
193.1
176.22878162156331
197.7
176.10296668935047
202.7
173.97778008275372
218.95
173.3725597988311
230.15
172.66400733411388
237.8
170.82224266136268
245.85
168.64527052792806
250.9
164.52388490812046
276.9
163.74714486434
277.8
161.08492555288382
280.95
160.83496314363487
302.4
159.72393275856808
308.1
158.43780142810527
320.45
157.37185967973744

 -304.71814032026253
.(1)  
    done in 4.7e-04 seconds/evaluation
  dimension seconds/evaluations
  -----------------------------
     20      4.7e-04 
  -----------------------------
  bbob done (1 of 360 problems benchmarked)
Deleting folder:  exdata/EA_AOS_on_bbob_budget0500xD-011
, Sat Mar 30 12:19:25 2019 (0h00:03 total elapsed time).
