COCO INFO: Results will be output to folder exdata/EA_AOS_on_bbob_budget0500xD-027
after __main__
budget 0.13 0.36 54 DE/rand/2 500
above main 500
def main 500
Benchmarking solver '<function EA_AOS' with budget=500*dimension on b'bbob' suite, Sat Mar 30 12:23:14 2019
batch_loop 500
Mar30 12h23:14, d=20, running: f014coco_optimiser 10000
inside coco 10000
ea-aos 10000
0.05
0.6
8.7
24.122924168560196
19.5
23.24406019394692
22.2
18.595268751371844
32.9
15.764080035861763
44.0
14.720685852894057
54.2
13.491281248996692
62.4
11.108218649736862
70.5
10.421692003395052
85.3
10.169291542158327
88.15
8.509603950419077
115.6
7.725417191441476
118.25
6.921398350931327
133.75
6.889943144372303
136.6
6.441421374117304
139.85
5.013221682999685
181.8
4.472729180123942
185.65
4.22293897313029
210.55
4.025435243532364
232.4
3.677347517781236
251.3
3.409549347835295
262.1
3.1205689700873265
275.85
2.641203952527327
287.75
2.4042659453110886
294.75
2.3649845539666146
297.85
2.222778661676543
302.85
2.129503148408155
334.85
2.012352821087049
342.7
1.9947090609711537
354.55
1.788976234353072
359.9
1.451936006598963
381.5
1.3962438088948659

 -38.033756191105134
.(1)  
    done in 3.6e-04 seconds/evaluation
  dimension seconds/evaluations
  -----------------------------
     20      3.6e-04 
  -----------------------------
  bbob done (1 of 360 problems benchmarked)
Deleting folder:  exdata/EA_AOS_on_bbob_budget0500xD-027
, Sat Mar 30 12:23:18 2019 (0h00:02 total elapsed time).
