COCO INFO: Results will be output to folder exdata/EA_AOS_on_bbob_budget0500xD-016
after __main__
budget 0.13 0.36 54 DE/rand/2 500
above main 500
def main 500
Benchmarking solver '<function EA_AOS' with budget=500*dimension on b'bbob' suite, Sat Mar 30 12:13:20 2019
batch_loop 500
Mar30 12h13:20, d=20, running: f004coco_optimiser 10000
inside coco 10000
ea-aos 10000
0.05
0.05
7.85
700.8456119259451
8.15
692.7363830755353
14.05
668.2143358373323
17.85
616.5035966439752
21.35
514.260231943904
24.05
474.75647731884794
29.45
420.7578035410121
42.8
420.508961717665
44.35
409.5484999482528
46.6
380.31083794415184
51.05
356.24991076195636
66.25
352.49191024249177
69.95
316.1480691618433
70.45
311.34508595821967
94.35
280.99141558609637
110.45
279.95665668150804
113.7
266.90084979087976
120.15
263.21879138140565
129.0
260.3271087748833
145.6
254.04272700830876
147.9
253.79054792397278
151.0
251.44521686739517
156.45
244.54126484549585
163.75
234.2056747786221
172.55
228.09452929588446
177.55
223.94975490034722
198.75
219.21086694247987
208.85
210.9989212205026
223.75
205.41026338451775
232.65
203.54062037450564
246.75
201.90838081153748
248.6
201.44185553355902

 162.141855533559
.(1)  
    done in 3.4e-04 seconds/evaluation
  dimension seconds/evaluations
  -----------------------------
     20      3.4e-04 
  -----------------------------
  bbob done (1 of 360 problems benchmarked)
Deleting folder:  exdata/EA_AOS_on_bbob_budget0500xD-016
, Sat Mar 30 12:13:24 2019 (0h00:02 total elapsed time).
