COCO INFO: Results will be output to folder exdata/EA_AOS_on_bbob_budget0500xD-028
after __main__
budget 0.24 0.42 96 DE/rand/2 500
above main 500
def main 500
Benchmarking solver '<function EA_AOS' with budget=500*dimension on b'bbob' suite, Sat Mar 30 12:10:59 2019
batch_loop 500
Mar30 12h10:59, d=20, running: f001coco_optimiser 10000
inside coco 10000
ea-aos 10000
0.05
0.05
19.5
58.53082816000001
24.3
56.034828159999996
33.65
48.738828160000004
43.75
42.78042816
51.0
40.37882816
53.7
39.49082816000001
60.45
30.230028159999996
67.75
27.578828160000004
81.6
25.495628159999995
82.45
22.135628160000007
94.55
16.294028160000003
106.0
12.850828160000002
125.2
11.326028160000002
135.3
10.082828159999998
144.9
7.22682816
154.2
6.690828160000002
172.8
6.5100281600000045
173.4
6.4492281600000005
178.5
6.084428160000002
207.05
3.4428281600000012
248.6
3.4092281600000014
298.15
3.2044281600000026
340.15
3.0060281599999996
350.95
2.6220281599999993
371.05
2.3932281599999996
408.4
2.271628159999999
427.8
2.13082816

 -23.11917184
.(1)  
    done in 4.4e-04 seconds/evaluation
  dimension seconds/evaluations
  -----------------------------
     20      4.4e-04 
  -----------------------------
  bbob done (1 of 360 problems benchmarked)
Deleting folder:  exdata/EA_AOS_on_bbob_budget0500xD-028
, Sat Mar 30 12:11:04 2019 (0h00:02 total elapsed time).
