COCO INFO: Results will be output to folder exdata/EA_AOS_on_bbob_budget0500xD-022
after __main__
budget 0.26 0.42 51 DE/rand/2 500
above main 500
def main 500
Benchmarking solver '<function EA_AOS' with budget=500*dimension on b'bbob' suite, Sat Mar 30 12:22:48 2019
batch_loop 500
Mar30 12h22:49, d=20, running: f022coco_optimiser 10000
inside coco 10000
ea-aos 10000
0.05
1.6
79.61295947507718
9.15
75.30633351624768
10.8
74.11194481895221
17.7
72.38009670077868
18.5
70.51599101442743
24.45
68.97522406170351
25.8
64.37617406453843
53.35
55.3862752226983
55.5
52.57789917493831
61.2
51.051514137515554
70.55
35.274300475480075
79.0
28.915725500733046
91.8
27.198026006835306
93.5
25.99295148566503
96.9
25.030332352696078
97.6
23.7623254044543
101.0
19.84293984607963
106.1
18.87720730673273
142.65
18.49895431642645
149.35
17.703457924488504
150.7
16.72113249967228
156.35
14.52182124176467
160.2
14.446978889227509
160.9
14.23851777870037
167.85
11.577668286340796
187.45
11.05434965527428
202.5
10.913840265223058
223.0
10.91010937758682
234.9
10.429568723623035
239.05
10.145436950480999
245.45
9.699643647723079
249.7
9.357577791649177
253.25
8.611018293118121

 108.41101829311812
.(1)  
    done in 3.5e-04 seconds/evaluation
  dimension seconds/evaluations
  -----------------------------
     20      3.5e-04 
  -----------------------------
  bbob done (1 of 360 problems benchmarked)
Deleting folder:  exdata/EA_AOS_on_bbob_budget0500xD-022
, Sat Mar 30 12:22:52 2019 (0h00:02 total elapsed time).
