COCO INFO: Results will be output to folder exdata/EA_AOS_on_bbob_budget0500xD-002
after __main__
budget 0.18 0.17 91 DE/rand/2 500
above main 500
def main 500
Benchmarking solver '<function EA_AOS' with budget=500*dimension on b'bbob' suite, Sat Mar 30 12:20:33 2019
batch_loop 500
Mar30 12h20:33, d=20, running: f006coco_optimiser 10000
inside coco 10000
ea-aos 10000
0.05
0.05
7.6
76477.82915255582
22.1
63387.233676505995
25.8
57206.68630614863
31.2
33212.119724785545
32.0
28494.415226709567
46.6
6845.634147233037
74.15
6646.732450014426
102.6
3728.15830468834
114.5
216.6899419132908
119.05
207.32239437882723
164.8
149.39517822702553
211.05
138.74817443300194
220.05
135.02231846548617
229.15
132.38875826252328
236.0
131.37504268299452
243.85
121.99520250890853
248.05
116.28153827882903
257.15
116.09074381471493
301.45
114.44906734640153
315.6
114.12646628173113
337.85
102.16072742094559
357.6
95.06439749615544
369.7
94.49012055484937
415.2
74.23056419131854
430.8
72.40231752221283
453.55
70.99304586304984
467.2
70.64867636633517

 101.49867636633516
.(1)  
    done in 5.6e-04 seconds/evaluation
  dimension seconds/evaluations
  -----------------------------
     20      5.6e-04 
  -----------------------------
  bbob done (1 of 360 problems benchmarked)
Deleting folder:  exdata/EA_AOS_on_bbob_budget0500xD-002
, Sat Mar 30 12:20:38 2019 (0h00:02 total elapsed time).
