COCO INFO: Results will be output to folder exdata/EA_AOS_on_bbob_budget0500xD-003
after __main__
budget 0.17 0.39 71 DE/rand/2 500
above main 500
def main 500
Benchmarking solver '<function EA_AOS' with budget=500*dimension on b'bbob' suite, Sat Mar 30 12:15:52 2019
batch_loop 500
Mar30 12h15:52, d=20, running: f012coco_optimiser 10000
inside coco 10000
ea-aos 10000
0.05
0.25
4.15
210428240.46664307
7.85
205333713.2815662
14.05
79827898.1028631
14.95
78192539.27131528
25.6
77243134.57388666
30.0
70083717.93537791
38.35
61696329.07911957
40.1
44713234.25726902
55.1
32991748.339106705
62.75
31304219.755615372
67.85
28229579.893684313
83.8
27272101.987747848
88.35
22920327.416690476
94.75
22501305.042223554
99.0
18736360.55330435
116.65
14069160.609984897
128.9
12559348.55529602
139.55
9482959.782341553
176.95
8671461.417749088
182.8
7946214.717494777
193.4
5649023.402741275
204.1
5505143.527185603
211.15
4679145.46099811
236.0
4331350.975293324
263.2
4041120.6370022628
290.85
3241252.1516329586
306.6
3016605.5632400536
313.2
2831027.0376115856
321.75
2499492.227550103
346.9
2351690.779703841
353.7
2338270.0148958475
409.0
2176976.0125663136
429.65
2059946.847494105
436.75
2039946.2804287982

 2040024.170428798
.(1)  
    done in 3.7e-04 seconds/evaluation
  dimension seconds/evaluations
  -----------------------------
     20      3.7e-04 
  -----------------------------
  bbob done (1 of 360 problems benchmarked)
Deleting folder:  exdata/EA_AOS_on_bbob_budget0500xD-003
, Sat Mar 30 12:15:56 2019 (0h00:02 total elapsed time).
