COCO INFO: Results will be output to folder exdata/EA_AOS_on_bbob_budget0500xD-017
after __main__
budget 0.31 0.31 78 DE/rand/2 500
above main 500
def main 500
Benchmarking solver '<function EA_AOS' with budget=500*dimension on b'bbob' suite, Sat Mar 30 12:09:00 2019
batch_loop 500
Mar30 12h09:01, d=20, running: f005coco_optimiser 10000
inside coco 10000
ea-aos 10000
0.05
2.75
273.2808334377829
6.65
230.09240454647497
12.15
222.65439926891142
19.45
216.16880289921826
23.35
196.89839939535594
27.75
196.03951913038028
37.0
153.21314924882472
53.25
118.80293276017207
57.15
113.62999106595944
67.45
92.7767087876098
80.55
79.6061765280111
84.45
73.02081042137098
103.95
71.69964126213327
111.1
67.08248122582438
122.45
51.78491290181333
138.05
39.95546300596675
154.6
35.86013805943841
157.5
34.6419530479977
167.45
24.98568890344019
184.8
23.986449086394657
190.85
23.776219591752437
193.4
22.017926209994855
202.55
19.878201315591667
205.65
18.076299821319807
210.35
14.124401762441025
220.6
13.368958541562634
224.5
11.121405063185193
232.3
11.120630141698172
238.1
7.17920386578632
271.35
3.0
279.7
1.6237767391887274
296.75
1.0
310.2
0.0

 99.53
.(1)  
    done in 3.7e-04 seconds/evaluation
  dimension seconds/evaluations
  -----------------------------
     20      3.7e-04 
  -----------------------------
  bbob done (1 of 360 problems benchmarked)
Deleting folder:  exdata/EA_AOS_on_bbob_budget0500xD-017
, Sat Mar 30 12:09:04 2019 (0h00:02 total elapsed time).
