COCO INFO: Results will be output to folder exdata/EA_AOS_on_bbob_budget0500xD-018
after __main__
budget 0.35 0.26 93 DE/rand/2 500
above main 500
def main 500
Benchmarking solver '<function EA_AOS' with budget=500*dimension on b'bbob' suite, Sat Mar 30 12:15:54 2019
batch_loop 500
Mar30 12h15:54, d=20, running: f012coco_optimiser 10000
inside coco 10000
ea-aos 10000
0.05
0.25
7.95
216571956.73767826
13.8
174780834.50133094
16.45
112171945.789156
44.75
66963558.31790914
51.35
44625412.55790229
61.85
41569872.652372696
66.5
32791478.30914117
103.7
19471771.646820795
172.95
15968862.769266676
199.1
13609132.436899954
203.75
7030408.389762251
241.8
5750238.014730872
289.4
5297321.5732619995
295.5
4455195.930693928
300.4
4056025.300518419
317.95
3707263.4998606103
332.7
3224098.4919148553
337.35
3024177.7834508275
394.1
2746163.0415752833
403.6
2593066.1797185047
408.05
2325198.512280225
422.05
1972355.6292928765
431.35
1627617.057003617

 1627694.947003617
.(1)  
    done in 3.0e-04 seconds/evaluation
  dimension seconds/evaluations
  -----------------------------
     20      3.0e-04 
  -----------------------------
  bbob done (1 of 360 problems benchmarked)
Deleting folder:  exdata/EA_AOS_on_bbob_budget0500xD-018
, Sat Mar 30 12:15:57 2019 (0h00:02 total elapsed time).
