COCO INFO: Results will be output to folder exdata/EA_AOS_on_bbob_budget0500xD-017
after __main__
budget 0.35 0.26 93 DE/rand/2 500
above main 500
def main 500
Benchmarking solver '<function EA_AOS' with budget=500*dimension on b'bbob' suite, Sat Mar 30 12:19:21 2019
batch_loop 500
Mar30 12h19:21, d=20, running: f003coco_optimiser 10000
inside coco 10000
ea-aos 10000
0.05
3.7
632.2078248121554
13.85
611.2673675952511
17.75
557.8975128777381
20.85
538.7874058240188
31.6
482.78944341893316
45.55
447.82282852802496
55.2
431.9992676137464
59.25
407.3419720612294
63.8
386.94894120763945
68.45
386.6801554591822
74.3
383.3942252951929
78.45
316.17882678033465
105.7
306.94999414950155
114.9
302.8597555114971
117.85
278.77996206094105
124.2
257.1385242460061
138.3
255.86852500942564
143.55
250.70875485208947
161.45
232.48272900785025
176.65
231.2488986797024
181.3
215.72070146401276
189.6
214.78353936841228
199.5
209.20106930518176
203.3
199.37236791179492
236.7
196.95165538167197
251.35
192.44342752033663
257.0
191.78444545006386
270.95
181.57207720441482
284.95
177.96963959985197
297.9
175.36753367394869
324.1
174.96704604278005
330.15
173.2843415838518
344.4
163.23775357765766
363.0
159.798794222421
423.45
158.73285247405323
482.7
158.11467762861793
487.95
157.81962658266997
495.6
156.82854629815512

 -305.26145370184486
.(1)  
    done in 4.3e-04 seconds/evaluation
  dimension seconds/evaluations
  -----------------------------
     20      4.3e-04 
  -----------------------------
  bbob done (1 of 360 problems benchmarked)
Deleting folder:  exdata/EA_AOS_on_bbob_budget0500xD-017
, Sat Mar 30 12:19:26 2019 (0h00:02 total elapsed time).
