COCO INFO: Results will be output to folder exdata/EA_AOS_on_bbob_budget0500xD-019
after __main__
budget 0.39 0.34 84 DE/rand/2 500
above main 500
def main 500
Benchmarking solver '<function EA_AOS' with budget=500*dimension on b'bbob' suite, Sat Mar 30 12:11:21 2019
batch_loop 500
Mar30 12h11:21, d=20, running: f001coco_optimiser 10000
inside coco 10000
ea-aos 10000
0.05
0.05
24.5
62.75162816
33.1
54.18202815999999
37.85
51.41562816000002
47.15
46.84282816
52.45
40.88602816000001
60.2
39.70202816000001
65.7
32.964428160000004
69.9
26.454028160000007
90.9
20.982028160000006
97.85
18.55162816
107.55
13.970828160000002
122.3
13.20282816
130.35
12.50682816
135.65
11.577228159999997
141.15
11.388428160000002
143.65
8.684428160000003
161.8
7.660428160000002
166.4
7.364428159999999
179.0
7.074828159999999
189.65
6.831628160000001
207.05
5.434828160000002
214.05
4.466828160000002
231.6
3.948428159999999
265.75
3.2956281600000032
275.7
3.0860281600000015
279.9
2.879628160000003
282.0
2.8188281600000025
311.4
2.534028160000002
354.4
2.13082816
399.45
2.00122816
416.4
1.8604281599999979

 -23.389571840000002
.(1)  
    done in 4.2e-04 seconds/evaluation
  dimension seconds/evaluations
  -----------------------------
     20      4.2e-04 
  -----------------------------
  bbob done (1 of 360 problems benchmarked)
Deleting folder:  exdata/EA_AOS_on_bbob_budget0500xD-019
, Sat Mar 30 12:11:25 2019 (0h00:02 total elapsed time).
