COCO INFO: Results will be output to folder exdata/EA_AOS_on_bbob_budget0500xD
after __main__
budget 0.49 0.39 67 DE/rand/2 500
above main 500
def main 500
Benchmarking solver '<function EA_AOS' with budget=500*dimension on b'bbob' suite, Sat Mar 30 12:19:31 2019
batch_loop 500
Mar30 12h19:31, d=20, running: f003coco_optimiser 10000
inside coco 10000
ea-aos 10000
0.05
2.25
719.2482309328874
18.25
697.587704780527
22.05
675.5136380246076
24.75
621.9970339000528
29.1
472.57087479931874
41.55
456.64255666521126
52.55
414.7537542206588
54.8
387.56795366098197
71.65
357.8961475551688
79.65
336.61363093586294
86.6
334.2922935676693
90.75
304.75280105443517
97.45
289.09170226673353
116.7
277.08491633847837
121.9
261.56453631079535
134.35
261.46417886726994
147.1
245.5877087142602
149.1
237.45141757147763
154.45
235.2542069315099
172.85
226.18446690235703
183.4
224.0078061346932
186.75
217.03355013855193
190.1
215.22501192502625
191.5
206.18176729210415
202.55
203.84368667835582
214.2
199.56244490666836
219.9
197.29523018720005
228.5
193.76407127373847
238.55
193.03700826449307
241.9
192.09851369559482
249.3
187.61518278214277
270.15
187.17277117326654
286.75
180.03943799810872
298.55
176.12213450937452
301.9
170.42104921489596
359.35
170.07007650155532
363.9
168.3325596910842
377.3
164.49902970274434
384.0
162.59472352684622
404.2
159.72393275856808
432.3
159.18061937698576
438.1
159.00551843158968
439.35
158.2352029797409
445.7
157.8944880465229
458.0
157.81962658266997
464.4
156.53349525220716
496.85
155.46755350383933

 -306.62244649616065
.(1)  
    done in 2.5e-04 seconds/evaluation
  dimension seconds/evaluations
  -----------------------------
     20      2.5e-04 
  -----------------------------
  bbob done (1 of 360 problems benchmarked)
Deleting folder:  exdata/EA_AOS_on_bbob_budget0500xD
, Sat Mar 30 12:19:33 2019 (0h00:02 total elapsed time).
