COCO INFO: Results will be output to folder exdata/EA_AOS_on_bbob_budget0500xD-026
after __main__
budget 0.28 0.28 83 DE/rand/2 500
above main 500
def main 500
Benchmarking solver '<function EA_AOS' with budget=500*dimension on b'bbob' suite, Sat Mar 30 12:15:54 2019
batch_loop 500
Mar30 12h15:54, d=20, running: f012coco_optimiser 10000
inside coco 10000
ea-aos 10000
0.05
0.25
4.4
217089175.58750284
9.9
201830595.140363
12.7
198564028.6969796
17.95
152704047.69348812
25.8
128221317.48666053
32.9
97857833.17613932
51.15
81039240.44874346
57.75
76298086.93635842
61.9
57067425.44024323
68.4
34542365.391144074
80.0
33381377.088468563
83.65
29871448.10568578
102.05
23073228.02895974
128.35
16730030.767899182
149.1
13636391.4155526
158.4
13375266.937619844
175.0
11396908.124516197
193.5
8536292.677185457
202.7
7232322.539421857
230.5
6501813.382921347
242.95
6333255.887169641
250.45
5833959.411301136
263.4
5031660.622333453
267.6
4786647.465446863
284.8
3217748.0942135267
300.2
2824525.016533099
304.35
2702374.634451261
313.85
1749064.627954014
372.25
1737227.5932553848
384.15
1278239.997207791
408.1
1274618.901800756
460.45
1208457.1960219997

 1208535.0860219996
.(1)  
    done in 2.9e-04 seconds/evaluation
  dimension seconds/evaluations
  -----------------------------
     20      2.9e-04 
  -----------------------------
  bbob done (1 of 360 problems benchmarked)
Deleting folder:  exdata/EA_AOS_on_bbob_budget0500xD-026
, Sat Mar 30 12:15:57 2019 (0h00:02 total elapsed time).
