COCO INFO: Results will be output to folder exdata/EA_AOS_on_bbob_budget0500xD-005
after __main__
budget 0.31 0.28 104 DE/rand/2 500
above main 500
def main 500
Benchmarking solver '<function EA_AOS' with budget=500*dimension on b'bbob' suite, Sat Mar 30 12:09:19 2019
batch_loop 500
Mar30 12h09:19, d=20, running: f005coco_optimiser 10000
inside coco 10000
ea-aos 10000
0.05
4.9
271.5471537371153
7.95
254.3377925960602
20.5
248.9974190038288
22.15
248.6114552854648
30.9
225.40189585252287
32.55
181.55559193730866
51.85
177.50945111175483
60.05
161.9758674210826
62.6
158.5789489171652
68.55
138.18283381792577
77.75
127.98688305225232
81.8
112.06302335396285
87.0
92.13451859088602
99.15
85.6547896050129
107.8
69.05811966570425
127.5
57.66879271977345
154.95
46.71147814730864
178.35
19.3744657494164
236.95
19.07158657920624
253.3
10.785756047732079
285.75
6.438449888287664
313.45
5.798268174571447
321.7
5.0
332.2
1.6237767391887274
372.75
0.0

 99.53
.(1)  
    done in 3.7e-04 seconds/evaluation
  dimension seconds/evaluations
  -----------------------------
     20      3.7e-04 
  -----------------------------
  bbob done (1 of 360 problems benchmarked)
Deleting folder:  exdata/EA_AOS_on_bbob_budget0500xD-005
, Sat Mar 30 12:09:23 2019 (0h00:02 total elapsed time).
