COCO INFO: Results will be output to folder exdata/EA_AOS_on_bbob_budget0500xD-005
after __main__
budget 0.38 0.31 64 DE/rand/2 500
above main 500
def main 500
Benchmarking solver '<function EA_AOS' with budget=500*dimension on b'bbob' suite, Sat Mar 30 12:19:39 2019
batch_loop 500
Mar30 12h19:39, d=20, running: f003coco_optimiser 10000
inside coco 10000
ea-aos 10000
0.05
2.25
719.2482309328874
6.3
686.927934610671
9.65
632.4241218912275
13.05
482.3787071107922
34.05
463.61856811547625
38.35
444.75839774247635
44.75
412.1935282882297
47.35
371.98322586903475
57.55
333.79670240069214
68.25
284.2719305686837
88.3
272.53024480394737
91.5
270.66534586763294
94.7
260.0104739293624
116.0
251.7916350661969
119.9
245.35288216086647
131.15
242.97533333339933
131.65
237.21469108650942
135.2
224.90636436921417
137.9
220.6564653442732
155.05
212.94741130817175
161.0
208.15261275732715
170.85
193.32216920246685
187.35
186.02917982072728
193.0
164.52388490812046
253.85
164.24115084526926
257.45
160.71850713690338
273.45
157.77966739294385
361.85
156.71372564457596
377.35
156.53349525220716
394.05
155.46755350383933

 -306.62244649616065
.(1)  
    done in 3.4e-04 seconds/evaluation
  dimension seconds/evaluations
  -----------------------------
     20      3.4e-04 
  -----------------------------
  bbob done (1 of 360 problems benchmarked)
Deleting folder:  exdata/EA_AOS_on_bbob_budget0500xD-005
, Sat Mar 30 12:19:42 2019 (0h00:02 total elapsed time).
