COCO INFO: Results will be output to folder exdata/EA_AOS_on_bbob_budget0500xD
after __main__
budget 0.15 0.36 90 DE/rand/2 500
above main 500
def main 500
Benchmarking solver '<function EA_AOS' with budget=500*dimension on b'bbob' suite, Sat Mar 30 12:19:40 2019
batch_loop 500
Mar30 12h19:40, d=20, running: f003coco_optimiser 10000
inside coco 10000
ea-aos 10000
0.05
3.7
632.2078248121554
12.65
569.1644134652433
13.75
541.7773470088547
21.7
455.10555968947335
38.9
419.1062573203752
40.6
364.38405266692826
58.45
341.76701567187104
60.65
315.1588987495421
87.85
308.4292109338355
94.45
287.410290720189
98.95
257.0318310506834
139.45
253.39540590975102
141.55
240.6550355350405
164.1
225.2201713016438
168.3
213.8047875828309
185.35
203.9295237086538
196.85
193.38558903557959
221.05
190.63630504262767
240.95
188.2277419516103
248.95
186.61014319479267
272.45
181.30822480020726
294.95
178.14682468452935
304.65
178.13311784917823
309.65
170.85914566702166
314.15
167.6162317852192
396.0
166.01191545505725
399.65
164.65092266074151
428.05
163.58498091237368

 -298.5050190876263
.(1)  
    done in 3.5e-04 seconds/evaluation
  dimension seconds/evaluations
  -----------------------------
     20      3.5e-04 
  -----------------------------
  bbob done (1 of 360 problems benchmarked)
Deleting folder:  exdata/EA_AOS_on_bbob_budget0500xD
, Sat Mar 30 12:19:43 2019 (0h00:02 total elapsed time).
