COCO INFO: Results will be output to folder exdata/EA_AOS_on_bbob_budget0500xD-013
after __main__
budget 0.61 0.27 63 DE/rand/2 500
above main 500
def main 500
Benchmarking solver '<function EA_AOS' with budget=500*dimension on b'bbob' suite, Sat Mar 30 12:20:55 2019
batch_loop 500
Mar30 12h20:55, d=20, running: f006coco_optimiser 10000
inside coco 10000
ea-aos 10000
0.05
0.05
7.0
122253.37808892487
19.65
119877.23721060889
23.8
116378.25121078372
25.9
62390.703992686285
31.2
44250.9296926738
53.25
17999.838497281584
63.55
742.9506217250562
133.15
451.8913525488489
426.25
436.5642678399962
432.55
436.43716538259645

 467.28716538259647
.(1)  
    done in 5.0e-04 seconds/evaluation
  dimension seconds/evaluations
  -----------------------------
     20      5.0e-04 
  -----------------------------
  bbob done (1 of 360 problems benchmarked)
Deleting folder:  exdata/EA_AOS_on_bbob_budget0500xD-013
, Sat Mar 30 12:21:00 2019 (0h00:02 total elapsed time).
