COCO INFO: Results will be output to folder exdata/EA_AOS_on_bbob_budget0500xD-002
after __main__
budget 0.41 0.33 72 DE/rand/2 500
above main 500
def main 500
Benchmarking solver '<function EA_AOS' with budget=500*dimension on b'bbob' suite, Sat Mar 30 12:20:55 2019
batch_loop 500
Mar30 12h20:55, d=20, running: f006coco_optimiser 10000
inside coco 10000
ea-aos 10000
0.05
0.05
8.25
119920.29683938176
12.1
113014.68701076708
17.0
74707.81199689479
19.05
59592.996182207105
31.1
47771.10227387372
34.05
35094.69984042032
46.65
32216.943021044415
48.4
18788.234005286216
62.85
15095.351636676718
73.05
11599.38503528241
83.85
4502.245878180109
88.4
1945.1275931228513
90.75
1253.5230677063864
98.3
264.69209314354947
125.0
224.53889113354975
168.05
216.9801426386186
198.7
186.81967492893736
252.45
179.19103556873412
281.25
151.07607909294003
455.95
124.76661819306307

 155.61661819306306
.(1)  
    done in 5.0e-04 seconds/evaluation
  dimension seconds/evaluations
  -----------------------------
     20      5.0e-04 
  -----------------------------
  bbob done (1 of 360 problems benchmarked)
Deleting folder:  exdata/EA_AOS_on_bbob_budget0500xD-002
, Sat Mar 30 12:21:00 2019 (0h00:02 total elapsed time).
