COCO INFO: Results will be output to folder exdata/EA_AOS_on_bbob_budget0500xD-016
after __main__
budget 0.27 0.25 84 DE/rand/2 500
above main 500
def main 500
Benchmarking solver '<function EA_AOS' with budget=500*dimension on b'bbob' suite, Sat Mar 30 12:22:07 2019
batch_loop 500
Mar30 12h22:07, d=20, running: f018coco_optimiser 10000
inside coco 10000
ea-aos 10000
0.05
0.1
12.8
66.41765556710726
21.2
46.317372083322596
29.6
39.2564724709934
66.65
26.06259349336011
112.0
22.20346888276373
146.45
20.07833132078582
171.9
18.247280533118783
176.1
16.864040030455556
189.95
16.737069779544527
202.4
15.61173520858847
207.9
13.867189013263555
228.05
13.781589751350623
273.8
12.228119455078854
306.3
11.510915254595261
365.1
11.370523645198261
368.4
11.26959771107073
376.8
11.007108849982387
467.35
10.937357265424112
486.8
10.181501457906734

 283.3315014579067
.(1)  
    done in 3.6e-04 seconds/evaluation
  dimension seconds/evaluations
  -----------------------------
     20      3.6e-04 
  -----------------------------
  bbob done (1 of 360 problems benchmarked)
Deleting folder:  exdata/EA_AOS_on_bbob_budget0500xD-016
, Sat Mar 30 12:22:10 2019 (0h00:02 total elapsed time).
