COCO INFO: Results will be output to folder exdata/EA_AOS_on_bbob_budget0500xD-018
after __main__
budget 0.39 0.31 100 DE/rand/2 500
above main 500
def main 500
Benchmarking solver '<function EA_AOS' with budget=500*dimension on b'bbob' suite, Sat Mar 30 12:09:21 2019
batch_loop 500
Mar30 12h09:21, d=20, running: f005coco_optimiser 10000
inside coco 10000
ea-aos 10000
0.05
4.9
271.5471537371153
7.75
266.54757539010006
14.75
250.9432951756198
15.95
236.13526950337396
24.75
228.67178005750495
25.5
166.7966189942209
37.1
164.0611508915695
42.1
153.0268876391318
46.15
124.64664005330718
53.75
112.66917581913097
56.15
107.94287888257881
61.35
103.19979311372722
76.35
94.330246336481
88.3
88.96916482910484
95.85
81.54338020144505
101.45
70.43738695235467
111.45
47.615007827680586
132.05
44.421828593128765
136.5
22.84223649552814
163.5
22.42801985397506
176.5
17.328758422040195
182.35
16.285641120548632
191.5
15.704981682851468
197.95
3.665961421664875
226.9
2.54854997140626
230.15
2.3357214690901174
246.25
0.0

 99.53
.(1)  
    done in 4.1e-04 seconds/evaluation
  dimension seconds/evaluations
  -----------------------------
     20      4.1e-04 
  -----------------------------
  bbob done (1 of 360 problems benchmarked)
Deleting folder:  exdata/EA_AOS_on_bbob_budget0500xD-018
, Sat Mar 30 12:09:25 2019 (0h00:02 total elapsed time).
