COCO INFO: Results will be output to folder exdata/EA_AOS_on_bbob_budget0500xD-025
after __main__
budget 0.32 0.27 73 DE/rand/2 500
above main 500
def main 500
Benchmarking solver '<function EA_AOS' with budget=500*dimension on b'bbob' suite, Sat Mar 30 12:20:56 2019
batch_loop 500
Mar30 12h20:56, d=20, running: f006coco_optimiser 10000
inside coco 10000
ea-aos 10000
0.05
0.05
7.2
123310.68313088172
11.0
108739.70032517698
15.8
64960.96554620064
26.5
49414.067220897625
30.25
44235.02650547997
34.65
34724.82438244984
38.1
19088.785620820378
41.6
14015.303546757146
47.7
1311.064956039772
83.35
307.5343817771033
88.0
234.0431326506778
113.55
226.90196547288886
128.3
120.67967005116424
212.55
119.40853871081674
219.85
119.27948351300381
234.15
113.51610243773035
256.05
106.0134838181499
372.85
102.04746287360732
399.95
93.0349862184597
430.0
91.77042416391052
444.6
89.64748810927813
457.15
85.79503980914956
476.95
85.25447025226825
483.9
81.55868078321143

 112.40868078321142
.(1)  
    done in 4.1e-04 seconds/evaluation
  dimension seconds/evaluations
  -----------------------------
     20      4.1e-04 
  -----------------------------
  bbob done (1 of 360 problems benchmarked)
Deleting folder:  exdata/EA_AOS_on_bbob_budget0500xD-025
, Sat Mar 30 12:21:00 2019 (0h00:02 total elapsed time).
