COCO INFO: Results will be output to folder exdata/EA_AOS_on_bbob_budget0500xD-001
after __main__
budget 0.16 0.47 60 DE/rand/2 500
above main 500
def main 500
Benchmarking solver '<function EA_AOS' with budget=500*dimension on b'bbob' suite, Sat Mar 30 12:19:46 2019
batch_loop 500
Mar30 12h19:46, d=20, running: f003coco_optimiser 10000
inside coco 10000
ea-aos 10000
0.05
2.25
719.2482309328874
8.05
586.881732413086
16.55
518.9318441720752
20.7
488.19356463312124
23.05
477.6513671431526
29.15
475.0852619991378
32.1
422.22608831784777
33.95
362.2425605858418
42.6
354.0347930635594
45.6
319.48551861204965
51.45
314.0422407180346
57.75
313.56756222340687
60.95
307.8025954923065
66.75
305.83451240498374
69.3
303.2219319648894
75.6
282.87154975168175
80.2
265.6503421652289
84.3
264.68633488788794
95.55
255.08814713366877
98.55
224.51943619807935
107.35
223.8416802742015
111.4
207.37974958697188
132.75
204.76730754931822
135.75
204.35157174338383
144.3
183.59921716368018
153.3
182.23822436936445
208.85
181.59437991447953
220.5
179.07111656759082
236.7
178.42882969201293
241.95
177.34009870577637
244.5
174.81683535888766
272.4
173.75089361051982
280.25
172.7388687979668
283.25
171.37787600365107
311.4
170.31193425528323

 -291.77806574471674
.(1)  
    done in 2.2e-04 seconds/evaluation
  dimension seconds/evaluations
  -----------------------------
     20      2.2e-04 
  -----------------------------
  bbob done (1 of 360 problems benchmarked)
Deleting folder:  exdata/EA_AOS_on_bbob_budget0500xD-001
, Sat Mar 30 12:19:49 2019 (0h00:02 total elapsed time).
