COCO INFO: Results will be output to folder exdata/EA_AOS_on_bbob_budget0500xD-006
after __main__
budget 0.26 0.25 55 DE/rand/2 500
above main 500
def main 500
Benchmarking solver '<function EA_AOS' with budget=500*dimension on b'bbob' suite, Sat Mar 30 12:24:21 2019
batch_loop 500
Mar30 12h24:21, d=20, running: f015coco_optimiser 10000
inside coco 10000
ea-aos 10000
0.05
0.05
2.8
496.0248717359335
8.05
494.94574211072677
16.3
480.40584319439506
19.9
469.0378348520795
26.15
466.53509587969995
29.7
458.7177185395308
35.65
445.6322101785473
37.8
389.44427215253404
45.4
344.7921236653208
48.15
302.98887305626346
60.1
265.5287687027561
116.35
246.23855704234765
147.35
236.71182476278676
155.15
209.39787692941127
204.35
207.32373143916303
215.85
201.0117040857691
248.1
189.4977442693305
272.4
189.07674356019493
360.45
187.8798315364744
371.85
169.95826700735677
423.0
162.07013753625503

 69.60013753625503
.(1)  
    done in 3.0e-04 seconds/evaluation
  dimension seconds/evaluations
  -----------------------------
     20      3.0e-04 
  -----------------------------
  bbob done (1 of 360 problems benchmarked)
Deleting folder:  exdata/EA_AOS_on_bbob_budget0500xD-006
, Sat Mar 30 12:24:24 2019 (0h00:02 total elapsed time).
