COCO INFO: Results will be output to folder exdata/EA_AOS_on_bbob_budget0500xD-017
after __main__
budget 0.26 0.25 55 DE/rand/2 500
above main 500
def main 500
Benchmarking solver '<function EA_AOS' with budget=500*dimension on b'bbob' suite, Sat Mar 30 12:22:26 2019
batch_loop 500
Mar30 12h22:26, d=20, running: f018coco_optimiser 10000
inside coco 10000
ea-aos 10000
0.05
0.1
3.7
80.53317200997736
8.35
79.8042324369327
17.45
64.3373863848513
23.4
57.39147518479308
27.6
49.182227090093534
36.15
36.82590739291476
38.95
36.681026126658594
63.35
31.906825165715816
78.25
18.738439637483907
90.85
17.757622189700328
108.9
13.274072632995228
208.45
12.988516401910317
222.8
9.079904518953356
377.4
8.372932879570499
489.55
7.937142950324073

 281.08714295032405
.(1)  
    done in 4.6e-04 seconds/evaluation
  dimension seconds/evaluations
  -----------------------------
     20      4.6e-04 
  -----------------------------
  bbob done (1 of 360 problems benchmarked)
Deleting folder:  exdata/EA_AOS_on_bbob_budget0500xD-017
, Sat Mar 30 12:22:30 2019 (0h00:02 total elapsed time).
