COCO INFO: Results will be output to folder exdata/EA_AOS_on_bbob_budget0500xD-011
after __main__
budget 0.37 0.3 94 DE/rand/2 500
above main 500
def main 500
Benchmarking solver '<function EA_AOS' with budget=500*dimension on b'bbob' suite, Sat Mar 30 12:16:38 2019
batch_loop 500
Mar30 12h16:38, d=20, running: f012coco_optimiser 10000
inside coco 10000
ea-aos 10000
0.05
0.25
5.55
152806774.37963828
29.9
151049477.5756091
33.75
67808181.70742033
70.25
61026435.34460045
74.95
48414451.40769484
103.15
43667921.53192349
121.95
37165851.167084165
125.3
36657290.451180644
130.0
24746034.504337255
172.3
23186007.49305949
178.0
16385126.138166212
205.65
14426607.757548546
217.65
11422723.513329107
246.4
10551226.86207435
253.65
8053967.023887377
263.2
7673429.923115481
292.3
7645860.646379107
298.3
7317534.573996671
300.95
7126732.519455809
325.25
6291615.3276808085
332.65
5860031.8060761485
336.7
4861042.097082188
347.8
4769033.5756857805
350.7
4528924.298121242
368.5
4182175.3052121787
371.85
3193554.9880248886
414.15
3120838.767498587
418.95
2672418.636378444
425.85
2338270.0148958475
450.65
2281939.7561165066
458.8
1539905.8470759266

 1539983.7370759265
.(1)  
    done in 3.4e-04 seconds/evaluation
  dimension seconds/evaluations
  -----------------------------
     20      3.4e-04 
  -----------------------------
  bbob done (1 of 360 problems benchmarked)
Deleting folder:  exdata/EA_AOS_on_bbob_budget0500xD-011
, Sat Mar 30 12:16:41 2019 (0h00:02 total elapsed time).
