COCO INFO: Results will be output to folder exdata/EA_AOS_on_bbob_budget0500xD-001
after __main__
budget 0.37 0.3 94 DE/rand/2 500
above main 500
def main 500
Benchmarking solver '<function EA_AOS' with budget=500*dimension on b'bbob' suite, Sat Mar 30 12:14:26 2019
batch_loop 500
Mar30 12h14:26, d=20, running: f004coco_optimiser 10000
inside coco 10000
ea-aos 10000
0.05
0.05
21.15
701.487692102909
45.5
674.3935439964878
47.1
591.9550560042934
56.05
526.3705691797269
66.25
506.9964533848355
72.0
490.60987226672347
78.55
398.8956307499974
87.95
393.43832736664433
92.65
373.82622263873634
125.95
371.5558390031031
135.85
364.51345087628016
137.25
358.59481897391595
145.15
337.6477774869513
145.75
331.5238466775194
151.8
326.87733888961606
164.5
317.61756949853503
169.4
308.3143561904892
175.3
297.3960209262906
191.2
289.5916806746978
196.95
269.6776637286
220.45
265.4978782551409
228.5
260.6270809866902
234.35
252.19587544268876
253.35
250.22955625024912
265.55
243.79610563501183
279.65
237.8674015031674
287.1
227.5409653582659
291.8
222.3570365905685
345.55
221.73511652977572
351.35
221.35608716627934
356.05
214.7784164055633
379.6
211.49052842230083
384.9
207.05559529336358
419.7
205.80778830273704
429.1
200.183732031484
480.8
199.47980330646158
494.45
198.3140890214719

 159.01408902147188
.(1)  
    done in 3.1e-04 seconds/evaluation
  dimension seconds/evaluations
  -----------------------------
     20      3.1e-04 
  -----------------------------
  bbob done (1 of 360 problems benchmarked)
Deleting folder:  exdata/EA_AOS_on_bbob_budget0500xD-001
, Sat Mar 30 12:14:29 2019 (0h00:02 total elapsed time).
