COCO INFO: Results will be output to folder exdata/EA_AOS_on_bbob_budget0500xD
after __main__
budget 0.16 0.35 57 DE/rand/2 500
above main 500
def main 500
Benchmarking solver '<function EA_AOS' with budget=500*dimension on b'bbob' suite, Sat Mar 30 12:14:26 2019
batch_loop 500
Mar30 12h14:26, d=20, running: f004coco_optimiser 10000
inside coco 10000
ea-aos 10000
0.05
0.05
7.95
705.042007932209
11.85
546.3932070504984
14.55
472.5941845936135
33.95
458.5574310679674
34.65
417.00914859121036
38.4
411.3116130630691
40.2
383.4011824323704
49.8
351.5617362797275
68.1
347.1024100918205
69.05
327.24123104685293
74.8
324.2348597689888
77.6
307.8201344221277
83.1
297.48788649009174
91.9
278.5334943743994
125.5
262.9216663961431
137.05
252.43842796105184
153.55
248.2260037275792
156.4
236.3491760571361
167.8
230.72511978588312
185.2
227.9938982755753
199.45
226.0341499150352

 186.73414991503518
.(1)  
    done in 4.0e-04 seconds/evaluation
  dimension seconds/evaluations
  -----------------------------
     20      4.0e-04 
  -----------------------------
  bbob done (1 of 360 problems benchmarked)
Deleting folder:  exdata/EA_AOS_on_bbob_budget0500xD
, Sat Mar 30 12:14:30 2019 (0h00:03 total elapsed time).
