COCO INFO: Results will be output to folder exdata/EA_AOS_on_bbob_budget0500xD-020
after __main__
budget 0.16 0.35 57 DE/rand/2 500
above main 500
def main 500
Benchmarking solver '<function EA_AOS' with budget=500*dimension on b'bbob' suite, Sat Mar 30 12:09:44 2019
batch_loop 500
Mar30 12h09:44, d=20, running: f005coco_optimiser 10000
inside coco 10000
ea-aos 10000
0.05
2.75
273.2808334377829
11.1
245.70801350982978
12.85
241.39223225580375
16.55
223.9628076150045
22.15
191.55740758707415
25.0
180.25077435598925
31.05
177.13961889978023
47.8
173.38524457750177
55.55
173.24736122168505
60.7
157.0687949126096
66.55
152.13482515703447
72.45
134.4179236690343
80.55
133.51460351624252
85.3
129.88950429560109
89.15
116.19499509979775
94.85
110.99205607396249
115.75
100.56536117213699
121.45
100.09924167860041
127.5
91.05460879789274
141.05
89.60010435211635
145.85
85.28218148412017
150.2
82.5833828366415
152.55
81.57391842776232
155.95
77.83073147571051
160.65
70.14354695792542
164.55
69.58100418025069
170.25
66.60465273861936
180.75
65.40195184928436
183.75
63.39539611507183
190.25
62.21931153332412
203.55
58.04526872818141
215.5
57.774805002161315
218.75
56.10499842377229
226.8
51.598946471949716
230.65
48.96548762961271
234.0
47.315303427953694
242.6
45.197239806965
257.15
45.19109657578392
260.2
43.78894436776335
265.7
42.214745134152594
268.3
41.019476503537476
282.7
38.77086184367309
288.4
38.469932414032826
302.15
36.910474134184796
306.1
35.672358926352246
316.1
34.157859503311414
325.3
33.157859503311414
334.7
32.66292065580737
346.45
32.53408276412267
348.1
31.534082764122672

 131.06408276412267
.(1)  
    done in 4.2e-04 seconds/evaluation
  dimension seconds/evaluations
  -----------------------------
     20      4.2e-04 
  -----------------------------
  bbob done (1 of 360 problems benchmarked)
Deleting folder:  exdata/EA_AOS_on_bbob_budget0500xD-020
, Sat Mar 30 12:09:48 2019 (0h00:02 total elapsed time).
