COCO INFO: Results will be output to folder exdata/EA_AOS_on_bbob_budget0500xD-022
after __main__
budget 0.23 0.29 131 DE/rand/2 500
above main 500
def main 500
Benchmarking solver '<function EA_AOS' with budget=500*dimension on b'bbob' suite, Sat Mar 30 12:16:39 2019
batch_loop 500
Mar30 12h16:39, d=20, running: f012coco_optimiser 10000
inside coco 10000
ea-aos 10000
0.05
0.25
12.0
180208218.98593938
18.0
107986456.07179727
34.2
106926071.5957138
49.25
85707887.63708276
61.1
63956030.09768849
73.6
56810575.37334155
103.15
27184696.466972377
157.25
20538663.42920231
176.8
13381340.753610766
242.3
11575882.960886432
247.45
10423998.795284864
267.95
9998321.633508414
272.65
8581007.189698946
288.25
8380589.126535852
309.75
7854460.858333048
314.85
6785864.585452604
330.1
4146984.8321447354
362.45
3716903.9303653687
369.0
3591790.3903240967
440.6
3413618.488089875
446.35
2664232.9188477783
452.9
2403922.4022816815
472.55
1819919.1592450575

 1819997.0492450574
.(1)  
    done in 3.9e-04 seconds/evaluation
  dimension seconds/evaluations
  -----------------------------
     20      3.9e-04 
  -----------------------------
  bbob done (1 of 360 problems benchmarked)
Deleting folder:  exdata/EA_AOS_on_bbob_budget0500xD-022
, Sat Mar 30 12:16:43 2019 (0h00:02 total elapsed time).
