COCO INFO: Results will be output to folder exdata/EA_AOS_on_bbob_budget0500xD
after __main__
budget 0.26 0.27 78 DE/rand/2 500
above main 500
def main 500
Benchmarking solver '<function EA_AOS' with budget=500*dimension on b'bbob' suite, Sat Mar 30 12:09:50 2019
batch_loop 500
Mar30 12h09:50, d=20, running: f005coco_optimiser 10000
inside coco 10000
ea-aos 10000
0.05
2.75
273.2808334377829
6.65
240.85101483795526
10.55
234.19910892873858
16.35
217.35375608494488
29.85
214.36557827568035
34.25
199.441121415384
38.9
177.74032454597815
50.3
162.1845777573865
69.8
146.30934519310554
71.0
134.03144813618312
76.45
124.73730596949605
81.5
100.26719538297232
93.2
94.53515729157752
105.05
85.34742960592806
110.85
72.34109467734203
132.15
70.33983888969877
134.25
61.99117321407377
139.55
52.62550436509528
144.55
50.191923080563555
151.25
44.715551668904226
162.95
41.21147031891874
168.0
39.63596259906697
180.95
37.3736564724868
186.15
37.24787967459724
187.5
24.750604986492093
210.55
21.672820317202238
215.05
21.21131623301882
237.9
14.27356485057652
239.7
13.52376538585429
253.5
13.297988330432219
254.05
7.069074299052701
264.7
6.9643454194236085
267.15
6.83298071083243
273.55
3.4031128773878265
277.45
2.1288378916846966
321.95
1.8329807108324303
331.8
1.27427498570313
337.75
0.0

 99.53
.(1)  
    done in 3.3e-04 seconds/evaluation
  dimension seconds/evaluations
  -----------------------------
     20      3.3e-04 
  -----------------------------
  bbob done (1 of 360 problems benchmarked)
Deleting folder:  exdata/EA_AOS_on_bbob_budget0500xD
, Sat Mar 30 12:09:54 2019 (0h00:02 total elapsed time).
