COCO INFO: Results will be output to folder exdata/EA_AOS_on_bbob_budget0500xD-002
after __main__
budget 0.26 0.27 78 DE/rand/2 500
above main 500
def main 500
Benchmarking solver '<function EA_AOS' with budget=500*dimension on b'bbob' suite, Sat Mar 30 12:16:41 2019
batch_loop 500
Mar30 12h16:41, d=20, running: f012coco_optimiser 10000
inside coco 10000
ea-aos 10000
0.05
0.25
6.85
156795155.45321086
14.65
121658764.63088864
17.45
103501175.70603298
22.75
84910667.20676845
30.55
45605738.1302236
52.35
32196772.897031642
71.85
27904302.99608238
103.05
20458783.71393626
118.0
17946952.850735597
129.7
12806044.156392325
149.2
12176309.554182038
161.7
11314335.345048968
190.5
8103518.320298978
203.8
7875538.021637314
223.3
7290499.950597208
236.9
6808950.8332421
242.1
5257262.851735727
261.8
4491017.902041073
277.95
3858794.3824945595
298.6
3368256.5213712347
302.05
3233603.3458698904
315.6
3126329.0934878136
317.25
2606188.272135153
331.1
2477606.5935938284
336.75
1991936.6897292426
341.35
1900129.96516928
354.5
1737227.5932553848
387.15
1671409.0917043472
433.95
1355862.155592293
471.7
1278239.997207791

 1278317.887207791
.(1)  
    done in 3.2e-04 seconds/evaluation
  dimension seconds/evaluations
  -----------------------------
     20      3.2e-04 
  -----------------------------
  bbob done (1 of 360 problems benchmarked)
Deleting folder:  exdata/EA_AOS_on_bbob_budget0500xD-002
, Sat Mar 30 12:16:44 2019 (0h00:02 total elapsed time).
