COCO INFO: Results will be output to folder exdata/EA_AOS_on_bbob_budget0500xD-006
after __main__
budget 0.41 0.26 67 DE/rand/2 500
above main 500
def main 500
Benchmarking solver '<function EA_AOS' with budget=500*dimension on b'bbob' suite, Sat Mar 30 12:12:19 2019
batch_loop 500
Mar30 12h12:19, d=20, running: f001coco_optimiser 10000
inside coco 10000
ea-aos 10000
0.05
0.05
12.45
64.63802816
28.55
63.129228160000004
30.25
55.76602816000001
37.8
50.113228160000006
46.4
44.07322816
47.45
39.545228160000015
53.1
32.52922816
61.15
24.812428160000003
73.9
22.294028160000007
77.25
19.706828160000004
81.95
17.810828160000003
88.65
16.09402816
91.65
10.14202816
109.65
10.03162816
115.45
6.257228159999997
162.0
5.722828160000002
165.35
5.1180281600000015
168.5
4.785228159999999
171.85
4.314828160000001
181.0
3.5564281599999994
185.45
3.3964281599999993
203.35
3.2796281600000015
210.6
2.8156281599999993
222.0
2.7628281600000015
226.8
2.663628160000002
235.4
2.4428281600000012
253.8
2.172428159999999
257.15
2.122828160000001
280.4
2.00122816
284.95
1.9100281599999995
297.15
1.8604281599999979

 -23.389571840000002
.(1)  
    done in 2.4e-04 seconds/evaluation
  dimension seconds/evaluations
  -----------------------------
     20      2.4e-04 
  -----------------------------
  bbob done (1 of 360 problems benchmarked)
Deleting folder:  exdata/EA_AOS_on_bbob_budget0500xD-006
, Sat Mar 30 12:12:22 2019 (0h00:02 total elapsed time).
