COCO INFO: Results will be output to folder exdata/EA_AOS_on_bbob_budget0500xD-013
after __main__
budget 0.29 0.18 103 DE/rand/2 500
above main 500
def main 500
Benchmarking solver '<function EA_AOS' with budget=500*dimension on b'bbob' suite, Sat Mar 30 12:25:55 2019
batch_loop 500
Mar30 12h25:55, d=20, running: f005coco_optimiser 10000
inside coco 10000
ea-aos 10000
0.05
4.9
271.5471537371153
16.8
253.13221218245556
21.95
252.0033742907709
25.95
229.21877201889637
34.15
226.90795192465518
36.25
226.58212112016602
43.75
200.94581058525185
56.35
183.23418127477575
60.2
174.02703756293462
84.8
170.544246290902
90.1
159.3982735565435
95.25
144.67695490624567
100.4
120.5123037133869
106.3
115.32434746028659
126.9
114.65833556636105
138.2
103.51063728733459
142.05
86.17070350724373
154.15
74.91631832461434
174.55
71.10569756167064
178.8
63.34899451807095
182.7
62.49348529955216
188.55
53.99456067486213
206.15
30.648683029501484
242.2
22.79522483767809
260.6
19.402482047498722
282.85
19.337971464818366
285.8
9.134575559944707
301.25
5.134575559944707
358.05
2.438449888287664
372.9
1.1288378916846966
392.4
1.0
408.2
0.0

 99.53
.(1)  
    done in 3.4e-04 seconds/evaluation
  dimension seconds/evaluations
  -----------------------------
     20      3.4e-04 
  -----------------------------
  bbob done (1 of 360 problems benchmarked)
Deleting folder:  exdata/EA_AOS_on_bbob_budget0500xD-013
, Sat Mar 30 12:25:59 2019 (0h00:02 total elapsed time).
