COCO INFO: Results will be output to folder exdata/EA_AOS_on_bbob_budget0500xD-029
after __main__
budget 0.36 0.1 110 DE/rand/2 500
above main 500
def main 500
Benchmarking solver '<function EA_AOS' with budget=500*dimension on b'bbob' suite, Sat Mar 30 12:25:01 2019
batch_loop 500
Mar30 12h25:01, d=20, running: f013coco_optimiser 10000
inside coco 10000
ea-aos 10000
0.05
2.35
2265.6121452126854
9.55
1836.37047037704
15.05
1696.6603822738448
59.05
1533.2300368973015
62.8
1408.7598323675782
81.05
1340.4069904889895
91.4
1324.1063600372904
102.4
1315.9796827200796
113.4
1293.190690988933
136.95
1154.1434643774628
140.9
983.6241738307456
157.4
867.9938961546725
240.45
846.3164545459064
250.9
821.7111105301589
256.4
803.3431653361491
270.55
713.6285910005093
295.45
708.4357897929956
311.85
671.9556490741245
320.05
642.4830230712137
373.1
606.182380834615
387.45
589.7590216903607
391.7
521.6305309277683
397.2
510.8873679944237
419.2
504.59475605084583
472.1
427.7733351371287
483.1
381.2899648900087

 158.30996489000873
.(1)  
    done in 4.5e-04 seconds/evaluation
  dimension seconds/evaluations
  -----------------------------
     20      4.5e-04 
  -----------------------------
  bbob done (1 of 360 problems benchmarked)
Deleting folder:  exdata/EA_AOS_on_bbob_budget0500xD-029
, Sat Mar 30 12:25:05 2019 (0h00:02 total elapsed time).
