COCO INFO: Results will be output to folder exdata/EA_AOS_on_bbob_budget0500xD-019
after __main__
budget 0.47 0.24 59 DE/rand/2 500
above main 500
def main 500
Benchmarking solver '<function EA_AOS' with budget=500*dimension on b'bbob' suite, Sat Mar 30 12:25:31 2019
batch_loop 500
Mar30 12h25:32, d=20, running: f018coco_optimiser 10000
inside coco 10000
ea-aos 10000
0.05
0.1
15.35
69.63681387067413
21.45
43.82144559111839
63.85
43.37120292442131
69.75
42.52722413075156
72.1
38.70711616506378
73.8
37.198327748637496
88.6
33.713831150312046
92.2
30.560325592128947
95.7
26.046342839845238
101.15
25.449315567519534
113.4
19.234573906146863
150.55
18.194267915164062
178.3
15.253770185896713
238.25
15.141153904617624
245.1
14.483711931826576
265.45
13.609146607655816
298.55
12.933175068587616
319.2
11.2927788414205
336.55
5.698678676472753

 278.84867867647273
.(1)  
    done in 4.7e-04 seconds/evaluation
  dimension seconds/evaluations
  -----------------------------
     20      4.7e-04 
  -----------------------------
  bbob done (1 of 360 problems benchmarked)
Deleting folder:  exdata/EA_AOS_on_bbob_budget0500xD-019
, Sat Mar 30 12:25:36 2019 (0h00:02 total elapsed time).
