COCO INFO: Results will be output to folder exdata/EA_AOS_on_bbob_budget0500xD-006
after __main__
budget 0.47 0.24 59 DE/rand/2 500
above main 500
def main 500
Benchmarking solver '<function EA_AOS' with budget=500*dimension on b'bbob' suite, Sat Mar 30 12:27:13 2019
batch_loop 500
Mar30 12h27:14, d=20, running: f017coco_optimiser 10000
inside coco 10000
ea-aos 10000
0.05
0.75
15.5
12.816474032393451
20.05
11.315160018549925
28.0
10.190355822470266
31.0
10.085431270186824
37.65
9.46386711532336
45.15
9.358188881777188
48.1
8.83806023357986
57.4
7.238011443087046
81.6
6.828876733528105
83.95
6.565059272184293
91.1
6.250487226901484
98.25
5.878711725498832
123.25
4.801324122015224
179.6
4.063221861208817
313.0
3.9391598111291586
316.4
3.839351840442376
340.0
3.414482129433729
374.2
3.2646893009684987

 50.6546893009685
.(1)  
    done in 2.3e-04 seconds/evaluation
  dimension seconds/evaluations
  -----------------------------
     20      2.3e-04 
  -----------------------------
  bbob done (1 of 360 problems benchmarked)
Deleting folder:  exdata/EA_AOS_on_bbob_budget0500xD-006
, Sat Mar 30 12:27:16 2019 (0h00:02 total elapsed time).
