COCO INFO: Results will be output to folder exdata/EA_AOS_on_bbob_budget0500xD-002
after __main__
budget 0.41 0.35 56 DE/rand/2 500
above main 500
def main 500
Benchmarking solver '<function EA_AOS' with budget=500*dimension on b'bbob' suite, Sat Mar 30 12:27:39 2019
batch_loop 500
Mar30 12h27:39, d=20, running: f015coco_optimiser 10000
inside coco 10000
ea-aos 10000
0.05
0.05
6.45
582.0978666371919
9.25
560.486270625762
25.05
560.2074813347685
30.4
465.0855341459204
33.2
451.3036508963877
39.8
437.5484965405682
44.75
396.8256564467
45.4
387.7711988881998
52.8
367.4977423807919
56.25
317.34496212482225
67.35
294.4176844939932
100.75
284.8660348093101
107.9
282.37688116562697
114.6
282.35378200311953
137.55
224.84338139144364
159.95
210.34913412648734
165.45
207.84697167510475
216.05
206.05092359261897
240.85
186.4077867345453
372.85
183.09241510286594
401.15
178.9993755920564
420.35
178.63081239988372
479.5
173.12125005989998
483.6
167.6751556245079

 75.20515562450791
.(1)  
    done in 3.7e-04 seconds/evaluation
  dimension seconds/evaluations
  -----------------------------
     20      3.7e-04 
  -----------------------------
  bbob done (1 of 360 problems benchmarked)
Deleting folder:  exdata/EA_AOS_on_bbob_budget0500xD-002
, Sat Mar 30 12:27:43 2019 (0h00:03 total elapsed time).
