COCO INFO: Results will be output to folder exdata/EA_AOS_on_bbob_budget0500xD-011
after __main__
budget 0.41 0.35 56 DE/rand/2 500
above main 500
def main 500
Benchmarking solver '<function EA_AOS' with budget=500*dimension on b'bbob' suite, Sat Mar 30 12:26:49 2019
batch_loop 500
Mar30 12h26:49, d=20, running: f003coco_optimiser 10000
inside coco 10000
ea-aos 10000
0.05
2.25
719.2482309328874
10.95
667.4776757236193
13.75
641.6567662037876
16.85
543.8937893161899
25.95
519.5811883509414
29.85
473.7132509291381
33.05
394.40522610603887
42.95
372.1675233850774
45.75
334.6955696893782
58.25
317.22482469073077
60.55
305.30236178410195
72.25
282.02045364382263
79.65
281.34856448216914
86.25
276.45337081818724
88.05
263.7565462521307
90.45
259.913737142093
93.65
231.15608034112225
110.6
215.67568410175565
116.2
206.4375221766919
145.05
203.16394772162198
156.25
191.63842373531247
164.65
185.4732447096598
187.6
178.95641257621566
206.75
174.47204606408394
224.0
166.76117961157883
226.45
163.58498091237368
260.05
158.11467762861793
320.25
156.7536848343022
333.95
156.53349525220716
348.25
155.46755350383933

 -306.62244649616065
.(1)  
    done in 3.6e-04 seconds/evaluation
  dimension seconds/evaluations
  -----------------------------
     20      3.6e-04 
  -----------------------------
  bbob done (1 of 360 problems benchmarked)
Deleting folder:  exdata/EA_AOS_on_bbob_budget0500xD-011
, Sat Mar 30 12:26:52 2019 (0h00:02 total elapsed time).
