COCO INFO: Results will be output to folder exdata/EA_AOS_on_bbob_budget0500xD-003
after __main__
budget 0.18 0.42 59 DE/rand/2 500
above main 500
def main 500
Benchmarking solver '<function EA_AOS' with budget=500*dimension on b'bbob' suite, Sat Mar 30 12:27:52 2019
batch_loop 500
Mar30 12h27:52, d=20, running: f004coco_optimiser 10000
inside coco 10000
ea-aos 10000
0.05
0.05
4.1
734.3250832731749
8.35
657.8516685319163
14.3
617.4658462470729
15.4
612.7933130153549
20.05
473.64640619629847
25.95
454.3938936101885
29.65
416.24812402972856
35.6
394.64739515836794
41.5
378.03704155161574
50.2
376.0466108676285
54.35
359.93000598415756
63.1
326.4316809744755
89.15
322.30486241592325
92.6
312.8124378128891
106.0
291.16812121886574
120.8
290.778218231732
121.0
290.01519852135857
129.6
286.92159464829376
131.6
280.92488857865646
140.45
274.8446235408734
147.95
271.7565537880378
155.5
267.26617703215186
156.6
267.22334624677524
160.4
266.23920026300016
164.15
265.02636390411607
165.3
262.84271473933114
169.35
251.4123163478332
172.85
251.02770187028528
178.2
246.38281220295704
190.1
246.13848702646203
192.85
241.87938543643696
209.95
239.676272008358
215.6
237.57834975289592
220.45
234.24406023871938
226.95
228.37031820302576
230.6
226.0341499150352
256.65
225.56762463705667

 186.26762463705666
.(1)  
    done in 3.2e-04 seconds/evaluation
  dimension seconds/evaluations
  -----------------------------
     20      3.2e-04 
  -----------------------------
  bbob done (1 of 360 problems benchmarked)
Deleting folder:  exdata/EA_AOS_on_bbob_budget0500xD-003
, Sat Mar 30 12:27:55 2019 (0h00:02 total elapsed time).
