COCO INFO: Results will be output to folder exdata/EA_AOS_on_bbob_budget0500xD-014
after __main__
budget 0.27 0.3 126 DE/rand/2 500
above main 500
def main 500
Benchmarking solver '<function EA_AOS' with budget=500*dimension on b'bbob' suite, Sat Mar 30 12:25:31 2019
batch_loop 500
Mar30 12h25:31, d=20, running: f018coco_optimiser 10000
inside coco 10000
ea-aos 10000
0.05
0.1
6.4
68.35037969964844
31.5
57.70963763979688
45.15
54.568964601179744
56.6
45.05641527701863
61.3
40.10194260519182
108.0
35.9671802222735
116.2
32.09459354552246
127.2
27.189076984222766
163.55
24.07049521105074
174.95
22.068754268937028
200.15
19.26736519229229
251.95
19.108784764918028
280.05
16.667651308490292
307.5
13.37657838369688
408.3
12.410888773772513
429.25
11.631145833344931
469.2
10.674744026869519

 283.8247440268695
.(1)  
    done in 4.1e-04 seconds/evaluation
  dimension seconds/evaluations
  -----------------------------
     20      4.1e-04 
  -----------------------------
  bbob done (1 of 360 problems benchmarked)
Deleting folder:  exdata/EA_AOS_on_bbob_budget0500xD-014
, Sat Mar 30 12:25:35 2019 (0h00:02 total elapsed time).
