COCO INFO: Results will be output to folder exdata/EA_AOS_on_bbob_budget0500xD-006
after __main__
budget 0.45 0.49 53 DE/rand/2 500
above main 500
def main 500
Benchmarking solver '<function EA_AOS' with budget=500*dimension on b'bbob' suite, Sat Mar 30 12:25:12 2019
batch_loop 500
Mar30 12h25:12, d=20, running: f013coco_optimiser 10000
inside coco 10000
ea-aos 10000
0.05
2.35
2265.6121452126854
5.0
2257.937916783472
6.55
2103.3356978586826
11.85
1985.967342319973
20.25
1902.663272492631
21.9
1863.341474916287
24.9
1689.4933545693957
27.2
1593.3036745031663
39.9
1408.8937545829756
47.9
1362.8057987891334
57.3
1302.780512906111
59.95
1254.6157704872423
70.55
1154.796249402846
82.5
1129.2489470671233
90.45
1080.3780712614505
100.6
976.643703084371
138.55
944.1687480751106
157.8
767.6807201986442
179.95
640.5439993273571
216.3
554.1134961744053
310.1
533.1603699391661
324.85
505.7644408295308
398.55
426.5809813222947
417.1
379.59793834695574

 156.61793834695575
.(1)  
    done in 2.9e-04 seconds/evaluation
  dimension seconds/evaluations
  -----------------------------
     20      2.9e-04 
  -----------------------------
  bbob done (1 of 360 problems benchmarked)
Deleting folder:  exdata/EA_AOS_on_bbob_budget0500xD-006
, Sat Mar 30 12:25:15 2019 (0h00:02 total elapsed time).
