COCO INFO: Results will be output to folder exdata/EA_AOS_on_bbob_budget0500xD-017
after __main__
budget 0.32 0.55 70 DE/rand/2 500
above main 500
def main 500
Benchmarking solver '<function EA_AOS' with budget=500*dimension on b'bbob' suite, Sat Mar 30 12:27:27 2019
batch_loop 500
Mar30 12h27:27, d=20, running: f006coco_optimiser 10000
inside coco 10000
ea-aos 10000
0.05
0.05
12.35
105557.50131117598
15.4
62001.8998528214
25.45
33855.210093135756
29.85
23262.86846514864
39.2
12785.050626341515
45.3
12547.653024220706
46.9
11683.599186823636
54.8
6789.514472581568
75.6
494.39597118412655
88.65
254.0649973200618
100.25
222.88615306501939
114.05
218.86042550199005
116.65
215.09437724640378
131.05
212.09375988587257
156.85
198.36301508184914
199.1
181.43194967452783
211.95
148.57569317204369
320.45
121.56127643410602
328.25
120.74091537607859
353.45
119.07338359290665
409.15
117.9517614986658
438.9
116.6889895591651
442.1
115.80704506361906
446.75
115.23929620933399
449.7
110.05048239434805
484.65
97.65367348559423

 128.50367348559422
.(1)  
    done in 2.8e-04 seconds/evaluation
  dimension seconds/evaluations
  -----------------------------
     20      2.8e-04 
  -----------------------------
  bbob done (1 of 360 problems benchmarked)
Deleting folder:  exdata/EA_AOS_on_bbob_budget0500xD-017
, Sat Mar 30 12:27:29 2019 (0h00:02 total elapsed time).
