COCO INFO: Results will be output to folder exdata/EA_AOS_on_bbob_budget0500xD-005
after __main__
budget 0.32 0.55 70 DE/rand/2 500
above main 500
def main 500
Benchmarking solver '<function EA_AOS' with budget=500*dimension on b'bbob' suite, Sat Mar 30 12:25:12 2019
batch_loop 500
Mar30 12h25:12, d=20, running: f013coco_optimiser 10000
inside coco 10000
ea-aos 10000
0.05
2.35
2265.6121452126854
7.15
2001.8923005709546
12.75
1713.0603942927612
18.0
1559.7388324610401
38.15
1477.0198667875984
41.4
1465.9019934257785
43.7
1237.200700824729
51.05
1171.1596596372524
67.1
1115.5546737835484
70.65
1097.9404777709472
91.8
1056.8796478875797
100.15
940.3691920197024
109.3
929.7498460837558
122.0
841.958524453195
162.2
787.3266699395077
173.45
699.4187032972881
201.45
698.2837331952452
257.15
668.0757894408252
268.55
658.187305366039
294.4
647.2064079845738
307.3
602.4193787491322
331.65
594.7328023092366
335.15
568.4939180058891
349.2
486.23317891541274
401.75
483.34535705234657
424.5
471.6642602247105

 248.68426022471053
.(1)  
    done in 3.0e-04 seconds/evaluation
  dimension seconds/evaluations
  -----------------------------
     20      3.0e-04 
  -----------------------------
  bbob done (1 of 360 problems benchmarked)
Deleting folder:  exdata/EA_AOS_on_bbob_budget0500xD-005
, Sat Mar 30 12:25:15 2019 (0h00:02 total elapsed time).
