COCO INFO: Results will be output to folder exdata/EA_AOS_on_bbob_budget0500xD-015
after __main__
budget 0.26 0.37 127 DE/rand/2 500
above main 500
def main 500
Benchmarking solver '<function EA_AOS' with budget=500*dimension on b'bbob' suite, Sat Mar 30 12:25:12 2019
batch_loop 500
Mar30 12h25:13, d=20, running: f013coco_optimiser 10000
inside coco 10000
ea-aos 10000
0.05
2.35
2265.6121452126854
6.5
2005.2863512354038
21.95
1899.0945463320857
28.15
1771.0491001876644
39.25
1719.1976402572554
49.9
1598.787680699433
54.5
1355.6791013237569
59.95
1258.9313839252375
73.55
1139.1927094888883
96.8
1117.7240356999375
104.35
1094.9617200603914
114.75
1090.6576262975868
136.1
1069.108476123293
160.3
1048.6466112329967
167.45
1042.453036637034
178.75
973.6585876726065
208.85
952.704513888637
213.7
858.5959722157801
225.0
825.9548766105361
247.15
802.366590229427
267.75
747.3425459569568
301.55
745.645155243592
307.8
682.0256950484422
315.2
680.1952535890425
320.5
669.499409881198
324.7
665.1983208961675
344.05
651.013928532852
363.75
572.2600833149108
474.45
553.8454947654885
483.1
546.0425977374393

 323.0625977374393
.(1)  
    done in 2.2e-04 seconds/evaluation
  dimension seconds/evaluations
  -----------------------------
     20      2.2e-04 
  -----------------------------
  bbob done (1 of 360 problems benchmarked)
Deleting folder:  exdata/EA_AOS_on_bbob_budget0500xD-015
, Sat Mar 30 12:25:15 2019 (0h00:02 total elapsed time).
