COCO INFO: Results will be output to folder exdata/EA_AOS_on_bbob_budget0500xD-010
after __main__
budget 0.11 0.21 58 DE/rand/2 500
above main 500
def main 500
Benchmarking solver '<function EA_AOS' with budget=500*dimension on b'bbob' suite, Sat Mar 30 12:26:08 2019
batch_loop 500
Mar30 12h26:08, d=20, running: f005coco_optimiser 10000
inside coco 10000
ea-aos 10000
0.05
2.75
273.2808334377829
5.65
265.3560766121502
9.2
244.7863683132601
20.15
243.82270877941548
24.95
237.3340902918056
28.15
221.91322564258385
31.05
215.82509504858072
39.75
194.83084590944313
43.2
181.45985893289784
45.55
178.74393297300483
51.35
161.0089344147465
57.15
159.81080600612157
60.0
158.2268519417539
62.95
145.07896781560945
80.35
130.23678406260694
94.8
110.85740225217052
129.45
106.67746505082025
135.25
106.3724021380493
138.3
101.7355275629528
153.35
98.99369115026894
155.7
94.25646492330128
158.6
89.21617440320108
181.8
82.5738615399049
193.25
82.53306402588174
202.1
81.40968663732036
204.85
75.86715307647754
217.5
73.22315205244618
234.6
71.85868533569212
236.15
69.0385641541312
245.0
68.01515503841622
250.8
67.64450133661413
255.75
67.08731111422836
262.9
66.67481704128124
265.15
66.16166437755587
267.15
64.55399233197116
277.0
63.30086929458457
287.35
62.723120743756056
292.45
60.62689469054507
293.6
60.28926191486852
297.5
58.61265419586695
301.3
54.61012737896047
321.6
53.481289487275774
343.7
53.04283959898811
352.4
52.04283959898811

 151.5728395989881
.(1)  
    done in 3.0e-04 seconds/evaluation
  dimension seconds/evaluations
  -----------------------------
     20      3.0e-04 
  -----------------------------
  bbob done (1 of 360 problems benchmarked)
Deleting folder:  exdata/EA_AOS_on_bbob_budget0500xD-010
, Sat Mar 30 12:26:11 2019 (0h00:02 total elapsed time).
