COCO INFO: Results will be output to folder exdata/EA_AOS_on_bbob_budget0500xD-017
after __main__
budget 0.37 0.44 60 DE/rand/2 500
above main 500
def main 500
Benchmarking solver '<function EA_AOS' with budget=500*dimension on b'bbob' suite, Sat Mar 30 12:27:14 2019
batch_loop 500
Mar30 12h27:14, d=20, running: f017coco_optimiser 10000
inside coco 10000
ea-aos 10000
0.05
0.75
9.75
12.489570218528037
13.1
12.20625481270887
16.9
11.461201155713354
23.55
9.974380246195508
31.1
7.975499490484019
50.35
7.582569927466565
61.45
7.486368030706608
67.75
7.399462271277905
74.05
7.321963848669547
75.05
6.4381420350183305
79.85
6.415694057778239
81.05
6.17269201624859
95.35
6.161645266327895
98.1
6.039575913218897
99.25
5.867298467634903
118.55
5.808780288778024
124.8
5.13387153014579
142.7
5.106926300937467
178.3
5.027942917971103
180.95
3.9850025955846604
230.95
3.32789992503902
344.8
3.1207840243231715
368.05
2.9995847365547377
375.5
1.9085874151096718

 49.29858741510967
.(1)  
    done in 3.0e-04 seconds/evaluation
  dimension seconds/evaluations
  -----------------------------
     20      3.0e-04 
  -----------------------------
  bbob done (1 of 360 problems benchmarked)
Deleting folder:  exdata/EA_AOS_on_bbob_budget0500xD-017
, Sat Mar 30 12:27:17 2019 (0h00:02 total elapsed time).
