COCO INFO: Results will be output to folder exdata/EA_AOS_on_bbob_budget0500xD-010
after __main__
budget 0.24 0.39 60 DE/rand/2 500
above main 500
def main 500
Benchmarking solver '<function EA_AOS' with budget=500*dimension on b'bbob' suite, Sat Mar 30 12:30:23 2019
batch_loop 500
Mar30 12h30:23, d=20, running: f012coco_optimiser 10000
inside coco 10000
ea-aos 10000
0.05
0.25
8.2
177015321.66174617
9.8
139830656.06594017
12.55
135452959.33004215
17.3
102479149.19999783
26.9
79523509.08845209
28.1
60144604.11079873
35.75
50562048.66858183
46.6
36314747.938962154
56.9
35102936.49002342
61.5
33836359.856066555
65.75
30380696.39963131
72.5
29561787.784294497
76.0
27618656.186968517
80.45
23747581.564491406
81.9
14784968.724228445
102.9
12653220.985386558
109.1
11513490.844270103
116.3
9894921.99505799
121.1
8434277.23145088
137.3
5870192.898386724
176.3
4923103.11132863
185.35
4581233.419497556
227.35
3426924.55132764
233.8
2603661.664037619
239.8
2257166.465772638
284.8
1906011.128813617
298.9
1737271.965697524
319.9
1737227.5932553848
343.1
1671409.0917043472
361.05
1355862.155592293
372.45
1278239.997207791

 1278317.887207791
.(1)  
    done in 2.2e-04 seconds/evaluation
  dimension seconds/evaluations
  -----------------------------
     20      2.2e-04 
  -----------------------------
  bbob done (1 of 360 problems benchmarked)
Deleting folder:  exdata/EA_AOS_on_bbob_budget0500xD-010
, Sat Mar 30 12:30:25 2019 (0h00:02 total elapsed time).
