COCO INFO: Results will be output to folder exdata/EA_AOS_on_bbob_budget0500xD-008
after __main__
budget 0.24 0.33 54 DE/rand/2 500
above main 500
def main 500
Benchmarking solver '<function EA_AOS' with budget=500*dimension on b'bbob' suite, Sat Mar 30 12:30:31 2019
batch_loop 500
Mar30 12h30:31, d=20, running: f014coco_optimiser 10000
inside coco 10000
ea-aos 10000
0.05
2.05
71.85823910900007
8.0
65.05278553453451
9.5
59.94418180765986
13.05
35.23547637715079
14.05
31.498472241474907
22.85
26.35815850285924
28.35
25.791732016239635
32.95
19.54551936403575
41.75
19.125338612770022
53.4
16.030115474695297
59.05
13.108182293131371
94.15
9.135761215170735
123.85
8.790265246745957
126.55
7.824683870826775
155.1
7.695065445057591
168.6
7.178886420654847
175.8
6.937298242250624
182.85
6.381522748739889
192.9
6.203943600901366
210.9
5.561309586947407
226.8
5.452287271103629
242.9
5.108388899546195
245.6
4.7572006472375845
249.6
4.064677067563221
257.7
3.9610217114826076
273.9
3.8995580216842756
284.75
3.692289027035586
299.05
3.617614792289987
299.9
3.4858988687628125
315.85
3.2649035062444307
321.25
3.121807473080689
344.3
3.0781334575404165
353.45
3.00490582856903

 10.64490582856903
.(1)  
    done in 2.2e-04 seconds/evaluation
  dimension seconds/evaluations
  -----------------------------
     20      2.2e-04 
  -----------------------------
  bbob done (1 of 360 problems benchmarked)
Deleting folder:  exdata/EA_AOS_on_bbob_budget0500xD-008
, Sat Mar 30 12:30:33 2019 (0h00:02 total elapsed time).
