COCO INFO: Results will be output to folder exdata/EA_AOS_on_bbob_budget0500xD-002
after __main__
budget 0.24 0.33 54 DE/rand/2 500
above main 500
def main 500
Benchmarking solver '<function EA_AOS' with budget=500*dimension on b'bbob' suite, Sat Mar 30 12:31:06 2019
batch_loop 500
Mar30 12h31:06, d=20, running: f014coco_optimiser 10000
inside coco 10000
ea-aos 10000
0.05
0.6
8.7
26.880844814852782
17.3
23.86325056786262
24.9
21.723589611228583
28.0
20.143744444809084
40.2
18.88388152623345
42.9
17.3810826584739
45.85
14.79947214431904
55.05
13.911285998285415
62.25
13.367676637239313
64.95
12.93762801119805
67.65
12.187394531615599
73.95
10.912522609475616
82.75
9.957406284158022
88.5
9.088535684632003
109.05
8.592562516762936
114.45
8.022451358594637
135.25
7.429986333363374
137.95
6.301999693070634
161.3
5.528717137990732
190.35
4.933572147217646
200.35
4.362389142274047
223.9
3.626985050849015
240.1
3.54718424237614
272.2
3.2799576964764228
302.95
2.999108036758365
305.35
2.67583568826538
364.75
2.6693607076371393
369.4
2.387775825585493
392.25
2.351246675012746
403.05
2.3085088864657592
419.0
2.2775383623018115
442.2
2.2287340242950293

 -37.20126597570497
.(1)  
    done in 2.7e-04 seconds/evaluation
  dimension seconds/evaluations
  -----------------------------
     20      2.7e-04 
  -----------------------------
  bbob done (1 of 360 problems benchmarked)
Deleting folder:  exdata/EA_AOS_on_bbob_budget0500xD-002
, Sat Mar 30 12:31:09 2019 (0h00:02 total elapsed time).
