COCO INFO: Results will be output to folder exdata/EA_AOS_on_bbob_budget0500xD-008
after __main__
budget 0.42 0.37 62 DE/rand/2 500
above main 500
def main 500
Benchmarking solver '<function EA_AOS' with budget=500*dimension on b'bbob' suite, Sat Mar 30 12:29:36 2019
batch_loop 500
Mar30 12h29:36, d=20, running: f001coco_optimiser 10000
inside coco 10000
ea-aos 10000
0.05
0.05
10.4
66.26202816
25.45
55.55642816000001
32.1
55.02202816000002
34.4
51.740428160000015
37.6
35.446028160000004
46.9
31.02842816
50.0
26.201228160000003
60.0
19.01722816
97.2
15.446028160000003
106.5
13.105228160000001
115.8
8.505228160000001
128.75
6.03802816
144.25
5.759628160000002
157.45
5.058828159999997
166.75
4.9100281599999995
193.05
4.094028160000001
197.3
3.7484281599999996
223.8
3.244428160000002
231.25
3.138828159999999
239.05
2.8604281600000014
254.55
2.6972281600000017
264.1
2.4348281599999986
273.4
2.0892281599999976
314.5
2.00122816
332.75
1.8604281599999979

 -23.389571840000002
.(1)  
    done in 2.6e-04 seconds/evaluation
  dimension seconds/evaluations
  -----------------------------
     20      2.6e-04 
  -----------------------------
  bbob done (1 of 360 problems benchmarked)
Deleting folder:  exdata/EA_AOS_on_bbob_budget0500xD-008
, Sat Mar 30 12:29:39 2019 (0h00:02 total elapsed time).
