COCO INFO: Results will be output to folder exdata/EA_AOS_on_bbob_budget0500xD-012
after __main__
budget 0.28 0.42 55 DE/rand/2 500
above main 500
def main 500
Benchmarking solver '<function EA_AOS' with budget=500*dimension on b'bbob' suite, Sat Mar 30 12:29:25 2019
batch_loop 500
Mar30 12h29:25, d=20, running: f015coco_optimiser 10000
inside coco 10000
ea-aos 10000
0.05
0.05
2.8
576.4231112301388
13.65
557.5389551146058
13.85
491.27782882397776
19.9
379.39716242748386
28.6
287.32006648714764
70.55
283.2537764275516
72.95
255.49571832782436
90.4
250.99214501089614
94.95
241.93200601191998
98.55
224.45686161766935
103.2
217.57696075655548
127.9
216.95786868791387
132.05
194.93664351568935
213.5
190.80670952884378
217.7
190.59214198278872
240.1
190.41649492495247
310.65
182.0930803051367
325.7
163.71232574480553

 71.24232574480553
.(1)  
    done in 3.0e-04 seconds/evaluation
  dimension seconds/evaluations
  -----------------------------
     20      3.0e-04 
  -----------------------------
  bbob done (1 of 360 problems benchmarked)
Deleting folder:  exdata/EA_AOS_on_bbob_budget0500xD-012
, Sat Mar 30 12:29:28 2019 (0h00:02 total elapsed time).
