COCO INFO: Results will be output to folder exdata/EA_AOS_on_bbob_budget0500xD-011
after __main__
budget 0.28 0.38 85 DE/rand/2 500
above main 500
def main 500
Benchmarking solver '<function EA_AOS' with budget=500*dimension on b'bbob' suite, Sat Mar 30 12:30:08 2019
batch_loop 500
Mar30 12h30:08, d=20, running: f005coco_optimiser 10000
inside coco 10000
ea-aos 10000
0.05
2.75
273.2808334377829
13.4
234.28045208909063
20.2
228.27150638114708
24.45
201.44388409067957
34.85
195.9518627239165
38.7
169.61348321806847
46.3
153.73035636046956
56.9
126.55628008356499
65.4
114.80021113870711
69.35
112.34143395306248
77.85
108.53524523853244
82.55
100.6061700536824
90.65
100.01916135945427
99.1
85.05355724131158
112.6
65.18457325546774
115.2
63.99893725580182
123.5
44.18045258670762
148.1
42.509506136133524
149.85
39.36162982303753
155.1
37.1881641331062
165.1
37.12800890262591
172.9
34.82656428687292
178.45
21.590461960541617
182.55
17.80329928603308
216.75
13.579425849446508
233.05
10.408850545647837
234.25
8.45347885148945
238.5
7.17920386578632
254.35
6.0001681092508505
262.25
5.455594781168514
265.45
3.3865136750540614
270.75
0.0

 99.53
.(1)  
    done in 3.0e-04 seconds/evaluation
  dimension seconds/evaluations
  -----------------------------
     20      3.0e-04 
  -----------------------------
  bbob done (1 of 360 problems benchmarked)
Deleting folder:  exdata/EA_AOS_on_bbob_budget0500xD-011
, Sat Mar 30 12:30:11 2019 (0h00:02 total elapsed time).
