COCO INFO: Results will be output to folder exdata/EA_AOS_on_bbob_budget0500xD-024
after __main__
budget 0.36 0.57 394 DE/rand/2 500
above main 500
def main 500
Benchmarking solver '<function EA_AOS' with budget=500*dimension on b'bbob' suite, Sat Mar 30 11:49:36 2019
batch_loop 500
Mar30 11h49:36, d=20, running: f003coco_optimiser 10000
inside coco 10000
ea-aos 10000
0.05
11.3
347.19804373151453
303.9
289.40687721656
394.3
287.8525640863513
456.3
273.1545362829155

 -188.93546371708447
.(1)  
    done in 4.8e-04 seconds/evaluation
  dimension seconds/evaluations
  -----------------------------
     20      4.8e-04 
  -----------------------------
  bbob done (1 of 360 problems benchmarked)
Deleting folder:  exdata/EA_AOS_on_bbob_budget0500xD-024
, Sat Mar 30 11:49:41 2019 (0h00:03 total elapsed time).
