COCO INFO: Results will be output to folder exdata/EA_AOS_on_bbob_budget0500xD-012
after __main__
budget 1.87 0.24 269 DE/rand/2 500
above main 500
def main 500
Benchmarking solver '<function EA_AOS' with budget=500*dimension on b'bbob' suite, Sat Mar 30 11:36:16 2019
batch_loop 500
Mar30 11h36:16, d=20, running: f014coco_optimiser 10000
inside coco 10000
ea-aos 10000
0.05
3.55
57.70887752887003
37.05
54.94275516445324

 62.58275516445324
.(1)  
    done in 3.8e-04 seconds/evaluation
  dimension seconds/evaluations
  -----------------------------
     20      3.8e-04 
  -----------------------------
  bbob done (1 of 360 problems benchmarked)
Deleting folder:  exdata/EA_AOS_on_bbob_budget0500xD-012
, Sat Mar 30 11:36:20 2019 (0h00:02 total elapsed time).
