COCO INFO: Results will be output to folder exdata/EA_AOS_on_bbob_budget0500xD
after __main__
budget 0.36 0.54 85 DE/rand/2 500
above main 500
def main 500
Benchmarking solver '<function EA_AOS' with budget=500*dimension on b'bbob' suite, Sat Mar 30 11:49:58 2019
batch_loop 500
Mar30 11h49:58, d=20, running: f003coco_optimiser 10000
inside coco 10000
ea-aos 10000
0.05
3.7
632.2078248121554
12.25
627.8102982573346
20.85
565.4814421586433
22.95
564.2860698206293
26.55
538.4957309896347
33.25
469.2334246407205
36.05
459.4528888817037
44.4
434.6415955311258
47.0
381.7261970037712
55.4
378.3126678793249
63.55
347.46289008954386
69.05
337.1688380402477
79.35
308.7752026183046
88.35
288.5049226019978
102.15
279.15036830795606
108.05
273.81503074331
122.75
273.28283562890397
126.6
269.55390231288334
129.45
266.23299768309556
145.7
248.1428898324669
152.5
236.82867639005127
168.45
213.19565288653342
205.15
193.44010732958526
273.95
183.84441225583276
323.25
182.18671884458422
331.8
177.9098786991588
341.8
175.65045041960434
364.9
168.5107532733569
373.55
166.47021888533402
422.65
162.74376884433337
495.4
160.01898380451604

 -302.07101619548394
.(1)  
    done in 3.7e-04 seconds/evaluation
  dimension seconds/evaluations
  -----------------------------
     20      3.7e-04 
  -----------------------------
  bbob done (1 of 360 problems benchmarked)
Deleting folder:  exdata/EA_AOS_on_bbob_budget0500xD
, Sat Mar 30 11:50:01 2019 (0h00:02 total elapsed time).
