COCO INFO: Results will be output to folder exdata/EA_AOS_on_bbob_budget0500xD-002
after __main__
budget 0.16 0.97 234 DE/rand/2 500
above main 500
def main 500
Benchmarking solver '<function EA_AOS' with budget=500*dimension on b'bbob' suite, Sat Mar 30 11:46:42 2019
batch_loop 500
Mar30 11h46:42, d=20, running: f022coco_optimiser 10000
inside coco 10000
ea-aos 10000
0.05
11.35
73.12026698384857
44.3
69.9811818699559
63.95
68.82960543814117
93.35
66.09958357731911
122.55
63.65428891034939
128.75
62.3193435784854
149.1
56.0736271359264
154.1
51.405717298975716
275.85
49.81988163810475
338.45
47.594096509816026
406.45
38.31359590285605

 138.11359590285605
.(1)  
    done in 4.9e-04 seconds/evaluation
  dimension seconds/evaluations
  -----------------------------
     20      4.9e-04 
  -----------------------------
  bbob done (1 of 360 problems benchmarked)
Deleting folder:  exdata/EA_AOS_on_bbob_budget0500xD-002
, Sat Mar 30 11:46:47 2019 (0h00:03 total elapsed time).
