COCO INFO: Results will be output to folder exdata/EA_AOS_on_bbob_budget0500xD-009
after __main__
budget 0.18 0.73 242 DE/current-to-rand/1 500
above main 500
def main 500
Benchmarking solver '<function EA_AOS' with budget=500*dimension on b'bbob' suite, Sat Mar 30 12:58:01 2019
batch_loop 500
Mar30 12h58:01, d=20, running: f007coco_optimiser 10000
inside coco 10000
ea-aos 10000
0.05
7.8
271.82646377889523
18.6
254.03996634127452
30.7
196.65354998737632
175.9
190.95335291455362

 194.7733529145536
.(1)  
    done in 3.6e-04 seconds/evaluation
  dimension seconds/evaluations
  -----------------------------
     20      3.6e-04 
  -----------------------------
  bbob done (1 of 360 problems benchmarked)
Deleting folder:  exdata/EA_AOS_on_bbob_budget0500xD-009
, Sat Mar 30 12:58:05 2019 (0h00:03 total elapsed time).
