COCO INFO: Results will be output to folder exdata/EA_AOS_on_bbob_budget0500xD-003
after __main__
budget 0.59 0.35 127 DE/current-to-rand/1 500
above main 500
def main 500
Benchmarking solver '<function EA_AOS' with budget=500*dimension on b'bbob' suite, Sat Mar 30 12:48:36 2019
batch_loop 500
Mar30 12h48:36, d=20, running: f014coco_optimiser 10000
inside coco 10000
ea-aos 10000
0.05
2.65
46.29756375650529
9.0
38.8500339950359
20.45
38.2836559420068
34.4
30.101128757988803
51.55
27.864464568621955
71.15
20.743728192057098
87.05
18.764151298948974
100.75
17.855521108259673
120.1
17.1279888279415
122.4
16.90973050014019
132.5
15.958798940718701
136.55
12.93197737113308
166.8
12.719006512701213
181.0
9.834891162646834
266.55
9.776247489264161
272.9
9.048632426810606
285.6
8.703523109181845
293.7
8.368895169826967
323.0
6.883054388446184
367.45
6.836657129165338
406.0
6.639145911069208
431.0
6.275686964663586
465.15
6.083518828900901
477.85
5.742563842923148

 13.382563842923147
.(1)  
    done in 3.0e-04 seconds/evaluation
  dimension seconds/evaluations
  -----------------------------
     20      3.0e-04 
  -----------------------------
  bbob done (1 of 360 problems benchmarked)
Deleting folder:  exdata/EA_AOS_on_bbob_budget0500xD-003
, Sat Mar 30 12:48:39 2019 (0h00:02 total elapsed time).
