COCO INFO: Results will be output to folder exdata/EA_AOS_on_bbob_budget0500xD-010
after __main__
budget 0.59 0.35 127 DE/current-to-rand/1 500
above main 500
def main 500
Benchmarking solver '<function EA_AOS' with budget=500*dimension on b'bbob' suite, Sat Mar 30 13:03:52 2019
batch_loop 500
Mar30 13h03:52, d=20, running: f007coco_optimiser 10000
inside coco 10000
ea-aos 10000
0.05
6.05
796.8579285848136
7.9
649.7150596845913
15.35
441.0907118703263
28.05
366.30037206650854
47.1
341.04733420204013
58.5
306.9948038389247
72.5
278.51149130887285
80.55
226.94704732534132
94.35
184.793092134726
103.95
164.79043239237205
110.4
160.0046824304747
151.15
147.33596656758465
153.1
129.1925512385101
176.25
126.19267071698187
189.9
105.45413439241327
206.85
94.766811759966
232.7
60.40493051018237
247.05
54.68332715255036
475.65
52.09420550553611
486.7
47.105449975308545

 140.04544997530854
.(1)  
    done in 3.0e-04 seconds/evaluation
  dimension seconds/evaluations
  -----------------------------
     20      3.0e-04 
  -----------------------------
  bbob done (1 of 360 problems benchmarked)
Deleting folder:  exdata/EA_AOS_on_bbob_budget0500xD-010
, Sat Mar 30 13:03:55 2019 (0h00:02 total elapsed time).
