COCO INFO: Results will be output to folder exdata/EA_AOS_on_bbob_budget0500xD-016
after __main__
budget 0.59 0.97 125 DE/current-to-rand/1 500
above main 500
def main 500
Benchmarking solver '<function EA_AOS' with budget=500*dimension on b'bbob' suite, Sat Mar 30 12:55:27 2019
batch_loop 500
Mar30 12h55:27, d=20, running: f014coco_optimiser 10000
inside coco 10000
ea-aos 10000
0.05
0.65
13.4
32.944782782994594
19.0
24.62527908353391
30.3
17.04798136179369
51.15
14.4343017380222
70.15
13.617004994703933
75.55
12.853732945294084
106.35
11.872571754872567
151.3
10.285057046395735
228.75
10.27905502889952

 -88.97094497110048
.(1)  
    done in 4.5e-04 seconds/evaluation
  dimension seconds/evaluations
  -----------------------------
     20      4.5e-04 
  -----------------------------
  bbob done (1 of 360 problems benchmarked)
Deleting folder:  exdata/EA_AOS_on_bbob_budget0500xD-016
, Sat Mar 30 12:55:31 2019 (0h00:02 total elapsed time).
