COCO INFO: Results will be output to folder exdata/EA_AOS_on_bbob_budget0500xD-015
after __main__
budget 0.57 0.54 69 DE/current-to-rand/1 500
above main 500
def main 500
Benchmarking solver '<function EA_AOS' with budget=500*dimension on b'bbob' suite, Sat Mar 30 12:48:57 2019
batch_loop 500
Mar30 12h48:57, d=20, running: f014coco_optimiser 10000
inside coco 10000
ea-aos 10000
0.05
2.65
46.29756375650529
12.8
36.75377331034482
16.45
34.04283569523917
19.65
26.898036914816316
26.6
23.853183083651075
36.8
23.612995839181675
41.1
20.940351259997968
44.55
13.403463680683242
90.9
11.472430020715969
93.4
11.14688326925894
128.85
10.091689933757777
152.75
9.95063239418463
182.35
9.489110722981387
212.75
9.481430689528143
220.3
7.743872498155164
364.6
7.665235602652442
373.05
7.470192615165296
403.35
7.408924737903207
448.0
7.327408025005707
455.1
7.10929896741719

 14.74929896741719
.(1)  
    done in 4.2e-04 seconds/evaluation
  dimension seconds/evaluations
  -----------------------------
     20      4.2e-04 
  -----------------------------
  bbob done (1 of 360 problems benchmarked)
Deleting folder:  exdata/EA_AOS_on_bbob_budget0500xD-015
, Sat Mar 30 12:49:01 2019 (0h00:02 total elapsed time).
