COCO INFO: Results will be output to folder exdata/EA_AOS_on_bbob_budget0500xD-009
after __main__
budget 1.77 0.25 180 DE/current-to-rand/1 500
above main 500
def main 500
Benchmarking solver '<function EA_AOS' with budget=500*dimension on b'bbob' suite, Sat Mar 30 13:02:21 2019
batch_loop 500
Mar30 13h02:21, d=20, running: f002coco_optimiser 10000
inside coco 10000
ea-aos 10000
0.05
4.1
1285771.728694769
318.4
1001861.8749545431

 1001292.9949545431
.(1)  
    done in 4.7e-04 seconds/evaluation
  dimension seconds/evaluations
  -----------------------------
     20      4.7e-04 
  -----------------------------
  bbob done (1 of 360 problems benchmarked)
Deleting folder:  exdata/EA_AOS_on_bbob_budget0500xD-009
, Sat Mar 30 13:02:25 2019 (0h00:03 total elapsed time).
