COCO INFO: Results will be output to folder exdata/EA_AOS_on_bbob_budget0500xD-016
after __main__
budget 0.15 0.52 283 DE/current-to-rand/1 500
above main 500
def main 500
Benchmarking solver '<function EA_AOS' with budget=500*dimension on b'bbob' suite, Sat Mar 30 12:49:21 2019
batch_loop 500
Mar30 12h49:21, d=20, running: f014coco_optimiser 10000
inside coco 10000
ea-aos 10000
0.05
2.65
46.29756375650529
16.8
41.494905857237804
45.1
39.15626378546452
104.75
35.81475947860408
115.85
34.476139156507536
229.05
29.592102466474493

 37.232102466474494
.(1)  
    done in 5.1e-04 seconds/evaluation
  dimension seconds/evaluations
  -----------------------------
     20      5.1e-04 
  -----------------------------
  bbob done (1 of 360 problems benchmarked)
Deleting folder:  exdata/EA_AOS_on_bbob_budget0500xD-016
, Sat Mar 30 12:49:26 2019 (0h00:03 total elapsed time).
