COCO INFO: Results will be output to folder exdata/EA_AOS_on_bbob_budget0500xD-018
after __main__
budget 1.26 0.14 380 DE/current-to-rand/1 500
above main 500
def main 500
Benchmarking solver '<function EA_AOS' with budget=500*dimension on b'bbob' suite, Sat Mar 30 13:02:44 2019
batch_loop 500
Mar30 13h02:44, d=20, running: f002coco_optimiser 10000
inside coco 10000
ea-aos 10000
0.05
14.8
1041027.0674773908
52.8
675764.1874236017
166.8
661528.238550876
486.95
471376.4919698616

 470807.6119698616
.(1)  
    done in 5.0e-04 seconds/evaluation
  dimension seconds/evaluations
  -----------------------------
     20      5.0e-04 
  -----------------------------
  bbob done (1 of 360 problems benchmarked)
Deleting folder:  exdata/EA_AOS_on_bbob_budget0500xD-018
, Sat Mar 30 13:02:49 2019 (0h00:03 total elapsed time).
