COCO INFO: Results will be output to folder exdata/EA_AOS_on_bbob_budget0500xD-015
after __main__
budget 0.28 0.22 354 DE/current-to-rand/1 500
above main 500
def main 500
Benchmarking solver '<function EA_AOS' with budget=500*dimension on b'bbob' suite, Sat Mar 30 12:56:16 2019
batch_loop 500
Mar30 12h56:16, d=20, running: f014coco_optimiser 10000
inside coco 10000
ea-aos 10000
0.05
0.65
25.5
33.378021441391894
43.2
33.20910645022248
62.4
29.549674046573926
80.1
26.056304904151418
133.2
22.487966209828073
150.9
21.072799744799454
195.65
19.70875191627745
244.35
19.16566300648728
266.45
19.110386126779005
292.5
18.573590646246956
327.9
18.497263150411072
350.55
18.327106052746487
390.35
17.825272919905615
434.1
17.441677223597083
453.75
17.102040518698047
471.45
16.246380486847258

 -83.00361951315274
.(1)  
    done in 4.3e-04 seconds/evaluation
  dimension seconds/evaluations
  -----------------------------
     20      4.3e-04 
  -----------------------------
  bbob done (1 of 360 problems benchmarked)
Deleting folder:  exdata/EA_AOS_on_bbob_budget0500xD-015
, Sat Mar 30 12:56:20 2019 (0h00:03 total elapsed time).
