COCO INFO: Results will be output to folder exdata/EA_AOS_on_bbob_budget0500xD-020
after __main__
budget 0.17 0.73 388 DE/current-to-rand/1 500
above main 500
def main 500
Benchmarking solver '<function EA_AOS' with budget=500*dimension on b'bbob' suite, Sat Mar 30 12:53:02 2019
batch_loop 500
Mar30 12h53:02, d=20, running: f022coco_optimiser 10000
inside coco 10000
ea-aos 10000
0.05
6.45
71.80339207346192
85.45
69.113665442563
135.35
68.51158684966886
182.45
63.363564154759004

 163.163564154759
.(1)  
    done in 5.7e-04 seconds/evaluation
  dimension seconds/evaluations
  -----------------------------
     20      5.7e-04 
  -----------------------------
  bbob done (1 of 360 problems benchmarked)
Deleting folder:  exdata/EA_AOS_on_bbob_budget0500xD-020
, Sat Mar 30 12:53:08 2019 (0h00:03 total elapsed time).
