COCO INFO: Results will be output to folder exdata/EA_AOS_on_bbob_budget0500xD-007
after __main__
budget 0.43 0.53 333 DE/current-to-rand/1 500
above main 500
def main 500
Benchmarking solver '<function EA_AOS' with budget=500*dimension on b'bbob' suite, Sat Mar 30 13:03:06 2019
batch_loop 500
Mar30 13h03:06, d=20, running: f002coco_optimiser 10000
inside coco 10000
ea-aos 10000
0.05
14.8
1041027.0674773908
98.05
684526.8942831133
131.35
454233.4060435793
314.5
418532.7439401949

 417963.8639401949
.(1)  
    done in 3.3e-04 seconds/evaluation
  dimension seconds/evaluations
  -----------------------------
     20      3.3e-04 
  -----------------------------
  bbob done (1 of 360 problems benchmarked)
Deleting folder:  exdata/EA_AOS_on_bbob_budget0500xD-007
, Sat Mar 30 13:03:10 2019 (0h00:03 total elapsed time).
