COCO INFO: Results will be output to folder exdata/EA_AOS_on_bbob_budget0500xD-004
after __main__
budget 0.65 0.75 301 DE/current-to-rand/1 500
above main 500
def main 500
Benchmarking solver '<function EA_AOS' with budget=500*dimension on b'bbob' suite, Sat Mar 30 12:53:01 2019
batch_loop 500
Mar30 12h53:02, d=20, running: f022coco_optimiser 10000
inside coco 10000
ea-aos 10000
0.05
6.45
71.80339207346192
95.65
70.33358504063092
113.1
67.970560462476
126.75
67.07312655324519
140.05
64.64678689215283
165.85
56.554425021562466
197.2
53.364985982855
232.6
26.359074675894263
400.65
22.657516157668383
466.65
16.021942425209545

 115.82194242520954
.(1)  
    done in 4.9e-04 seconds/evaluation
  dimension seconds/evaluations
  -----------------------------
     20      4.9e-04 
  -----------------------------
  bbob done (1 of 360 problems benchmarked)
Deleting folder:  exdata/EA_AOS_on_bbob_budget0500xD-004
, Sat Mar 30 12:53:06 2019 (0h00:03 total elapsed time).
