COCO INFO: Results will be output to folder exdata/EA_AOS_on_bbob_budget0500xD-021
after __main__
budget 0.36 0.47 296 DE/current-to-rand/1 500
above main 500
def main 500
Benchmarking solver '<function EA_AOS' with budget=500*dimension on b'bbob' suite, Sat Mar 30 12:53:02 2019
batch_loop 500
Mar30 12h53:02, d=20, running: f022coco_optimiser 10000
inside coco 10000
ea-aos 10000
0.05
6.45
71.80339207346192
69.6
71.45698485975892
76.75
70.36123015289236
102.95
70.11793438751276
114.0
68.24085813045419
119.1
67.74973261646308
143.6
67.47496266433932
192.35
63.93225158905024
236.75
59.07980024382023
426.0
53.01413590335427

 152.81413590335427
.(1)  
    done in 5.9e-04 seconds/evaluation
  dimension seconds/evaluations
  -----------------------------
     20      5.9e-04 
  -----------------------------
  bbob done (1 of 360 problems benchmarked)
Deleting folder:  exdata/EA_AOS_on_bbob_budget0500xD-021
, Sat Mar 30 12:53:08 2019 (0h00:03 total elapsed time).
