COCO INFO: Results will be output to folder exdata/EA_AOS_on_bbob_budget0500xD-002
after __main__
budget 0.55 0.74 270 DE/current-to-rand/1 500
above main 500
def main 500
Benchmarking solver '<function EA_AOS' with budget=500*dimension on b'bbob' suite, Sat Mar 30 12:56:32 2019
batch_loop 500
Mar30 12h56:32, d=20, running: f014coco_optimiser 10000
inside coco 10000
ea-aos 10000
0.05
0.65
40.4
33.72005775553504
41.55
29.377952251241425
58.55
24.349839066159575
88.15
21.23309733890754
117.3
19.69903504063123
124.2
12.28555308267886
176.6
10.364228937438355
288.05
9.238276263730071
309.45
9.137614108025176
459.85
8.552825207221645

 -90.69717479277836
.(1)  
    done in 3.3e-04 seconds/evaluation
  dimension seconds/evaluations
  -----------------------------
     20      3.3e-04 
  -----------------------------
  bbob done (1 of 360 problems benchmarked)
Deleting folder:  exdata/EA_AOS_on_bbob_budget0500xD-002
, Sat Mar 30 12:56:36 2019 (0h00:03 total elapsed time).
