COCO INFO: Results will be output to folder exdata/EA_AOS_on_bbob_budget0500xD
after __main__
budget 0.57 0.19 52 DE/current-to-rand/1 500
above main 500
def main 500
Benchmarking solver '<function EA_AOS' with budget=500*dimension on b'bbob' suite, Sat Mar 30 13:46:20 2019
batch_loop 500
Mar30 13h46:20, d=20, running: f005coco_optimiser 10000
inside coco 10000
ea-aos 10000
0.05
0.15
13.8
263.6384965527034
16.4
246.7594684196309
26.1
220.7367863444998
29.4
207.7232770786164
32.0
192.02807767158717
57.4
183.43313632974517
63.5
174.77628586172588
71.0
149.54370151416316
81.4
144.27590559479117
87.95
137.80131155184336
89.2
133.58452478364327
93.15
129.1623588738497
106.15
121.32942863527794
116.4
113.01574483845164
118.35
96.63507265315368
136.55
89.72293264235273
141.75
89.34395752699174
150.2
85.01339222474078
163.2
83.52473604677232
176.45
79.68855159691142
178.3
79.15688737472124
193.5
75.53205751063942
199.75
69.67234683306438
201.1
67.187105013479
212.75
63.00275686575682
214.1
60.82375591220935
225.85
58.39260029373847
227.1
55.95701188935706
234.9
54.6993361059877
255.65
52.9824132570009
257.95
49.31119744725427
264.8
48.9137086894352
271.8
44.2472639140974
277.8
43.58600409134007
279.6
41.27091247246611
285.6
39.89308927103659
288.8
39.76600137094073
297.8
37.86675956060972
304.4
35.450651706077736
309.6
31.728025032487636
322.6
29.895044321655206
325.2
26.895044321655206
347.95
26.04670227608443
355.75
24.917864384399735
364.2
23.63736853828584
371.35
22.34260992919735
395.4
22.013591799097114
399.95
20.50962921836492
402.55
19.50962921836492
437.65
19.110545649837377
448.05
17.795195984974384
450.65
15.795195984974384
463.65
14.795195984974384
495.4
14.1114270907797

 113.6414270907797
.(1)  
    done in 2.8e-04 seconds/evaluation
  dimension seconds/evaluations
  -----------------------------
     20      2.8e-04 
  -----------------------------
  bbob done (1 of 360 problems benchmarked)
Deleting folder:  exdata/EA_AOS_on_bbob_budget0500xD
, Sat Mar 30 13:46:23 2019 (0h00:02 total elapsed time).
