COCO INFO: Results will be output to folder exdata/EA_AOS_on_bbob_budget0500xD-018
after __main__
budget 0.63 0.29 73 DE/current-to-rand/1 500
above main 500
def main 500
Benchmarking solver '<function EA_AOS' with budget=500*dimension on b'bbob' suite, Sat Mar 30 13:18:46 2019
batch_loop 500
Mar30 13h18:46, d=20, running: f007coco_optimiser 10000
inside coco 10000
ea-aos 10000
0.05
0.05
7.4
568.4549105486981
11.7
541.5307937903648
16.3
422.77306124360086
19.45
391.33866565102994
25.5
263.30418660738536
35.45
253.14903852265377
36.55
252.8795092950076
48.85
188.17001430230232
57.85
135.13769482146355
76.1
132.38370886253094
82.45
131.16410670091324
86.9
113.3550055764479
97.05
84.01991076088458
134.5
82.77620432569583
144.6
58.1284077143675
155.05
55.627416386885535
181.8
53.72866786113502
192.05
49.996915974036824
228.55
40.575569984536465
323.45
39.53636833973485
420.8
38.34060693370448
432.05
38.122548647656096
447.55
34.6540858069724
451.75
33.40669532982576
460.8
21.483812446288415

 25.303812446288415
.(1)  
    done in 3.2e-04 seconds/evaluation
  dimension seconds/evaluations
  -----------------------------
     20      3.2e-04 
  -----------------------------
  bbob done (1 of 360 problems benchmarked)
Deleting folder:  exdata/EA_AOS_on_bbob_budget0500xD-018
, Sat Mar 30 13:18:49 2019 (0h00:02 total elapsed time).
