COCO INFO: Results will be output to folder exdata/EA_AOS_on_bbob_budget0500xD-024
after __main__
budget 0.58 0.28 78 DE/current-to-rand/1 500
above main 500
def main 500
Benchmarking solver '<function EA_AOS' with budget=500*dimension on b'bbob' suite, Sat Mar 30 13:11:28 2019
batch_loop 500
Mar30 13h11:28, d=20, running: f022coco_optimiser 10000
inside coco 10000
ea-aos 10000
0.05
0.1
12.65
77.3910470850334
21.25
73.82017377036173
30.2
73.53607919381206
38.0
71.59405455107607
39.65
65.58962762317027
55.25
64.52738437111113
62.5
63.602896798705146
78.1
61.428770187930056
85.9
59.775857365287564
94.15
58.25517899267972
98.75
48.453975674019844
123.0
44.196328699763185
146.4
37.02934767137798
159.8
31.41530744480842
163.75
27.607842872627188
174.5
26.189098442259095
187.1
24.840200015671513
231.4
22.33183168467852
245.6
21.673020144818807
253.9
20.426515673674473
285.4
20.408964888751882
293.25
17.422875226246163
308.85
16.9886810121872
350.95
16.719258350966598
363.45
15.027366116335756
389.0
14.315091925945524
462.55
13.972528205666308
489.85
12.806950097044165

 112.60695009704416
.(1)  
    done in 3.3e-04 seconds/evaluation
  dimension seconds/evaluations
  -----------------------------
     20      3.3e-04 
  -----------------------------
  bbob done (1 of 360 problems benchmarked)
Deleting folder:  exdata/EA_AOS_on_bbob_budget0500xD-024
, Sat Mar 30 13:11:31 2019 (0h00:02 total elapsed time).
