COCO INFO: Results will be output to folder exdata/EA_AOS_on_bbob_budget0500xD-012
after __main__
budget 0.38 0.46 55 DE/current-to-rand/1 500
above main 500
def main 500
Benchmarking solver '<function EA_AOS' with budget=500*dimension on b'bbob' suite, Sat Mar 30 13:06:37 2019
batch_loop 500
Mar30 13h06:37, d=20, running: f014coco_optimiser 10000
inside coco 10000
ea-aos 10000
0.05
2.65
46.29756375650529
11.05
44.17507983090651
16.4
33.972974359175105
16.55
26.12790954710573
34.6
24.310047421739053
64.85
20.317202392729357
181.55
19.742476756626914
382.3
19.657900821587116
487.55
19.58887504929017

 27.22887504929017
.(1)  
    done in 4.0e-04 seconds/evaluation
  dimension seconds/evaluations
  -----------------------------
     20      4.0e-04 
  -----------------------------
  bbob done (1 of 360 problems benchmarked)
Deleting folder:  exdata/EA_AOS_on_bbob_budget0500xD-012
, Sat Mar 30 13:06:41 2019 (0h00:02 total elapsed time).
