COCO INFO: Results will be output to folder exdata/EA_AOS_on_bbob_budget0500xD-011
after __main__
budget 0.73 0.18 75 DE/current-to-rand/1 500
above main 500
def main 500
Benchmarking solver '<function EA_AOS' with budget=500*dimension on b'bbob' suite, Sat Mar 30 13:09:01 2019
batch_loop 500
Mar30 13h09:01, d=20, running: f002coco_optimiser 10000
inside coco 10000
ea-aos 10000
0.05
2.65
3912672.620398869
10.15
1393311.6167865505
25.15
1273041.3620510632
32.65
1262636.0967459779
35.2
537484.4742772621
42.7
467328.0029647928
55.1
447733.7588003786
58.85
445072.7552022632
67.15
438105.4320786609
74.65
434830.7592710744
88.85
421867.8624008025
93.4
416214.78420790867
95.85
406405.5317851555
98.2
375889.7049402918
103.85
359160.8035129267
107.15
337041.9051395316
120.7
336972.8494869921
125.9
333811.971167044
130.65
317832.5999477642
134.4
317801.88284990436
135.7
317449.4252847942
154.45
305201.91162012244
184.85
303532.9788455318
210.0
303252.1468325833
215.1
299143.3419512736
221.25
298297.53144609125
225.0
294333.4167656762
237.25
294133.66017654876
251.05
293492.864703376
254.15
290140.21986225864
258.15
289951.16587734624
276.65
289788.54256084433
291.15
289475.29406372254
325.4
289060.4627584105
339.2
288811.01081000967
342.5
288543.66121678695
395.0
288538.86306042
397.75
288538.23092446977
404.2
288504.3708406743
407.95
288490.1909787514
434.2
288484.08137837215
450.25
288452.02565713064
461.5
288450.8021446835
494.55
288444.3812989504
495.95
288432.4887006335

 287863.6087006335
.(1)  
    done in 3.8e-04 seconds/evaluation
  dimension seconds/evaluations
  -----------------------------
     20      3.8e-04 
  -----------------------------
  bbob done (1 of 360 problems benchmarked)
Deleting folder:  exdata/EA_AOS_on_bbob_budget0500xD-011
, Sat Mar 30 13:09:05 2019 (0h00:02 total elapsed time).
