COCO INFO: Results will be output to folder exdata/EA_AOS_on_bbob_budget0500xD-002
after __main__
budget 0.73 0.18 75 DE/current-to-rand/1 500
above main 500
def main 500
Benchmarking solver '<function EA_AOS' with budget=500*dimension on b'bbob' suite, Sat Mar 30 13:04:46 2019
batch_loop 500
Mar30 13h04:46, d=20, running: f023coco_optimiser 10000
inside coco 10000
ea-aos 10000
0.05
3.25
5.57582762907964
6.15
4.163800542175778
112.3
3.9908372749747514
201.75
3.467861482085908
362.9
3.0779086942892206

 -220.04209130571078
.(1)  
    done in 3.9e-04 seconds/evaluation
  dimension seconds/evaluations
  -----------------------------
     20      3.9e-04 
  -----------------------------
  bbob done (1 of 360 problems benchmarked)
Deleting folder:  exdata/EA_AOS_on_bbob_budget0500xD-002
, Sat Mar 30 13:04:50 2019 (0h00:03 total elapsed time).
