COCO INFO: Results will be output to folder exdata/EA_AOS_on_bbob_budget0500xD-026
after __main__
budget 0.75 0.21 73 DE/current-to-rand/1 500
above main 500
def main 500
Benchmarking solver '<function EA_AOS' with budget=500*dimension on b'bbob' suite, Sat Mar 30 13:04:46 2019
batch_loop 500
Mar30 13h04:46, d=20, running: f023coco_optimiser 10000
inside coco 10000
ea-aos 10000
0.05
3.25
5.57582762907964
5.6
4.751228147581173
59.25
4.238725738369851
68.8
3.3601815265573123
134.35
3.039666197127673

 -220.08033380287233
.(1)  
    done in 6.0e-04 seconds/evaluation
  dimension seconds/evaluations
  -----------------------------
     20      6.0e-04 
  -----------------------------
  bbob done (1 of 360 problems benchmarked)
Deleting folder:  exdata/EA_AOS_on_bbob_budget0500xD-026
, Sat Mar 30 13:04:52 2019 (0h00:03 total elapsed time).
