COCO INFO: Results will be output to folder exdata/EA_AOS_on_bbob_budget0500xD-008
after __main__
budget 0.8 0.25 100 DE/current-to-rand/1 500
above main 500
def main 500
Benchmarking solver '<function EA_AOS' with budget=500*dimension on b'bbob' suite, Sat Mar 30 13:06:59 2019
batch_loop 500
Mar30 13h06:59, d=20, running: f014coco_optimiser 10000
inside coco 10000
ea-aos 10000
0.05
2.65
46.29756375650529
7.65
29.700451284968338
60.85
29.55791229650429
66.4
22.179224648162947
83.15
22.051287694685335
105.6
20.8526507370081
118.15
17.77910729688479
153.15
15.318635851049898
193.65
15.07454939779678
245.75
14.523920299177824
291.3
12.715690639252543
320.75
12.409036415767126
330.75
12.037898174843974
351.3
11.970176154479368
377.95
11.382088509522507
385.25
10.024581961850046
411.95
9.804880703025237
424.7
9.693281964004694
425.25
9.087681917487558
466.95
9.081954323392655
478.2
9.061401509277268
486.95
8.811313921761947

 16.451313921761948
.(1)  
    done in 3.5e-04 seconds/evaluation
  dimension seconds/evaluations
  -----------------------------
     20      3.5e-04 
  -----------------------------
  bbob done (1 of 360 problems benchmarked)
Deleting folder:  exdata/EA_AOS_on_bbob_budget0500xD-008
, Sat Mar 30 13:07:02 2019 (0h00:02 total elapsed time).
