COCO INFO: Results will be output to folder exdata/EA_AOS_on_bbob_budget0500xD-024
after __main__
budget 0.77 0.13 87 DE/current-to-rand/1 500
above main 500
def main 500
Benchmarking solver '<function EA_AOS' with budget=500*dimension on b'bbob' suite, Sat Mar 30 13:11:50 2019
batch_loop 500
Mar30 13h11:50, d=20, running: f022coco_optimiser 10000
inside coco 10000
ea-aos 10000
0.05
0.1
8.9
77.3301350393585
17.5
76.07122175090514
30.55
72.75042839911562
40.1
68.67233789628297
71.3
66.12194635690578
89.9
65.74154460675173
92.3
63.72875017845631
96.15
60.89063837535009
113.55
58.08340705587433
133.5
57.56314075227546
135.8
45.332127732380215
188.0
37.1816372980668
225.75
33.629900223811504
277.95
31.08918000913424
295.35
27.910451622614133
351.9
26.980643299972613
360.6
22.248979181643577
395.4
20.57530843955979

 120.37530843955979
.(1)  
    done in 4.4e-04 seconds/evaluation
  dimension seconds/evaluations
  -----------------------------
     20      4.4e-04 
  -----------------------------
  bbob done (1 of 360 problems benchmarked)
Deleting folder:  exdata/EA_AOS_on_bbob_budget0500xD-024
, Sat Mar 30 13:11:55 2019 (0h00:02 total elapsed time).
