COCO INFO: Results will be output to folder exdata/EA_AOS_on_bbob_budget0500xD-017
after __main__
budget 0.38 0.22 107 DE/current-to-rand/1 500
above main 500
def main 500
Benchmarking solver '<function EA_AOS' with budget=500*dimension on b'bbob' suite, Sat Mar 30 13:05:09 2019
batch_loop 500
Mar30 13h05:09, d=20, running: f023coco_optimiser 10000
inside coco 10000
ea-aos 10000
0.05
3.25
5.57582762907964
10.55
4.427077769377718
14.85
3.837266728578328
31.35
3.1350280421184493
322.8
2.5068831535520815

 -220.61311684644792
.(1)  
    done in 4.9e-04 seconds/evaluation
  dimension seconds/evaluations
  -----------------------------
     20      4.9e-04 
  -----------------------------
  bbob done (1 of 360 problems benchmarked)
Deleting folder:  exdata/EA_AOS_on_bbob_budget0500xD-017
, Sat Mar 30 13:05:14 2019 (0h00:03 total elapsed time).
