COCO INFO: Results will be output to folder exdata/EA_AOS_on_bbob_budget0500xD-023
after __main__
budget 0.48 0.32 71 DE/current-to-rand/1 500
above main 500
def main 500
Benchmarking solver '<function EA_AOS' with budget=500*dimension on b'bbob' suite, Sat Mar 30 13:11:50 2019
batch_loop 500
Mar30 13h11:51, d=20, running: f022coco_optimiser 10000
inside coco 10000
ea-aos 10000
0.05
0.1
6.85
72.46430022134838
21.5
71.00231087711451
28.5
69.35539017229287
34.9
69.01455048412738
42.05
66.50686698656118
47.45
64.29266546013072
52.7
61.900743032229585
59.8
59.59537899912273
120.1
58.62411946609457
123.9
56.35005241909717
127.45
54.728725079445795
130.5
52.39724066360999
162.6
50.38252119028495
191.35
49.0695782797945
198.1
47.929927392089965
201.8
39.86730837454077
243.25
36.384095559541905
287.0
35.74314461241589
317.8
34.02857404389927
379.35
30.985671546569037
421.9
29.026696866235724

 128.82669686623572
.(1)  
    done in 2.8e-04 seconds/evaluation
  dimension seconds/evaluations
  -----------------------------
     20      2.8e-04 
  -----------------------------
  bbob done (1 of 360 problems benchmarked)
Deleting folder:  exdata/EA_AOS_on_bbob_budget0500xD-023
, Sat Mar 30 13:11:53 2019 (0h00:02 total elapsed time).
