COCO INFO: Results will be output to folder exdata/EA_AOS_on_bbob_budget0500xD-028
after __main__
budget 0.48 0.32 71 DE/current-to-rand/1 500
above main 500
def main 500
Benchmarking solver '<function EA_AOS' with budget=500*dimension on b'bbob' suite, Sat Mar 30 13:07:00 2019
batch_loop 500
Mar30 13h07:00, d=20, running: f014coco_optimiser 10000
inside coco 10000
ea-aos 10000
0.05
2.65
46.29756375650529
6.2
33.23336127882683
21.45
21.79131561042001
25.0
20.470605081865973
32.1
19.43350915875278
63.35
15.24055231931358
74.0
14.9179934305279
84.65
14.465163883510996
105.95
14.115027862195408
122.55
14.039075483039639
133.2
13.192082543165572
376.45
13.069665894628073
424.6
12.843604245358513
495.6
12.242295182404295

 19.882295182404295
.(1)  
    done in 3.0e-04 seconds/evaluation
  dimension seconds/evaluations
  -----------------------------
     20      3.0e-04 
  -----------------------------
  bbob done (1 of 360 problems benchmarked)
Deleting folder:  exdata/EA_AOS_on_bbob_budget0500xD-028
, Sat Mar 30 13:07:03 2019 (0h00:02 total elapsed time).
