COCO INFO: Results will be output to folder exdata/EA_AOS_on_bbob_budget0500xD-027
after __main__
budget 0.64 0.17 54 DE/current-to-rand/1 500
above main 500
def main 500
Benchmarking solver '<function EA_AOS' with budget=500*dimension on b'bbob' suite, Sat Mar 30 13:07:00 2019
batch_loop 500
Mar30 13h07:00, d=20, running: f014coco_optimiser 10000
inside coco 10000
ea-aos 10000
0.05
2.65
46.29756375650529
8.05
40.728196686475044
18.55
38.854860295758776
26.65
35.65568063090351
29.35
30.23841985142215
37.45
27.540467898635463
45.55
18.84709285137216
50.95
18.27731834024659
52.95
14.566079503066955
80.65
14.55487667018874
85.35
12.248401534557871
91.45
11.884842684874084
102.95
9.740599716095083
124.55
8.859071377240848
137.3
7.744476103318761
140.0
6.84395758003834
167.0
6.7886870252573415
180.5
6.32931397753561
195.7
5.497092417382423
203.8
3.9644481753137244
233.5
3.7400638071955603
291.65
3.5913164405380096
308.3
3.335361401085076
325.95
3.0639882043684645
331.35
2.687959846209851
336.75
2.5287660671707863
350.25
2.2755172335403264
390.75
2.2296216163029294
433.95
2.037933002190816
477.05
1.8655193807811985

 9.505519380781198
.(1)  
    done in 3.8e-04 seconds/evaluation
  dimension seconds/evaluations
  -----------------------------
     20      3.8e-04 
  -----------------------------
  bbob done (1 of 360 problems benchmarked)
Deleting folder:  exdata/EA_AOS_on_bbob_budget0500xD-027
, Sat Mar 30 13:07:03 2019 (0h00:02 total elapsed time).
