COCO INFO: Results will be output to folder exdata/EA_AOS_on_bbob_budget0500xD-001
after __main__
budget 0.37 0.25 93 DE/current-to-rand/1 500
above main 500
def main 500
Benchmarking solver '<function EA_AOS' with budget=500*dimension on b'bbob' suite, Sat Mar 30 13:05:23 2019
batch_loop 500
Mar30 13h05:23, d=20, running: f023coco_optimiser 10000
inside coco 10000
ea-aos 10000
0.05
3.25
5.57582762907964
9.75
4.331537369342811
53.15
3.8867523416910217
71.45
3.0754480086006026
105.45
2.908178249014753
186.6
2.710908586853776

 -220.40909141314623
.(1)  
    done in 3.8e-04 seconds/evaluation
  dimension seconds/evaluations
  -----------------------------
     20      3.8e-04 
  -----------------------------
  bbob done (1 of 360 problems benchmarked)
Deleting folder:  exdata/EA_AOS_on_bbob_budget0500xD-001
, Sat Mar 30 13:05:27 2019 (0h00:03 total elapsed time).
