COCO INFO: Results will be output to folder exdata/EA_AOS_on_bbob_budget0500xD-023
after __main__
budget 0.61 0.17 91 DE/current-to-rand/1 500
above main 500
def main 500
Benchmarking solver '<function EA_AOS' with budget=500*dimension on b'bbob' suite, Sat Mar 30 13:07:22 2019
batch_loop 500
Mar30 13h07:23, d=20, running: f014coco_optimiser 10000
inside coco 10000
ea-aos 10000
0.05
2.65
46.29756375650529
12.1
44.58216939369459
21.1
29.488655124398072
30.2
29.08448981653892
36.55
22.821315648906943
50.2
22.682815689385993
59.3
22.676366209566176
63.85
21.325937120928085
84.5
20.698600289913866
91.0
14.660480159056778
109.25
13.879475839891366
126.55
12.22763936625698
131.1
11.864435739012421
153.85
10.711728274876371
184.8
10.481799598820473
186.8
9.85313465461482
193.9
9.797382771057162
217.85
8.892117743494389
225.75
7.790480939401063
240.1
6.639666174969514
285.6
5.554182843152742
289.45
5.54190854837016
303.8
5.5306833099396835
325.85
5.419317021712826
334.95
5.315607686713439
362.95
4.737791680412367
376.6
4.4930767173755966
419.0
4.158548852831154
427.0
4.092647117845735
430.65
3.852295165104482
478.7
3.649545845431425

 11.289545845431425
.(1)  
    done in 4.0e-04 seconds/evaluation
  dimension seconds/evaluations
  -----------------------------
     20      4.0e-04 
  -----------------------------
  bbob done (1 of 360 problems benchmarked)
Deleting folder:  exdata/EA_AOS_on_bbob_budget0500xD-023
, Sat Mar 30 13:07:26 2019 (0h00:02 total elapsed time).
