COCO INFO: Results will be output to folder exdata/EA_AOS_on_bbob_budget0500xD-010
after __main__
budget 0.61 0.42 68 DE/current-to-rand/1 500
above main 500
def main 500
Benchmarking solver '<function EA_AOS' with budget=500*dimension on b'bbob' suite, Sat Mar 30 13:10:05 2019
batch_loop 500
Mar30 13h10:05, d=20, running: f002coco_optimiser 10000
inside coco 10000
ea-aos 10000
0.05
2.65
3912672.620398869
5.95
2397799.0740564456
16.15
1871704.3771737511
22.95
1851499.0139746414
26.1
931245.9782976818
29.5
710866.1125068602
39.15
586114.2104788132
42.55
500231.84818426456
52.75
499672.9719527703
73.7
367559.8895041344
94.05
322484.33873757604
111.35
321302.6138718168
135.85
311467.4027612815
180.05
311425.518400779
186.85
290717.1174048659
220.05
290388.5367303153
230.25
290309.0850701805
263.35
289696.54382059886
268.45
289259.0774390479
288.85
289054.60531425814
346.65
289049.0885297761
352.4
288971.5120210352
379.6
288966.9513626831
407.85
288922.6593867467
411.25
288914.9048304566
419.75
288632.04770678794
460.55
288621.6991353567
474.15
288620.05417944584

 288051.17417944584
.(1)  
    done in 3.1e-04 seconds/evaluation
  dimension seconds/evaluations
  -----------------------------
     20      3.1e-04 
  -----------------------------
  bbob done (1 of 360 problems benchmarked)
Deleting folder:  exdata/EA_AOS_on_bbob_budget0500xD-010
, Sat Mar 30 13:10:08 2019 (0h00:02 total elapsed time).
