COCO INFO: Results will be output to folder exdata/EA_AOS_on_bbob_budget0500xD-008
after __main__
budget 0.54 0.29 79 DE/current-to-rand/1 500
above main 500
def main 500
Benchmarking solver '<function EA_AOS' with budget=500*dimension on b'bbob' suite, Sat Mar 30 13:05:41 2019
batch_loop 500
Mar30 13h05:41, d=20, running: f023coco_optimiser 10000
inside coco 10000
ea-aos 10000
0.05
3.25
5.57582762907964
5.8
5.338356873878382
31.25
4.803336215775261
35.3
4.190732596635172
38.2
3.8916503532122135
142.35
3.7567736476727305
146.4
3.132187726142945

 -219.98781227385706
.(1)  
    done in 4.7e-04 seconds/evaluation
  dimension seconds/evaluations
  -----------------------------
     20      4.7e-04 
  -----------------------------
  bbob done (1 of 360 problems benchmarked)
Deleting folder:  exdata/EA_AOS_on_bbob_budget0500xD-008
, Sat Mar 30 13:05:45 2019 (0h00:03 total elapsed time).
