COCO INFO: Results will be output to folder exdata/EA_AOS_on_bbob_budget0500xD-018
after __main__
budget 0.3 0.37 81 DE/current-to-rand/1 500
above main 500
def main 500
Benchmarking solver '<function EA_AOS' with budget=500*dimension on b'bbob' suite, Sat Mar 30 13:07:45 2019
batch_loop 500
Mar30 13h07:45, d=20, running: f014coco_optimiser 10000
inside coco 10000
ea-aos 10000
0.05
2.65
46.29756375650529
8.5
28.10140225011117
31.25
22.747357615683978
63.65
22.521550845617973
164.9
22.00782799563103
170.5
21.941835155824105
202.9
21.04591166389522
336.55
20.64999035619894
429.7
20.366677381696014

 28.006677381696015
.(1)  
    done in 4.0e-04 seconds/evaluation
  dimension seconds/evaluations
  -----------------------------
     20      4.0e-04 
  -----------------------------
  bbob done (1 of 360 problems benchmarked)
Deleting folder:  exdata/EA_AOS_on_bbob_budget0500xD-018
, Sat Mar 30 13:07:49 2019 (0h00:02 total elapsed time).
