COCO INFO: Results will be output to folder exdata/EA_AOS_on_bbob_budget0500xD-007
after __main__
budget 0.69 0.16 108 DE/current-to-rand/1 500
above main 500
def main 500
Benchmarking solver '<function EA_AOS' with budget=500*dimension on b'bbob' suite, Sat Mar 30 13:17:09 2019
batch_loop 500
Mar30 13h17:09, d=20, running: f007coco_optimiser 10000
inside coco 10000
ea-aos 10000
0.05
1.55
845.5781938862622
7.8
509.5320585973722
28.65
424.0739579070251
51.0
419.37225001823555
55.55
311.50759769414026
67.2
263.2840327960716
71.75
263.28118410500826
80.45
174.47511705847455
155.0
141.50346991781097
169.95
140.96540789684752
192.8
106.46321203343078
219.8
76.0575699958577
317.0
67.8269620589414
385.2
67.2551095417133
392.6
59.12111462457409
462.75
43.86562114247445

 136.80562114247445
.(1)  
    done in 3.2e-04 seconds/evaluation
  dimension seconds/evaluations
  -----------------------------
     20      3.2e-04 
  -----------------------------
  bbob done (1 of 360 problems benchmarked)
Deleting folder:  exdata/EA_AOS_on_bbob_budget0500xD-007
, Sat Mar 30 13:17:13 2019 (0h00:02 total elapsed time).
