COCO INFO: Results will be output to folder exdata/EA_AOS_on_bbob_budget0500xD
after __main__
budget 0.67 0.59 64 DE/current-to-rand/1 500
above main 500
def main 500
Benchmarking solver '<function EA_AOS' with budget=500*dimension on b'bbob' suite, Sat Mar 30 13:08:01 2019
batch_loop 500
Mar30 13h08:01, d=20, running: f014coco_optimiser 10000
inside coco 10000
ea-aos 10000
0.05
2.65
46.29756375650529
9.55
40.201662698325144
12.75
35.21745785969578
21.3
30.994659237314707
29.1
30.744760723332192
32.2
28.91583599138746
37.75
25.687169771222273
44.1
25.600455648865953
45.7
23.06499823173526
51.15
19.054985198548195
54.6
14.504253642670001
79.75
13.981895830350258
81.2
13.912648478487728
86.55
13.90618030672508
95.25
12.054931851127336
96.25
8.869731456440313
129.05
8.476860805158157
152.7
8.166717321590834
171.0
7.9971948083825035
173.95
7.954458780857366
180.35
7.079668787911586
204.05
6.034394447756372
212.05
5.953289114722652
237.8
5.240343873839266
255.35
5.184084016677354
269.2
4.596129359672113
283.65
4.073499642130472
325.75
3.9665021246171
366.4
3.9515674833618517
370.2
3.793063308233731
383.0
3.335492783007962
405.4
2.90441388477383
461.7
2.6791332329601962

 10.319133232960196
.(1)  
    done in 3.1e-04 seconds/evaluation
  dimension seconds/evaluations
  -----------------------------
     20      3.1e-04 
  -----------------------------
  bbob done (1 of 360 problems benchmarked)
Deleting folder:  exdata/EA_AOS_on_bbob_budget0500xD
, Sat Mar 30 13:08:04 2019 (0h00:02 total elapsed time).
