COCO INFO: Results will be output to folder exdata/EA_AOS_on_bbob_budget0500xD-004
after __main__
budget 0.79 0.27 70 DE/current-to-rand/1 500
above main 500
def main 500
Benchmarking solver '<function EA_AOS' with budget=500*dimension on b'bbob' suite, Sat Mar 30 13:10:24 2019
batch_loop 500
Mar30 13h10:24, d=20, running: f002coco_optimiser 10000
inside coco 10000
ea-aos 10000
0.05
2.65
3912672.620398869
4.35
2960179.0362126916
11.35
2291858.225631421
20.15
1294508.3989820841
24.5
645324.1998147491
38.5
618683.601579203
63.1
574357.8660206394
68.35
424098.62778894
75.35
385553.0486180238
89.0
381481.67373644176
103.35
380263.26798822987
106.85
376482.5800955278
125.7
369492.56008902704
132.7
310247.7355597004
202.95
301177.61916291213
235.35
296890.7283856956
245.85
296833.70336902584
256.55
291943.433355992
284.55
291581.0271125804
300.75
291426.18802882434
311.25
289643.7107923337
330.9
289478.1061598221
346.25
288992.5733971524
381.25
288771.2566964948
392.25
288758.86759262194
401.3
288723.0223563301
404.35
288660.12132306764
417.75
288618.67822199606
426.1
288603.8720450598
428.25
288542.8490409029
431.35
288534.7658891411
445.35
288528.59816652647
463.25
288484.7277657684
487.75
288465.90906517755

 287897.02906517754
.(1)  
    done in 2.8e-04 seconds/evaluation
  dimension seconds/evaluations
  -----------------------------
     20      2.8e-04 
  -----------------------------
  bbob done (1 of 360 problems benchmarked)
Deleting folder:  exdata/EA_AOS_on_bbob_budget0500xD-004
, Sat Mar 30 13:10:27 2019 (0h00:02 total elapsed time).
