COCO INFO: Results will be output to folder exdata/EA_AOS_on_bbob_budget0500xD-024
after __main__
budget 0.28 0.41 81 DE/current-to-rand/1 500
above main 500
def main 500
Benchmarking solver '<function EA_AOS' with budget=500*dimension on b'bbob' suite, Sat Mar 30 13:08:03 2019
batch_loop 500
Mar30 13h08:04, d=20, running: f014coco_optimiser 10000
inside coco 10000
ea-aos 10000
0.05
2.65
46.29756375650529
11.0
37.666346678828745
15.05
25.80217247330095
31.25
19.499583530553323
63.65
18.837357426856606
164.9
18.370527551532117
177.05
18.22810421612857

 25.86810421612857
.(1)  
    done in 3.2e-04 seconds/evaluation
  dimension seconds/evaluations
  -----------------------------
     20      3.2e-04 
  -----------------------------
  bbob done (1 of 360 problems benchmarked)
Deleting folder:  exdata/EA_AOS_on_bbob_budget0500xD-024
, Sat Mar 30 13:08:07 2019 (0h00:02 total elapsed time).
