COCO INFO: Results will be output to folder exdata/EA_AOS_on_bbob_budget0500xD-019
after __main__
budget 0.48 0.49 74 DE/current-to-rand/1 500
above main 500
def main 500
Benchmarking solver '<function EA_AOS' with budget=500*dimension on b'bbob' suite, Sat Mar 30 13:19:52 2019
batch_loop 500
Mar30 13h19:52, d=20, running: f018coco_optimiser 10000
inside coco 10000
ea-aos 10000
0.05
0.3
10.5
73.68145095592985
17.1
64.84624422961463
24.0
51.662203246085255
28.2
49.21730356181217
52.4
32.62221874789293
147.3
29.051937853856998
351.3
27.303820356813105
459.9
22.54312739751805

 295.693127397518
.(1)  
    done in 3.9e-04 seconds/evaluation
  dimension seconds/evaluations
  -----------------------------
     20      3.9e-04 
  -----------------------------
  bbob done (1 of 360 problems benchmarked)
Deleting folder:  exdata/EA_AOS_on_bbob_budget0500xD-019
, Sat Mar 30 13:19:56 2019 (0h00:02 total elapsed time).
