COCO INFO: Results will be output to folder exdata/EA_AOS_on_bbob_budget0500xD-005
after __main__
budget 0.59 0.3 76 DE/current-to-rand/1 500
above main 500
def main 500
Benchmarking solver '<function EA_AOS' with budget=500*dimension on b'bbob' suite, Sat Mar 30 13:19:06 2019
batch_loop 500
Mar30 13h19:06, d=20, running: f007coco_optimiser 10000
inside coco 10000
ea-aos 10000
0.05
0.05
4.15
526.809795400299
8.95
485.19050445959766
12.1
444.11608624780297
15.9
299.89011423130995
44.15
254.49843604273866
50.05
137.94157355263908
56.7
117.83335711146184
90.9
113.12193612143017
97.45
84.85527362084723
128.35
80.50763531615085
131.6
77.91739370727066
146.8
70.1520381853129
151.25
62.52490290824439
158.05
61.36840642041755
162.0
37.698122691036176
169.6
30.891219091662144
272.2
25.609467679950207

 29.429467679950207
.(1)  
    done in 3.2e-04 seconds/evaluation
  dimension seconds/evaluations
  -----------------------------
     20      3.2e-04 
  -----------------------------
  bbob done (1 of 360 problems benchmarked)
Deleting folder:  exdata/EA_AOS_on_bbob_budget0500xD-005
, Sat Mar 30 13:19:09 2019 (0h00:02 total elapsed time).
