COCO INFO: Results will be output to folder exdata/EA_AOS_on_bbob_budget0500xD-010
after __main__
budget 0.64 0.57 112 DE/current-to-rand/1 500
above main 500
def main 500
Benchmarking solver '<function EA_AOS' with budget=500*dimension on b'bbob' suite, Sat Mar 30 13:08:23 2019
batch_loop 500
Mar30 13h08:23, d=20, running: f014coco_optimiser 10000
inside coco 10000
ea-aos 10000
0.05
2.65
46.29756375650529
5.65
45.730075820936975
24.2
45.01239304298875
31.1
27.28247175006473
66.1
22.934768831738445
74.75
21.69532557262849
79.05
19.7141735976696
92.7
18.87981329948078
96.5
16.939929602039552
116.8
13.040340374592652
147.65
11.957015695238216
152.7
11.004352352897268
197.5
10.443859517876003
203.2
8.680500143928207
292.5
7.720441891081252
375.4
7.409206592188078
382.8
7.31842167949121
466.8
6.704072659317956
472.4
6.153312165058369

 13.793312165058369
.(1)  
    done in 4.0e-04 seconds/evaluation
  dimension seconds/evaluations
  -----------------------------
     20      4.0e-04 
  -----------------------------
  bbob done (1 of 360 problems benchmarked)
Deleting folder:  exdata/EA_AOS_on_bbob_budget0500xD-010
, Sat Mar 30 13:08:27 2019 (0h00:02 total elapsed time).
