COCO INFO: Results will be output to folder exdata/EA_AOS_on_bbob_budget0500xD-018
after __main__
budget 0.43 0.53 90 DE/current-to-rand/1 500
above main 500
def main 500
Benchmarking solver '<function EA_AOS' with budget=500*dimension on b'bbob' suite, Sat Mar 30 13:13:16 2019
batch_loop 500
Mar30 13h13:16, d=20, running: f022coco_optimiser 10000
inside coco 10000
ea-aos 10000
0.05
0.1
4.55
77.40368025887385
9.1
73.79545035246518
13.6
73.63840256641255
25.25
73.4402384737523
27.8
69.06075581442194
36.8
68.83596443674766
42.95
67.70300921293212
60.05
66.5783297144941
70.9
55.067678059914655
195.05
51.724350966443794
300.4
48.852586319776336

 148.65258631977633
.(1)  
    done in 3.4e-04 seconds/evaluation
  dimension seconds/evaluations
  -----------------------------
     20      3.4e-04 
  -----------------------------
  bbob done (1 of 360 problems benchmarked)
Deleting folder:  exdata/EA_AOS_on_bbob_budget0500xD-018
, Sat Mar 30 13:13:19 2019 (0h00:02 total elapsed time).
