COCO INFO: Results will be output to folder exdata/EA_AOS_on_bbob_budget0500xD-016
after __main__
budget 0.74 0.19 95 DE/current-to-rand/1 500
above main 500
def main 500
Benchmarking solver '<function EA_AOS' with budget=500*dimension on b'bbob' suite, Sat Mar 30 13:17:46 2019
batch_loop 500
Mar30 13h17:46, d=20, running: f007coco_optimiser 10000
inside coco 10000
ea-aos 10000
0.05
1.55
845.5781938862622
6.3
442.3346103694162
34.8
409.89262801568265
56.2
379.13388745459554
63.7
297.73207765096737
70.55
250.27471574330366
82.85
200.22014014896553
91.1
199.09501357322796
109.1
187.14376983842823
109.95
158.04588951399612
152.7
100.11183100027992
237.45
72.61286128138013
366.8
68.29733865805707
381.05
61.78920847811111

 154.7292084781111
.(1)  
    done in 3.7e-04 seconds/evaluation
  dimension seconds/evaluations
  -----------------------------
     20      3.7e-04 
  -----------------------------
  bbob done (1 of 360 problems benchmarked)
Deleting folder:  exdata/EA_AOS_on_bbob_budget0500xD-016
, Sat Mar 30 13:17:49 2019 (0h00:02 total elapsed time).
