COCO INFO: Results will be output to folder exdata/EA_AOS_on_bbob_budget0500xD-003
after __main__
budget 0.59 0.23 50 DE/current-to-rand/1 500
above main 500
def main 500
Benchmarking solver '<function EA_AOS' with budget=500*dimension on b'bbob' suite, Sat Mar 30 13:34:17 2019
batch_loop 500
Mar30 13h34:17, d=20, running: f018coco_optimiser 10000
inside coco 10000
ea-aos 10000
0.05
0.3
8.05
69.01866660955193
13.05
64.69929321253312
26.05
43.930725359550365
46.05
43.82891487236492
48.55
40.20795703247535
52.25
39.36276262285696
54.35
36.36403521509567
69.35
32.21459721476276
86.25
27.359865728522607
97.25
22.776022568880876
103.75
20.91741289099474
139.6
18.050701117665483
195.45
16.042306888925623
265.45
13.866228530966055
274.8
13.514459347859372
372.85
13.32528080149251
388.25
12.770986485188757
429.75
12.409915581733515
470.35
12.04809620301046
491.7
10.783783865078703

 283.9337838650787
.(1)  
    done in 4.0e-04 seconds/evaluation
  dimension seconds/evaluations
  -----------------------------
     20      4.0e-04 
  -----------------------------
  bbob done (1 of 360 problems benchmarked)
Deleting folder:  exdata/EA_AOS_on_bbob_budget0500xD-003
, Sat Mar 30 13:34:21 2019 (0h00:02 total elapsed time).
