COCO INFO: Results will be output to folder exdata/EA_AOS_on_bbob_budget0500xD
after __main__
budget 0.58 0.21 63 DE/current-to-rand/1 500
above main 500
def main 500
Benchmarking solver '<function EA_AOS' with budget=500*dimension on b'bbob' suite, Sat Mar 30 13:23:20 2019
batch_loop 500
Mar30 13h23:20, d=20, running: f002coco_optimiser 10000
inside coco 10000
ea-aos 10000
0.05
2.65
3912672.620398869
6.0
3557607.319376218
8.75
2476530.811605461
18.6
1998958.6557261015
21.75
1866494.8243147987
23.7
1027572.8688756407
26.85
912922.9222463109
40.05
889254.1242878416
46.0
807021.8256941405
47.75
764463.808738217
52.05
698628.7807439724
59.1
697757.9721956225
62.8
576941.0148006703
64.8
545495.5349409261
67.8
417687.92845055537
70.95
388054.16828927764
74.1
349222.21713149594
89.85
330606.2420683303
105.75
329508.4184278762
108.9
309041.4387824346
124.65
308998.026175978
127.8
308945.35927158524
134.1
308941.2507348536
143.0
302531.4326815652
150.4
301688.1989726388
155.6
297719.2786318661
175.45
295643.4872737025
177.7
289625.4437245338
209.2
289585.61488368
221.8
288741.047504762
257.65
288571.14646734856
332.05
288531.88699758105
360.4
288504.280312227
400.8
288501.9818073896
410.15
288501.4268866346
420.85
288487.32910071505
446.05
288484.16717117745
457.4
288473.8202012805
466.9
288468.98841433146
476.35
288465.82648479386

 287896.94648479385
.(1)  
    done in 4.9e-04 seconds/evaluation
  dimension seconds/evaluations
  -----------------------------
     20      4.9e-04 
  -----------------------------
  bbob done (1 of 360 problems benchmarked)
Deleting folder:  exdata/EA_AOS_on_bbob_budget0500xD
, Sat Mar 30 13:23:25 2019 (0h00:02 total elapsed time).
