COCO INFO: Results will be output to folder exdata/EA_AOS_on_bbob_budget0500xD-009
after __main__
budget 0.48 0.12 54 DE/current-to-rand/1 500
above main 500
def main 500
Benchmarking solver '<function EA_AOS' with budget=500*dimension on b'bbob' suite, Sat Mar 30 13:33:41 2019
batch_loop 500
Mar30 13h33:42, d=20, running: f023coco_optimiser 10000
inside coco 10000
ea-aos 10000
0.05
0.6
8.35
5.142043052945382
30.25
4.455364497780209
95.1
4.441521450223092
117.05
4.3611138661086954
131.25
3.4263126219386777
304.0
3.374976195105006
362.55
3.3719075327739176
381.3
3.1278886542190776

 -219.99211134578093
.(1)  
    done in 4.7e-04 seconds/evaluation
  dimension seconds/evaluations
  -----------------------------
     20      4.7e-04 
  -----------------------------
  bbob done (1 of 360 problems benchmarked)
Deleting folder:  exdata/EA_AOS_on_bbob_budget0500xD-009
, Sat Mar 30 13:33:46 2019 (0h00:03 total elapsed time).
