COCO INFO: Results will be output to folder exdata/EA_AOS_on_bbob_budget0500xD-001
after __main__
budget 0.58 0.13 61 DE/current-to-rand/1 500
above main 500
def main 500
Benchmarking solver '<function EA_AOS' with budget=500*dimension on b'bbob' suite, Sat Mar 30 13:23:20 2019
batch_loop 500
Mar30 13h23:20, d=20, running: f002coco_optimiser 10000
inside coco 10000
ea-aos 10000
0.05
2.65
3912672.620398869
6.35
3693722.203541483
10.95
2276632.188771924
14.0
1532947.5513271017
20.45
1513512.8492127403
23.15
1196276.6862382747
29.25
1196001.7345325593
41.45
913023.9093079041
47.55
833396.4129062393
50.6
655493.6111445033
62.15
603510.147838745
65.2
446887.58123587316
68.9
414652.8315809891
74.35
309642.53334299626
83.5
298199.80184658995
89.6
297366.543427594
98.75
295461.0853818566
114.0
295436.915033109
132.3
295000.5587086311
141.45
293388.6677404729
171.95
292772.5122778902
175.0
291549.2953883144
181.1
291198.81710837415
187.2
291192.5316768044
217.7
289598.0316303234
256.1
289149.9072779827
259.15
289133.6270289591
289.65
289130.46509942156
298.8
289122.71054313146
304.9
288695.22090303345
312.25
288691.9448326502
320.15
288689.70411855134
353.5
288585.56065960584
420.6
288583.2834185658
427.55
288487.61703094817
494.35
288453.156999628

 287884.276999628
.(1)  
    done in 3.0e-04 seconds/evaluation
  dimension seconds/evaluations
  -----------------------------
     20      3.0e-04 
  -----------------------------
  bbob done (1 of 360 problems benchmarked)
Deleting folder:  exdata/EA_AOS_on_bbob_budget0500xD-001
, Sat Mar 30 13:23:23 2019 (0h00:02 total elapsed time).
