COCO INFO: Results will be output to folder exdata/EA_AOS_on_bbob_budget0500xD-028
after __main__
budget 0.48 0.22 109 DE/current-to-rand/1 500
above main 500
def main 500
Benchmarking solver '<function EA_AOS' with budget=500*dimension on b'bbob' suite, Sat Mar 30 13:23:21 2019
batch_loop 500
Mar30 13h23:21, d=20, running: f002coco_optimiser 10000
inside coco 10000
ea-aos 10000
0.05
4.1
1285771.728694769
31.25
1029287.6529433401
60.55
938264.8043135547
66.0
934428.7013591651
71.45
921863.3677028401
80.65
781397.2830853397
86.1
581938.2259293477
91.85
526726.1671092513
108.2
494980.28980117413
123.3
459436.23068816017
156.0
459425.8821167289
162.6
411597.21211086714
169.6
395133.3558580315
178.75
394809.64561025234
180.5
387941.4706524813
213.2
387899.1523195198
224.1
387826.52542702656
289.5
387818.0890471957
294.95
387387.4374775601
349.55
370361.63105081883
437.75
345848.65925787017
470.45
345304.5472700905

 344735.6672700905
.(1)  
    done in 4.1e-04 seconds/evaluation
  dimension seconds/evaluations
  -----------------------------
     20      4.1e-04 
  -----------------------------
  bbob done (1 of 360 problems benchmarked)
Deleting folder:  exdata/EA_AOS_on_bbob_budget0500xD-028
, Sat Mar 30 13:23:25 2019 (0h00:02 total elapsed time).
