COCO INFO: Results will be output to folder exdata/EA_AOS_on_bbob_budget0500xD-002
after __main__
budget 0.89 0.21 82 DE/current-to-rand/1 500
above main 500
def main 500
Benchmarking solver '<function EA_AOS' with budget=500*dimension on b'bbob' suite, Sat Mar 30 13:29:45 2019
batch_loop 500
Mar30 13h29:45, d=20, running: f021coco_optimiser 10000
inside coco 10000
ea-aos 10000
0.05
0.05
6.2
65.29244908529176
67.7
65.18692522950052
97.05
48.414149863390314
187.25
42.88868455373226
271.65
42.342469529244845
308.35
39.36909493056949
341.15
29.54609245974872
427.25
28.643980304099674
447.05
25.585537450385733

 -23.01446254961427
.(1)  
    done in 4.1e-04 seconds/evaluation
  dimension seconds/evaluations
  -----------------------------
     20      4.1e-04 
  -----------------------------
  bbob done (1 of 360 problems benchmarked)
Deleting folder:  exdata/EA_AOS_on_bbob_budget0500xD-002
, Sat Mar 30 13:29:49 2019 (0h00:02 total elapsed time).
