COCO INFO: Results will be output to folder exdata/EA_AOS_on_bbob_budget0500xD-008
after __main__
budget 0.49 0.21 61 DE/current-to-rand/1 500
above main 500
def main 500
Benchmarking solver '<function EA_AOS' with budget=500*dimension on b'bbob' suite, Sat Mar 30 13:25:26 2019
batch_loop 500
Mar30 13h25:26, d=20, running: f022coco_optimiser 10000
inside coco 10000
ea-aos 10000
0.05
0.1
4.05
76.93370739743689
8.65
76.7321929707161
9.25
69.44969085774575
27.35
52.509633849156884
67.0
50.69564917703845
128.2
50.59720118855169
131.25
31.305654824104877
189.2
26.958848370763647
204.45
26.311661711138342
299.0
25.73747961326947
482.5
24.488870717169803

 124.2888707171698
.(1)  
    done in 2.9e-04 seconds/evaluation
  dimension seconds/evaluations
  -----------------------------
     20      2.9e-04 
  -----------------------------
  bbob done (1 of 360 problems benchmarked)
Deleting folder:  exdata/EA_AOS_on_bbob_budget0500xD-008
, Sat Mar 30 13:25:29 2019 (0h00:02 total elapsed time).
