COCO INFO: Results will be output to folder exdata/EA_AOS_on_bbob_budget0500xD-022
after __main__
budget 0.49 0.21 61 DE/current-to-rand/1 500
above main 500
def main 500
Benchmarking solver '<function EA_AOS' with budget=500*dimension on b'bbob' suite, Sat Mar 30 13:33:08 2019
batch_loop 500
Mar30 13h33:08, d=20, running: f007coco_optimiser 10000
inside coco 10000
ea-aos 10000
0.05
1.55
845.5781938862622
5.45
785.3455871072663
7.65
607.4185443451063
10.7
388.8696831247078
19.85
300.30356330094986
48.15
281.22170055120534
51.2
236.58735350778164
103.05
209.9063891188377
109.15
200.4526123399009
121.35
185.51469388875688
137.65
168.87545329333182
179.15
153.8422838165853
217.1
142.9900080020967
223.2
136.79896087169934
287.25
125.79267291032573
416.75
103.1451069710501

 196.0851069710501
.(1)  
    done in 4.9e-04 seconds/evaluation
  dimension seconds/evaluations
  -----------------------------
     20      4.9e-04 
  -----------------------------
  bbob done (1 of 360 problems benchmarked)
Deleting folder:  exdata/EA_AOS_on_bbob_budget0500xD-022
, Sat Mar 30 13:33:13 2019 (0h00:02 total elapsed time).
