COCO INFO: Results will be output to folder exdata/EA_AOS_on_bbob_budget0500xD-025
after __main__
budget 0.55 0.31 55 DE/current-to-rand/1 500
above main 500
def main 500
Benchmarking solver '<function EA_AOS' with budget=500*dimension on b'bbob' suite, Sat Mar 30 13:21:15 2019
batch_loop 500
Mar30 13h21:15, d=20, running: f014coco_optimiser 10000
inside coco 10000
ea-aos 10000
0.05
1.65
50.90853588143871
4.25
46.73327375284897
7.15
25.663236042053228
11.3
20.402030469332786
32.2
12.257110551889028
37.7
11.032836704136962
50.1
9.975009216017718
63.85
9.648203738070848
67.65
7.551256116212279
89.5
6.758212074931379
106.25
6.682823152919539
111.75
6.221665664058527
119.0
6.023062698743026
128.25
5.477499620694232
177.75
5.3629616083225855
189.8
4.902183756424549
204.75
4.7183689147644685
211.8
4.391611417459174
222.8
4.371316347905093
246.0
4.369642034979641
250.3
4.118584722677248
275.05
4.1005701268230865
279.0
4.0784203158703605
287.25
3.997154190094122
292.2
3.860987442999928
307.25
3.367571232048917
358.4
3.3189898015198835
375.25
3.2927517849922197
388.3
3.2373477066359158
449.5
3.1018461879024457
493.8
2.7874093035023364

 35.48740930350234
.(1)  
    done in 3.0e-04 seconds/evaluation
  dimension seconds/evaluations
  -----------------------------
     20      3.0e-04 
  -----------------------------
  bbob done (1 of 360 problems benchmarked)
Deleting folder:  exdata/EA_AOS_on_bbob_budget0500xD-025
, Sat Mar 30 13:21:18 2019 (0h00:02 total elapsed time).
