COCO INFO: Results will be output to folder exdata/EA_AOS_on_bbob_budget0500xD-027
after __main__
budget 0.59 0.19 62 DE/current-to-rand/1 500
above main 500
def main 500
Benchmarking solver '<function EA_AOS' with budget=500*dimension on b'bbob' suite, Sat Mar 30 13:32:09 2019
batch_loop 500
Mar30 13h32:09, d=20, running: f007coco_optimiser 10000
inside coco 10000
ea-aos 10000
0.05
0.05
4.55
455.09873112828194
16.95
348.534338478171
23.15
275.24951549424026
34.55
238.31429834473613
38.65
228.42428135550014
44.85
211.97317545393167
46.6
192.94843152802503
54.1
185.117012642848
63.4
170.020351164953
66.55
154.04414707430828
75.8
153.33405992417204
89.9
108.1507330290199
94.75
106.39393123247301
124.95
86.63923267996589
134.25
82.58187362445024
141.25
67.13509083866174
166.05
65.74463678153275
168.35
61.818725333420495
179.1
58.25637500961382
203.4
56.871430688308116
209.6
55.208880835629714
216.3
54.81945756580489
219.45
52.40470797470438
254.55
49.7889666555673
286.95
42.119334785674006
289.65
39.489401638972275
337.65
39.421809765315714
343.45
34.80738385889764
357.65
34.09359635209573
363.8
33.958268860561326
370.0
33.629957802603116
373.1
22.74958512582944

 26.56958512582944
.(1)  
    done in 3.1e-04 seconds/evaluation
  dimension seconds/evaluations
  -----------------------------
     20      3.1e-04 
  -----------------------------
  bbob done (1 of 360 problems benchmarked)
Deleting folder:  exdata/EA_AOS_on_bbob_budget0500xD-027
, Sat Mar 30 13:32:12 2019 (0h00:02 total elapsed time).
