COCO INFO: Results will be output to folder exdata/EA_AOS_on_bbob_budget0500xD
after __main__
budget 0.61 0.4 55 DE/current-to-rand/1 500
above main 500
def main 500
Benchmarking solver '<function EA_AOS' with budget=500*dimension on b'bbob' suite, Sat Mar 30 13:27:56 2019
batch_loop 500
Mar30 13h27:56, d=20, running: f014coco_optimiser 10000
inside coco 10000
ea-aos 10000
0.05
0.65
6.15
36.07169025456549
11.95
31.576226788233896
26.15
22.190932575831
34.4
16.347635319773403
49.15
9.8682088862424
64.65
9.240339485224993
87.65
7.694814703627827
95.9
7.387074635763952
102.05
5.890268081538437
151.2
5.791474619457816
151.65
5.532560706750843
154.3
5.100838959585161
170.15
4.802636989722103
181.9
4.306044639450079
221.95
4.256394528822497
250.7
4.24180960154608
257.65
3.9601577398490093
277.55
3.8841229786976044
287.95
3.5066557960759184
296.0
3.4763948914180247
318.2
3.246804403909323
372.25
3.2187730772656664
389.7
3.061186121616842
414.6
2.9750335648991637
452.0
2.8431393356115677
481.15
2.770461873652067

 -96.47953812634793
.(1)  
    done in 3.2e-04 seconds/evaluation
  dimension seconds/evaluations
  -----------------------------
     20      3.2e-04 
  -----------------------------
  bbob done (1 of 360 problems benchmarked)
Deleting folder:  exdata/EA_AOS_on_bbob_budget0500xD
, Sat Mar 30 13:28:00 2019 (0h00:02 total elapsed time).
