COCO INFO: Results will be output to folder exdata/EA_AOS_on_bbob_budget0500xD-002
after __main__
budget 0.58 0.27 52 DE/current-to-rand/1 500
above main 500
def main 500
Benchmarking solver '<function EA_AOS' with budget=500*dimension on b'bbob' suite, Sat Mar 30 13:23:42 2019
batch_loop 500
Mar30 13h23:42, d=20, running: f002coco_optimiser 10000
inside coco 10000
ea-aos 10000
0.05
2.55
6733768.768094694
4.5
5615462.237354422
6.95
1868706.3343440965
18.8
1252956.5209950486
22.55
973253.9806300506
35.55
973134.07396641
38.65
451364.4791120828
41.25
447053.2826315449
46.45
378487.5933217532
62.05
328805.7135697964
64.65
321338.56061556464
75.05
321225.2435601555
95.85
317770.3177382234
101.9
292580.66059164837
166.9
292281.3206641815
169.5
291621.04143983533
174.55
290685.53023566864
188.85
290466.968227375
194.05
289922.8562395953
196.65
289906.5795586812
201.85
289509.57304121216
207.05
289269.13028785074
225.4
289228.06804623385
235.65
289222.5512617518
238.85
289075.759542039
256.9
289073.4046870945
258.75
288736.9950159155
266.45
288670.8646559736
290.45
288611.4936466909
329.45
288608.3317171533
365.45
288605.9768622088
375.35
288580.7250317993
407.45
288566.0133841918
416.6
288553.30995781603
443.35
288547.9102564705
453.75
288520.30357111647

 287951.42357111647
.(1)  
    done in 4.4e-04 seconds/evaluation
  dimension seconds/evaluations
  -----------------------------
     20      4.4e-04 
  -----------------------------
  bbob done (1 of 360 problems benchmarked)
Deleting folder:  exdata/EA_AOS_on_bbob_budget0500xD-002
, Sat Mar 30 13:23:46 2019 (0h00:02 total elapsed time).
