COCO INFO: Results will be output to folder exdata/EA_AOS_on_bbob_budget0500xD-013
after __main__
budget 0.71 0.14 102 DE/current-to-rand/1 500
above main 500
def main 500
Benchmarking solver '<function EA_AOS' with budget=500*dimension on b'bbob' suite, Sat Mar 30 13:25:49 2019
batch_loop 500
Mar30 13h25:49, d=20, running: f022coco_optimiser 10000
inside coco 10000
ea-aos 10000
0.05
0.1
17.15
74.47662431116346
32.35
74.12413118245702
41.6
72.2450717451501
52.75
71.8304994364325
69.35
69.94548283026354
73.15
69.41529625038886
83.35
68.15355136536034
93.55
67.30198217933794
103.85
66.61194914164135
116.25
60.96797890162908
144.65
55.76499749881212
153.1
53.201418222166765
168.4
52.78508866444842
187.65
51.87288433472786
188.8
37.674171988284925
211.5
36.59984348262212
226.15
30.873068437722495
282.25
27.007801027936196
295.9
25.84663468347067
321.4
24.798566346204552
390.75
22.664375707637035
403.0
21.999967970103924
481.3
20.979478310167934
486.4
17.906206302413636

 117.70620630241363
.(1)  
    done in 3.8e-04 seconds/evaluation
  dimension seconds/evaluations
  -----------------------------
     20      3.8e-04 
  -----------------------------
  bbob done (1 of 360 problems benchmarked)
Deleting folder:  exdata/EA_AOS_on_bbob_budget0500xD-013
, Sat Mar 30 13:25:52 2019 (0h00:02 total elapsed time).
