COCO INFO: Results will be output to folder exdata/EA_AOS_on_bbob_budget0500xD-014
after __main__
budget 0.56 0.24 68 DE/current-to-rand/1 500
above main 500
def main 500
Benchmarking solver '<function EA_AOS' with budget=500*dimension on b'bbob' suite, Sat Mar 30 13:25:48 2019
batch_loop 500
Mar30 13h25:49, d=20, running: f022coco_optimiser 10000
inside coco 10000
ea-aos 10000
0.05
0.1
3.5
72.24642944316771
17.5
68.13308020320027
34.1
55.40717051370764
47.4
55.37432181241455
66.35
49.83346042499157
69.75
44.22088558029584
73.15
43.65796500233931
83.35
38.80405483729798
93.55
32.659901107241254
144.55
24.835508275985305
168.35
24.393383373528195
187.95
19.983140445805333
236.1
18.261955286942296
256.1
17.91514707133554
282.85
16.909017683635227
286.55
15.46376218726968
314.3
15.209004232873525
324.5
14.887461396669025
327.9
13.952598584125795
352.75
13.069733661609135
413.0
12.966597063944192
436.4
11.507291236952796
446.6
11.362992375570258
451.4
10.995565590085263
463.75
10.676812617511771

 110.47681261751177
.(1)  
    done in 4.4e-04 seconds/evaluation
  dimension seconds/evaluations
  -----------------------------
     20      4.4e-04 
  -----------------------------
  bbob done (1 of 360 problems benchmarked)
Deleting folder:  exdata/EA_AOS_on_bbob_budget0500xD-014
, Sat Mar 30 13:25:53 2019 (0h00:02 total elapsed time).
