COCO INFO: Results will be output to folder exdata/EA_AOS_on_bbob_budget0500xD-029
after __main__
budget 0.83 0.16 99 DE/current-to-rand/1 500
above main 500
def main 500
Benchmarking solver '<function EA_AOS' with budget=500*dimension on b'bbob' suite, Sat Mar 30 13:23:44 2019
batch_loop 500
Mar30 13h23:44, d=20, running: f002coco_optimiser 10000
inside coco 10000
ea-aos 10000
0.05
4.1
1285771.728694769
7.9
1211237.3782334742
39.3
933259.293608357
59.1
825852.27061674
69.0
672270.6156196042
83.85
626724.5722293316
92.4
621048.236583452
112.2
541132.6513558009
117.15
535222.1193122265
121.05
516886.6503837667
131.45
424535.65995369555
136.6
407247.2713676452
151.25
374001.05709352763
156.2
373171.26449387404
162.25
362340.3208964495
167.2
358308.4832662102
171.95
349882.59094757785
198.85
348612.0163186412
206.7
328433.1972656922
211.65
328249.8054223565
224.4
321593.03969092236
242.25
313622.9303113893
267.1
304420.68476225145
282.3
303864.69715261715
302.1
302646.3118253714
312.0
301597.06993711076
326.85
301562.1546286989
332.95
295841.65738559817
366.45
294652.38616125996
381.3
292540.1599682479
386.25
291862.75762363814
396.15
291458.41089188395
407.15
290499.9119007805
436.85
290171.73046565306
451.75
290168.01123211
459.8
289948.6308256602
474.65
289463.12155992794

 288894.24155992793
.(1)  
    done in 4.3e-04 seconds/evaluation
  dimension seconds/evaluations
  -----------------------------
     20      4.3e-04 
  -----------------------------
  bbob done (1 of 360 problems benchmarked)
Deleting folder:  exdata/EA_AOS_on_bbob_budget0500xD-029
, Sat Mar 30 13:23:49 2019 (0h00:02 total elapsed time).
