COCO INFO: Results will be output to folder exdata/EA_AOS_on_bbob_budget0500xD-018
after __main__
budget 0.55 0.26 74 DE/current-to-rand/1 500
above main 500
def main 500
Benchmarking solver '<function EA_AOS' with budget=500*dimension on b'bbob' suite, Sat Mar 30 13:27:58 2019
batch_loop 500
Mar30 13h27:58, d=20, running: f014coco_optimiser 10000
inside coco 10000
ea-aos 10000
0.05
0.65
4.0
28.36365104444147
18.15
21.762906946015832
32.6
21.70130649841262
40.0
14.48565139958707
57.3
12.954943451104882
83.2
11.208974145412895
96.2
11.079599905216497
113.55
10.81926812046838
120.2
9.854823803109753
131.65
8.745945571252491
135.35
8.703087471192333
139.05
7.207863681722685
156.3
6.158267707867637
160.0
5.800919019238108
216.4
5.704739057330372
222.9
4.912810799221745
255.45
4.909267678656676
300.7
4.484956894477378
326.6
4.161197648220465
430.8
4.158853989045781
435.25
4.14396308731915
447.6
3.983387041841709
459.8
3.723017611391853
463.5
3.1160396528081407

 -96.13396034719186
.(1)  
    done in 3.5e-04 seconds/evaluation
  dimension seconds/evaluations
  -----------------------------
     20      3.5e-04 
  -----------------------------
  bbob done (1 of 360 problems benchmarked)
Deleting folder:  exdata/EA_AOS_on_bbob_budget0500xD-018
, Sat Mar 30 13:28:01 2019 (0h00:02 total elapsed time).
