COCO INFO: Results will be output to folder exdata/EA_AOS_on_bbob_budget0500xD-026
after __main__
budget 0.4 0.21 72 DE/current-to-rand/1 500
above main 500
def main 500
Benchmarking solver '<function EA_AOS' with budget=500*dimension on b'bbob' suite, Sat Mar 30 13:30:02 2019
batch_loop 500
Mar30 13h30:02, d=20, running: f021coco_optimiser 10000
inside coco 10000
ea-aos 10000
0.05
0.05
4.4
72.26361363247833
11.6
71.94581611451333
24.6
68.22585603326628
33.55
67.39831933702763
36.8
66.72966529377268
40.4
65.13163122655797
47.6
58.12110694947873
51.2
42.3212395834544
65.6
41.88729975708747
116.0
36.8190683870319
134.6
36.75132321960319
144.8
26.525602907113008
180.8
23.271730709546194
306.45
23.153605012596508
342.4
20.231636966707853
356.8
19.746680425850755
374.8
18.96630179394193
487.4
18.170461230532894

 -30.429538769467108
.(1)  
    done in 4.1e-04 seconds/evaluation
  dimension seconds/evaluations
  -----------------------------
     20      4.1e-04 
  -----------------------------
  bbob done (1 of 360 problems benchmarked)
Deleting folder:  exdata/EA_AOS_on_bbob_budget0500xD-026
, Sat Mar 30 13:30:06 2019 (0h00:02 total elapsed time).
