COCO INFO: Results will be output to folder exdata/EA_AOS_on_bbob_budget0500xD-021
after __main__
budget 0.75 0.21 124 DE/current-to-rand/1 500
above main 500
def main 500
Benchmarking solver '<function EA_AOS' with budget=500*dimension on b'bbob' suite, Sat Mar 30 13:25:49 2019
batch_loop 500
Mar30 13h25:49, d=20, running: f022coco_optimiser 10000
inside coco 10000
ea-aos 10000
0.05
0.1
17.65
74.75841314102117
19.85
73.85827266882207
24.9
73.16996294002529
36.25
71.39039092327603
42.45
70.94509790393748
61.9
68.54729327418887
82.45
64.98074001921934
146.6
61.61613496527234
156.85
59.844850212484815
173.15
58.79111960651879
180.4
56.306736352226025
186.6
55.44026949531603
196.2
55.24071675438627
221.75
48.89021071281313
239.75
47.12003613918752
251.2
44.45844133671976
274.15
40.11528847688395
288.8
31.315845479035588
336.15
29.258237399303695
387.4
28.59403418960052
446.55
27.353217460332317
457.35
26.484956539834556
459.85
19.519932242928974

 119.31993224292897
.(1)  
    done in 4.9e-04 seconds/evaluation
  dimension seconds/evaluations
  -----------------------------
     20      4.9e-04 
  -----------------------------
  bbob done (1 of 360 problems benchmarked)
Deleting folder:  exdata/EA_AOS_on_bbob_budget0500xD-021
, Sat Mar 30 13:25:54 2019 (0h00:02 total elapsed time).
