COCO INFO: Results will be output to folder exdata/EA_AOS_on_bbob_budget0500xD-003
after __main__
budget 0.47 0.14 61 DE/current-to-rand/1 500
above main 500
def main 500
Benchmarking solver '<function EA_AOS' with budget=500*dimension on b'bbob' suite, Sat Mar 30 13:26:03 2019
batch_loop 500
Mar30 13h26:03, d=20, running: f022coco_optimiser 10000
inside coco 10000
ea-aos 10000
0.05
0.1
4.05
76.08378239977971
7.1
76.07138187392214
9.25
69.44969085774575
21.45
68.61644540945066
24.5
68.09151231773247
33.65
65.0036229883794
39.75
64.57645844972807
42.8
63.82207818132811
59.45
59.99176018784003
65.65
53.993316778973465
68.6
53.66293294532785
71.75
35.68328295840426
77.85
29.52843081175645
131.25
26.37762441839186
231.9
25.231162453057976
274.6
24.563853911636485
298.0
22.098484579461356
349.85
21.76010647170908
384.4
20.004558201023173
387.45
19.59326651874933
437.9
15.863788947954617
447.05
15.018545205772952

 114.81854520577295
.(1)  
    done in 3.3e-04 seconds/evaluation
  dimension seconds/evaluations
  -----------------------------
     20      3.3e-04 
  -----------------------------
  bbob done (1 of 360 problems benchmarked)
Deleting folder:  exdata/EA_AOS_on_bbob_budget0500xD-003
, Sat Mar 30 13:26:06 2019 (0h00:02 total elapsed time).
