COCO INFO: Results will be output to folder exdata/EA_AOS_on_bbob_budget0500xD-007
after __main__
budget 0.73 0.33 106 DE/current-to-rand/1 500
above main 500
def main 500
Benchmarking solver '<function EA_AOS' with budget=500*dimension on b'bbob' suite, Sat Mar 30 13:28:16 2019
batch_loop 500
Mar30 13h28:17, d=20, running: f014coco_optimiser 10000
inside coco 10000
ea-aos 10000
0.05
0.65
8.8
29.015657833121708
14.1
21.90037880718718
95.1
17.82945251283961
115.4
14.574845787796221
134.75
13.916573105238854
150.9
10.754166439096124
195.8
9.956463312355808
232.9
9.5772675833054
240.4
8.84327607109769
255.45
6.617429752312702
260.75
5.690997648312006
314.05
5.5113503594739655
350.85
5.197855229529182
409.15
5.106923097113537
453.3
4.844270456708756
465.65
4.840291199646316
468.35
4.557777701406053
476.25
3.7905569932232055

 -95.4594430067768
.(1)  
    done in 4.3e-04 seconds/evaluation
  dimension seconds/evaluations
  -----------------------------
     20      4.3e-04 
  -----------------------------
  bbob done (1 of 360 problems benchmarked)
Deleting folder:  exdata/EA_AOS_on_bbob_budget0500xD-007
, Sat Mar 30 13:28:21 2019 (0h00:02 total elapsed time).
