COCO INFO: Results will be output to folder exdata/EA_AOS_on_bbob_budget0500xD-015
after __main__
budget 0.67 0.1 73 DE/current-to-rand/1 500
above main 500
def main 500
Benchmarking solver '<function EA_AOS' with budget=500*dimension on b'bbob' suite, Sat Mar 30 13:21:52 2019
batch_loop 500
Mar30 13h21:53, d=20, running: f014coco_optimiser 10000
inside coco 10000
ea-aos 10000
0.05
1.65
50.90853588143871
6.85
42.121974952109255
8.8
32.48174619352976
15.9
31.12740940075865
19.9
21.141223075297887
48.95
16.975933394975925
57.95
15.745789933352142
61.6
14.711599114457101
88.05
14.572425083675704
105.35
12.461437278805207
119.55
12.06433715837857
130.5
11.329235322485715
134.15
9.75298635478913
167.0
9.614421606777015
196.2
8.863451407177635
223.65
8.24336649740161
234.6
7.86729498444582
238.25
7.423528572900935
247.75
6.956347796994791
258.25
6.6354579969486664
266.0
5.976540215463501
267.4
5.357545310040614
285.65
4.940579115377375
327.9
4.871666651866157
331.55
4.740621509473186
338.85
4.715510234581224
342.4
3.989667002474306
372.3
3.862680984927117
384.8
3.530144236339673
389.75
3.4117389533993645
395.2
3.1513954351746634
401.5
2.808029246987033
408.1
2.471226828788737
443.4
2.2718606636659686
481.2
2.140764934121549
484.85
2.0624830365128233
488.8
1.9642954916872668
494.7
1.8500972215222191

 34.55009722152222
.(1)  
    done in 2.4e-04 seconds/evaluation
  dimension seconds/evaluations
  -----------------------------
     20      2.4e-04 
  -----------------------------
  bbob done (1 of 360 problems benchmarked)
Deleting folder:  exdata/EA_AOS_on_bbob_budget0500xD-015
, Sat Mar 30 13:21:55 2019 (0h00:02 total elapsed time).
