COCO INFO: Results will be output to folder exdata/EA_AOS_on_bbob_budget0500xD-001
after __main__
budget 0.56 0.38 132 DE/current-to-rand/1 500
above main 500
def main 500
Benchmarking solver '<function EA_AOS' with budget=500*dimension on b'bbob' suite, Sat Mar 30 13:30:22 2019
batch_loop 500
Mar30 13h30:22, d=20, running: f021coco_optimiser 10000
inside coco 10000
ea-aos 10000
0.05
0.05
12.15
72.5668616496395
21.45
70.43984504594772
29.0
67.81759057715927
48.8
67.11831338591197
58.35
62.27540420296345
72.6
55.630236904866706
79.2
42.989537041281956
125.4
37.98189437535235
189.3
34.59121712970419
204.6
28.809676454884023
217.8
27.368881220926276
257.4
27.05931680128654
259.0
26.7799290038008
275.8
19.69989824088705
407.5
19.615152583163333
409.45
18.801415397599825
427.3
18.719540955468126
469.0
18.541101338682974
477.95
16.25329876293955

 -32.34670123706045
.(1)  
    done in 3.3e-04 seconds/evaluation
  dimension seconds/evaluations
  -----------------------------
     20      3.3e-04 
  -----------------------------
  bbob done (1 of 360 problems benchmarked)
Deleting folder:  exdata/EA_AOS_on_bbob_budget0500xD-001
, Sat Mar 30 13:30:25 2019 (0h00:03 total elapsed time).
