COCO INFO: Results will be output to folder exdata/EA_AOS_on_bbob_budget0500xD-017
after __main__
budget 0.43 0.52 51 DE/current-to-rand/1 500
above main 500
def main 500
Benchmarking solver '<function EA_AOS' with budget=500*dimension on b'bbob' suite, Sat Mar 30 13:32:08 2019
batch_loop 500
Mar30 13h32:08, d=20, running: f007coco_optimiser 10000
inside coco 10000
ea-aos 10000
0.05
0.05
2.65
441.6932240514825
9.3
327.4030528888454
11.85
276.5148220793878
17.35
190.6985166310368
22.45
140.03539836250246
35.35
138.98703939343463
58.15
106.70230097986585
68.35
103.6861737369851

 107.50617373698509
.(1)  
    done in 3.3e-04 seconds/evaluation
  dimension seconds/evaluations
  -----------------------------
     20      3.3e-04 
  -----------------------------
  bbob done (1 of 360 problems benchmarked)
Deleting folder:  exdata/EA_AOS_on_bbob_budget0500xD-017
, Sat Mar 30 13:32:11 2019 (0h00:02 total elapsed time).
