COCO INFO: Results will be output to folder exdata/EA_AOS_on_bbob_budget0500xD-003
after __main__
budget 0.52 0.44 73 DE/current-to-rand/1 500
above main 500
def main 500
Benchmarking solver '<function EA_AOS' with budget=500*dimension on b'bbob' suite, Sat Mar 30 13:33:08 2019
batch_loop 500
Mar30 13h33:08, d=20, running: f007coco_optimiser 10000
inside coco 10000
ea-aos 10000
0.05
1.55
845.5781938862622
6.05
696.9517399798888
9.7
568.8371211053129
17.0
369.0644968719525
20.65
257.35400736246163
58.2
224.1025831868227
64.95
221.44961175357065
72.25
205.06719636450129
77.85
165.66641113284112
90.1
163.7569112906623
98.4
145.51938100412403
105.6
143.08239657333726
109.6
121.95541345476403
129.45
119.0798176711719
138.85
84.35307133753787
183.9
76.11220073294828
187.55
62.53854530248282
262.95
60.228950206969785
281.2
58.638070626221406
286.75
53.34222843468035
290.4
45.09677839816351
379.6
39.96586098516539

 132.9058609851654
.(1)  
    done in 3.9e-04 seconds/evaluation
  dimension seconds/evaluations
  -----------------------------
     20      3.9e-04 
  -----------------------------
  bbob done (1 of 360 problems benchmarked)
Deleting folder:  exdata/EA_AOS_on_bbob_budget0500xD-003
, Sat Mar 30 13:33:12 2019 (0h00:02 total elapsed time).
