COCO INFO: Results will be output to folder exdata/EA_AOS_on_bbob_budget0500xD-009
after __main__
budget 0.52 0.44 73 DE/current-to-rand/1 500
above main 500
def main 500
Benchmarking solver '<function EA_AOS' with budget=500*dimension on b'bbob' suite, Sat Mar 30 13:32:08 2019
batch_loop 500
Mar30 13h32:08, d=20, running: f007coco_optimiser 10000
inside coco 10000
ea-aos 10000
0.05
0.05
3.95
596.1229459226823
8.05
494.9076741913723
13.1
376.6874326337306
16.05
355.23373491130087
20.4
252.4503331021433
26.9
187.42003013766117
39.5
142.29310420363558
56.8
126.74707958954048
73.5
122.11736624269871
82.75
94.26669792673172
86.9
72.33564936801257
125.7
71.69806289008963
172.1
57.85255602970674
193.8
56.49498721949121
201.75
55.90313069926565
219.3
52.44018682225176
259.7
48.62688843724128
300.3
42.7149217877207
403.65
35.055783290605326
442.65
29.445774647278284

 33.265774647278285
.(1)  
    done in 4.1e-04 seconds/evaluation
  dimension seconds/evaluations
  -----------------------------
     20      4.1e-04 
  -----------------------------
  bbob done (1 of 360 problems benchmarked)
Deleting folder:  exdata/EA_AOS_on_bbob_budget0500xD-009
, Sat Mar 30 13:32:12 2019 (0h00:02 total elapsed time).
