COCO INFO: Results will be output to folder exdata/EA_AOS_on_bbob_budget0500xD-001
after __main__
budget 0.63 0.21 73 DE/current-to-rand/1 500
above main 500
def main 500
Benchmarking solver '<function EA_AOS' with budget=500*dimension on b'bbob' suite, Sat Mar 30 13:26:21 2019
batch_loop 500
Mar30 13h26:21, d=20, running: f022coco_optimiser 10000
inside coco 10000
ea-aos 10000
0.05
0.1
8.65
77.20925027941179
11.35
71.34867237846704
26.9
70.45062020714018
37.85
68.6182346333891
40.55
67.83482057689271
54.25
65.6503229761761
56.85
63.11949824668751
68.85
62.456682192877636
71.45
55.044344700136506
93.35
41.28327405450027
104.3
39.71473810073577
126.85
39.0180080111394
132.75
38.44175403222074
137.15
34.726983882884795
159.85
30.85317659840412
167.15
30.343974478198774
196.35
27.082622958826263
211.15
24.826358032272864
212.65
23.973287293247083
220.15
22.3359387083095
234.55
21.356739552109346
265.9
20.557909375909574
267.85
19.805342720952595
289.3
18.44735821623513
294.75
18.22430809240717
311.65
17.42949066554553
371.9
15.46187230511714
376.55
14.813889517023924
386.95
14.594182650967838
397.9
13.562965792911143
432.7
13.5401974694729
468.6
13.443590976124028
488.75
11.701860233410002
489.15
10.983330532143782

 110.78333053214378
.(1)  
    done in 4.8e-04 seconds/evaluation
  dimension seconds/evaluations
  -----------------------------
     20      4.8e-04 
  -----------------------------
  bbob done (1 of 360 problems benchmarked)
Deleting folder:  exdata/EA_AOS_on_bbob_budget0500xD-001
, Sat Mar 30 13:26:26 2019 (0h00:02 total elapsed time).
