COCO INFO: Results will be output to folder exdata/EA_AOS_on_bbob_budget0500xD-009
after __main__
budget 0.68 0.26 81 DE/current-to-rand/1 500
above main 500
def main 500
Benchmarking solver '<function EA_AOS' with budget=500*dimension on b'bbob' suite, Sat Mar 30 13:26:21 2019
batch_loop 500
Mar30 13h26:22, d=20, running: f022coco_optimiser 10000
inside coco 10000
ea-aos 10000
0.05
0.1
5.05
73.84683833648212
20.35
72.50336415554638
38.15
70.57141788284942
49.35
69.10731086335262
65.5
67.89056164565308
81.7
64.28523754693323
91.8
62.99989332735326
98.15
62.93458251073686
101.95
61.95435861419982
110.1
43.63392510813391
130.35
31.143299542638616
209.2
30.74899938333182
221.35
26.824351544548236
238.25
26.57551679696455
285.75
24.910163698094976
293.85
23.852295928544194
310.05
19.303958030915766
442.4
17.048493901947793
462.65
13.892764346388262
466.7
13.696417388311076

 113.49641738831107
.(1)  
    done in 4.6e-04 seconds/evaluation
  dimension seconds/evaluations
  -----------------------------
     20      4.6e-04 
  -----------------------------
  bbob done (1 of 360 problems benchmarked)
Deleting folder:  exdata/EA_AOS_on_bbob_budget0500xD-009
, Sat Mar 30 13:26:26 2019 (0h00:02 total elapsed time).
