COCO INFO: Results will be output to folder exdata/EA_AOS_on_bbob_budget0500xD
after __main__
budget 0.45 0.14 52 DE/current-to-rand/1 500
above main 500
def main 500
Benchmarking solver '<function EA_AOS' with budget=500*dimension on b'bbob' suite, Sat Mar 30 13:24:30 2019
batch_loop 500
Mar30 13h24:30, d=20, running: f002coco_optimiser 10000
inside coco 10000
ea-aos 10000
0.05
2.55
6733768.768094694
3.45
3443448.0238715005
7.15
3381698.914680818
9.75
3094931.304181428
11.25
2874793.2685729773
13.85
2863932.594163491
17.55
1548326.8033573544
20.15
1526100.8388482407
21.25
1194941.8670939151
23.85
1188601.758481095
26.45
1188598.0670646664
29.05
1188568.4282191137
38.15
520122.4869833239
40.75
520102.02945359325
58.95
519598.97970743035
64.15
499049.5495252376
66.75
491744.5518520851
77.15
488579.7746086609
87.55
488466.45755325176
95.35
488452.4175653919
100.55
485071.43702669087
108.35
484640.78545705526
110.9
417043.8690208479
113.5
409731.1167914054
137.15
398692.215060483
144.95
391627.6601406921
147.3
375578.63737421134
158.25
368508.6550881866
166.05
368449.2116769313
209.95
349169.504726341
306.15
349155.3855347441
313.95
345558.6465567935
345.15
345542.23076433595
384.15
345539.0688347984
488.45
326188.8919089387

 325620.0119089387
.(1)  
    done in 2.4e-04 seconds/evaluation
  dimension seconds/evaluations
  -----------------------------
     20      2.4e-04 
  -----------------------------
  bbob done (1 of 360 problems benchmarked)
Deleting folder:  exdata/EA_AOS_on_bbob_budget0500xD
, Sat Mar 30 13:24:33 2019 (0h00:02 total elapsed time).
