COCO INFO: Results will be output to folder exdata/EA_AOS_on_bbob_budget0500xD-002
after __main__
budget 0.3 0.34 54 DE/current-to-rand/1 500
above main 500
def main 500
Benchmarking solver '<function EA_AOS' with budget=500*dimension on b'bbob' suite, Sat Mar 30 13:33:18 2019
batch_loop 500
Mar30 13h33:18, d=20, running: f007coco_optimiser 10000
inside coco 10000
ea-aos 10000
0.05
1.55
845.5781938862622
4.25
760.2600063630191
7.8
587.0165461495919
15.9
580.0155534473017
17.75
393.9678299320577
25.85
378.7714424152343
33.95
319.64217819325995
89.25
270.2942621605798
164.85
243.29157183985393

 336.2315718398539
.(1)  
    done in 2.9e-04 seconds/evaluation
  dimension seconds/evaluations
  -----------------------------
     20      2.9e-04 
  -----------------------------
  bbob done (1 of 360 problems benchmarked)
Deleting folder:  exdata/EA_AOS_on_bbob_budget0500xD-002
, Sat Mar 30 13:33:21 2019 (0h00:02 total elapsed time).
