COCO INFO: Results will be output to folder exdata/EA_AOS_on_bbob_budget0500xD-007
after __main__
budget 0.29 0.26 65 DE/current-to-rand/1 500
above main 500
def main 500
Benchmarking solver '<function EA_AOS' with budget=500*dimension on b'bbob' suite, Sat Mar 30 13:29:02 2019
batch_loop 500
Mar30 13h29:02, d=20, running: f014coco_optimiser 10000
inside coco 10000
ea-aos 10000
0.05
0.65
6.8
27.47435675049705
23.0
25.011358789561626
49.05
21.914009948318693
94.55
21.291507116067194
101.05
20.26188899476925
107.55
19.877631746012455
117.3
19.01577348547083
299.3
18.91257526717297

 -80.33742473282703
.(1)  
    done in 4.0e-04 seconds/evaluation
  dimension seconds/evaluations
  -----------------------------
     20      4.0e-04 
  -----------------------------
  bbob done (1 of 360 problems benchmarked)
Deleting folder:  exdata/EA_AOS_on_bbob_budget0500xD-007
, Sat Mar 30 13:29:06 2019 (0h00:02 total elapsed time).
