COCO INFO: Results will be output to folder exdata/EA_AOS_on_bbob_budget0500xD-025
after __main__
budget 0.61 0.14 92 DE/current-to-rand/1 500
above main 500
def main 500
Benchmarking solver '<function EA_AOS' with budget=500*dimension on b'bbob' suite, Sat Mar 30 13:22:37 2019
batch_loop 500
Mar30 13h22:37, d=20, running: f014coco_optimiser 10000
inside coco 10000
ea-aos 10000
0.05
1.65
50.90853588143871
5.9
36.426814355210226
10.85
36.39761628280836
15.1
30.52075792136675
20.6
26.779460073810988
41.5
23.007760915730472
48.95
21.692555842168865
51.85
20.829106235797248
65.65
17.520363101870146
82.9
13.59385046167941
92.1
11.707240594908711
121.45
11.181457396561562
124.3
10.525336034651822
153.65
9.703000667007295
168.55
8.486109129286532
173.15
7.967783632424478
182.35
7.515584256055398
193.3
7.30286724440419
207.1
7.291595706936022
216.3
6.668280269681588
230.1
6.271530398187892
241.55
5.536302029732958
259.95
4.939777287942107
271.9
4.881042007252567
312.9
4.71582141060933
335.3
4.530875193797812
336.3
4.307544558289784
340.5
3.742525054935996
345.1
3.6593972780206627
358.9
3.045961309042511
363.5
2.278415488937142

 34.978415488937145
.(1)  
    done in 4.7e-04 seconds/evaluation
  dimension seconds/evaluations
  -----------------------------
     20      4.7e-04 
  -----------------------------
  bbob done (1 of 360 problems benchmarked)
Deleting folder:  exdata/EA_AOS_on_bbob_budget0500xD-025
, Sat Mar 30 13:22:42 2019 (0h00:02 total elapsed time).
