COCO INFO: Results will be output to folder exdata/EA_AOS_on_bbob_budget0500xD-014
after __main__
budget 0.48 0.23 72 DE/current-to-rand/1 500
above main 500
def main 500
Benchmarking solver '<function EA_AOS' with budget=500*dimension on b'bbob' suite, Sat Mar 30 13:22:58 2019
batch_loop 500
Mar30 13h22:58, d=20, running: f014coco_optimiser 10000
inside coco 10000
ea-aos 10000
0.05
1.65
50.90853588143871
4.9
37.05202228386737
8.85
33.36473407810526
12.45
23.347539346232608
26.7
22.797175563986123
33.9
21.952199471676167
36.7
19.453899495328145
48.55
19.387106208990957
52.15
17.02766115805788
54.7
14.751521860075648
62.85
13.154683087981383
77.35
11.83503840006567
96.05
10.829034289724014
99.65
10.09337265000515
110.45
8.888423848455687
124.85
8.665853030719376
135.65
8.132751966796476
157.25
8.124670560485292
251.1
8.119395207235257
442.4
7.681858560660473

 40.381858560660476
.(1)  
    done in 3.6e-04 seconds/evaluation
  dimension seconds/evaluations
  -----------------------------
     20      3.6e-04 
  -----------------------------
  bbob done (1 of 360 problems benchmarked)
Deleting folder:  exdata/EA_AOS_on_bbob_budget0500xD-014
, Sat Mar 30 13:23:01 2019 (0h00:02 total elapsed time).
