COCO INFO: Results will be output to folder exdata/EA_AOS_on_bbob_budget0500xD-007
after __main__
budget 0.25 0.31 74 DE/current-to-rand/1 500
above main 500
def main 500
Benchmarking solver '<function EA_AOS' with budget=500*dimension on b'bbob' suite, Sat Mar 30 13:38:23 2019
batch_loop 500
Mar30 13h38:24, d=20, running: f014coco_optimiser 10000
inside coco 10000
ea-aos 10000
0.05
0.65
4.0
33.663135990259846
7.7
31.7613332827799
18.8
29.835496338309753
25.55
27.176952191387443
26.2
21.00085209913256
58.85
20.468967441136584
63.2
18.480759939813453
70.6
16.938388263252122
103.25
16.099983199754917
121.75
15.650491446915822
225.35
15.633472942490926
463.15
15.281511728663816

 -83.96848827133618
.(1)  
    done in 3.1e-04 seconds/evaluation
  dimension seconds/evaluations
  -----------------------------
     20      3.1e-04 
  -----------------------------
  bbob done (1 of 360 problems benchmarked)
Deleting folder:  exdata/EA_AOS_on_bbob_budget0500xD-007
, Sat Mar 30 13:38:27 2019 (0h00:02 total elapsed time).
