COCO INFO: Results will be output to folder exdata/EA_AOS_on_bbob_budget0500xD-027
after __main__
budget 0.72 0.32 83 DE/current-to-rand/1 500
above main 500
def main 500
Benchmarking solver '<function EA_AOS' with budget=500*dimension on b'bbob' suite, Sat Mar 30 13:38:24 2019
batch_loop 500
Mar30 13h38:24, d=20, running: f014coco_optimiser 10000
inside coco 10000
ea-aos 10000
0.05
0.65
11.25
42.37636258385922
16.55
41.717882237251224
24.85
36.4182573855629
33.1
35.16098419933172
36.1
23.15278974590963
45.0
22.61476753736389
60.7
19.542325002424775
77.4
18.180702196512783
91.45
15.11075899412755
107.6
14.443121271695574
108.05
13.625350493158265
137.3
12.581157249104692
146.75
10.522503006299516
157.45
10.220176008034969
173.55
7.2819183513810515
198.45
6.439625440006324
244.7
6.275010316438539
246.85
5.714079878554855
252.3
5.05576681320089
283.2
4.078202154610665
303.95
3.21673952752586
308.1
2.860308045825491
353.75
2.587472263412792
415.75
2.0841329953961036
490.15
1.932625132168738

 -97.31737486783126
.(1)  
    done in 3.2e-04 seconds/evaluation
  dimension seconds/evaluations
  -----------------------------
     20      3.2e-04 
  -----------------------------
  bbob done (1 of 360 problems benchmarked)
Deleting folder:  exdata/EA_AOS_on_bbob_budget0500xD-027
, Sat Mar 30 13:38:27 2019 (0h00:02 total elapsed time).
