COCO INFO: Results will be output to folder exdata/EA_AOS_on_bbob_budget0500xD-010
after __main__
budget 0.47 0.44 396 DE/current-to-rand/1 500
above main 500
def main 500
Benchmarking solver '<function EA_AOS' with budget=500*dimension on b'bbob' suite, Sat Mar 30 12:57:41 2019
batch_loop 500
Mar30 12h57:41, d=20, running: f007coco_optimiser 10000
inside coco 10000
ea-aos 10000
0.05
7.8
271.82646377889523
71.2
262.6239239917062
92.8
256.06651692706225
138.05
185.81062533146576
190.15
141.75906549292003
336.05
127.01366840609396
409.1
98.70099216138766

 102.52099216138765
.(1)  
    done in 4.2e-04 seconds/evaluation
  dimension seconds/evaluations
  -----------------------------
     20      4.2e-04 
  -----------------------------
  bbob done (1 of 360 problems benchmarked)
Deleting folder:  exdata/EA_AOS_on_bbob_budget0500xD-010
, Sat Mar 30 12:57:45 2019 (0h00:03 total elapsed time).
