COCO INFO: Results will be output to folder exdata/EA_AOS_on_bbob_budget0500xD-028
after __main__
budget 0.62 0.12 64 DE/current-to-rand/1 500
above main 500
def main 500
Benchmarking solver '<function EA_AOS' with budget=500*dimension on b'bbob' suite, Sat Mar 30 13:38:02 2019
batch_loop 500
Mar30 13h38:02, d=20, running: f021coco_optimiser 10000
inside coco 10000
ea-aos 10000
0.05
0.05
10.4
71.13285146660557
21.5
69.855445319663
24.7
69.0150375934242
31.1
68.51135775062589
34.3
66.92597870991976
45.8
65.896687456919
61.25
62.77631615422152
67.65
62.22822419485647
73.5
59.542339677947226
83.4
57.45918471311288
95.85
54.281713027200745
99.05
54.05816671626386
104.1
51.304284741948806
108.8
50.42406502848634
112.05
49.493705570760035
118.25
48.78723469983229
124.65
45.460004059518795
130.1
31.70045694425044
182.75
30.689005221036098
185.95
25.38368104895552
233.45
24.11305058546956
284.4
13.837776712932403
319.6
12.44470306981696
332.4
12.189122732073116

 -36.410877267926885
.(1)  
    done in 3.4e-04 seconds/evaluation
  dimension seconds/evaluations
  -----------------------------
     20      3.4e-04 
  -----------------------------
  bbob done (1 of 360 problems benchmarked)
Deleting folder:  exdata/EA_AOS_on_bbob_budget0500xD-028
, Sat Mar 30 13:38:05 2019 (0h00:02 total elapsed time).
