COCO INFO: Results will be output to folder exdata/EA_AOS_on_bbob_budget0500xD-015
after __main__
budget 0.79 0.42 80 DE/current-to-rand/1 500
above main 500
def main 500
Benchmarking solver '<function EA_AOS' with budget=500*dimension on b'bbob' suite, Sat Mar 30 13:38:40 2019
batch_loop 500
Mar30 13h38:40, d=20, running: f014coco_optimiser 10000
inside coco 10000
ea-aos 10000
0.05
0.65
18.85
40.83124891848005
20.5
35.28761344108637
32.65
23.345441324180143
40.15
21.34018235240012
63.5
12.658100941552817
179.5
12.219087884450019
187.9
11.918934928145802
210.45
9.872427766495221
258.7
9.15102965453724
282.55
8.619553308389598
297.65
8.441374880467123
304.65
8.317614137553605
311.1
7.094077161658461
319.0
6.989482494037489
350.7
4.6903682718399295
374.3
2.8198298989800605

 -96.43017010101994
.(1)  
    done in 3.0e-04 seconds/evaluation
  dimension seconds/evaluations
  -----------------------------
     20      3.0e-04 
  -----------------------------
  bbob done (1 of 360 problems benchmarked)
Deleting folder:  exdata/EA_AOS_on_bbob_budget0500xD-015
, Sat Mar 30 13:38:43 2019 (0h00:02 total elapsed time).
