COCO INFO: Results will be output to folder exdata/EA_AOS_on_bbob_budget0500xD-018
after __main__
budget 0.41 0.15 135 DE/current-to-rand/1 500
above main 500
def main 500
Benchmarking solver '<function EA_AOS' with budget=500*dimension on b'bbob' suite, Sat Mar 30 13:35:45 2019
batch_loop 500
Mar30 13h35:45, d=20, running: f012coco_optimiser 10000
inside coco 10000
ea-aos 10000
0.05
3.45
209458682.0418887
8.15
100969274.65316145
24.0
92548559.96613699
44.25
79562550.02327041
48.65
64647399.08473387
64.5
53789297.39567669
78.0
51667916.23118055
82.4
45168927.666644014
122.9
43695808.14296037
159.0
41096481.772536814
217.4
38555100.289640784
287.25
31410303.69386249
307.5
30821775.529853705
329.0
28323418.23834159
375.0
27940851.992899198
395.25
22533919.197676346
402.0
21706194.372155692
476.25
18718628.35426901

 18718706.24426901
.(1)  
    done in 3.4e-04 seconds/evaluation
  dimension seconds/evaluations
  -----------------------------
     20      3.4e-04 
  -----------------------------
  bbob done (1 of 360 problems benchmarked)
Deleting folder:  exdata/EA_AOS_on_bbob_budget0500xD-018
, Sat Mar 30 13:35:48 2019 (0h00:02 total elapsed time).
