COCO INFO: Results will be output to folder exdata/EA_AOS_on_bbob_budget0500xD-021
after __main__
budget 0.71 0.38 136 DE/current-to-rand/1 500
above main 500
def main 500
Benchmarking solver '<function EA_AOS' with budget=500*dimension on b'bbob' suite, Sat Mar 30 13:39:58 2019
batch_loop 500
Mar30 13h39:58, d=20, running: f013coco_optimiser 10000
inside coco 10000
ea-aos 10000
0.05
0.6
7.7
2149.08063046422
26.55
1945.1403240747643
52.55
1805.404555829375
56.65
1329.1367223198704
102.2
1315.253607651652
114.85
1280.489851586305
117.85
1262.1834574640134
124.35
1149.7845721533663
158.35
1086.0206559017292
178.85
1085.3865216852764
189.3
1005.284624255937
214.8
942.229775078126
218.35
895.2318477763126
250.95
798.8690364171163
289.15
677.2101113923762
343.55
636.315988281054
476.05
606.286938738723

 383.30693873872303
.(1)  
    done in 3.1e-04 seconds/evaluation
  dimension seconds/evaluations
  -----------------------------
     20      3.1e-04 
  -----------------------------
  bbob done (1 of 360 problems benchmarked)
Deleting folder:  exdata/EA_AOS_on_bbob_budget0500xD-021
, Sat Mar 30 13:40:01 2019 (0h00:02 total elapsed time).
