COCO INFO: Results will be output to folder exdata/EA_AOS_on_bbob_budget0500xD-020
after __main__
budget 0.65 0.12 57 DE/current-to-rand/1 500
above main 500
def main 500
Benchmarking solver '<function EA_AOS' with budget=500*dimension on b'bbob' suite, Sat Mar 30 13:40:42 2019
batch_loop 500
Mar30 13h40:43, d=20, running: f014coco_optimiser 10000
inside coco 10000
ea-aos 10000
0.05
0.65
10.35
41.61462086624579
15.2
37.3423389457123
20.9
34.33984564591253
28.45
34.15545632932104
29.15
34.048793762745106
32.0
32.09389209608614
36.6
26.93160402079178
41.0
23.800712237363072
55.95
23.31691406716368
63.0
17.613799570125053
65.8
17.46021280282264
82.85
15.659695196621257
88.65
15.199210508724292
91.55
14.17190172704619
97.25
13.801021563868531
100.05
13.756608044624244
102.8
13.608554433329743
105.8
11.732765623021507
110.0
11.015938838135526
114.35
10.15047119452754
122.8
7.4072041476868264
145.6
7.279495004102884
153.4
7.102936830292066
171.25
6.516933154274369
174.1
6.138251269304078
186.1
5.922047256316461
200.3
5.602435171677584
203.2
5.588244628328923
206.0
4.391851152724854
220.85
3.57816932370757
251.25
3.5322789837029944
260.55
3.201975443052831
266.25
3.1439377669862836
269.1
2.894569345156441
292.1
2.8114960195020586
294.95
2.722338558118693
303.0
2.594428842078429
328.65
2.517324185946194
334.35
2.488656984698139
338.7
2.4629854253722527
341.55
2.4219975450710933
342.3
2.366147226670904
346.25
2.271371170829312
351.95
2.166071869567247
363.3
1.5365652824513631
433.95
1.448834851568492
445.95
1.3872400935802744
494.65
1.3425449244463152

 -97.90745507555368
.(1)  
    done in 3.2e-04 seconds/evaluation
  dimension seconds/evaluations
  -----------------------------
     20      3.2e-04 
  -----------------------------
  bbob done (1 of 360 problems benchmarked)
Deleting folder:  exdata/EA_AOS_on_bbob_budget0500xD-020
, Sat Mar 30 13:40:46 2019 (0h00:02 total elapsed time).
