COCO INFO: Results will be output to folder exdata/EA_AOS_on_bbob_budget0500xD-012
after __main__
budget 0.21 0.19 77 DE/current-to-rand/1 500
above main 500
def main 500
Benchmarking solver '<function EA_AOS' with budget=500*dimension on b'bbob' suite, Sat Mar 30 13:41:29 2019
batch_loop 500
Mar30 13h41:29, d=20, running: f012coco_optimiser 10000
inside coco 10000
ea-aos 10000
0.05
3.45
209458682.0418887
7.6
200862073.35974252
12.45
163086352.2387487
16.3
137871401.2053558
20.15
117228029.82767586
24.5
116950888.03626782
28.35
110589044.93449737
39.4
94776288.06274688
43.75
85506125.47372597
47.6
70985160.2312589
63.0
53568364.47346137
82.25
53045697.03574136
209.3
50518906.35231287
243.95
46401144.67328997
332.5
46075390.61712434

 46075468.50712434
.(1)  
    done in 4.2e-04 seconds/evaluation
  dimension seconds/evaluations
  -----------------------------
     20      4.2e-04 
  -----------------------------
  bbob done (1 of 360 problems benchmarked)
Deleting folder:  exdata/EA_AOS_on_bbob_budget0500xD-012
, Sat Mar 30 13:41:33 2019 (0h00:03 total elapsed time).
