COCO INFO: Results will be output to folder exdata/EA_AOS_on_bbob_budget0500xD-004
after __main__
budget 0.62 0.22 70 DE/current-to-rand/1 500
above main 500
def main 500
Benchmarking solver '<function EA_AOS' with budget=500*dimension on b'bbob' suite, Sat Mar 30 13:41:45 2019
batch_loop 500
Mar30 13h41:45, d=20, running: f021coco_optimiser 10000
inside coco 10000
ea-aos 10000
0.05
0.05
6.55
71.88880138785481
20.4
71.80633520952874
24.05
70.99300206352294
26.3
67.00728992689133
33.9
65.31010622165184
41.55
64.28801452239894
45.05
64.0587754666169
52.55
63.405536355881615
67.3
62.592435332577466
78.0
59.98202747219652
82.3
56.00791992871731
85.8
50.61610814769764
97.5
40.992634791376
131.55
38.5401095472811
141.5
29.92319983986694
194.55
25.667972297875135
205.05
24.371910667119764
255.0
21.20285802978682
326.15
20.364843486733992
356.4
20.327033689639393
393.85
19.726676692460966
404.55
19.08708914815338
423.1
18.837919531733903
479.1
17.60461207473864

 -30.99538792526136
.(1)  
    done in 2.8e-04 seconds/evaluation
  dimension seconds/evaluations
  -----------------------------
     20      2.8e-04 
  -----------------------------
  bbob done (1 of 360 problems benchmarked)
Deleting folder:  exdata/EA_AOS_on_bbob_budget0500xD-004
, Sat Mar 30 13:41:47 2019 (0h00:02 total elapsed time).
