COCO INFO: Results will be output to folder exdata/EA_AOS_on_bbob_budget0500xD-001
after __main__
budget 0.62 0.22 70 DE/current-to-rand/1 500
above main 500
def main 500
Benchmarking solver '<function EA_AOS' with budget=500*dimension on b'bbob' suite, Sat Mar 30 13:41:56 2019
batch_loop 500
Mar30 13h41:56, d=20, running: f007coco_optimiser 10000
inside coco 10000
ea-aos 10000
0.05
0.05
5.15
476.8417933972532
14.7
450.9977360904472
18.2
435.0454873744447
22.95
334.5880339624293
25.85
308.37525965350295
29.35
270.8113540296219
38.85
219.98909174466658
45.6
193.64155638527419
67.95
156.9165707724597
72.6
143.90788234877297
87.05
114.33754254319902
87.6
77.32726418112914
144.1
72.86756138153508
174.5
68.68434523466225
177.6
46.82614898249118
252.1
33.20257376092173
339.95
29.65385379075159
371.8
23.4095760936245
487.9
21.19495778675227

 25.01495778675227
.(1)  
    done in 2.9e-04 seconds/evaluation
  dimension seconds/evaluations
  -----------------------------
     20      2.9e-04 
  -----------------------------
  bbob done (1 of 360 problems benchmarked)
Deleting folder:  exdata/EA_AOS_on_bbob_budget0500xD-001
, Sat Mar 30 13:41:59 2019 (0h00:02 total elapsed time).
