COCO INFO: Results will be output to folder exdata/EA_AOS_on_bbob_budget0500xD-008
after __main__
budget 0.67 0.23 107 DE/current-to-rand/1 500
above main 500
def main 500
Benchmarking solver '<function EA_AOS' with budget=500*dimension on b'bbob' suite, Sat Mar 30 13:41:29 2019
batch_loop 500
Mar30 13h41:29, d=20, running: f012coco_optimiser 10000
inside coco 10000
ea-aos 10000
0.05
3.45
209458682.0418887
15.9
139298421.47325924
16.65
131524090.29199854
22.0
119620753.09130977
27.35
96013093.1381703
36.0
89513931.91534081
48.75
72162312.4899523
59.45
57707635.88022427
68.1
41698623.976886116
94.95
37913989.07441933
129.45
37846810.16303547
139.75
32310352.365494177
163.6
26343000.595227405
171.85
25022139.480456848
177.2
13754478.24523147
207.4
13272103.455311991
240.6
12463763.016924769
244.15
12005126.211839793
246.75
9315927.64951499
305.1
8042435.082216155
324.6
6222496.7392698135
349.7
5952395.714817088
357.6
4910850.856034633
373.65
4569948.531126363
387.7
4211799.64388019
394.6
4179301.5090113757
397.5
4014766.214688105
428.95
3985581.7918639868
434.3
3116318.6083327006
450.35
3040419.6297029383
455.7
2460975.62359601
476.75
2295601.777160842
493.15
2208320.3072418384

 2208398.1972418386
.(1)  
    done in 3.7e-04 seconds/evaluation
  dimension seconds/evaluations
  -----------------------------
     20      3.7e-04 
  -----------------------------
  bbob done (1 of 360 problems benchmarked)
Deleting folder:  exdata/EA_AOS_on_bbob_budget0500xD-008
, Sat Mar 30 13:41:32 2019 (0h00:02 total elapsed time).
