COCO INFO: Results will be output to folder exdata/EA_AOS_on_bbob_budget0500xD-013
after __main__
budget 1.05 0.38 50 DE/current-to-rand/1 500
above main 500
def main 500
Benchmarking solver '<function EA_AOS' with budget=500*dimension on b'bbob' suite, Sat Mar 30 13:40:42 2019
batch_loop 500
Mar30 13h40:42, d=20, running: f014coco_optimiser 10000
inside coco 10000
ea-aos 10000
0.05
0.65
6.95
42.572172659484515
16.55
40.226764264186286
78.95
38.18106234534707
96.95
37.32719888882168
124.45
22.98576737064191
402.55
20.55596014764774

 -78.69403985235226
.(1)  
    done in 5.0e-04 seconds/evaluation
  dimension seconds/evaluations
  -----------------------------
     20      5.0e-04 
  -----------------------------
  bbob done (1 of 360 problems benchmarked)
Deleting folder:  exdata/EA_AOS_on_bbob_budget0500xD-013
, Sat Mar 30 13:40:47 2019 (0h00:03 total elapsed time).
