COCO INFO: Results will be output to folder exdata/EA_AOS_on_bbob_budget0500xD-014
after __main__
budget 0.43 0.44 129 DE/current-to-rand/1 500
above main 500
def main 500
Benchmarking solver '<function EA_AOS' with budget=500*dimension on b'bbob' suite, Sat Mar 30 13:40:42 2019
batch_loop 500
Mar30 13h40:42, d=20, running: f014coco_optimiser 10000
inside coco 10000
ea-aos 10000
0.05
0.65
12.15
21.30118181372137
47.15
19.169007957542675
58.7
18.92460087242685
89.2
16.96089784079517
92.3
15.45126663680044
105.2
15.367470475133018
111.65
13.496394650673665
182.6
13.183783450559048
266.45
11.008913629141148

 -88.24108637085885
.(1)  
    done in 3.4e-04 seconds/evaluation
  dimension seconds/evaluations
  -----------------------------
     20      3.4e-04 
  -----------------------------
  bbob done (1 of 360 problems benchmarked)
Deleting folder:  exdata/EA_AOS_on_bbob_budget0500xD-014
, Sat Mar 30 13:40:46 2019 (0h00:02 total elapsed time).
