COCO INFO: Results will be output to folder exdata/EA_AOS_on_bbob_budget0500xD-002
after __main__
budget 0.25 0.46 101 DE/current-to-rand/1 500
above main 500
def main 500
Benchmarking solver '<function EA_AOS' with budget=500*dimension on b'bbob' suite, Sat Mar 30 13:40:03 2019
batch_loop 500
Mar30 13h40:03, d=20, running: f013coco_optimiser 10000
inside coco 10000
ea-aos 10000
0.05
0.6
5.65
2018.983010014912
22.85
1897.6617690279013
30.9
1672.580523623458
51.1
1567.417462489467
61.2
1565.0580042668157
96.55
1487.6595701710487
293.5
1478.943592771373

 1255.963592771373
.(1)  
    done in 2.4e-04 seconds/evaluation
  dimension seconds/evaluations
  -----------------------------
     20      2.4e-04 
  -----------------------------
  bbob done (1 of 360 problems benchmarked)
Deleting folder:  exdata/EA_AOS_on_bbob_budget0500xD-002
, Sat Mar 30 13:40:05 2019 (0h00:02 total elapsed time).
