COCO INFO: Results will be output to folder exdata/EA_AOS_on_bbob_budget0500xD-006
after __main__
budget 0.47 0.15 67 DE/current-to-rand/1 500
above main 500
def main 500
Benchmarking solver '<function EA_AOS' with budget=500*dimension on b'bbob' suite, Sat Mar 30 13:45:16 2019
batch_loop 500
Mar30 13h45:16, d=20, running: f003coco_optimiser 10000
inside coco 10000
ea-aos 10000
0.05
0.05
5.15
784.324349791524
8.5
769.0940825490634
10.2
731.6939948440619
18.55
648.0660259810577
22.35
631.1574955410404
28.6
593.8194870670247
31.95
551.1117887664245
38.65
544.0604567094873
42.45
410.36729278307985
45.8
400.45057918847624
62.55
397.6896295776022
92.7
387.2337870643014
104.35
371.0100276285534
131.15
357.6414062417117
233.3
356.2484969152807
246.8
337.61129301815834
250.15
322.3810257756977
447.8
312.63287240886245

 353.2928724088624
.(1)  
    done in 2.8e-04 seconds/evaluation
  dimension seconds/evaluations
  -----------------------------
     20      2.8e-04 
  -----------------------------
  bbob done (1 of 360 problems benchmarked)
Deleting folder:  exdata/EA_AOS_on_bbob_budget0500xD-006
, Sat Mar 30 13:45:19 2019 (0h00:02 total elapsed time).
