COCO INFO: Results will be output to folder exdata/EA_AOS_on_bbob_budget0500xD
after __main__
budget 0.47 0.15 67 DE/current-to-rand/1 500
above main 500
def main 500
Benchmarking solver '<function EA_AOS' with budget=500*dimension on b'bbob' suite, Sat Mar 30 13:45:03 2019
batch_loop 500
Mar30 13h45:03, d=20, running: f018coco_optimiser 10000
inside coco 10000
ea-aos 10000
0.05
2.5
69.72404449258252
4.8
61.783689028919966
8.15
61.62791418198469
21.9
56.098803694299946
30.55
44.020628110957205
40.6
32.81353317931553
53.75
31.676342707402043
80.2
31.27587213258842
80.55
28.560701952376363
83.9
20.78729748784673
354.35
18.455806349963275
371.65
18.31461999288386
385.05
15.919579272783295

 -1.020420727216706
.(1)  
    done in 2.7e-04 seconds/evaluation
  dimension seconds/evaluations
  -----------------------------
     20      2.7e-04 
  -----------------------------
  bbob done (1 of 360 problems benchmarked)
Deleting folder:  exdata/EA_AOS_on_bbob_budget0500xD
, Sat Mar 30 13:45:06 2019 (0h00:02 total elapsed time).
