COCO INFO: Results will be output to folder exdata/EA_AOS_on_bbob_budget0500xD-011
after __main__
budget 0.83 0.25 73 DE/current-to-rand/1 500
above main 500
def main 500
Benchmarking solver '<function EA_AOS' with budget=500*dimension on b'bbob' suite, Sat Mar 30 13:44:00 2019
batch_loop 500
Mar30 13h44:00, d=20, running: f002coco_optimiser 10000
inside coco 10000
ea-aos 10000
0.05
2.65
3912672.620398869
6.2
2730981.3450416806
17.15
2721275.5086405985
19.95
2679716.0068506403
23.0
1533602.358398798
30.3
1467779.8500938506
35.25
1379419.0427977995
40.1
866835.9385558378
43.75
775848.8434977334
58.35
578823.9242412469
62.0
562107.5950314421
70.9
550619.9282362408
91.05
438046.640528265
107.7
432269.60393955896
116.3
378943.10452778026
124.65
369185.41232173936
128.75
369108.2385054998
132.4
362868.21422193176
143.3
343814.0698104329
154.2
327794.71076724894
183.0
320791.57671483693
197.6
319927.6974660928
212.2
316023.4335031059
217.55
301580.0494552044
228.5
301103.57509700034
254.05
300157.9075622469
275.0
299551.34457050415
279.45
295698.45952673507
290.4
294672.26980225806
300.55
292578.2515036534
350.9
290920.19873460394
358.2
289590.8699987044
391.05
289507.4894241261
398.1
289127.05467818887
416.35
288979.4051385084
430.95
288943.3569731053
445.35
288850.8453418648
460.2
288670.66512203065
463.85
288624.7137284415

 288055.8337284415
.(1)  
    done in 3.1e-04 seconds/evaluation
  dimension seconds/evaluations
  -----------------------------
     20      3.1e-04 
  -----------------------------
  bbob done (1 of 360 problems benchmarked)
Deleting folder:  exdata/EA_AOS_on_bbob_budget0500xD-011
, Sat Mar 30 13:44:03 2019 (0h00:02 total elapsed time).
