COCO INFO: Results will be output to folder exdata/EA_AOS_on_bbob_budget0500xD-007
after __main__
budget 0.83 0.25 73 DE/current-to-rand/1 500
above main 500
def main 500
Benchmarking solver '<function EA_AOS' with budget=500*dimension on b'bbob' suite, Sat Mar 30 13:43:47 2019
batch_loop 500
Mar30 13h43:47, d=20, running: f014coco_optimiser 10000
inside coco 10000
ea-aos 10000
0.05
0.65
21.1
41.88379845074137
27.6
37.00166844813218
29.25
30.240169914591846
53.6
21.862971994955842
61.05
20.180279849961877
104.6
18.18864794020314
119.45
17.54678120697352
131.4
16.702230990546582
133.25
15.321717892733943
160.6
13.974154041669976
162.9
13.788084197277612
177.25
13.631710357852697
182.4
13.298243728013318
184.15
12.830314099088753
187.8
11.22476524909655
226.2
10.813717602948813
231.6
9.984804910368382
235.9
9.693019891422324
257.8
9.50346760440712
266.25
9.104819302293407
284.75
8.6033078226113
288.4
7.609550751632696
304.0
7.1198372123357245
308.35
6.448372749949286
341.2
3.8721699790931297
344.85
3.8069884453269935
366.75
3.2260122699586162
381.35
2.9766898732574276
476.25
2.494307166323509

 -96.75569283367649
.(1)  
    done in 2.8e-04 seconds/evaluation
  dimension seconds/evaluations
  -----------------------------
     20      2.8e-04 
  -----------------------------
  bbob done (1 of 360 problems benchmarked)
Deleting folder:  exdata/EA_AOS_on_bbob_budget0500xD-007
, Sat Mar 30 13:43:50 2019 (0h00:02 total elapsed time).
