COCO INFO: Results will be output to folder exdata/EA_AOS_on_bbob_budget0500xD-006
after __main__
budget 0.84 0.29 69 DE/current-to-rand/1 500
above main 500
def main 500
Benchmarking solver '<function EA_AOS' with budget=500*dimension on b'bbob' suite, Sat Mar 30 13:43:18 2019
batch_loop 500
Mar30 13h43:18, d=20, running: f018coco_optimiser 10000
inside coco 10000
ea-aos 10000
0.05
0.3
13.1
49.50723396145611
41.7
45.76680545588215
60.2
44.69865430187724
88.95
44.69640205745088
108.5
35.029934194459315
140.75
34.95771408901112
149.9
31.534306836181145
159.15
31.068438540058537
167.15
27.966460426604556
175.55
26.290408700447813
176.4
25.02814878358845
209.75
15.192381828416046

 288.342381828416
.(1)  
    done in 2.8e-04 seconds/evaluation
  dimension seconds/evaluations
  -----------------------------
     20      2.8e-04 
  -----------------------------
  bbob done (1 of 360 problems benchmarked)
Deleting folder:  exdata/EA_AOS_on_bbob_budget0500xD-006
, Sat Mar 30 13:43:21 2019 (0h00:02 total elapsed time).
