COCO INFO: Results will be output to folder exdata/EA_AOS_on_bbob_budget0500xD-002
after __main__
budget 0.59 0.19 51 DE/current-to-rand/1 500
above main 500
def main 500
Benchmarking solver '<function EA_AOS' with budget=500*dimension on b'bbob' suite, Sat Mar 30 13:45:10 2019
batch_loop 500
Mar30 13h45:10, d=20, running: f014coco_optimiser 10000
inside coco 10000
ea-aos 10000
0.05
1.65
50.90853588143871
4.05
47.32197817951295
5.15
45.74593034755553
11.85
24.98198909805879
19.15
22.01832311477662
21.4
20.772876954891743
23.95
18.90207238922521
29.75
18.396294396019996
36.0
17.35921543554305
39.8
16.12394979110252
43.95
13.828507725402403
46.5
13.131768682629541
52.0
11.642858316320272
54.15
8.489968311511802
93.9
8.133521697137205
104.1
7.7736710333391486
116.85
6.823089130147494
127.05
6.629106069933336
132.15
6.217123751838258
163.25
6.031866173338443
191.3
5.443003576673277
206.6
5.093281203005731
249.95
4.949979732032816
273.75
4.756315746494032
316.15
4.4650391059399155
328.9
4.423872242949571
345.1
4.408962707020606
347.65
4.371316347905093
360.4
4.2254643243327905
370.6
4.041260910980142
388.45
3.972852495304494
452.1
3.961522710032817
459.95
3.9489166456471168

 36.64891664564712
.(1)  
    done in 2.8e-04 seconds/evaluation
  dimension seconds/evaluations
  -----------------------------
     20      2.8e-04 
  -----------------------------
  bbob done (1 of 360 problems benchmarked)
Deleting folder:  exdata/EA_AOS_on_bbob_budget0500xD-002
, Sat Mar 30 13:45:13 2019 (0h00:02 total elapsed time).
