COCO INFO: Results will be output to folder exdata/EA_AOS_on_bbob_budget0500xD-001
after __main__
budget 0.67 0.24 52 DE/current-to-rand/1 500
above main 500
def main 500
Benchmarking solver '<function EA_AOS' with budget=500*dimension on b'bbob' suite, Sat Mar 30 13:43:10 2019
batch_loop 500
Mar30 13h43:10, d=20, running: f023coco_optimiser 10000
inside coco 10000
ea-aos 10000
0.05
0.6
11.2
3.934791046320157
44.5
3.645600612649048
164.65
3.278213413451965
259.6
2.1855232237409155

 -220.9344767762591
.(1)  
    done in 3.3e-04 seconds/evaluation
  dimension seconds/evaluations
  -----------------------------
     20      3.3e-04 
  -----------------------------
  bbob done (1 of 360 problems benchmarked)
Deleting folder:  exdata/EA_AOS_on_bbob_budget0500xD-001
, Sat Mar 30 13:43:14 2019 (0h00:03 total elapsed time).
