COCO INFO: Results will be output to folder exdata/EA_AOS_on_bbob_budget0500xD-004
after __main__
budget 0.37 0.24 66 DE/current-to-rand/1 500
above main 500
def main 500
Benchmarking solver '<function EA_AOS' with budget=500*dimension on b'bbob' suite, Sat Mar 30 13:44:37 2019
batch_loop 500
Mar30 13h44:37, d=20, running: f021coco_optimiser 10000
inside coco 10000
ea-aos 10000
0.05
0.05
8.6
72.12280227508481
10.5
72.06321283210686
14.0
66.9552541533909
18.95
66.66848193351251
25.85
65.6953995891462
27.05
61.69872716531096
42.35
57.47123713799573
66.65
53.12571486520325
83.05
52.86951370456978
86.45
48.527208386597344
106.25
47.849087843376864
114.65
47.14895111886206
116.3
37.35026810508157
121.25
36.782285549399994
163.85
34.71019481482636
167.45
30.79271252073841
263.15
30.258268837357274
269.75
29.832091574277758
276.05
29.26116072558438
308.0
28.14792577045396
315.95
27.84003577280259
347.2
25.652219827638636
361.0
25.559918259553637
377.5
22.964929773041355
380.8
22.43903241493882
398.15
22.115334747237668
427.85
21.816538203918334
447.65
21.72841563530788
450.95
19.83816724164101

 -28.76183275835899
.(1)  
    done in 2.7e-04 seconds/evaluation
  dimension seconds/evaluations
  -----------------------------
     20      2.7e-04 
  -----------------------------
  bbob done (1 of 360 problems benchmarked)
Deleting folder:  exdata/EA_AOS_on_bbob_budget0500xD-004
, Sat Mar 30 13:44:40 2019 (0h00:02 total elapsed time).
