COCO INFO: Results will be output to folder exdata/EA_AOS_on_bbob_budget0500xD
after __main__
budget 0.5 0.22 61 DE/current-to-rand/1 500
above main 500
def main 500
Benchmarking solver '<function EA_AOS' with budget=500*dimension on b'bbob' suite, Sat Mar 30 13:48:05 2019
batch_loop 500
Mar30 13h48:05, d=20, running: f017coco_optimiser 10000
inside coco 10000
ea-aos 10000
0.05
0.05
5.15
12.78815143781182
8.05
11.163781812795179
14.15
10.13185167763092
29.15
9.858875623968402
31.35
9.643201095345091
35.25
8.700516836156254
45.0
7.780947882765503
46.15
7.743911822089871
62.3
7.439677659334222
66.35
7.397679472374364
67.55
7.193183152833029
91.05
5.960718754271198
163.45
5.668140510106241
213.55
4.720962411843004
302.0
4.692711866595431
326.4
4.374509147721142
344.7
4.339698018085102

 -143.5603019819149
.(1)  
    done in 2.8e-04 seconds/evaluation
  dimension seconds/evaluations
  -----------------------------
     20      2.8e-04 
  -----------------------------
  bbob done (1 of 360 problems benchmarked)
Deleting folder:  exdata/EA_AOS_on_bbob_budget0500xD
, Sat Mar 30 13:48:08 2019 (0h00:02 total elapsed time).
