COCO INFO: Results will be output to folder exdata/EA_AOS_on_bbob_budget0500xD-003
after __main__
budget 1.71 0.65 399 DE/current-to-rand/1 500
above main 500
def main 500
Benchmarking solver '<function EA_AOS' with budget=500*dimension on b'bbob' suite, Sat Mar 30 12:51:10 2019
batch_loop 500
Mar30 12h51:10, d=20, running: f022coco_optimiser 10000
inside coco 10000
ea-aos 10000
0.05
6.45
71.80339207346192

 171.60339207346192
.(1)  
    done in 5.8e-04 seconds/evaluation
  dimension seconds/evaluations
  -----------------------------
     20      5.8e-04 
  -----------------------------
  bbob done (1 of 360 problems benchmarked)
Deleting folder:  exdata/EA_AOS_on_bbob_budget0500xD-003
, Sat Mar 30 12:51:16 2019 (0h00:03 total elapsed time).
