COCO INFO: Results will be output to folder exdata/EA_AOS_on_bbob_budget0500xD-020
after __main__
budget 0.43 0.9 258 DE/current-to-rand/1 500
above main 500
def main 500
Benchmarking solver '<function EA_AOS' with budget=500*dimension on b'bbob' suite, Sat Mar 30 12:51:10 2019
batch_loop 500
Mar30 12h51:10, d=20, running: f022coco_optimiser 10000
inside coco 10000
ea-aos 10000
0.05
6.45
71.80339207346192
12.95
70.07618406566611
53.9
68.74890895298752
75.5
63.91209667727041
249.2
62.33586440137272
381.65
60.24505222256836

 160.04505222256836
.(1)  
    done in 3.9e-04 seconds/evaluation
  dimension seconds/evaluations
  -----------------------------
     20      3.9e-04 
  -----------------------------
  bbob done (1 of 360 problems benchmarked)
Deleting folder:  exdata/EA_AOS_on_bbob_budget0500xD-020
, Sat Mar 30 12:51:14 2019 (0h00:02 total elapsed time).
