COCO INFO: Results will be output to folder exdata/EA_AOS_on_bbob_budget0500xD-020
after __main__
budget 1.22 0.11 248 DE/current-to-rand/1 500
above main 500
def main 500
Benchmarking solver '<function EA_AOS' with budget=500*dimension on b'bbob' suite, Sat Mar 30 12:54:21 2019
batch_loop 500
Mar30 12h54:21, d=20, running: f014coco_optimiser 10000
inside coco 10000
ea-aos 10000
0.05
0.65
24.05
32.06095641838644
41.35
29.005776146372597
135.65
26.024858667988596
296.85
25.593447904365604
381.85
23.018281772833035
422.35
20.535440278247123

 -78.71455972175288
.(1)  
    done in 5.1e-04 seconds/evaluation
  dimension seconds/evaluations
  -----------------------------
     20      5.1e-04 
  -----------------------------
  bbob done (1 of 360 problems benchmarked)
Deleting folder:  exdata/EA_AOS_on_bbob_budget0500xD-020
, Sat Mar 30 12:54:26 2019 (0h00:03 total elapsed time).
