COCO INFO: Results will be output to folder exdata/EA_AOS_on_bbob_budget0500xD-013
after __main__
budget 0.29 0.7 332 DE/rand/1 500
above main 500
def main 500
Benchmarking solver '<function EA_AOS' with budget=500*dimension on b'bbob' suite, Sat Mar 30 11:39:22 2019
batch_loop 500
Mar30 11h39:22, d=20, running: f013coco_optimiser 10000
inside coco 10000
ea-aos 10000
0.05
0.75
97.65
1454.793524900762
120.3
1375.6941263502754
164.65
1252.6199733835879
183.75
1102.3031704036478
261.15
1065.4272280451353
335.35
1039.253590590054
395.9
989.8122747539928
400.35
981.4134314856834
458.1
981.1836269430747
478.9
895.0569792158204

 672.0769792158204
.(1)  
    done in 4.9e-04 seconds/evaluation
  dimension seconds/evaluations
  -----------------------------
     20      4.9e-04 
  -----------------------------
  bbob done (1 of 360 problems benchmarked)
Deleting folder:  exdata/EA_AOS_on_bbob_budget0500xD-013
, Sat Mar 30 11:39:27 2019 (0h00:03 total elapsed time).
