COCO INFO: Results will be output to folder exdata/EA_AOS_on_bbob_budget0500xD-013
after __main__
budget 0.33 0.61 92 DE/rand/1 500
above main 500
def main 500
Benchmarking solver '<function EA_AOS' with budget=500*dimension on b'bbob' suite, Sat Mar 30 11:52:14 2019
batch_loop 500
Mar30 11h52:14, d=20, running: f020coco_optimiser 10000
inside coco 10000
ea-aos 10000
0.05
0.05
13.35
2635.997550524822
44.35
1602.6141008710974
47.0
1196.5141593072779
59.4
1095.8589486823607
62.75
628.9215326435016
75.6
484.40542309233746
81.1
217.6920678738862
95.75
45.50839057350127
102.9
45.39421642435053
108.75
23.33887463070849
126.7
4.128354119923301
148.45
3.897931156141226
190.4
3.89787278762887
196.15
3.888016528081522
199.05
3.646995068358706
206.15
3.582006045623757
212.6
3.5510034303394207
231.4
3.389362449502869
253.5
3.3381256401462736
260.0
3.3257942601336765
273.2
3.0494877749143825
332.55
2.864756800718709
363.55
2.845057980737522
375.45
2.8036401640989084
385.4
2.7984817618923046
405.5
2.7787829419111176
416.7
2.7399238104135577
420.95
2.6224684538710505

 -134.13753154612894
.(1)  
    done in 3.8e-04 seconds/evaluation
  dimension seconds/evaluations
  -----------------------------
     20      3.8e-04 
  -----------------------------
  bbob done (1 of 360 problems benchmarked)
Deleting folder:  exdata/EA_AOS_on_bbob_budget0500xD-013
, Sat Mar 30 11:52:17 2019 (0h00:02 total elapsed time).
