COCO INFO: Results will be output to folder exdata/EA_AOS_on_bbob_budget0500xD-005
after __main__
budget 1.73 0.27 395 DE/rand/1 500
above main 500
def main 500
Benchmarking solver '<function EA_AOS' with budget=500*dimension on b'bbob' suite, Sat Mar 30 11:48:11 2019
batch_loop 500
Mar30 11h48:11, d=20, running: f006coco_optimiser 10000
inside coco 10000
ea-aos 10000
0.05
10.9
64399.34608822827
167.55
37077.30413128112
353.85
34918.98351169345
469.25
17903.828348634972

 17934.67834863497
.(1)  
    done in 5.0e-04 seconds/evaluation
  dimension seconds/evaluations
  -----------------------------
     20      5.0e-04 
  -----------------------------
  bbob done (1 of 360 problems benchmarked)
Deleting folder:  exdata/EA_AOS_on_bbob_budget0500xD-005
, Sat Mar 30 11:48:16 2019 (0h00:03 total elapsed time).
