COCO INFO: Results will be output to folder exdata/EA_AOS_on_bbob_budget0500xD-002
after __main__
budget 0.33 0.97 71 DE/rand/1 500
above main 500
def main 500
Benchmarking solver '<function EA_AOS' with budget=500*dimension on b'bbob' suite, Sat Mar 30 11:54:12 2019
batch_loop 500
Mar30 11h54:12, d=20, running: f020coco_optimiser 10000
inside coco 10000
ea-aos 10000
0.05
0.05
12.55
4880.5940474373965
24.3
4080.9039508790297
28.2
3145.6029728916183
31.4
3145.5717701179988
52.25
3145.351014062423
54.5
1650.1377366710708
77.45
1471.1331208352008
83.85
970.3768404857157
89.55
969.9445135938386
102.75
969.8633948274897
103.95
969.7237575382624
116.3
969.6605903410972
123.4
969.5479855816095

 823.9679855816095
.(1)  
    done in 2.9e-04 seconds/evaluation
  dimension seconds/evaluations
  -----------------------------
     20      2.9e-04 
  -----------------------------
  bbob done (1 of 360 problems benchmarked)
Deleting folder:  exdata/EA_AOS_on_bbob_budget0500xD-002
, Sat Mar 30 11:54:15 2019 (0h00:02 total elapsed time).
