COCO INFO: Results will be output to folder exdata/EA_AOS_on_bbob_budget0500xD-003
after __main__
budget 0.7 0.9 110 DE/rand/1 500
above main 500
def main 500
Benchmarking solver '<function EA_AOS' with budget=500*dimension on b'bbob' suite, Sat Mar 30 11:48:11 2019
batch_loop 500
Mar30 11h48:11, d=20, running: f006coco_optimiser 10000
inside coco 10000
ea-aos 10000
0.05
2.35
119533.76544266935
23.4
90947.66073621249
45.1
88840.43710321456
52.5
40735.15602620868
86.65
1099.58523521399
123.3
966.5621710450511

 997.4121710450511
.(1)  
    done in 3.1e-04 seconds/evaluation
  dimension seconds/evaluations
  -----------------------------
     20      3.1e-04 
  -----------------------------
  bbob done (1 of 360 problems benchmarked)
Deleting folder:  exdata/EA_AOS_on_bbob_budget0500xD-003
, Sat Mar 30 11:48:14 2019 (0h00:02 total elapsed time).
