COCO INFO: Results will be output to folder exdata/EA_AOS_on_bbob_budget0500xD-002
after __main__
budget 1.88 0.37 76 DE/rand/1 500
above main 500
def main 500
Benchmarking solver '<function EA_AOS' with budget=500*dimension on b'bbob' suite, Sat Mar 30 11:49:56 2019
batch_loop 500
Mar30 11h49:56, d=20, running: f006coco_optimiser 10000
inside coco 10000
ea-aos 10000
0.05
2.35
119533.76544266935
23.6
94156.56061742768
31.3
83144.89052088624
46.5
17657.346791667256
164.6
2578.9801429765766

 2609.8301429765766
.(1)  
    done in 2.8e-04 seconds/evaluation
  dimension seconds/evaluations
  -----------------------------
     20      2.8e-04 
  -----------------------------
  bbob done (1 of 360 problems benchmarked)
Deleting folder:  exdata/EA_AOS_on_bbob_budget0500xD-002
, Sat Mar 30 11:49:59 2019 (0h00:02 total elapsed time).
