COCO INFO: Results will be output to folder exdata/EA_AOS_on_bbob_budget0500xD-011
after __main__
budget 0.25 0.6 146 DE/rand/1 500
above main 500
def main 500
Benchmarking solver '<function EA_AOS' with budget=500*dimension on b'bbob' suite, Sat Mar 30 11:51:50 2019
batch_loop 500
Mar30 11h51:50, d=20, running: f022coco_optimiser 10000
inside coco 10000
ea-aos 10000
0.05
4.9
79.27624611177289
8.0
73.14486528142386
22.2
71.83135393392378
29.25
70.39467421113802
48.85
67.65349637827917
51.15
67.16494789146019
66.1
66.35820557056566
74.85
61.045129887304924
102.5
57.99966475480362
115.95
57.14135736347582
137.95
46.34832573907052
139.25
34.78573993378275
168.3
32.94962674777226
197.4
31.6498159890685
225.65
28.797452606266987
229.3
26.59145250734545
234.55
22.81167040911147
298.25
16.825864848319355
347.0
13.711682282762737
436.7
13.205607873011843

 113.00560787301184
.(1)  
    done in 2.8e-04 seconds/evaluation
  dimension seconds/evaluations
  -----------------------------
     20      2.8e-04 
  -----------------------------
  bbob done (1 of 360 problems benchmarked)
Deleting folder:  exdata/EA_AOS_on_bbob_budget0500xD-011
, Sat Mar 30 11:51:52 2019 (0h00:02 total elapsed time).
