COCO INFO: Results will be output to folder exdata/EA_AOS_on_bbob_budget0500xD-011
after __main__
budget 1.52 0.11 255 DE/rand/1 500
above main 500
def main 500
Benchmarking solver '<function EA_AOS' with budget=500*dimension on b'bbob' suite, Sat Mar 30 11:49:59 2019
batch_loop 500
Mar30 11h49:59, d=20, running: f006coco_optimiser 10000
inside coco 10000
ea-aos 10000
0.05
10.9
64399.34608822827
93.55
18535.303183424334
157.3
18180.24776091053
297.55
9579.15609013645
425.3
3329.159326767804
463.3
806.4460921859237
489.05
728.6962661772085

 759.5462661772085
.(1)  
    done in 3.1e-04 seconds/evaluation
  dimension seconds/evaluations
  -----------------------------
     20      3.1e-04 
  -----------------------------
  bbob done (1 of 360 problems benchmarked)
Deleting folder:  exdata/EA_AOS_on_bbob_budget0500xD-011
, Sat Mar 30 11:50:02 2019 (0h00:02 total elapsed time).
