COCO INFO: Results will be output to folder exdata/EA_AOS_on_bbob_budget0500xD-021
after __main__
budget 0.66 0.88 315 DE/rand/1 500
above main 500
def main 500
Benchmarking solver '<function EA_AOS' with budget=500*dimension on b'bbob' suite, Sat Mar 30 11:40:10 2019
batch_loop 500
Mar30 11h40:10, d=20, running: f013coco_optimiser 10000
inside coco 10000
ea-aos 10000
0.05
0.75
175.35
1519.8024607129882
215.45
1487.0199698413992
260.7
1420.8880610084454
284.05
1371.201095368863
362.05
1308.532166418702
381.25
1282.814868116485

 1059.834868116485
.(1)  
    done in 4.7e-04 seconds/evaluation
  dimension seconds/evaluations
  -----------------------------
     20      4.7e-04 
  -----------------------------
  bbob done (1 of 360 problems benchmarked)
Deleting folder:  exdata/EA_AOS_on_bbob_budget0500xD-021
, Sat Mar 30 11:40:14 2019 (0h00:02 total elapsed time).
