COCO INFO: Results will be output to folder exdata/EA_AOS_on_bbob_budget0500xD-009
after __main__
budget 1.66 0.67 98 DE/rand/1 500
above main 500
def main 500
Benchmarking solver '<function EA_AOS' with budget=500*dimension on b'bbob' suite, Sat Mar 30 11:47:06 2019
batch_loop 500
Mar30 11h47:06, d=20, running: f005coco_optimiser 10000
inside coco 10000
ea-aos 10000
0.05
0.6
23.25
198.30477253781856
26.4
145.77506796233516
32.35
143.42311876254854
38.4
84.52605357194639
42.15
50.68780272670794
73.0
4.13827616222958
128.35
0.0

 -66.39
.(1)  
    done in 3.5e-04 seconds/evaluation
  dimension seconds/evaluations
  -----------------------------
     20      3.5e-04 
  -----------------------------
  bbob done (1 of 360 problems benchmarked)
Deleting folder:  exdata/EA_AOS_on_bbob_budget0500xD-009
, Sat Mar 30 11:47:09 2019 (0h00:02 total elapsed time).
