COCO INFO: Results will be output to folder exdata/EA_AOS_on_bbob_budget0500xD-008
after __main__
budget 0.77 0.5 230 DE/rand/1 500
above main 500
def main 500
Benchmarking solver '<function EA_AOS' with budget=500*dimension on b'bbob' suite, Sat Mar 30 11:44:52 2019
batch_loop 500
Mar30 11h44:52, d=20, running: f005coco_optimiser 10000
inside coco 10000
ea-aos 10000
0.05
0.6
15.7
196.75666874402202
42.1
183.32658839936892
51.05
159.1697601549796
62.55
126.41814315258932
70.5
115.42928917491
95.05
103.4809158679189
117.15
91.93416043393498
135.55
85.2630773168519
160.6
66.42170562601538
179.55
65.6142476232122
203.35
61.5089318883586
218.3
26.51512712894447
222.25
10.0
314.2
7.901865241792827
338.5
0.0

 -66.39
.(1)  
    done in 3.9e-04 seconds/evaluation
  dimension seconds/evaluations
  -----------------------------
     20      3.9e-04 
  -----------------------------
  bbob done (1 of 360 problems benchmarked)
Deleting folder:  exdata/EA_AOS_on_bbob_budget0500xD-008
, Sat Mar 30 11:44:56 2019 (0h00:02 total elapsed time).
