COCO INFO: Results will be output to folder exdata/EA_AOS_on_bbob_budget0500xD-017
after __main__
budget 0.41 0.91 246 DE/rand/1 500
above main 500
def main 500
Benchmarking solver '<function EA_AOS' with budget=500*dimension on b'bbob' suite, Sat Mar 30 11:50:23 2019
batch_loop 500
Mar30 11h50:23, d=20, running: f006coco_optimiser 10000
inside coco 10000
ea-aos 10000
0.05
10.9
64399.34608822827
55.3
61981.5012575697
67.95
51999.22380404452
92.1
36255.86481544093
106.5
29372.660140827487
118.75
6028.823276435853
203.65
3657.5700519118946
230.45
358.04924691871713
249.65
227.58168009518087
310.35
213.66383429694832
395.75
207.3813192476758
460.95
117.70050121024704

 148.55050121024703
.(1)  
    done in 4.0e-04 seconds/evaluation
  dimension seconds/evaluations
  -----------------------------
     20      4.0e-04 
  -----------------------------
  bbob done (1 of 360 problems benchmarked)
Deleting folder:  exdata/EA_AOS_on_bbob_budget0500xD-017
, Sat Mar 30 11:50:27 2019 (0h00:02 total elapsed time).
