COCO INFO: Results will be output to folder exdata/EA_AOS_on_bbob_budget0500xD-027
after __main__
budget 0.96 0.52 172 DE/rand/1 500
above main 500
def main 500
Benchmarking solver '<function EA_AOS' with budget=500*dimension on b'bbob' suite, Sat Mar 30 11:43:48 2019
batch_loop 500
Mar30 11h43:48, d=20, running: f011coco_optimiser 10000
inside coco 10000
ea-aos 10000
0.05
5.35
3007.200276527217
12.9
1988.0485543226578
31.5
997.8448189833758
46.85
862.1147461516828
65.55
387.2295587662614

 366.8995587662614
.(1)  
    done in 4.9e-04 seconds/evaluation
  dimension seconds/evaluations
  -----------------------------
     20      4.9e-04 
  -----------------------------
  bbob done (1 of 360 problems benchmarked)
Deleting folder:  exdata/EA_AOS_on_bbob_budget0500xD-027
, Sat Mar 30 11:43:53 2019 (0h00:02 total elapsed time).
