COCO INFO: Results will be output to folder exdata/EA_AOS_on_bbob_budget0500xD-017
after __main__
budget 0.56 0.31 227 DE/rand/1 500
above main 500
def main 500
Benchmarking solver '<function EA_AOS' with budget=500*dimension on b'bbob' suite, Sat Mar 30 11:52:29 2019
batch_loop 500
Mar30 11h52:29, d=20, running: f020coco_optimiser 10000
inside coco 10000
ea-aos 10000
0.05
0.05
16.4
12332.180341265921
63.1
9630.273308382033
124.5
8055.238331678981
133.75
7555.3519807805205
161.05
4025.9961901250517
175.95
3444.289198574599
187.3
2878.5065465057733
198.9
2780.5256903304708
210.0
1645.2055465367132
247.15
1313.505912554474
281.05
1033.0149029293257
292.05
602.868515728327
303.75
162.89607232671085
359.8
45.521655246068235
394.2
4.550562690232965
482.0
4.160646389335227

 -132.59935361066476
.(1)  
    done in 3.6e-04 seconds/evaluation
  dimension seconds/evaluations
  -----------------------------
     20      3.6e-04 
  -----------------------------
  bbob done (1 of 360 problems benchmarked)
Deleting folder:  exdata/EA_AOS_on_bbob_budget0500xD-017
, Sat Mar 30 11:52:32 2019 (0h00:02 total elapsed time).
