COCO INFO: Results will be output to folder exdata/EA_AOS_on_bbob_budget0500xD-002
after __main__
budget 1.03 0.56 110 DE/rand/1 500
above main 500
def main 500
Benchmarking solver '<function EA_AOS' with budget=500*dimension on b'bbob' suite, Sat Mar 30 11:47:25 2019
batch_loop 500
Mar30 11h47:25, d=20, running: f005coco_optimiser 10000
inside coco 10000
ea-aos 10000
0.05
0.6
19.6
189.91407693744821
22.75
149.28526830764164
28.6
143.0713506023645
41.05
112.4620939447349
53.8
103.51055115378398
60.2
44.1140878204165
95.4
43.475534783774435
101.7
34.95251412959552
120.2
28.036519157214613
129.2
12.473436125718216
149.95
9.719636572567566
172.3
0.0

 -66.39
.(1)  
    done in 4.2e-04 seconds/evaluation
  dimension seconds/evaluations
  -----------------------------
     20      4.2e-04 
  -----------------------------
  bbob done (1 of 360 problems benchmarked)
Deleting folder:  exdata/EA_AOS_on_bbob_budget0500xD-002
, Sat Mar 30 11:47:29 2019 (0h00:02 total elapsed time).
