COCO INFO: Results will be output to folder exdata/EA_AOS_on_bbob_budget0500xD-011
after __main__
budget 0.39 0.45 178 DE/rand/1 500
above main 500
def main 500
Benchmarking solver '<function EA_AOS' with budget=500*dimension on b'bbob' suite, Sat Mar 30 11:50:46 2019
batch_loop 500
Mar30 11h50:46, d=20, running: f006coco_optimiser 10000
inside coco 10000
ea-aos 10000
0.05
2.35
119533.76544266935
12.75
45651.46204482139
29.0
45219.82438113288
45.0
19766.25847686045
63.5
17555.139052633986
76.6
16254.826010974979
80.55
12712.335044318314
89.8
3707.1893875721594
130.8
3303.1694282821204
139.05
1442.0315832911592
145.1
623.0908419630058
155.9
412.5077905470689
177.25
408.8920200876417
190.45
229.17064038250854
198.15
221.44525374777345
245.55
210.16900218440708
274.9
194.40613168937196
301.6
185.49385053590171
323.5
168.5935568855891
334.55
118.97989842929408

 149.82989842929408
.(1)  
    done in 3.0e-04 seconds/evaluation
  dimension seconds/evaluations
  -----------------------------
     20      3.0e-04 
  -----------------------------
  bbob done (1 of 360 problems benchmarked)
Deleting folder:  exdata/EA_AOS_on_bbob_budget0500xD-011
, Sat Mar 30 11:50:49 2019 (0h00:02 total elapsed time).
