COCO INFO: Results will be output to folder exdata/EA_AOS_on_bbob_budget0500xD-014
after __main__
budget 0.41 0.84 119 DE/rand/1 500
above main 500
def main 500
Benchmarking solver '<function EA_AOS' with budget=500*dimension on b'bbob' suite, Sat Mar 30 11:50:46 2019
batch_loop 500
Mar30 11h50:46, d=20, running: f006coco_optimiser 10000
inside coco 10000
ea-aos 10000
0.05
2.35
119533.76544266935
8.35
110729.20233345298
29.45
46463.665683688916
40.25
26711.655171156064
57.6
2254.2815160678974
93.05
247.3839424648905
141.2
214.68656874756334
144.55
196.573835829568
213.7
195.21409783797125
227.5
115.39846574951616
413.3
114.94490843355342
487.75
109.37965049199576
490.6
107.5310965558727

 138.3810965558727
.(1)  
    done in 4.2e-04 seconds/evaluation
  dimension seconds/evaluations
  -----------------------------
     20      4.2e-04 
  -----------------------------
  bbob done (1 of 360 problems benchmarked)
Deleting folder:  exdata/EA_AOS_on_bbob_budget0500xD-014
, Sat Mar 30 11:50:50 2019 (0h00:02 total elapsed time).
