COCO INFO: Results will be output to folder exdata/EA_AOS_on_bbob_budget0500xD-018
after __main__
budget 0.42 0.28 76 DE/rand/1 500
above main 500
def main 500
Benchmarking solver '<function EA_AOS' with budget=500*dimension on b'bbob' suite, Sat Mar 30 11:50:46 2019
batch_loop 500
Mar30 11h50:46, d=20, running: f006coco_optimiser 10000
inside coco 10000
ea-aos 10000
0.05
2.35
119533.76544266935
12.8
80261.60362721124
20.4
43560.89456328368
36.75
12104.605321714871
49.3
7749.865263825778
59.6
6611.576056040001
67.85
4837.621889302626
71.75
3887.576591356915
76.35
382.630806231446
92.4
215.6658114354669
110.5
174.61055676518748
114.3
140.35745372012772
232.1
131.84009288935684
263.65
122.53165120121221
277.65
121.06698414960943
313.05
120.87910206737791
365.95
111.5092253268466
368.85
94.31256927642778
457.3
94.31215145470281
466.3
81.90042602642643
483.9
76.30954450230587

 107.15954450230586
.(1)  
    done in 3.1e-04 seconds/evaluation
  dimension seconds/evaluations
  -----------------------------
     20      3.1e-04 
  -----------------------------
  bbob done (1 of 360 problems benchmarked)
Deleting folder:  exdata/EA_AOS_on_bbob_budget0500xD-018
, Sat Mar 30 11:50:49 2019 (0h00:02 total elapsed time).
