COCO INFO: Results will be output to folder exdata/EA_AOS_on_bbob_budget0500xD-009
after __main__
budget 0.78 0.21 115 DE/rand/1 500
above main 500
def main 500
Benchmarking solver '<function EA_AOS' with budget=500*dimension on b'bbob' suite, Sat Mar 30 11:51:57 2019
batch_loop 500
Mar30 11h51:57, d=20, running: f022coco_optimiser 10000
inside coco 10000
ea-aos 10000
0.05
4.9
79.27624611177289
9.5
77.88419651429594
14.15
71.00981044548162
31.4
63.602730532785
126.5
63.40365068988295
141.95
56.163820515822025
176.25
51.38698636277057
235.3
51.13419058348235
266.25
46.27808298654533
369.75
45.245482107405465
375.45
41.548452280322394
389.4
38.07685759061526
425.5
37.19745673519431
436.15
36.86227262197828
441.9
36.73967825118039
459.25
29.56779484606146
477.65
23.718758562149574

 123.51875856214957
.(1)  
    done in 2.2e-04 seconds/evaluation
  dimension seconds/evaluations
  -----------------------------
     20      2.2e-04 
  -----------------------------
  bbob done (1 of 360 problems benchmarked)
Deleting folder:  exdata/EA_AOS_on_bbob_budget0500xD-009
, Sat Mar 30 11:51:59 2019 (0h00:02 total elapsed time).
