COCO INFO: Results will be output to folder exdata/EA_AOS_on_bbob_budget0500xD-012
after __main__
budget 1.9 0.73 101 DE/rand/1 500
above main 500
def main 500
Benchmarking solver '<function EA_AOS' with budget=500*dimension on b'bbob' suite, Sat Mar 30 11:44:30 2019
batch_loop 500
Mar30 11h44:30, d=20, running: f011coco_optimiser 10000
inside coco 10000
ea-aos 10000
0.05
0.2
7.3
1210.7021561708464
36.55
1170.328419631357

 1149.9984196313571
.(1)  
    done in 3.2e-04 seconds/evaluation
  dimension seconds/evaluations
  -----------------------------
     20      3.2e-04 
  -----------------------------
  bbob done (1 of 360 problems benchmarked)
Deleting folder:  exdata/EA_AOS_on_bbob_budget0500xD-012
, Sat Mar 30 11:44:33 2019 (0h00:02 total elapsed time).
