COCO INFO: Results will be output to folder exdata/EA_AOS_on_bbob_budget0500xD-028
after __main__
budget 0.2 0.36 86 DE/rand/1 500
above main 500
def main 500
Benchmarking solver '<function EA_AOS' with budget=500*dimension on b'bbob' suite, Sat Mar 30 11:37:52 2019
batch_loop 500
Mar30 11h37:52, d=20, running: f008coco_optimiser 10000
inside coco 10000
ea-aos 10000
0.05
0.05
19.4
23793.655387776773
23.95
21643.746561587963
33.75
18895.371275335176
36.35
15763.901111200768
40.65
11803.43054493197
50.1
8777.94401283277
57.45
7889.7414186183705
61.15
7394.327005149571
66.7
5442.209068653572
74.2
4982.591408560768
78.5
4049.9181977703684
94.4
3699.972570099969
97.2
2543.9611228999697
101.05
2097.4290418759692
110.1
2066.2065299143687
114.4
2016.9290134151688
118.95
1099.9956167655687
123.25
991.388049866369
146.1
989.315063184769
174.3
979.4308846567691
184.25
590.5256779271692
231.8
497.8883947303691
254.65
408.9341600903691
284.75
257.65297876556895
311.85
252.467887808769
322.55
230.47572903756904
387.95
219.04740288076903
405.35
207.95305780876902
443.85
177.54712512396895

 -12.242874876031038
.(1)  
    done in 3.6e-04 seconds/evaluation
  dimension seconds/evaluations
  -----------------------------
     20      3.6e-04 
  -----------------------------
  bbob done (1 of 360 problems benchmarked)
Deleting folder:  exdata/EA_AOS_on_bbob_budget0500xD-028
, Sat Mar 30 11:37:56 2019 (0h00:02 total elapsed time).
