COCO INFO: Results will be output to folder exdata/EA_AOS_on_bbob_budget0500xD-023
after __main__
budget 0.83 0.56 250 DE/rand/1 500
above main 500
def main 500
Benchmarking solver '<function EA_AOS' with budget=500*dimension on b'bbob' suite, Sat Mar 30 11:51:07 2019
batch_loop 500
Mar30 11h51:07, d=20, running: f006coco_optimiser 10000
inside coco 10000
ea-aos 10000
0.05
10.9
64399.34608822827
85.3
50545.65393584277
94.75
16779.760135300494
213.2
16697.413182182605
225.25
10704.087723495564
284.75
720.2096126957417
394.8
551.8317778545702

 582.6817778545702
.(1)  
    done in 4.5e-04 seconds/evaluation
  dimension seconds/evaluations
  -----------------------------
     20      4.5e-04 
  -----------------------------
  bbob done (1 of 360 problems benchmarked)
Deleting folder:  exdata/EA_AOS_on_bbob_budget0500xD-023
, Sat Mar 30 11:51:12 2019 (0h00:03 total elapsed time).
