COCO INFO: Results will be output to folder exdata/EA_AOS_on_bbob_budget0500xD-006
after __main__
budget 0.19 0.61 62 DE/rand/1 500
above main 500
def main 500
Benchmarking solver '<function EA_AOS' with budget=500*dimension on b'bbob' suite, Sat Mar 30 12:05:45 2019
batch_loop 500
Mar30 12h05:45, d=20, running: f007coco_optimiser 10000
inside coco 10000
ea-aos 10000
0.05
2.4
535.7145400043536
5.75
496.6573022018451
6.8
373.95643110577026
18.25
312.5805780695404
20.45
225.70601357487004
27.85
183.1087631752223
32.75
124.43625004826228
38.05
86.50320328879148
73.5
77.32026224337159
95.6
66.38704238248712
126.55
63.31746986122146
135.35
60.459835942890145
162.0
47.588585162182454
166.85
40.69520667015528
229.3
36.14980214048097
238.15
35.28292933357372
276.7
31.56723758758202
302.4
28.701171123760254
313.9
28.1035799560384
342.25
17.25998020896139

 21.07998020896139
.(1)  
    done in 4.2e-04 seconds/evaluation
  dimension seconds/evaluations
  -----------------------------
     20      4.2e-04 
  -----------------------------
  bbob done (1 of 360 problems benchmarked)
Deleting folder:  exdata/EA_AOS_on_bbob_budget0500xD-006
, Sat Mar 30 12:05:50 2019 (0h00:02 total elapsed time).
