COCO INFO: Results will be output to folder exdata/EA_AOS_on_bbob_budget0500xD-010
after __main__
budget 0.19 0.61 62 DE/rand/1 500
above main 500
def main 500
Benchmarking solver '<function EA_AOS' with budget=500*dimension on b'bbob' suite, Sat Mar 30 11:57:25 2019
batch_loop 500
Mar30 11h57:25, d=20, running: f011coco_optimiser 10000
inside coco 10000
ea-aos 10000
0.05
0.2
7.1
896.5379873354851
15.6
866.6549992409382
20.2
524.880282152714
22.85
244.13537516760124
39.9
187.6795068639148
78.8
84.52242038651823

 64.19242038651824
.(1)  
    done in 3.3e-04 seconds/evaluation
  dimension seconds/evaluations
  -----------------------------
     20      3.3e-04 
  -----------------------------
  bbob done (1 of 360 problems benchmarked)
Deleting folder:  exdata/EA_AOS_on_bbob_budget0500xD-010
, Sat Mar 30 11:57:28 2019 (0h00:02 total elapsed time).
