COCO INFO: Results will be output to folder exdata/EA_AOS_on_bbob_budget0500xD-006
after __main__
budget 0.48 0.68 81 DE/rand/1 500
above main 500
def main 500
Benchmarking solver '<function EA_AOS' with budget=500*dimension on b'bbob' suite, Sat Mar 30 11:58:50 2019
batch_loop 500
Mar30 11h58:50, d=20, running: f022coco_optimiser 10000
inside coco 10000
ea-aos 10000
0.05
0.05
6.85
79.89614629648155
8.6
76.39082618020224
25.6
75.77579414142868
34.65
68.51192097671994
50.05
68.37372462646398
55.3
66.7691845204276
58.2
62.94908561021249
84.75
56.997519653524776
85.9
54.728428787412454
96.95
52.34024024699069
104.6
42.4849017216746
105.5
41.22675687114487
113.45
35.578213815379584
127.65
34.706694322373
139.75
29.909446619001002
154.15
25.381037900276695
165.2
20.710169176096613
220.85
18.206755727650275
244.45
16.856104727445413
271.4
16.701687802490582
282.3
15.681767598835862
284.95
15.591709336131032
289.0
14.677781851298008
305.1
13.824746404467376
312.65
12.304199165072845
348.25
11.835977722452228
359.8
11.067185826787082
409.2
10.84916744113417

 110.64916744113417
.(1)  
    done in 2.9e-04 seconds/evaluation
  dimension seconds/evaluations
  -----------------------------
     20      2.9e-04 
  -----------------------------
  bbob done (1 of 360 problems benchmarked)
Deleting folder:  exdata/EA_AOS_on_bbob_budget0500xD-006
, Sat Mar 30 11:58:53 2019 (0h00:02 total elapsed time).
