COCO INFO: Results will be output to folder exdata/EA_AOS_on_bbob_budget0500xD-015
after __main__
budget 0.53 0.18 390 DE/rand/1 500
above main 500
def main 500
Benchmarking solver '<function EA_AOS' with budget=500*dimension on b'bbob' suite, Sat Mar 30 11:41:38 2019
batch_loop 500
Mar30 11h41:38, d=20, running: f011coco_optimiser 10000
inside coco 10000
ea-aos 10000
0.05
19.1
2607.1461747814756
19.6
1105.1745362526287
56.0
440.36215851610837
64.1
206.61650232449563
91.6
167.05412761384508
383.8
128.1146537853384

 107.78465378533839
.(1)  
    done in 4.2e-04 seconds/evaluation
  dimension seconds/evaluations
  -----------------------------
     20      4.2e-04 
  -----------------------------
  bbob done (1 of 360 problems benchmarked)
Deleting folder:  exdata/EA_AOS_on_bbob_budget0500xD-015
, Sat Mar 30 11:41:42 2019 (0h00:03 total elapsed time).
