COCO INFO: Results will be output to folder exdata/EA_AOS_on_bbob_budget0500xD-007
after __main__
budget 0.41 0.74 78 DE/rand/1 500
above main 500
def main 500
Benchmarking solver '<function EA_AOS' with budget=500*dimension on b'bbob' suite, Sat Mar 30 12:00:13 2019
batch_loop 500
Mar30 12h00:13, d=20, running: f008coco_optimiser 10000
inside coco 10000
ea-aos 10000
0.05
0.05
21.8
17176.474825600773
27.9
12007.799344995967
37.4
8248.91718529677
41.5
4821.39686446157
79.75
4408.162141184769
88.85
4338.694829152769
97.15
3758.913203306369
108.85
3559.01976145357
110.15
3457.51887295757
114.6
2366.8312654151678
131.15
1805.6853969671683
166.5
1544.7845994503693
167.95
1396.6868600455691
193.45
1394.2435252935688
202.8
1170.765111319169
204.1
1068.1282424583687
220.15
915.0727202023689
242.75
724.427369034369
281.6
709.1805426407694
306.4
439.8854793479692
332.7
410.023881127169
337.05
401.6252208391689
348.75
384.266687283969
363.75
371.39286113356894
371.7
334.8416713479691
381.65
289.8888984583689
382.8
230.47572903756904
445.2
213.836867815169

 24.04686781516901
.(1)  
    done in 2.6e-04 seconds/evaluation
  dimension seconds/evaluations
  -----------------------------
     20      2.6e-04 
  -----------------------------
  bbob done (1 of 360 problems benchmarked)
Deleting folder:  exdata/EA_AOS_on_bbob_budget0500xD-007
, Sat Mar 30 12:00:15 2019 (0h00:02 total elapsed time).
