COCO INFO: Results will be output to folder exdata/EA_AOS_on_bbob_budget0500xD-025
after __main__
budget 0.5 0.8 67 DE/rand/1 500
above main 500
def main 500
Benchmarking solver '<function EA_AOS' with budget=500*dimension on b'bbob' suite, Sat Mar 30 11:58:51 2019
batch_loop 500
Mar30 11h58:51, d=20, running: f022coco_optimiser 10000
inside coco 10000
ea-aos 10000
0.05
0.05
5.9
79.6817925830275
7.7
74.0484065119385
36.15
73.06627464118948
39.7
69.994888859472
50.75
68.1116339079412
66.85
67.83259095771005
69.7
59.56365973691577
90.7
54.92228449136958
100.2
48.61670178477745
100.9
38.90250291430111
127.9
37.90907815808346
133.6
30.00106621837459
152.3
27.87894315873288
158.5
25.43030762465662
165.4
24.830370099584
170.25
23.82145702116992
184.2
18.236965277235
190.1
18.05924889017423
202.4
16.650480193550123
220.3
14.111569502245999
250.35
13.633033099180096
255.75
11.90255116416536
258.4
11.848630195114453
277.65
11.8035310395491
301.1
11.528863540603865
316.95
11.48699628490472
323.75
11.255134444097763
326.1
10.754776641232297
349.0
10.710488236557651
353.2
10.050904428550254
362.6
9.461373323266159
377.6
9.204527338474534
393.75
8.940821773075271
400.7
8.611018293118121
417.8
8.438605222368835

 108.23860522236883
.(1)  
    done in 5.0e-04 seconds/evaluation
  dimension seconds/evaluations
  -----------------------------
     20      5.0e-04 
  -----------------------------
  bbob done (1 of 360 problems benchmarked)
Deleting folder:  exdata/EA_AOS_on_bbob_budget0500xD-025
, Sat Mar 30 11:58:56 2019 (0h00:03 total elapsed time).
