COCO INFO: Results will be output to folder exdata/EA_AOS_on_bbob_budget0500xD-013
after __main__
budget 1.66 0.22 212 DE/rand/1 500
above main 500
def main 500
Benchmarking solver '<function EA_AOS' with budget=500*dimension on b'bbob' suite, Sat Mar 30 11:48:12 2019
batch_loop 500
Mar30 11h48:12, d=20, running: f006coco_optimiser 10000
inside coco 10000
ea-aos 10000
0.05
2.35
119533.76544266935
12.0
101594.11022072677
59.75
88670.01556026636
91.55
51738.03853719253
170.45
37977.25721068209
271.9
33835.429008967614
292.75
9745.256796014117
303.35
408.0412165583276

 438.89121655832764
.(1)  
    done in 3.0e-04 seconds/evaluation
  dimension seconds/evaluations
  -----------------------------
     20      3.0e-04 
  -----------------------------
  bbob done (1 of 360 problems benchmarked)
Deleting folder:  exdata/EA_AOS_on_bbob_budget0500xD-013
, Sat Mar 30 11:48:15 2019 (0h00:02 total elapsed time).
