COCO INFO: Results will be output to folder exdata/EA_AOS_on_bbob_budget0500xD-025
after __main__
budget 0.42 0.59 75 DE/rand/1 500
above main 500
def main 500
Benchmarking solver '<function EA_AOS' with budget=500*dimension on b'bbob' suite, Sat Mar 30 11:57:26 2019
batch_loop 500
Mar30 11h57:27, d=20, running: f011coco_optimiser 10000
inside coco 10000
ea-aos 10000
0.05
0.2
5.15
533.2626479632912
8.85
515.121631037958
12.0
410.5724630209112
27.85
394.40291471093013
37.95
328.7871252335985
47.55
324.4229073939618
64.55
301.1367551554606
112.6
174.68544399589433

 154.35544399589435
.(1)  
    done in 3.2e-04 seconds/evaluation
  dimension seconds/evaluations
  -----------------------------
     20      3.2e-04 
  -----------------------------
  bbob done (1 of 360 problems benchmarked)
Deleting folder:  exdata/EA_AOS_on_bbob_budget0500xD-025
, Sat Mar 30 11:57:30 2019 (0h00:02 total elapsed time).
