COCO INFO: Results will be output to folder exdata/EA_AOS_on_bbob_budget0500xD
after __main__
budget 0.23 0.74 139 DE/rand/1 500
above main 500
def main 500
Benchmarking solver '<function EA_AOS' with budget=500*dimension on b'bbob' suite, Sat Mar 30 12:04:19 2019
batch_loop 500
Mar30 12h04:19, d=20, running: f013coco_optimiser 10000
inside coco 10000
ea-aos 10000
0.05
0.75
33.4
1561.7050658082862
42.3
1359.6397751579973
64.75
1339.5931950180516
74.8
1231.6007219013686
83.7
1215.8222763321057
123.65
1196.5442566342863
131.2
1175.4649538622587
135.15
1079.7486393598713
155.55
1070.331163033657
175.95
1047.1815165211644
194.9
1033.5247895553748
205.45
1021.2390570989
214.65
974.0169401432642
218.55
945.6250526337981
295.6
926.719836274241
302.75
916.5426614205277
325.8
866.2805710102423
364.5
849.4381363731623
372.1
845.2853402520882
385.85
843.0370630250642
439.35
810.0488426891635
448.55
761.9932606630114
475.85
745.1203281002078

 522.1403281002077
.(1)  
    done in 2.8e-04 seconds/evaluation
  dimension seconds/evaluations
  -----------------------------
     20      2.8e-04 
  -----------------------------
  bbob done (1 of 360 problems benchmarked)
Deleting folder:  exdata/EA_AOS_on_bbob_budget0500xD
, Sat Mar 30 12:04:22 2019 (0h00:02 total elapsed time).
