COCO INFO: Results will be output to folder exdata/EA_AOS_on_bbob_budget0500xD
after __main__
budget 0.32 0.71 69 DE/rand/1 500
above main 500
def main 500
Benchmarking solver '<function EA_AOS' with budget=500*dimension on b'bbob' suite, Sat Mar 30 12:01:40 2019
batch_loop 500
Mar30 12h01:40, d=20, running: f005coco_optimiser 10000
inside coco 10000
ea-aos 10000
0.05
0.6
32.0
191.77913377041187
41.7
169.2531388889422
50.9
146.05078681733227
76.25
134.1768819979792
86.6
115.78860970184556
111.65
107.34028596993929
121.95
106.16108492584274
149.3
101.26611098336556
157.2
97.60310213677178
165.65
83.80376167765431
193.55
74.9521427251405
197.7
74.91904552636919
211.5
70.6464694083802
224.25
66.79420197872476
248.4
58.915814348142334
273.5
58.06451789211842
293.25
55.16646616722656
310.75
54.529460725357794
322.45
51.43543373150226
327.9
49.64932341530536
360.6
48.58792018155563
382.3
47.213123709003966
386.4
45.74720462335813
402.85
44.472929637655
435.7
43.40379155654021
440.2
43.05321755793342
445.55
42.753293310025796
451.8
42.12951657083708
469.05
41.12951657083708
469.8
39.85524158513394

 -26.53475841486606
.(1)  
    done in 3.5e-04 seconds/evaluation
  dimension seconds/evaluations
  -----------------------------
     20      3.5e-04 
  -----------------------------
  bbob done (1 of 360 problems benchmarked)
Deleting folder:  exdata/EA_AOS_on_bbob_budget0500xD
, Sat Mar 30 12:01:43 2019 (0h00:02 total elapsed time).
