COCO INFO: Results will be output to folder exdata/EA_AOS_on_bbob_budget0500xD-003
after __main__
budget 0.33 0.68 71 DE/rand/1 500
above main 500
def main 500
Benchmarking solver '<function EA_AOS' with budget=500*dimension on b'bbob' suite, Sat Mar 30 12:05:06 2019
batch_loop 500
Mar30 12h05:07, d=20, running: f014coco_optimiser 10000
inside coco 10000
ea-aos 10000
0.05
0.4
6.05
29.372574452339634
12.9
25.572949854434967
16.15
24.542192887659063
19.25
18.068842896125005
23.5
15.103256481565047
34.55
13.738176107334162
42.6
12.513085436282857
51.65
11.295449189620463
70.3
9.762881269221396
75.6
8.760346923203272
106.25
8.509993102419273
116.05
8.389600597549745
118.85
8.327552455275033
122.15
6.989460905857442
151.85
6.941919376580607
159.5
6.828665786419883
168.45
6.406902293452333
171.55
6.370552104946029
176.3
5.892543235501677
177.8
5.650228388579322
193.65
5.380507623165599
201.1
5.283417573960008
203.55
5.0121802676418525
213.8
4.814306910341664
232.45
4.745996445424126
238.0
4.211314385077003
260.0
4.043718227850057
267.1
4.032303870534392
279.5
3.9954913728786394
281.2
3.895715492596686
292.15
3.777398850081788
318.0
3.722087146551459
348.65
3.6788701697738873

 36.37887016977389
.(1)  
    done in 2.2e-04 seconds/evaluation
  dimension seconds/evaluations
  -----------------------------
     20      2.2e-04 
  -----------------------------
  bbob done (1 of 360 problems benchmarked)
Deleting folder:  exdata/EA_AOS_on_bbob_budget0500xD-003
, Sat Mar 30 12:05:09 2019 (0h00:02 total elapsed time).
