COCO INFO: Results will be output to folder exdata/EA_AOS_on_bbob_budget0500xD-001
after __main__
budget 0.45 0.73 70 DE/rand/1 500
above main 500
def main 500
Benchmarking solver '<function EA_AOS' with budget=500*dimension on b'bbob' suite, Sat Mar 30 11:59:11 2019
batch_loop 500
Mar30 11h59:11, d=20, running: f022coco_optimiser 10000
inside coco 10000
ea-aos 10000
0.05
0.05
13.1
76.85974069131525
20.1
72.8781906110482
35.2
67.05500244005306
54.0
65.11660437190032
64.45
61.22609195211409
68.8
57.440794118226094
75.55
51.833458959108796
82.1
32.79603423346818
107.15
31.88687740436238
112.85
31.513102833039866
124.5
27.57664705780475
133.9
25.484934864581433
147.0
23.80844645809009
164.2
22.222457313371947
178.6
19.277002848914833
226.5
18.957305122040424
235.2
18.950109014374576
244.3
15.178549771381626
277.15
15.145469648470097
280.7
14.676515208076196
296.05
12.114791695264245
334.3
11.365357369852916
338.0
11.05434965527428
343.55
10.75104133755326
348.35
9.978372913782295
364.45
9.428880915013224
381.1
9.095053312145112
412.2
8.861602139227116

 108.66160213922711
.(1)  
    done in 3.3e-04 seconds/evaluation
  dimension seconds/evaluations
  -----------------------------
     20      3.3e-04 
  -----------------------------
  bbob done (1 of 360 problems benchmarked)
Deleting folder:  exdata/EA_AOS_on_bbob_budget0500xD-001
, Sat Mar 30 11:59:14 2019 (0h00:02 total elapsed time).
