COCO INFO: Results will be output to folder exdata/EA_AOS_on_bbob_budget0500xD
after __main__
budget 1.24 0.92 286 DE/rand/1 500
above main 500
def main 500
Benchmarking solver '<function EA_AOS' with budget=500*dimension on b'bbob' suite, Sat Mar 30 11:41:54 2019
batch_loop 500
Mar30 11h41:54, d=20, running: f011coco_optimiser 10000
inside coco 10000
ea-aos 10000
0.05
5.35
3007.200276527217
16.05
1610.2194857803881
64.3
1527.0876557159456
95.65
1216.3970685695

 1196.0670685695002
.(1)  
    done in 2.8e-04 seconds/evaluation
  dimension seconds/evaluations
  -----------------------------
     20      2.8e-04 
  -----------------------------
  bbob done (1 of 360 problems benchmarked)
Deleting folder:  exdata/EA_AOS_on_bbob_budget0500xD
, Sat Mar 30 11:41:57 2019 (0h00:02 total elapsed time).
