COCO INFO: Results will be output to folder exdata/EA_AOS_on_bbob_budget0500xD-023
after __main__
budget 0.42 0.61 54 DE/rand/1 500
above main 500
def main 500
Benchmarking solver '<function EA_AOS' with budget=500*dimension on b'bbob' suite, Sat Mar 30 12:03:15 2019
batch_loop 500
Mar30 12h03:15, d=20, running: f018coco_optimiser 10000
inside coco 10000
ea-aos 10000
0.05
0.45
4.5
86.47507967221149
7.1
60.52974654015006
13.1
56.127890228957895
16.75
39.162063970906395
26.55
33.1571614330647
38.6
30.09846791294168
45.7
27.61189244056968
52.2
27.199772787902848
63.95
22.312993184473562
66.0
20.368499044476458
84.8
20.330206982208153
112.7
16.14797737374805
116.75
15.120936694465223
146.8
14.737331404608147
152.1
13.826161985458086
160.95
10.44313525656182
283.9
10.210467108983694
290.25
9.605498574800498
307.3
8.627629005802735
364.3
7.417936519594356
469.65
6.343846119727086

 -10.596153880272915
.(1)  
    done in 5.1e-04 seconds/evaluation
  dimension seconds/evaluations
  -----------------------------
     20      5.1e-04 
  -----------------------------
  bbob done (1 of 360 problems benchmarked)
Deleting folder:  exdata/EA_AOS_on_bbob_budget0500xD-023
, Sat Mar 30 12:03:20 2019 (0h00:02 total elapsed time).
