COCO INFO: Results will be output to folder exdata/EA_AOS_on_bbob_budget0500xD-012
after __main__
budget 0.28 0.45 101 DE/rand/1 500
above main 500
def main 500
Benchmarking solver '<function EA_AOS' with budget=500*dimension on b'bbob' suite, Sat Mar 30 12:00:35 2019
batch_loop 500
Mar30 12h00:35, d=20, running: f008coco_optimiser 10000
inside coco 10000
ea-aos 10000
0.05
0.05
15.65
30808.930168218372
29.65
17547.557887543175
42.45
14445.00345809037
48.05
14145.153012957564
54.9
7437.1970417255725
69.95
6513.290915245571
71.95
4954.017939802371
89.85
4314.794887402369
99.95
3909.15799421837
116.05
3253.1776458023696
124.3
2519.05982384717
135.95
2334.4786022535695
137.9
1972.4476078535693
150.7
1703.7934848487694
156.3
1606.1653380167695
160.35
1556.995897802369
176.3
1438.0661152615692
183.35
1426.2108761511693
193.3
1130.142959008769
201.55
1112.600463648769
205.2
1051.271002563969
212.5
996.4890064615688
233.0
894.097747965569
242.4
881.0818051975691
243.8
633.558111069569
263.3
583.4921110791689
269.05
438.88699178636887
310.6
380.053061235969
366.15
341.4474853511691
369.15
302.73136556556904
385.0
273.263571927169
427.6
232.19517214476883
432.65
172.78200272396901
472.75
156.14314150156895

 -33.646858498431044
.(1)  
    done in 4.0e-04 seconds/evaluation
  dimension seconds/evaluations
  -----------------------------
     20      4.0e-04 
  -----------------------------
  bbob done (1 of 360 problems benchmarked)
Deleting folder:  exdata/EA_AOS_on_bbob_budget0500xD-012
, Sat Mar 30 12:00:39 2019 (0h00:02 total elapsed time).
