COCO INFO: Results will be output to folder exdata/EA_AOS_on_bbob_budget0500xD-023
after __main__
budget 0.32 0.61 95 DE/rand/1 500
above main 500
def main 500
Benchmarking solver '<function EA_AOS' with budget=500*dimension on b'bbob' suite, Sat Mar 30 11:57:45 2019
batch_loop 500
Mar30 11h57:45, d=20, running: f011coco_optimiser 10000
inside coco 10000
ea-aos 10000
0.05
0.2
6.3
186.3697260068604
134.75
163.65011646364917
148.25
156.48300822082172
167.1
153.79533009357885
305.0
150.63149914460064
351.95
125.1777588008768

 104.8477588008768
.(1)  
    done in 3.2e-04 seconds/evaluation
  dimension seconds/evaluations
  -----------------------------
     20      3.2e-04 
  -----------------------------
  bbob done (1 of 360 problems benchmarked)
Deleting folder:  exdata/EA_AOS_on_bbob_budget0500xD-023
, Sat Mar 30 11:57:48 2019 (0h00:02 total elapsed time).
