COCO INFO: Results will be output to folder exdata/EA_AOS_on_bbob_budget0500xD-009
after __main__
budget 0.3 0.66 59 DE/rand/1 500
above main 500
def main 500
Benchmarking solver '<function EA_AOS' with budget=500*dimension on b'bbob' suite, Sat Mar 30 12:02:39 2019
batch_loop 500
Mar30 12h02:39, d=20, running: f007coco_optimiser 10000
inside coco 10000
ea-aos 10000
0.05
2.6
829.4094926283183
6.2
587.7227144092246
11.6
205.8105924108051
34.85
130.9776518249473
45.55
93.55947706843477
70.0
64.25865300836205
106.1
58.51740042984713
127.95
47.67574093328449
168.4
45.35615010557649
171.55
41.66692202588561
197.85
38.331912385579244
208.55
37.89992499444543
213.25
34.863907058455254
220.2
32.87928823449016
227.65
32.74712622661421
231.3
32.074199919024636
233.75
26.832249894685503
248.8
23.470206707442713
256.3
23.261995486165432
262.3
22.525711461115066
273.8
17.945245537893925
282.5
17.598664125811425
287.2
14.653417215651231
322.2
11.493924347696137
377.2
10.871815205617452

 103.81181520561745
.(1)  
    done in 4.0e-04 seconds/evaluation
  dimension seconds/evaluations
  -----------------------------
     20      4.0e-04 
  -----------------------------
  bbob done (1 of 360 problems benchmarked)
Deleting folder:  exdata/EA_AOS_on_bbob_budget0500xD-009
, Sat Mar 30 12:02:43 2019 (0h00:02 total elapsed time).
