COCO INFO: Results will be output to folder exdata/EA_AOS_on_bbob_budget0500xD-003
after __main__
budget 0.48 0.77 90 DE/rand/1 500
above main 500
def main 500
Benchmarking solver '<function EA_AOS' with budget=500*dimension on b'bbob' suite, Sat Mar 30 12:00:55 2019
batch_loop 500
Mar30 12h00:55, d=20, running: f008coco_optimiser 10000
inside coco 10000
ea-aos 10000
0.05
0.05
27.1
30987.23655578957
40.45
11596.084455466369
53.15
7264.884553280773
71.4
3763.43146680077
101.65
3252.594692877568
121.75
2411.9092352871694
146.05
2389.449668685569
149.7
2147.2020649287683
162.75
1949.8831558119691
168.75
1905.6989671079693
178.5
1521.1924373447687
208.55
1018.7619853831688
271.05
999.6220871015689
275.8
891.6699681607689
279.25
828.9193556103694
289.55
627.9246812391693
347.35
602.7414837223691
378.85
567.8217580519689
384.55
476.322266586369
421.05
426.50460952396907
472.65
396.81353540876904
481.05
299.8179694951691

 110.02796949516912
.(1)  
    done in 3.8e-04 seconds/evaluation
  dimension seconds/evaluations
  -----------------------------
     20      3.8e-04 
  -----------------------------
  bbob done (1 of 360 problems benchmarked)
Deleting folder:  exdata/EA_AOS_on_bbob_budget0500xD-003
, Sat Mar 30 12:00:59 2019 (0h00:02 total elapsed time).
