COCO INFO: Results will be output to folder exdata/EA_AOS_on_bbob_budget0500xD-003
after __main__
budget 0.49 0.75 183 DE/rand/1 500
above main 500
def main 500
Benchmarking solver '<function EA_AOS' with budget=500*dimension on b'bbob' suite, Sat Mar 30 11:55:08 2019
batch_loop 500
Mar30 11h55:08, d=20, running: f002coco_optimiser 10000
inside coco 10000
ea-aos 10000
0.05
8.3
2472907.9093081276
19.55
1460210.4737770136
41.55
805327.5982243712
60.2
675882.8367162221
97.4
646654.7579998397
108.9
470953.1357450964
164.8
430983.6599948763
178.3
395184.18066711415
187.65
358679.9711328945
253.0
340020.1468299817
256.85
326881.8722162164
289.65
309944.168570985
332.3
304169.62973601173
356.6
299422.8670882399
370.7
298841.5966084132
398.4
296281.0951089825
446.05
294691.020044744
460.3
294563.5574933082
470.35
294093.62240275595
481.8
293295.32079291117
492.9
291048.00668250443

 290479.12668250443
.(1)  
    done in 3.1e-04 seconds/evaluation
  dimension seconds/evaluations
  -----------------------------
     20      3.1e-04 
  -----------------------------
  bbob done (1 of 360 problems benchmarked)
Deleting folder:  exdata/EA_AOS_on_bbob_budget0500xD-003
, Sat Mar 30 11:55:11 2019 (0h00:02 total elapsed time).
