COCO INFO: Results will be output to folder exdata/EA_AOS_on_bbob_budget0500xD-007
after __main__
budget 0.51 0.64 147 DE/rand/1 500
above main 500
def main 500
Benchmarking solver '<function EA_AOS' with budget=500*dimension on b'bbob' suite, Sat Mar 30 12:00:55 2019
batch_loop 500
Mar30 12h00:55, d=20, running: f008coco_optimiser 10000
inside coco 10000
ea-aos 10000
0.05
0.05
46.25
35823.37838828237
62.4
15694.920012045577
84.2
12649.889342567167
110.9
10320.621307971967
126.15
9951.006274253568
146.35
8416.06161730317
150.35
6587.693465594368
160.75
4531.913013901568
206.6
4202.807605085569
214.2
3776.221988989568
221.8
2640.458116144769
247.55
2033.0834010311696
296.75
1818.5646481479687
330.3
1741.799955674369
339.65
1610.4810613767693
352.8
1227.3868984775688
356.3
1209.2597031911691
403.95
1067.7490314631686
442.15
1066.025416397569
499.35
870.7197169799691

 680.9297169799692
.(1)  
    done in 3.4e-04 seconds/evaluation
  dimension seconds/evaluations
  -----------------------------
     20      3.4e-04 
  -----------------------------
  bbob done (1 of 360 problems benchmarked)
Deleting folder:  exdata/EA_AOS_on_bbob_budget0500xD-007
, Sat Mar 30 12:00:59 2019 (0h00:02 total elapsed time).
