COCO INFO: Results will be output to folder exdata/EA_AOS_on_bbob_budget0500xD-014
after __main__
budget 0.38 0.9 53 DE/rand/1 500
above main 500
def main 500
Benchmarking solver '<function EA_AOS' with budget=500*dimension on b'bbob' suite, Sat Mar 30 11:59:34 2019
batch_loop 500
Mar30 11h59:34, d=20, running: f022coco_optimiser 10000
inside coco 10000
ea-aos 10000
0.05
0.05
4.55
74.85107601821245
12.75
73.78529356890347
13.6
73.04760060422309
20.6
71.48416628374817
24.25
70.35778153990175
29.05
70.30511104544838
30.65
69.9445503662456
32.6
67.76812245976676
38.95
66.71856963262731
41.45
65.89595285129381
51.7
64.74836621971748
55.15
61.365605236087006
65.15
59.5754274768844
71.3
59.12070591381375
81.85
58.532711269121464
93.45
57.844463802264286
96.9
56.76226316313863
104.5
46.05226466037108
107.6
37.81956843990899
151.35
33.420701192211524
180.85
32.96987608868888
187.8
31.587294428017756
193.45
30.792643614397846

 130.59264361439784
.(1)  
    done in 3.3e-04 seconds/evaluation
  dimension seconds/evaluations
  -----------------------------
     20      3.3e-04 
  -----------------------------
  bbob done (1 of 360 problems benchmarked)
Deleting folder:  exdata/EA_AOS_on_bbob_budget0500xD-014
, Sat Mar 30 11:59:37 2019 (0h00:02 total elapsed time).
