COCO INFO: Results will be output to folder exdata/EA_AOS_on_bbob_budget0500xD-020
after __main__
budget 0.16 0.66 80 DE/rand/1 500
above main 500
def main 500
Benchmarking solver '<function EA_AOS' with budget=500*dimension on b'bbob' suite, Sat Mar 30 12:05:26 2019
batch_loop 500
Mar30 12h05:26, d=20, running: f006coco_optimiser 10000
inside coco 10000
ea-aos 10000
0.05
2.35
119533.76544266935
9.05
77100.57693097949
17.95
36440.63284112698
23.1
14033.47274513308
33.5
10059.821228016013
38.05
4660.0763233361895
57.3
3622.1264511561753
65.85
2551.926793908138
75.3
1210.1173234903542
85.3
169.95648951677117
94.55
114.74617593599834
116.2
109.4267124087956
158.95
95.69916720862474
168.5
94.58992159185141
236.0
80.61462148692314
321.6
80.56789251515482
326.2
77.3958573857073
330.1
75.34509318917915
337.85
74.26569605956468
353.85
67.64056876438264
356.55
66.04367862058194
413.95
64.56422064342507
427.15
63.798624392796235
429.55
62.70492611350375
464.0
62.34468470393072
477.25
61.59464774395504
484.4
60.40089384956499
496.4
56.276937510935944

 87.12693751093595
.(1)  
    done in 3.2e-04 seconds/evaluation
  dimension seconds/evaluations
  -----------------------------
     20      3.2e-04 
  -----------------------------
  bbob done (1 of 360 problems benchmarked)
Deleting folder:  exdata/EA_AOS_on_bbob_budget0500xD-020
, Sat Mar 30 12:05:29 2019 (0h00:02 total elapsed time).
