COCO INFO: Results will be output to folder exdata/EA_AOS_on_bbob_budget0500xD-025
after __main__
budget 0.29 0.82 88 DE/rand/1 500
above main 500
def main 500
Benchmarking solver '<function EA_AOS' with budget=500*dimension on b'bbob' suite, Sat Mar 30 11:58:07 2019
batch_loop 500
Mar30 11h58:07, d=20, running: f011coco_optimiser 10000
inside coco 10000
ea-aos 10000
0.05
0.2
9.05
2665.7219849416047
19.2
207.8771341109653
153.25
205.21331085861055
225.25
195.9026370422123
301.25
193.095000331285
313.95
180.3233252228515
331.25
161.01422169986563
442.0
134.80787293645946

 114.47787293645946
.(1)  
    done in 3.3e-04 seconds/evaluation
  dimension seconds/evaluations
  -----------------------------
     20      3.3e-04 
  -----------------------------
  bbob done (1 of 360 problems benchmarked)
Deleting folder:  exdata/EA_AOS_on_bbob_budget0500xD-025
, Sat Mar 30 11:58:10 2019 (0h00:02 total elapsed time).
