COCO INFO: Results will be output to folder exdata/EA_AOS_on_bbob_budget0500xD-020
after __main__
budget 0.3 0.36 89 DE/rand/1 500
above main 500
def main 500
Benchmarking solver '<function EA_AOS' with budget=500*dimension on b'bbob' suite, Sat Mar 30 11:59:34 2019
batch_loop 500
Mar30 11h59:34, d=20, running: f022coco_optimiser 10000
inside coco 10000
ea-aos 10000
0.05
0.05
7.15
80.38844533867287
9.55
78.17878925774006
14.15
74.73328034680709
26.55
73.86107611806402
31.0
68.55982147793189
39.9
67.10032864459801
40.95
67.0082464177509
57.95
55.22104913460434
77.25
54.059649020415506
95.05
40.14986052090053
145.8
37.06297419114996
153.95
33.37814722680163
173.55
32.81410998354998
176.2
29.940203324578974
185.45
22.90192308571129
192.55
20.656403589179234
224.15
18.16459935659786
247.3
17.57522383383757
262.25
16.669867389940393
267.55
16.58828342679533
272.0
13.208180524162216
305.6
12.16871689797783
318.95
11.00827518024711
334.15
10.813261297244182
358.8
10.272672534970539
361.0
9.683555429099258
381.25
9.394730386392098
395.4
9.113318883807551
413.9
8.995183281440987
426.55
8.693813961378737
429.15
8.606805174343847
436.8
8.558480486619331
441.1
8.438605222368835

 108.23860522236883
.(1)  
    done in 3.4e-04 seconds/evaluation
  dimension seconds/evaluations
  -----------------------------
     20      3.4e-04 
  -----------------------------
  bbob done (1 of 360 problems benchmarked)
Deleting folder:  exdata/EA_AOS_on_bbob_budget0500xD-020
, Sat Mar 30 11:59:37 2019 (0h00:02 total elapsed time).
