COCO INFO: Results will be output to folder exdata/EA_AOS_on_bbob_budget0500xD-003
after __main__
budget 0.57 0.64 87 DE/rand/1 500
above main 500
def main 500
Benchmarking solver '<function EA_AOS' with budget=500*dimension on b'bbob' suite, Sat Mar 30 12:01:17 2019
batch_loop 500
Mar30 12h01:17, d=20, running: f008coco_optimiser 10000
inside coco 10000
ea-aos 10000
0.05
0.05
43.25
20454.609339767172
55.4
7384.874144160771
96.0
6730.889756410371
106.25
5428.689746419969
114.8
3645.0345813031695
136.95
2998.26643801677
152.0
2978.0779168199692
155.0
2291.5496676295684
177.5
2066.295333277569
180.5
2031.714424541568
196.85
1940.1160024967692
206.25
1180.8110563335692
265.1
1113.7832180743683
280.5
997.8976468519688
297.55
602.0948748167691
327.5
600.0207907815685
401.95
592.0072588167689
455.7
530.750768544769

 340.96076854476905
.(1)  
    done in 3.7e-04 seconds/evaluation
  dimension seconds/evaluations
  -----------------------------
     20      3.7e-04 
  -----------------------------
  bbob done (1 of 360 problems benchmarked)
Deleting folder:  exdata/EA_AOS_on_bbob_budget0500xD-003
, Sat Mar 30 12:01:21 2019 (0h00:02 total elapsed time).
