COCO INFO: Results will be output to folder exdata/EA_AOS_on_bbob_budget0500xD-004
after __main__
budget 1.2 0.34 253 DE/rand/1 500
above main 500
def main 500
Benchmarking solver '<function EA_AOS' with budget=500*dimension on b'bbob' suite, Sat Mar 30 11:45:12 2019
batch_loop 500
Mar30 11h45:12, d=20, running: f005coco_optimiser 10000
inside coco 10000
ea-aos 10000
0.05
0.6
13.25
158.5646690719982
95.4
153.81890489261602
111.6
116.53951015523208
134.7
95.28426401465978
145.4
69.80757981446318
164.55
49.34449462703232
240.75
37.316159764758694
256.25
22.914665812510954
292.05
22.461596236347418
340.15
12.551417229216248
355.2
11.597990913449863
369.0
0.0

 -66.39
.(1)  
    done in 3.2e-04 seconds/evaluation
  dimension seconds/evaluations
  -----------------------------
     20      3.2e-04 
  -----------------------------
  bbob done (1 of 360 problems benchmarked)
Deleting folder:  exdata/EA_AOS_on_bbob_budget0500xD-004
, Sat Mar 30 11:45:15 2019 (0h00:02 total elapsed time).
