COCO INFO: Results will be output to folder exdata/EA_AOS_on_bbob_budget0500xD-024
after __main__
budget 0.47 0.58 67 DE/rand/1 500
above main 500
def main 500
Benchmarking solver '<function EA_AOS' with budget=500*dimension on b'bbob' suite, Sat Mar 30 12:04:51 2019
batch_loop 500
Mar30 12h04:51, d=20, running: f017coco_optimiser 10000
inside coco 10000
ea-aos 10000
0.05
0.75
7.8
12.181602039501414
13.45
10.65811323725238
25.8
8.14727726709944
48.6
7.552828539692342
55.1
6.932197800350387
57.2
6.559869150818642
66.8
5.91760683831604
96.95
5.655696262164739
109.05
5.433683200753109
123.8
5.2231283647235145
148.05
5.101986790719174
157.55
4.801685955565183
162.5
4.440999472849846
201.25
4.2997273875065005
215.5
3.5957789984221833
217.85
3.220046444089199
254.95
3.058780420303215
287.0
3.037352913551082
289.2
2.6366882264257825
338.15
2.5145642062131515
351.15
2.44985240977163
353.45
2.083124679760637

 49.47312467976064
.(1)  
    done in 3.4e-04 seconds/evaluation
  dimension seconds/evaluations
  -----------------------------
     20      3.4e-04 
  -----------------------------
  bbob done (1 of 360 problems benchmarked)
Deleting folder:  exdata/EA_AOS_on_bbob_budget0500xD-024
, Sat Mar 30 12:04:54 2019 (0h00:02 total elapsed time).
