COCO INFO: Results will be output to folder exdata/EA_AOS_on_bbob_budget0500xD-013
after __main__
budget 0.12 0.83 60 DE/rand/1 500
above main 500
def main 500
Benchmarking solver '<function EA_AOS' with budget=500*dimension on b'bbob' suite, Sat Mar 30 12:05:25 2019
batch_loop 500
Mar30 12h05:25, d=20, running: f006coco_optimiser 10000
inside coco 10000
ea-aos 10000
0.05
2.35
119533.76544266935
10.85
94185.83991331632
14.9
85111.96667283792
16.75
35131.653398366965
33.0
34019.2840745963
35.05
17174.332298612244
52.95
14023.851344432698
55.4
12674.91528102949
59.45
6028.997524923918
74.9
3889.0905566504903
78.6
3549.972355999395
112.1
2911.368163570077
114.8
2223.086321332251
124.95
991.3723260252087
130.25
911.9568435912472
136.0
857.6495660543703
145.25
424.3440721521204
174.05
188.11621328865635
178.6
118.94220091690354
208.95
114.72123622913847

 145.57123622913846
.(1)  
    done in 4.0e-04 seconds/evaluation
  dimension seconds/evaluations
  -----------------------------
     20      4.0e-04 
  -----------------------------
  bbob done (1 of 360 problems benchmarked)
Deleting folder:  exdata/EA_AOS_on_bbob_budget0500xD-013
, Sat Mar 30 12:05:29 2019 (0h00:02 total elapsed time).
