COCO INFO: Results will be output to folder exdata/EA_AOS_on_bbob_budget0500xD-006
after __main__
budget 0.53 0.2 179 DE/rand/1 500
above main 500
def main 500
Benchmarking solver '<function EA_AOS' with budget=500*dimension on b'bbob' suite, Sat Mar 30 11:45:12 2019
batch_loop 500
Mar30 11h45:12, d=20, running: f005coco_optimiser 10000
inside coco 10000
ea-aos 10000
0.05
0.6
56.35
151.4136000991182
107.7
136.4762429022241
130.6
119.50493855230394
156.95
92.94525790407808
208.5
77.64732858514168
220.7
67.32332174975126
250.0
61.845916409021925
253.45
45.93509504319636
270.3
40.19636840942011
287.9
37.2979033826868
311.65
32.52316088764899
320.1
32.205279013329886
324.9
29.31330620267761
333.85
28.75460047754831
344.9
24.712710074084853
355.65
24.009387457972345
364.6
23.42763908189857
377.9
19.940969423971204
389.65
17.889885116975456
405.95
11.392319620181503
414.3
9.157621670637198
435.7
1.8329807108324303
485.05
1.27427498570313

 -65.11572501429687
.(1)  
    done in 3.0e-04 seconds/evaluation
  dimension seconds/evaluations
  -----------------------------
     20      3.0e-04 
  -----------------------------
  bbob done (1 of 360 problems benchmarked)
Deleting folder:  exdata/EA_AOS_on_bbob_budget0500xD-006
, Sat Mar 30 11:45:15 2019 (0h00:02 total elapsed time).
