COCO INFO: Results will be output to folder exdata/EA_AOS_on_bbob_budget0500xD-028
after __main__
budget 0.54 0.94 86 DE/rand/1 500
above main 500
def main 500
Benchmarking solver '<function EA_AOS' with budget=500*dimension on b'bbob' suite, Sat Mar 30 11:55:31 2019
batch_loop 500
Mar30 11h55:31, d=20, running: f002coco_optimiser 10000
inside coco 10000
ea-aos 10000
0.05
2.85
4569104.467545462
8.85
3493170.952716362
20.75
1155125.828451844
32.05
735819.5560630437
40.55
646516.8438553379
58.4
591515.6363384007
70.65
452793.4066260187
87.65
448052.75891148805
106.6
438471.1394146085
109.85
372729.5881597197
124.0
331237.1343901148
169.7
327560.29600217653
182.95
326497.65459884866
189.2
316679.8511465836
193.4
310238.6668699138
194.3
309651.3882430807
245.25
309206.29479283746
251.5
307506.1508605899
254.3
305101.3440397632
261.8
304972.3749939748
264.5
302781.1872138807
270.75
295568.2708615998
311.45
292168.6025796026
340.25
290949.44618822925
353.55
290425.29771350604
364.15
289889.04903828294
371.4
289863.93324961764
385.4
289835.1704291769
394.05
289495.7427104481
399.7
289303.32625668996
415.45
289217.0005909183
422.45
288756.6280404347
433.6
288726.10849848937
453.5
288590.104003889
481.15
288564.4711154938
498.0
288505.2729430994

 287936.3929430994
.(1)  
    done in 5.0e-04 seconds/evaluation
  dimension seconds/evaluations
  -----------------------------
     20      5.0e-04 
  -----------------------------
  bbob done (1 of 360 problems benchmarked)
Deleting folder:  exdata/EA_AOS_on_bbob_budget0500xD-028
, Sat Mar 30 11:55:36 2019 (0h00:02 total elapsed time).
