COCO INFO: Results will be output to folder exdata/EA_AOS_on_bbob_budget0500xD-004
after __main__
budget 0.2 0.65 106 DE/rand/1 500
above main 500
def main 500
Benchmarking solver '<function EA_AOS' with budget=500*dimension on b'bbob' suite, Sat Mar 30 12:01:55 2019
batch_loop 500
Mar30 12h01:55, d=20, running: f005coco_optimiser 10000
inside coco 10000
ea-aos 10000
0.05
0.6
42.85
189.87136732192533
56.75
186.58195298149442
61.25
182.27611527398037
73.65
162.02537871479583
79.6
153.26793088031553
105.3
152.778473858567
107.6
139.5013016207457
130.6
137.76927194748438
133.95
124.85096960147106
153.45
122.45336180643064
156.85
121.35054529679594
183.8
107.82303299670527
186.85
97.65136234887616
245.55
96.95598632402587
250.25
89.97632889953829
262.6
88.99227668072871
291.55
87.76855944184295
311.95
87.4837976856048
320.4
84.24589000957614
338.75
81.22628691282513
343.45
79.45122050511065
357.8
71.42902626383214
423.35
59.81805870099123
459.75
57.28255233833295

 -9.107447661667052
.(1)  
    done in 3.5e-04 seconds/evaluation
  dimension seconds/evaluations
  -----------------------------
     20      3.5e-04 
  -----------------------------
  bbob done (1 of 360 problems benchmarked)
Deleting folder:  exdata/EA_AOS_on_bbob_budget0500xD-004
, Sat Mar 30 12:01:58 2019 (0h00:02 total elapsed time).
