COCO INFO: Results will be output to folder exdata/EA_AOS_on_bbob_budget0500xD-026
after __main__
budget 0.16 0.75 68 DE/rand/1 500
above main 500
def main 500
Benchmarking solver '<function EA_AOS' with budget=500*dimension on b'bbob' suite, Sat Mar 30 12:12:37 2019
batch_loop 500
Mar30 12h12:37, d=20, running: f020coco_optimiser 10000
inside coco 10000
ea-aos 10000
0.05
0.05
9.9
18314.591682040977
11.6
16784.83579281179
15.65
7578.492293405982
19.9
4119.734707256551
22.45
3766.247811264432
28.7
2994.4915168777934
32.65
2487.244164252723
38.25
1754.9542861334123
44.0
1314.9988667224152
46.2
424.9364246894146
58.05
286.2703161955368
76.15
286.18225538042816
92.2
130.13955114939134
107.55
111.69843212920722
117.75
64.97866260271552
120.3
4.4703238826191125
134.6
4.324983722240347
144.5
4.2631947411258295
158.65
4.062640023313918
164.9
4.0548785838704475
176.25
3.961748274571221
178.25
3.7415364347223488
182.1
3.590262982101791
208.45
3.5426594074262994
215.05
3.11726198799812
300.05
3.0790942616885957
312.55
3.0540947908330054
322.75
3.006810712841798
365.15
2.981811241986236

 -133.77818875801375
.(1)  
    done in 3.7e-04 seconds/evaluation
  dimension seconds/evaluations
  -----------------------------
     20      3.7e-04 
  -----------------------------
  bbob done (1 of 360 problems benchmarked)
Deleting folder:  exdata/EA_AOS_on_bbob_budget0500xD-026
, Sat Mar 30 12:12:41 2019 (0h00:02 total elapsed time).
