COCO INFO: Results will be output to folder exdata/EA_AOS_on_bbob_budget0500xD-015
after __main__
budget 0.23 0.72 335 DE/rand/1 500
above main 500
def main 500
Benchmarking solver '<function EA_AOS' with budget=500*dimension on b'bbob' suite, Sat Mar 30 11:35:29 2019
batch_loop 500
Mar30 11h35:29, d=20, running: f008coco_optimiser 10000
inside coco 10000
ea-aos 10000
0.05
0.05
63.9
21618.242903642367
70.65
15398.33478895437
112.55
8107.718380464771
120.75
8100.27370302157
139.55
6268.4380107015695
174.2
5456.21443009997
206.25
4003.745195571971
250.4
3512.638003479169
263.85
3465.3079588423707
302.8
2622.9710510535697
339.2
2253.0237318567692
415.85
2238.0068361223694
426.25
1481.043559319169

 1291.253559319169
.(1)  
    done in 3.1e-04 seconds/evaluation
  dimension seconds/evaluations
  -----------------------------
     20      3.1e-04 
  -----------------------------
  bbob done (1 of 360 problems benchmarked)
Deleting folder:  exdata/EA_AOS_on_bbob_budget0500xD-015
, Sat Mar 30 11:35:32 2019 (0h00:02 total elapsed time).
