COCO INFO: Results will be output to folder exdata/EA_AOS_on_bbob_budget0500xD-007
after __main__
budget 0.52 0.72 63 DE/rand/1 500
above main 500
def main 500
Benchmarking solver '<function EA_AOS' with budget=500*dimension on b'bbob' suite, Sat Mar 30 12:07:39 2019
batch_loop 500
Mar30 12h07:39, d=20, running: f002coco_optimiser 10000
inside coco 10000
ea-aos 10000
0.05
2.85
4569104.467545462
3.95
3915696.978520474
9.15
2710906.1662423583
10.8
2502984.6593061946
16.8
2427522.3578758272
21.15
1030629.1878378533
22.55
813100.0142796437
32.5
596459.5969145084
36.9
477618.5720955435
42.4
455628.6272783109
58.15
452637.1564842514
62.05
422761.3279754902
71.5
391202.0736000439
87.05
388592.8169888076
89.95
378501.5202987247
92.1
351319.2290914875
102.0
346324.741174635
113.2
341290.4606068855
115.15
337968.87215250626
117.1
321870.59210255137
121.35
318526.5142053278
134.05
315157.0617274467
135.85
309977.665708582
142.15
308916.13431730715
147.15
305330.91099850694
148.2
301491.71964047605
155.2
300128.5565988811
165.8
297951.6000253562
177.65
296000.8962639412
183.35
295960.7721869515
192.8
292967.90274853975
209.45
291717.4223104579
221.5
291652.6538096407
225.7
290581.07033904165
237.05
290404.3347869663
244.65
290396.3422418946
248.5
289287.79748330626
264.85
288803.60504404013
291.45
288670.607481381
295.4
288637.92564454244
301.05
288619.58043064456
317.6
288612.12431020243
320.5
288597.3657221417
323.4
288578.30801293906
326.0
288534.3489855397
328.2
288511.85200312285
338.25
288464.35032133746
361.9
288446.4510745888
369.25
288435.243248524
391.8
288432.8883935795
396.5
288431.2651881863
419.1
288431.1875742818
425.55
288430.95007626695

 287862.07007626694
.(1)  
    done in 3.7e-04 seconds/evaluation
  dimension seconds/evaluations
  -----------------------------
     20      3.7e-04 
  -----------------------------
  bbob done (1 of 360 problems benchmarked)
Deleting folder:  exdata/EA_AOS_on_bbob_budget0500xD-007
, Sat Mar 30 12:07:43 2019 (0h00:02 total elapsed time).
