COCO INFO: Results will be output to folder exdata/EA_AOS_on_bbob_budget0500xD-022
after __main__
budget 0.1 0.76 76 DE/rand/1 500
above main 500
def main 500
Benchmarking solver '<function EA_AOS' with budget=500*dimension on b'bbob' suite, Sat Mar 30 12:15:14 2019
batch_loop 500
Mar30 12h15:14, d=20, running: f008coco_optimiser 10000
inside coco 10000
ea-aos 10000
0.05
0.05
4.1
30555.694082058366
9.2
13700.27630492877
23.2
6715.98649918797
30.15
6207.54586869837
33.15
5503.152441850369
50.0
5016.446168163968
60.25
3358.555792631169
69.15
3354.489644144769
72.95
2614.1540741127696
76.85
2492.70186547597
88.2
2466.17548383117
94.2
2303.1583414247693
102.5
2071.091594394369
132.25
1390.2284527719692
145.95
1033.9981431399688
210.5
861.5344832871692
221.3
844.8956220647693
236.25
804.4600591719693
244.15
745.1966672615692
256.7
733.923865751169
264.7
693.4883028583691
295.45
676.8494416359691
303.15
635.7945765447691
321.75
616.8169700167691
357.35
604.4336201223691
363.9
600.1781087943691
376.55
585.456013594369

 395.666013594369
.(1)  
    done in 3.3e-04 seconds/evaluation
  dimension seconds/evaluations
  -----------------------------
     20      3.3e-04 
  -----------------------------
  bbob done (1 of 360 problems benchmarked)
Deleting folder:  exdata/EA_AOS_on_bbob_budget0500xD-022
, Sat Mar 30 12:15:18 2019 (0h00:02 total elapsed time).
