COCO INFO: Results will be output to folder exdata/EA_AOS_on_bbob_budget0500xD-022
after __main__
budget 0.16 0.78 62 DE/rand/1 500
above main 500
def main 500
Benchmarking solver '<function EA_AOS' with budget=500*dimension on b'bbob' suite, Sat Mar 30 12:17:06 2019
batch_loop 500
Mar30 12h17:07, d=20, running: f020coco_optimiser 10000
inside coco 10000
ea-aos 10000
0.05
0.05
7.15
14076.440368600674
11.15
9267.083088769745
13.55
9072.269116386915
16.25
6355.914047036352
20.5
3558.007148642859
26.65
2272.019300614553
36.2
973.1447593825411
39.1
854.7704577410633
43.3
726.8552520229424
44.55
232.40101264733974
59.2
191.36917248648058
68.0
190.86917991563482
123.2
190.84111016081548
136.05
190.62333614494412
152.7
190.60967489736663
156.15
190.58263353898914
160.1
190.49990705162108
173.9
190.44330325108652
183.0
190.38826102258457
189.25
190.28985478690433

 44.709854786904316
.(1)  
    done in 4.0e-04 seconds/evaluation
  dimension seconds/evaluations
  -----------------------------
     20      4.0e-04 
  -----------------------------
  bbob done (1 of 360 problems benchmarked)
Deleting folder:  exdata/EA_AOS_on_bbob_budget0500xD-022
, Sat Mar 30 12:17:10 2019 (0h00:02 total elapsed time).
