COCO INFO: Results will be output to folder exdata/EA_AOS_on_bbob_budget0500xD-004
after __main__
budget 0.31 0.7 71 DE/rand/1 500
above main 500
def main 500
Benchmarking solver '<function EA_AOS' with budget=500*dimension on b'bbob' suite, Sat Mar 30 12:19:22 2019
batch_loop 500
Mar30 12h19:22, d=20, running: f005coco_optimiser 10000
inside coco 10000
ea-aos 10000
0.05
0.6
15.6
189.3177595016866
19.4
184.65661412375078
24.1
181.50799573873826
30.7
134.72205943929546
56.3
134.20178908711648
57.95
119.11752308418778
70.4
103.8431450307257
97.65
101.06997631958636
102.35
97.54416832933504
114.55
89.43217417388787
138.75
85.11964438897613
145.6
81.86351436202129
157.85
73.78024102429325
164.65
69.44972612785126
178.45
64.72044759162927
183.95
62.63050533768125
189.15
59.85753195324553
203.6
59.71685896140272
226.25
56.714116204075424
230.35
56.07110013550815
231.8
53.67619414268283
240.3
52.709308632556954
250.7
49.2094911137087
253.6
45.23855608785528
267.8
40.56600265431906
282.45
36.14580383028658
302.5
32.8495865833531
337.45
29.417478882535335
341.6
27.57954835112293
347.2
25.541418540840205
377.5
23.509630125918747
397.05
21.945442884274065
409.1
18.488685434252908
449.2
18.275856931936765
451.5
17.214410448549778
478.0
15.94013546284664

 -50.44986453715336
.(1)  
    done in 3.2e-04 seconds/evaluation
  dimension seconds/evaluations
  -----------------------------
     20      3.2e-04 
  -----------------------------
  bbob done (1 of 360 problems benchmarked)
Deleting folder:  exdata/EA_AOS_on_bbob_budget0500xD-004
, Sat Mar 30 12:19:25 2019 (0h00:02 total elapsed time).
