COCO INFO: Results will be output to folder exdata/EA_AOS_on_bbob_budget0500xD-003
after __main__
budget 0.31 0.7 71 DE/rand/1 500
above main 500
def main 500
Benchmarking solver '<function EA_AOS' with budget=500*dimension on b'bbob' suite, Sat Mar 30 12:11:19 2019
batch_loop 500
Mar30 12h11:19, d=20, running: f018coco_optimiser 10000
inside coco 10000
ea-aos 10000
0.05
3.05
81.60858584225052
4.85
71.45732084852978
9.6
64.81214947210069
11.45
49.66286611843347
24.0
43.28095047983554
27.35
34.28532262808207
28.95
28.444791189185057
43.85
23.52939045439704
59.3
20.81716096961483
87.4
18.655650711962938
88.85
16.736968115461142
140.0
13.596443028087057
193.8
13.443306518826175
310.05
13.080321575350247
382.1
13.012224796450344
390.0
11.291299824348048
456.8
10.803639574756152
491.15
10.241385540423652

 -6.6986144595763495
.(1)  
    done in 4.5e-04 seconds/evaluation
  dimension seconds/evaluations
  -----------------------------
     20      4.5e-04 
  -----------------------------
  bbob done (1 of 360 problems benchmarked)
Deleting folder:  exdata/EA_AOS_on_bbob_budget0500xD-003
, Sat Mar 30 12:11:23 2019 (0h00:03 total elapsed time).
