COCO INFO: Results will be output to folder exdata/EA_AOS_on_bbob_budget0500xD-029
after __main__
budget 0.24 0.53 106 DE/rand/1 500
above main 500
def main 500
Benchmarking solver '<function EA_AOS' with budget=500*dimension on b'bbob' suite, Sat Mar 30 12:14:27 2019
batch_loop 500
Mar30 12h14:27, d=20, running: f011coco_optimiser 10000
inside coco 10000
ea-aos 10000
0.05
0.2
6.05
373.3259770731008
18.7
258.50597447964606
25.05
168.95247192236513
264.35
149.56448536897352

 129.23448536897354
.(1)  
    done in 3.5e-04 seconds/evaluation
  dimension seconds/evaluations
  -----------------------------
     20      3.5e-04 
  -----------------------------
  bbob done (1 of 360 problems benchmarked)
Deleting folder:  exdata/EA_AOS_on_bbob_budget0500xD-029
, Sat Mar 30 12:14:30 2019 (0h00:02 total elapsed time).
