COCO INFO: Results will be output to folder exdata/EA_AOS_on_bbob_budget0500xD-015
after __main__
budget 0.28 0.71 97 DE/rand/1 500
above main 500
def main 500
Benchmarking solver '<function EA_AOS' with budget=500*dimension on b'bbob' suite, Sat Mar 30 12:12:58 2019
batch_loop 500
Mar30 12h12:58, d=20, running: f020coco_optimiser 10000
inside coco 10000
ea-aos 10000
0.05
0.05
15.85
6818.593522288785
22.45
6634.027452053823
28.9
4529.902787232502
32.45
3570.672290437664
41.8
2960.9093907711313
44.95
2384.1248729036333
51.75
2240.0050474966847
57.65
1446.1398503126445
61.8
1109.3032840477663
70.8
647.0055578116741
75.55
215.00568705120347
83.55
39.05393562090569
104.8
7.259010660101467
133.1
7.061913553669967
141.3
6.960882082877276
149.6
4.322012447636837
213.05
3.8781005635287045
244.5
3.87456152468539
259.45
3.8744092906528635
264.75
3.8058170146819066
274.95
3.767323355585603
291.3
3.5286681604587216
304.9
3.479469197220652
328.05
3.382953984826713
345.85
3.3418675610760147
359.2
3.2082912474123475
403.3
3.085535395780795
439.4
3.077631460472901
446.5
3.023143801685535
469.95
2.8320101074795048
489.35
2.829295087268605

 -133.9307049127314
.(1)  
    done in 3.6e-04 seconds/evaluation
  dimension seconds/evaluations
  -----------------------------
     20      3.6e-04 
  -----------------------------
  bbob done (1 of 360 problems benchmarked)
Deleting folder:  exdata/EA_AOS_on_bbob_budget0500xD-015
, Sat Mar 30 12:13:01 2019 (0h00:02 total elapsed time).
