COCO INFO: Results will be output to folder exdata/EA_AOS_on_bbob_budget0500xD
after __main__
budget 0.34 0.77 59 DE/rand/1 500
above main 500
def main 500
Benchmarking solver '<function EA_AOS' with budget=500*dimension on b'bbob' suite, Sat Mar 30 12:08:04 2019
batch_loop 500
Mar30 12h08:04, d=20, running: f002coco_optimiser 10000
inside coco 10000
ea-aos 10000
0.05
2.85
4569104.467545462
4.0
4353398.69743583
6.3
2592339.3325817063
9.95
1443441.8230579123
14.05
992596.5641365114
18.05
763850.1371959222
35.95
568318.7775601184
44.75
444960.6304341412
56.8
415669.81999790244
67.4
350591.09630882693
69.55
350582.11775448965
71.4
327634.1618241842
83.9
325527.0985190482
101.5
316057.0718527463
111.1
316004.03569884354
117.6
303750.3738941413
130.2
301262.48319402075
140.4
295621.47200152697
144.2
294283.33124190674
148.9
292222.7866167974
154.35
291875.9304365504
160.2
291554.5141582233
169.35
290356.07184062473
178.65
290275.25227753015
187.4
289937.1450823018
201.35
289826.7285958089
213.35
289804.5972649037
216.55
289776.02868703264
220.9
289774.1593153679
223.65
289720.2163899024

 289151.3363899024
.(1)  
    done in 3.1e-04 seconds/evaluation
  dimension seconds/evaluations
  -----------------------------
     20      3.1e-04 
  -----------------------------
  bbob done (1 of 360 problems benchmarked)
Deleting folder:  exdata/EA_AOS_on_bbob_budget0500xD
, Sat Mar 30 12:08:07 2019 (0h00:02 total elapsed time).
