COCO INFO: Results will be output to folder exdata/EA_AOS_on_bbob_budget0500xD-013
after __main__
budget 0.22 0.59 64 DE/rand/1 500
above main 500
def main 500
Benchmarking solver '<function EA_AOS' with budget=500*dimension on b'bbob' suite, Sat Mar 30 12:16:14 2019
batch_loop 500
Mar30 12h16:14, d=20, running: f007coco_optimiser 10000
inside coco 10000
ea-aos 10000
0.05
2.6
829.4094926283183
7.7
562.0015523774953
12.05
411.20745726998825
28.4
324.23155504117534
29.25
208.8995170378049
42.9
155.0514957700884
50.1
128.77281179045522
56.3
82.62475174290313
100.3
63.43246498349009
113.45
58.52607559388534
142.15
58.445307065619204
148.95
55.70167376343775
156.95
51.963319438575496
171.6
51.40417040905672
178.05
48.08846085336708
190.55
35.85698793479719
264.45
25.047360669328555
310.05
22.622874945441907
378.55
20.959851041516742
450.15
18.289401480345248

 111.22940148034525
.(1)  
    done in 3.5e-04 seconds/evaluation
  dimension seconds/evaluations
  -----------------------------
     20      3.5e-04 
  -----------------------------
  bbob done (1 of 360 problems benchmarked)
Deleting folder:  exdata/EA_AOS_on_bbob_budget0500xD-013
, Sat Mar 30 12:16:17 2019 (0h00:02 total elapsed time).
