COCO INFO: Results will be output to folder exdata/EA_AOS_on_bbob_budget0500xD-020
after __main__
budget 0.22 0.59 64 DE/rand/1 500
above main 500
def main 500
Benchmarking solver '<function EA_AOS' with budget=500*dimension on b'bbob' suite, Sat Mar 30 12:19:58 2019
batch_loop 500
Mar30 12h19:58, d=20, running: f013coco_optimiser 10000
inside coco 10000
ea-aos 10000
0.05
0.75
17.35
1638.3880789178063
25.2
1375.8246777887166
39.75
1326.9887561459348
54.8
1292.3082489653093
68.1
1285.1790303088278
72.1
1264.4877873011483
78.75
1199.0168630329954
90.05
1128.302526243866
101.9
1053.17715828164
108.3
967.635056135985
109.95
959.0928707741635
127.2
846.5965542440046
160.0
826.0684127582275
184.9
820.8559992892331
187.6
804.5944642884801
201.9
803.0270778939181
205.05
755.66459352747
228.45
713.6367688587974
255.45
699.1924246640323
260.45
693.4106076489131
275.7
673.3836286112039
282.35
663.5035932293292
289.05
641.4986166810627
294.0
624.6418983587282
306.1
615.1469848602154
322.8
608.3281739686489
328.5
599.4362171123762
343.25
585.9223542910369
364.45
566.5285759114114

 343.5485759114114
.(1)  
    done in 2.4e-04 seconds/evaluation
  dimension seconds/evaluations
  -----------------------------
     20      2.4e-04 
  -----------------------------
  bbob done (1 of 360 problems benchmarked)
Deleting folder:  exdata/EA_AOS_on_bbob_budget0500xD-020
, Sat Mar 30 12:20:00 2019 (0h00:02 total elapsed time).
