COCO INFO: Results will be output to folder exdata/EA_AOS_on_bbob_budget0500xD-001
after __main__
budget 0.13 0.63 85 DE/rand/1 500
above main 500
def main 500
Benchmarking solver '<function EA_AOS' with budget=500*dimension on b'bbob' suite, Sat Mar 30 12:17:24 2019
batch_loop 500
Mar30 12h17:24, d=20, running: f020coco_optimiser 10000
inside coco 10000
ea-aos 10000
0.05
0.05
12.55
17312.746164103683
15.5
11237.523416448152
21.15
7115.575387734158
26.15
6997.487679483181
30.25
5877.383807271332
34.65
3312.335307616644
42.4
1485.7458983732208
49.2
619.7574029311012
57.85
468.0538692288369
67.2
322.6236220477748
72.5
103.68809097372534
77.9
64.5685810561427
89.5
60.05531873522516
107.15
4.187512014298306
130.3
3.868480605857883
148.25
3.7539621844335898
151.05
3.7504930217084507
179.2
3.5280218891991524
184.35
3.4941923913362416
187.25
3.4889825675141424
192.35
3.3270451419863036
221.25
3.302821274200568
225.55
3.285871286944598
259.55
3.2396540770354534
265.4
3.17077237182977
315.9
3.1699967687599155
331.75
3.1076051746646556
373.6
3.04746685161669
389.1
3.0300679326092563
396.3
2.969929609561291

 -142.61007039043872
.(1)  
    done in 2.3e-04 seconds/evaluation
  dimension seconds/evaluations
  -----------------------------
     20      2.3e-04 
  -----------------------------
  bbob done (1 of 360 problems benchmarked)
Deleting folder:  exdata/EA_AOS_on_bbob_budget0500xD-001
, Sat Mar 30 12:17:27 2019 (0h00:02 total elapsed time).
