COCO INFO: Results will be output to folder exdata/EA_AOS_on_bbob_budget0500xD-023
after __main__
budget 0.28 0.62 85 DE/rand/1 500
above main 500
def main 500
Benchmarking solver '<function EA_AOS' with budget=500*dimension on b'bbob' suite, Sat Mar 30 12:19:22 2019
batch_loop 500
Mar30 12h19:22, d=20, running: f005coco_optimiser 10000
inside coco 10000
ea-aos 10000
0.05
0.6
30.05
187.13642854599325
41.25
172.71103666623267
42.85
166.81220573588195
50.4
166.53671488716466
56.15
154.9590801811094
62.9
149.9719442880933
64.9
138.50922866189677
72.9
122.06521330824994
84.2
115.49175688207649
89.8
111.52016789368147
100.25
101.92788997259798
104.1
101.82128503448573
118.1
99.19788191095557
122.6
92.29924089041972
126.7
88.50695267891774
135.3
76.75042118947553
152.05
73.94734929356716
160.3
68.88265582651692
172.1
58.19799371299181
181.1
54.66791873960154
205.1
43.6968011573578
224.5
39.86214938195987
232.1
39.259676903760464
239.6
38.132681830465756
253.75
32.42810370368236
261.6
28.848133519589773
286.65
26.49258131962334
294.95
25.341694017170923
304.25
15.568857606064242
373.15
14.579860567265264
400.5
14.211279532786818
411.9
13.65997864554572
423.65
13.592615987219261
426.7
12.692243868089122
443.1
12.65722679099602
447.7
11.91818518786738
451.9
10.547126707877418
456.45
9.02080092990888
495.75
5.8919630382241905

 -60.49803696177581
.(1)  
    done in 4.7e-04 seconds/evaluation
  dimension seconds/evaluations
  -----------------------------
     20      4.7e-04 
  -----------------------------
  bbob done (1 of 360 problems benchmarked)
Deleting folder:  exdata/EA_AOS_on_bbob_budget0500xD-023
, Sat Mar 30 12:19:27 2019 (0h00:02 total elapsed time).
