COCO INFO: Results will be output to folder exdata/EA_AOS_on_bbob_budget0500xD-006
after __main__
budget 0.32 0.69 65 DE/rand/1 500
above main 500
def main 500
Benchmarking solver '<function EA_AOS' with budget=500*dimension on b'bbob' suite, Sat Mar 30 12:17:28 2019
batch_loop 500
Mar30 12h17:28, d=20, running: f020coco_optimiser 10000
inside coco 10000
ea-aos 10000
0.05
0.05
13.25
11918.848645835464
16.7
7079.152816893822
19.75
6691.0397210796555
23.0
3859.6821208814326
27.1
3780.141653736444
34.55
2181.756291033273
43.35
2082.3666554303218
46.85
1590.2530977500014
51.95
1056.0743649466028
53.5
350.62695941884624
59.8
320.28924787517815
68.25
4.2534845141576625
99.2
4.106116996572382
106.35
3.997255321728602
115.75
3.1481025710745882
210.25
3.135439725096859
214.25
3.0963478301376597
220.0
3.066473329804012
227.25
2.918286521197956
274.45
2.8159236686773

 -142.7640763313227
.(1)  
    done in 3.7e-04 seconds/evaluation
  dimension seconds/evaluations
  -----------------------------
     20      3.7e-04 
  -----------------------------
  bbob done (1 of 360 problems benchmarked)
Deleting folder:  exdata/EA_AOS_on_bbob_budget0500xD-006
, Sat Mar 30 12:17:32 2019 (0h00:02 total elapsed time).
