COCO INFO: Results will be output to folder exdata/EA_AOS_on_bbob_budget0500xD-012
after __main__
budget 0.17 0.53 73 DE/rand/1 500
above main 500
def main 500
Benchmarking solver '<function EA_AOS' with budget=500*dimension on b'bbob' suite, Sat Mar 30 12:19:57 2019
batch_loop 500
Mar30 12h19:57, d=20, running: f013coco_optimiser 10000
inside coco 10000
ea-aos 10000
0.05
0.75
19.95
1565.3576030606002
24.05
1524.9246359099236
27.35
1491.6215292923848
31.35
1449.9917161357298
41.3
1227.810838032341
63.1
1127.030130076476
83.25
1087.4979193390793
86.7
1050.2956022196956
91.8
1040.5260312229302
99.1
950.7566850270008
108.65
947.9067171115427
141.45
947.0593432451598
145.45
868.3984011895903
151.1
797.7888906566063
158.4
785.1853862019084
171.35
771.2197819172236
195.25
739.5254121757862
208.15
646.9169949300557
215.1
639.2298091491061
227.75
632.4920873714913
238.2
630.2276690697123
247.1
620.7339588394202
252.65
589.7989089074041
265.1
589.0009105740152
289.8
481.95100647102015
341.6
464.8810658091189
345.8
460.9793666617722
392.35
441.28428535870205
397.3
403.5225718013895
440.1
399.8944080256117
445.45
350.2488471789737

 127.26884717897369
.(1)  
    done in 2.9e-04 seconds/evaluation
  dimension seconds/evaluations
  -----------------------------
     20      2.9e-04 
  -----------------------------
  bbob done (1 of 360 problems benchmarked)
Deleting folder:  exdata/EA_AOS_on_bbob_budget0500xD-012
, Sat Mar 30 12:20:00 2019 (0h00:02 total elapsed time).
