COCO INFO: Results will be output to folder exdata/EA_AOS_on_bbob_budget0500xD-005
after __main__
budget 0.17 0.53 73 DE/rand/1 500
above main 500
def main 500
Benchmarking solver '<function EA_AOS' with budget=500*dimension on b'bbob' suite, Sat Mar 30 12:18:05 2019
batch_loop 500
Mar30 12h18:05, d=20, running: f006coco_optimiser 10000
inside coco 10000
ea-aos 10000
0.05
2.35
119533.76544266935
6.95
73233.7082469627
15.7
69705.80483741235
18.8
57402.24703416724
25.15
33544.482430208474
34.25
18578.3794526509
39.6
13890.701552775014
45.85
6316.496354440901
49.65
5719.048191176723
54.9
3782.4688337768075
63.3
1899.3700670788946
79.05
593.6155813858221
86.9
471.7848567031995
104.2
443.05759374238573
107.85
138.01655112389662
161.75
136.23161988183617
184.6
122.53058117775007
217.35
116.97845663327959
239.7
115.80650919379232
267.4
112.12823513754705
337.4
110.2839970079497
355.1
103.27030617958778
377.25
97.09071370858288
408.05
96.90946715836458
421.55
96.30531164956011
434.65
85.64765562200648
464.35
77.33181387866864
482.6
75.69841382432557

 106.54841382432556
.(1)  
    done in 3.9e-04 seconds/evaluation
  dimension seconds/evaluations
  -----------------------------
     20      3.9e-04 
  -----------------------------
  bbob done (1 of 360 problems benchmarked)
Deleting folder:  exdata/EA_AOS_on_bbob_budget0500xD-005
, Sat Mar 30 12:18:09 2019 (0h00:02 total elapsed time).
