COCO INFO: Results will be output to folder exdata/EA_AOS_on_bbob_budget0500xD-024
after __main__
budget 0.13 0.61 85 DE/rand/1 500
above main 500
def main 500
Benchmarking solver '<function EA_AOS' with budget=500*dimension on b'bbob' suite, Sat Mar 30 12:18:43 2019
batch_loop 500
Mar30 12h18:43, d=20, running: f007coco_optimiser 10000
inside coco 10000
ea-aos 10000
0.05
2.4
535.7145400043536
8.6
491.6496881923191
13.15
412.020087092987
17.55
319.79054196577914
22.25
228.95712803423808
33.05
147.41954129761652
63.1
115.39416862029455
68.05
98.73000065080305
85.45
97.99394030557445
105.0
66.51052648642421
163.55
58.470835403822484
183.05
51.691997168421494
191.95
50.429730784648825
197.5
46.78186831779462
211.8
41.754304444202404
217.1
38.487477027527234
250.6
38.324668533055835
274.15
35.6433244105919
293.95
33.73001686905347
308.2
28.035637026616428
418.25
26.292354717388925
430.7
23.60461320001816

 27.42461320001816
.(1)  
    done in 3.1e-04 seconds/evaluation
  dimension seconds/evaluations
  -----------------------------
     20      3.1e-04 
  -----------------------------
  bbob done (1 of 360 problems benchmarked)
Deleting folder:  exdata/EA_AOS_on_bbob_budget0500xD-024
, Sat Mar 30 12:18:46 2019 (0h00:02 total elapsed time).
