COCO INFO: Results will be output to folder exdata/EA_AOS_on_bbob_budget0500xD-014
after __main__
budget 0.4 0.7 91 DE/rand/1 500
above main 500
def main 500
Benchmarking solver '<function EA_AOS' with budget=500*dimension on b'bbob' suite, Sat Mar 30 12:16:38 2019
batch_loop 500
Mar30 12h16:38, d=20, running: f007coco_optimiser 10000
inside coco 10000
ea-aos 10000
0.05
2.6
829.4094926283183
11.55
756.4471886470906
17.9
672.9788759766438
20.1
366.449000707759
23.7
358.677204101767
37.75
239.9304998917296
51.5
179.98855449012962
73.15
124.72449032744294
96.3
71.75873639699256
176.65
33.03604903747885
450.55
30.9719481869638
482.8
28.361949466445765

 121.30194946644576
.(1)  
    done in 3.7e-04 seconds/evaluation
  dimension seconds/evaluations
  -----------------------------
     20      3.7e-04 
  -----------------------------
  bbob done (1 of 360 problems benchmarked)
Deleting folder:  exdata/EA_AOS_on_bbob_budget0500xD-014
, Sat Mar 30 12:16:42 2019 (0h00:02 total elapsed time).
