COCO INFO: Results will be output to folder exdata/EA_AOS_on_bbob_budget0500xD-010
after __main__
budget 0.39 0.81 51 DE/rand/1 500
above main 500
def main 500
Benchmarking solver '<function EA_AOS' with budget=500*dimension on b'bbob' suite, Sat Mar 30 12:08:43 2019
batch_loop 500
Mar30 12h08:43, d=20, running: f002coco_optimiser 10000
inside coco 10000
ea-aos 10000
0.05
0.55
3.0
3152441.679827961
7.1
2838197.0583779495
8.75
2789393.3035758804
15.3
955382.1399546736
19.1
727478.4097476748
30.25
595010.3669841564
40.35
548107.0813879203
45.5
523902.9226652796
46.25
452489.88134390936
53.9
391276.7047386487
62.0
390984.9282203767
63.85
388798.05616592604
70.25
386308.2640143108
76.5
379444.2758342689
76.55
379352.8576389817
80.55
371563.05014405306
84.15
358637.55064120423
85.6
348008.8442316256
89.15
341665.07049851806
94.4
339343.0265941513
98.6
331818.34771805827
117.7
331751.37617601507
124.7
331305.18507482484
126.95
330833.3244427452
133.35
330049.02751462767
141.2
330028.0628798092
149.55
330021.8951571946
153.0
330006.0922150215
159.9
329982.2139311638
162.85
329975.9437636054
169.1
329959.66351458186

 329390.78351458185
.(1)  
    done in 4.7e-04 seconds/evaluation
  dimension seconds/evaluations
  -----------------------------
     20      4.7e-04 
  -----------------------------
  bbob done (1 of 360 problems benchmarked)
Deleting folder:  exdata/EA_AOS_on_bbob_budget0500xD-010
, Sat Mar 30 12:08:47 2019 (0h00:02 total elapsed time).
