COCO INFO: Results will be output to folder exdata/EA_AOS_on_bbob_budget0500xD-023
after __main__
budget 0.32 0.61 59 DE/rand/1 500
above main 500
def main 500
Benchmarking solver '<function EA_AOS' with budget=500*dimension on b'bbob' suite, Sat Mar 30 12:12:06 2019
batch_loop 500
Mar30 12h12:06, d=20, running: f018coco_optimiser 10000
inside coco 10000
ea-aos 10000
0.05
0.45
5.35
81.29554489455623
7.0
58.46686756873679
20.45
55.92902193921033
20.8
36.41556635165717
30.75
34.20832163016907
34.75
32.479412915903005
37.35
26.307201602220342
61.55
23.234763429306813
71.55
22.21940366436644
81.7
20.47250197499536
88.45
17.194859484451133
124.6
13.510768921362043
163.55
12.383661084170566
389.15
11.839407200303727
430.65
11.783452488207885
448.95
11.624828583829672
468.3
11.592788521117502

 -5.3472114788825
.(1)  
    done in 3.2e-04 seconds/evaluation
  dimension seconds/evaluations
  -----------------------------
     20      3.2e-04 
  -----------------------------
  bbob done (1 of 360 problems benchmarked)
Deleting folder:  exdata/EA_AOS_on_bbob_budget0500xD-023
, Sat Mar 30 12:12:09 2019 (0h00:02 total elapsed time).
