COCO INFO: Results will be output to folder exdata/EA_AOS_on_bbob_budget0500xD-020
after __main__
budget 0.27 0.59 111 DE/rand/1 500
above main 500
def main 500
Benchmarking solver '<function EA_AOS' with budget=500*dimension on b'bbob' suite, Sat Mar 30 12:08:43 2019
batch_loop 500
Mar30 12h08:43, d=20, running: f002coco_optimiser 10000
inside coco 10000
ea-aos 10000
0.05
2.85
4569104.467545462
9.3
3842094.0007362748
11.55
3257367.6612674245
19.5
1963589.8094767598
25.95
995253.326297014
37.05
780449.9906876273
44.2
590123.331820142
50.1
382355.8037141507
107.4
372070.0155597981
114.95
353768.3301885398
122.1
348012.976498649
132.65
324736.4761504379
144.75
313928.76647526096
156.75
309509.247580046
161.65
307235.1335704507
176.5
306475.64951094467
181.85
302881.69063191314
199.0
298230.21671271237
221.65
293573.0428720382
226.9
292772.12687740265
238.75
292300.44110866415
245.6
291313.1464405941
258.75
289533.8618614346
309.6
289468.17343275546
331.8
289427.1111911386
337.75
289078.92147157656
349.6
289071.1669152865
352.1
289037.8592299597
366.3
289034.6973004221
366.45
288995.5408969982
388.2
288992.3789674606
396.25
288990.0241125161
401.25
288989.431296619
408.2
288986.26936708146
420.95
288963.769365332
437.6
288943.47990302986
465.25
288937.96311854775
496.15
288936.31816263683

 288367.4381626368
.(1)  
    done in 4.4e-04 seconds/evaluation
  dimension seconds/evaluations
  -----------------------------
     20      4.4e-04 
  -----------------------------
  bbob done (1 of 360 problems benchmarked)
Deleting folder:  exdata/EA_AOS_on_bbob_budget0500xD-020
, Sat Mar 30 12:08:48 2019 (0h00:02 total elapsed time).
