COCO INFO: Results will be output to folder exdata/EA_AOS_on_bbob_budget0500xD-016
after __main__
budget 0.34 0.61 70 DE/rand/1 500
above main 500
def main 500
Benchmarking solver '<function EA_AOS' with budget=500*dimension on b'bbob' suite, Sat Mar 30 12:14:04 2019
batch_loop 500
Mar30 12h14:04, d=20, running: f020coco_optimiser 10000
inside coco 10000
ea-aos 10000
0.05
0.05
14.0
18042.1240577566
19.85
15819.217232811887
22.75
6689.755440944731
28.05
6658.798806726923
37.05
5803.020609145976
41.3
2689.400909156644
46.65
2119.3026527562974
52.45
943.6210106204119
55.95
360.49000704313113
73.45
245.38278752586845
78.7
112.84671012880368
98.55
103.26211627014428
105.35
98.10305498897968
110.3
64.00105152949456
118.15
46.1576413639999
126.0
6.743243002023121
129.5
6.258218304926146
135.95
4.136817240092341
137.1
3.8282951507816847
165.1
3.8261669432896213
173.1
3.6814183024662555
180.05
3.5425114759383405
202.25
3.4962708567394145
226.05
3.4808984636627542
237.45
3.367595554023154
238.35
3.1995458330214035
249.6
3.1516330981793885
273.75
3.144943865258881
285.1
3.136050496042401
287.75
3.0300679326092563
291.2
2.8545869281652756
316.35
2.8388078925094646
345.85
2.797708462645062
362.0
2.7636374556588805
375.75
2.722538025794478

 -134.0374619742055
.(1)  
    done in 4.5e-04 seconds/evaluation
  dimension seconds/evaluations
  -----------------------------
     20      4.5e-04 
  -----------------------------
  bbob done (1 of 360 problems benchmarked)
Deleting folder:  exdata/EA_AOS_on_bbob_budget0500xD-016
, Sat Mar 30 12:14:08 2019 (0h00:02 total elapsed time).
