COCO INFO: Results will be output to folder exdata/EA_AOS_on_bbob_budget0500xD-014
after __main__
budget 0.14 0.73 94 DE/rand/1 500
above main 500
def main 500
Benchmarking solver '<function EA_AOS' with budget=500*dimension on b'bbob' suite, Sat Mar 30 12:12:19 2019
batch_loop 500
Mar30 12h12:19, d=20, running: f018coco_optimiser 10000
inside coco 10000
ea-aos 10000
0.05
3.05
81.60858584225052
8.85
58.529018194682095
12.4
57.72921353722103
14.45
47.9324642609787
21.85
29.5974304980966
27.45
29.56206015533113
54.85
29.541869297402375
58.25
28.457329994160816
62.0
27.166962709943235
69.6
25.901889215633798
77.95
21.483164729632097
127.75
21.37419900034706
141.05
20.32512342628719
156.6
18.97118481138735
191.7
17.896817354823494
201.75
15.481696771537537
228.7
15.189911159054333
248.75
15.115640118657291
262.45
14.89733791377824
306.65
13.486157140966446
318.85
12.066682098815285
363.4
11.297765794746113
393.65
10.495919880725179
482.1
10.427632966578535

 -6.512367033421466
.(1)  
    done in 2.9e-04 seconds/evaluation
  dimension seconds/evaluations
  -----------------------------
     20      2.9e-04 
  -----------------------------
  bbob done (1 of 360 problems benchmarked)
Deleting folder:  exdata/EA_AOS_on_bbob_budget0500xD-014
, Sat Mar 30 12:12:22 2019 (0h00:02 total elapsed time).
