COCO INFO: Results will be output to folder exdata/EA_AOS_on_bbob_budget0500xD
after __main__
budget 0.43 0.68 64 DE/rand/1 500
above main 500
def main 500
Benchmarking solver '<function EA_AOS' with budget=500*dimension on b'bbob' suite, Sat Mar 30 12:17:43 2019
batch_loop 500
Mar30 12h17:44, d=20, running: f020coco_optimiser 10000
inside coco 10000
ea-aos 10000
0.05
0.05
8.0
15486.943398391719
11.2
13645.72557973974
14.45
12990.089158552362
16.05
12094.779014289903
22.0
7807.812323218418
25.65
2080.808117906064
38.45
1380.4039874610899
52.3
338.75008786954606
60.2
219.43454904699385
67.25
115.35492282822881
73.1
64.1639131030917
76.8
63.82031523944238
87.85
30.8701576160789
93.1
4.845180170421628
102.0
4.627715954532675
104.85
4.029081153667107
117.0
3.764021997184301
142.9
3.7549152009503928
145.35
3.733312167115656
154.7
3.7295967815913684
163.0
3.6116944760536
172.75
3.4354710117638376
192.6
3.3544070028282817
204.15
3.258481843258494
212.15
3.2575316545492115
236.8
3.1895154479656185
239.55
3.1454875244508855
248.95
3.0494877749143825
276.75
2.991736056585381
280.75
2.9293444624901213
285.3
2.860378067197246
288.05
2.7941030283708415

 -142.78589697162917
.(1)  
    done in 2.7e-04 seconds/evaluation
  dimension seconds/evaluations
  -----------------------------
     20      2.7e-04 
  -----------------------------
  bbob done (1 of 360 problems benchmarked)
Deleting folder:  exdata/EA_AOS_on_bbob_budget0500xD
, Sat Mar 30 12:17:46 2019 (0h00:02 total elapsed time).
