COCO INFO: Results will be output to folder exdata/EA_AOS_on_bbob_budget0500xD-004
after __main__
budget 0.42 0.63 68 DE/rand/1 500
above main 500
def main 500
Benchmarking solver '<function EA_AOS' with budget=500*dimension on b'bbob' suite, Sat Mar 30 12:17:44 2019
batch_loop 500
Mar30 12h17:44, d=20, running: f020coco_optimiser 10000
inside coco 10000
ea-aos 10000
0.05
0.05
6.9
15720.587706952772
16.3
13238.423651039675
18.65
12634.252716522507
21.5
11620.59551883807
23.9
10000.26737902511
27.3
9325.700390111826
32.5
3353.880008305679
36.15
3276.5732752282747
45.35
2575.499057748326
50.0
2214.317549161543
51.5
2188.2757437700666
57.8
1663.7987543949016
60.75
456.404313098075
65.2
439.23938853916013
72.9
251.41567399250107
77.95
115.81750159678137
100.85
78.5282217218447
104.2
59.837602174092865
106.1
4.643656563749033
126.65
3.9551309099593084
139.55
3.824734778130363
181.35
3.6737091241114115
189.6
3.557681474059706
196.9
3.4589434044558516
204.3
3.4361835963777594
215.7
3.413852224449954
243.95
3.323850090436366
245.45
3.257697388194032
251.95
3.195305794098772
268.6
3.180533623885765
285.25
3.003924927585558
302.6
2.9709474794595963
317.55
2.9623871391232512
326.25
2.8303382367524534

 -142.74966176324756
.(1)  
    done in 2.3e-04 seconds/evaluation
  dimension seconds/evaluations
  -----------------------------
     20      2.3e-04 
  -----------------------------
  bbob done (1 of 360 problems benchmarked)
Deleting folder:  exdata/EA_AOS_on_bbob_budget0500xD-004
, Sat Mar 30 12:17:46 2019 (0h00:02 total elapsed time).
