COCO INFO: Results will be output to folder exdata/EA_AOS_on_bbob_budget0500xD-025
after __main__
budget 0.42 0.63 68 DE/rand/1 500
above main 500
def main 500
Benchmarking solver '<function EA_AOS' with budget=500*dimension on b'bbob' suite, Sat Mar 30 12:20:16 2019
batch_loop 500
Mar30 12h20:16, d=20, running: f014coco_optimiser 10000
inside coco 10000
ea-aos 10000
0.05
0.7
5.75
37.31173264004128
12.5
36.195045704638545
17.1
31.026071135650174
23.85
19.601797398187447
42.7
18.634902652368307
47.8
18.452359976010644
54.15
14.0004208930417
58.1
13.560853006624967
63.5
11.936513688436488
64.8
11.364472165429149
74.8
10.077546813563501
90.15
8.98383302978371
102.7
8.932278564458251
106.6
8.143303433592116
111.35
8.023473598431103
121.15
7.34550909671384
133.8
5.900773881871487
179.85
5.645911074024021
189.35
4.966740186496871
219.15
3.9899328527195266
228.2
3.9497402618743465
241.5
3.5724344106073147
258.2
3.312368713620792
268.4
2.9716384356199654
276.6
2.803852574910188
299.6
1.966341917936802
371.1
1.9658275168557395
387.55
1.7146541025422835
392.1
1.6461946133317937
408.3
1.3962438088948659
453.35
1.2362409203552502
459.4
1.091522036721166

 -38.338477963278834
.(1)  
    done in 3.4e-04 seconds/evaluation
  dimension seconds/evaluations
  -----------------------------
     20      3.4e-04 
  -----------------------------
  bbob done (1 of 360 problems benchmarked)
Deleting folder:  exdata/EA_AOS_on_bbob_budget0500xD-025
, Sat Mar 30 12:20:19 2019 (0h00:02 total elapsed time).
