COCO INFO: Results will be output to folder exdata/EA_AOS_on_bbob_budget0500xD-020
after __main__
budget 0.5 0.43 120 DE/rand/1 500
above main 500
def main 500
Benchmarking solver '<function EA_AOS' with budget=500*dimension on b'bbob' suite, Sat Mar 30 12:21:29 2019
batch_loop 500
Mar30 12h21:30, d=20, running: f020coco_optimiser 10000
inside coco 10000
ea-aos 10000
0.05
0.05
26.05
5226.823899866964
55.95
4149.219835366854
79.95
2047.1608943063106
115.7
1360.888526059367
121.55
661.3211476921451
147.7
404.53079667262784
153.7
199.13882203610137
160.05
114.55041821038354
186.35
27.88763962524959
196.55
8.666769932310729
208.9
5.113829705400491
212.3
4.515397165253887
238.9
3.969774696134749
253.4
3.862570361881609
286.7
3.8416854134473795
316.95
3.5904704825515523
346.95
3.5741445992034926
349.2
3.380296014455581
355.4
3.2070208762642665
397.95
3.083418027235979
436.65
3.0073437433362358
484.5
2.9669745384254895
494.75
2.965386069833386

 -133.7946139301666
.(1)  
    done in 3.9e-04 seconds/evaluation
  dimension seconds/evaluations
  -----------------------------
     20      3.9e-04 
  -----------------------------
  bbob done (1 of 360 problems benchmarked)
Deleting folder:  exdata/EA_AOS_on_bbob_budget0500xD-020
, Sat Mar 30 12:21:33 2019 (0h00:02 total elapsed time).
