COCO INFO: Results will be output to folder exdata/EA_AOS_on_bbob_budget0500xD-011
after __main__
budget 0.51 0.5 116 DE/rand/1 500
above main 500
def main 500
Benchmarking solver '<function EA_AOS' with budget=500*dimension on b'bbob' suite, Sat Mar 30 12:22:25 2019
batch_loop 500
Mar30 12h22:25, d=20, running: f005coco_optimiser 10000
inside coco 10000
ea-aos 10000
0.05
0.6
24.1
185.40881953011262
36.1
121.48031664963372
61.5
120.11256433592264
69.15
116.08715800926629
70.7
109.84389916861751
79.95
96.13907335156955
93.9
66.81525996237191
105.5
54.978708854425804
140.1
24.096515519373185
180.65
20.383108257382574
186.45
16.968306927463594
204.1
15.279902870626543
209.5
13.385538426945928
217.9
11.664020408298413
224.0
0.0

 -66.39
.(1)  
    done in 4.7e-04 seconds/evaluation
  dimension seconds/evaluations
  -----------------------------
     20      4.7e-04 
  -----------------------------
  bbob done (1 of 360 problems benchmarked)
Deleting folder:  exdata/EA_AOS_on_bbob_budget0500xD-011
, Sat Mar 30 12:22:29 2019 (0h00:02 total elapsed time).
