COCO INFO: Results will be output to folder exdata/EA_AOS_on_bbob_budget0500xD-020
after __main__
budget 0.27 0.47 62 DE/rand/1 500
above main 500
def main 500
Benchmarking solver '<function EA_AOS' with budget=500*dimension on b'bbob' suite, Sat Mar 30 12:20:36 2019
batch_loop 500
Mar30 12h20:36, d=20, running: f003coco_optimiser 10000
inside coco 10000
ea-aos 10000
0.05
3.1
766.2287442736858
6.2
726.4469936105992
9.3
584.1026992972002
10.0
543.1266381481784
22.3
520.6653655519832
29.3
431.76368885635617
32.4
389.2992784381403
40.45
330.63939758174837
45.75
269.20270080009306
68.55
247.97969323273327
76.75
246.39844179561777
80.95
229.36522915933062
87.15
221.06826357035186
99.2
215.05429797385213
111.6
213.6324934173976
114.25
213.59663271015438
115.8
200.77175879506467
123.75
199.52992930103187
140.3
196.8028007790369
148.1
196.4464134663438
149.65
190.14980874416614
153.4
187.51892395104852
162.15
183.209312255136
166.45
181.24800798053542
173.6
176.71180248483864
185.4
175.33119877911207
186.7
174.53483035140408
199.05
174.0608021534385
209.3
170.20878031572465
219.75
169.17424674766323
238.2
167.6162317852192
242.55
166.45396123264624
251.2
165.0929684383305
259.25
164.20315575780893
269.8
163.8068371078677
275.0
163.58498091237368
284.35
162.71442597898164
293.6
162.29884958191082

 -299.79115041808916
.(1)  
    done in 2.6e-04 seconds/evaluation
  dimension seconds/evaluations
  -----------------------------
     20      2.6e-04 
  -----------------------------
  bbob done (1 of 360 problems benchmarked)
Deleting folder:  exdata/EA_AOS_on_bbob_budget0500xD-020
, Sat Mar 30 12:20:39 2019 (0h00:02 total elapsed time).
