COCO INFO: Results will be output to folder exdata/EA_AOS_on_bbob_budget0500xD-001
after __main__
budget 0.38 0.42 69 DE/rand/1 500
above main 500
def main 500
Benchmarking solver '<function EA_AOS' with budget=500*dimension on b'bbob' suite, Sat Mar 30 12:27:52 2019
batch_loop 500
Mar30 12h27:52, d=20, running: f017coco_optimiser 10000
inside coco 10000
ea-aos 10000
0.05
0.75
3.95
10.089799028160755
17.3
8.918200591335285
37.85
8.67029698161911
41.45
7.824620118979652
48.35
7.5202323153917945
70.05
6.440806306305532
77.0
6.402496180138272
80.45
5.900681356374996
99.8
5.635412914451415
104.45
5.25311296621161
130.15
4.5244595407773645
152.1
4.49932765909611
164.15
4.354236507919602
168.1
3.9240776508562334
191.3
3.8967130466164974
217.3
3.853282559208793
218.9
3.790504801643891
233.8
3.3929001054239336
254.05
3.1936161512492234
292.45
2.222589065026
467.2
1.9551781385106324

 49.34517813851063
.(1)  
    done in 2.9e-04 seconds/evaluation
  dimension seconds/evaluations
  -----------------------------
     20      2.9e-04 
  -----------------------------
  bbob done (1 of 360 problems benchmarked)
Deleting folder:  exdata/EA_AOS_on_bbob_budget0500xD-001
, Sat Mar 30 12:27:55 2019 (0h00:02 total elapsed time).
