COCO INFO: Results will be output to folder exdata/EA_AOS_on_bbob_budget0500xD-022
after __main__
budget 0.38 0.42 69 DE/rand/1 500
above main 500
def main 500
Benchmarking solver '<function EA_AOS' with budget=500*dimension on b'bbob' suite, Sat Mar 30 12:22:25 2019
batch_loop 500
Mar30 12h22:25, d=20, running: f005coco_optimiser 10000
inside coco 10000
ea-aos 10000
0.05
0.6
19.95
183.58190041584587
28.55
182.20352458187412
32.0
170.5564688534638
37.25
166.574063039438
39.65
164.90737796245872
44.65
164.76444458173333
46.45
148.52358553257392
48.7
144.04919308645373
54.7
109.06578068632194
65.95
108.44522018768208
70.55
99.63250621759619
76.3
91.11880822113385
79.75
69.58353807983818
94.15
67.93633251019192
105.45
52.48570482642809
107.35
43.23433533542489
120.15
39.057937342921704
130.2
31.512391698150367
133.65
26.74517667453466
153.4
24.323127636307333
159.45
20.94981348991933
167.5
14.792308838993605
179.8
12.434233360806601
193.2
10.75429752162841
198.75
10.296779965547756
205.35
8.671442938180249
217.45
3.0622266274763845
228.65
2.8768997765753284
251.1
1.4384498882876642
256.75
1.0
267.15
0.0

 -66.39
.(1)  
    done in 4.0e-04 seconds/evaluation
  dimension seconds/evaluations
  -----------------------------
     20      4.0e-04 
  -----------------------------
  bbob done (1 of 360 problems benchmarked)
Deleting folder:  exdata/EA_AOS_on_bbob_budget0500xD-022
, Sat Mar 30 12:22:29 2019 (0h00:02 total elapsed time).
