COCO INFO: Results will be output to folder exdata/EA_AOS_on_bbob_budget0500xD-016
after __main__
budget 0.55 0.63 53 DE/rand/1 500
above main 500
def main 500
Benchmarking solver '<function EA_AOS' with budget=500*dimension on b'bbob' suite, Sat Mar 30 12:23:52 2019
batch_loop 500
Mar30 12h23:52, d=20, running: f007coco_optimiser 10000
inside coco 10000
ea-aos 10000
0.05
2.6
829.4094926283183
7.8
655.5378293109766
9.25
561.4304129481791
13.8
556.7014728535025
16.9
340.13617941382154
35.3
239.50010553032246
56.35
202.23923712478262
71.5
201.97051505302574
72.1
160.78408888755106
107.25
114.81399460398737
120.5
86.48407631774438
188.55
78.2297419678639
195.5
78.17815593189835
221.15
74.79365994493224
257.75
73.00017455529604
290.05
49.68349516292943
303.15
48.60040184476654
356.45
36.004291511231884

 128.94429151123188
.(1)  
    done in 3.5e-04 seconds/evaluation
  dimension seconds/evaluations
  -----------------------------
     20      3.5e-04 
  -----------------------------
  bbob done (1 of 360 problems benchmarked)
Deleting folder:  exdata/EA_AOS_on_bbob_budget0500xD-016
, Sat Mar 30 12:23:55 2019 (0h00:02 total elapsed time).
