COCO INFO: Results will be output to folder exdata/EA_AOS_on_bbob_budget0500xD-001
after __main__
budget 0.33 0.35 65 DE/rand/1 500
above main 500
def main 500
Benchmarking solver '<function EA_AOS' with budget=500*dimension on b'bbob' suite, Sat Mar 30 12:21:29 2019
batch_loop 500
Mar30 12h21:29, d=20, running: f020coco_optimiser 10000
inside coco 10000
ea-aos 10000
0.05
0.05
9.8
7031.056360222387
26.0
6034.813065264048
26.05
4282.884158516723
32.1
4166.57437383706
35.15
2737.504678745274
43.5
2633.2249921960483
48.15
1571.4930680036327
51.4
1570.9174779881462
61.25
1348.8377338080359
64.0
937.9160601942799
67.8
904.1477899969732
71.05
419.85224841857
72.7
289.8110700219799
80.9
216.3211481739388
84.15
167.54280866749988
96.9
163.67701684266677
100.3
112.17332395576537
100.85
59.93391778279022
105.95
44.26488790274246
109.25
4.942672584445006
111.15
4.2857284787919525
124.15
4.176006601509215
127.4
4.109592357361578
130.65
3.9925835560417795
141.25
3.711146862786592
166.4
3.449217884140012
181.55
3.3162956659919303
191.75
3.15416394564636
202.9
3.0733935077912236
222.4
2.931529653880091
247.25
2.8388078925094646
276.35
2.8368728747489627
283.35
2.7941801006348896
287.1
2.7237789139838924
298.85
2.6217736017477478
304.05
2.5052763502623634
310.55
2.427739108206964
328.8
2.3523435987355583
342.8
2.2728324675645695
346.05
2.1952952255091702

 -134.56470477449082
.(1)  
    done in 4.1e-04 seconds/evaluation
  dimension seconds/evaluations
  -----------------------------
     20      4.1e-04 
  -----------------------------
  bbob done (1 of 360 problems benchmarked)
Deleting folder:  exdata/EA_AOS_on_bbob_budget0500xD-001
, Sat Mar 30 12:21:33 2019 (0h00:02 total elapsed time).
