COCO INFO: Results will be output to folder exdata/EA_AOS_on_bbob_budget0500xD-016
after __main__
budget 0.28 0.67 162 DE/rand/1 500
above main 500
def main 500
Benchmarking solver '<function EA_AOS' with budget=500*dimension on b'bbob' suite, Sat Mar 30 12:20:36 2019
batch_loop 500
Mar30 12h20:36, d=20, running: f003coco_optimiser 10000
inside coco 10000
ea-aos 10000
0.05
7.85
754.7741644378928
12.4
451.8199341978417
54.55
389.37096138467973
72.2
378.42345607205243
79.25
369.1891230148959
93.9
336.6310301551058
115.9
327.70389388444016
127.85
325.47319368582794
136.4
302.5834826183843
161.25
263.6017515003973
168.45
254.40792916657733
184.65
252.97396297766585
222.15
252.88651171514746
231.65
241.01523128494404
242.8
231.208539746844
264.45
221.65672490293838
307.0
215.03364831543678
343.25
208.93988369088717
361.8
201.3974850155144
379.9
200.73913374531844
387.8
197.90689709923362
395.9
196.54590430491788
417.95
193.30381332210294
436.0
188.87837518442194
454.6
188.11823237864127
469.05
180.8032021696738

 -281.2867978303262
.(1)  
    done in 2.8e-04 seconds/evaluation
  dimension seconds/evaluations
  -----------------------------
     20      2.8e-04 
  -----------------------------
  bbob done (1 of 360 problems benchmarked)
Deleting folder:  exdata/EA_AOS_on_bbob_budget0500xD-016
, Sat Mar 30 12:20:39 2019 (0h00:02 total elapsed time).
