COCO INFO: Results will be output to folder exdata/EA_AOS_on_bbob_budget0500xD-012
after __main__
budget 0.25 0.51 74 DE/rand/1 500
above main 500
def main 500
Benchmarking solver '<function EA_AOS' with budget=500*dimension on b'bbob' suite, Sat Mar 30 12:27:01 2019
batch_loop 500
Mar30 12h27:01, d=20, running: f002coco_optimiser 10000
inside coco 10000
ea-aos 10000
0.05
2.85
4569104.467545462
4.4
3350846.7345267506
8.15
549603.0651800535
26.65
530765.8800978309
36.25
487746.4203164912
45.3
441646.2346382972
51.5
436400.46462880366
59.0
379877.3216370011
60.75
363819.21099487727
64.45
335124.5832718265
80.1
319025.8931699105
99.95
313693.5236424253
105.4
308437.8515643082
107.55
306434.48935975425
117.1
303446.6444454654
126.15
298712.68153363286
133.7
298514.43196144607
140.25
296099.02360025
144.2
295958.3256548337
146.45
294953.66575260053
149.55
291919.5250377812
156.95
290982.0338621874
168.7
289536.3729023811
175.9
289403.6345077441
187.95
289393.85856400704
191.5
289072.86327641946
198.35
288934.4202994722
216.85
288928.9035149902
223.95
288921.14895870007
234.0
288867.4555173514
240.0
288833.29836563044
251.1
288832.07485318324
253.05
288815.62221231917
276.8
288811.98297593114
286.5
288807.39034917863
291.8
288805.45193208824
298.7
288804.7057264915
307.0
288803.0970771437
322.25
288801.8735646965

 288232.9935646965
.(1)  
    done in 2.9e-04 seconds/evaluation
  dimension seconds/evaluations
  -----------------------------
     20      2.9e-04 
  -----------------------------
  bbob done (1 of 360 problems benchmarked)
Deleting folder:  exdata/EA_AOS_on_bbob_budget0500xD-012
, Sat Mar 30 12:27:04 2019 (0h00:02 total elapsed time).
