COCO INFO: Results will be output to folder exdata/EA_AOS_on_bbob_budget0500xD-026
after __main__
budget 0.11 0.56 66 DE/rand/1 500
above main 500
def main 500
Benchmarking solver '<function EA_AOS' with budget=500*dimension on b'bbob' suite, Sat Mar 30 12:24:40 2019
batch_loop 500
Mar30 12h24:40, d=20, running: f008coco_optimiser 10000
inside coco 10000
ea-aos 10000
0.05
0.05
16.3
16719.609880179974
17.55
13541.864268215168
20.85
8016.94750642957
29.45
7266.27042889997
34.95
4221.420889159169
50.35
3392.49712684237
63.2
3236.1643546631694
71.6
2898.9424276807704
75.25
2731.1598655527705
76.85
1376.044215271169
91.75
1255.5989605255688
110.2
1196.6565670535688
112.85
1162.1937431559686
118.05
928.9015957799692
131.7
871.7090377831692
133.5
816.1465366151691
135.95
746.8876652935692
150.55
682.1638329991691
154.75
680.4386446439692
173.95
670.835634650369
178.05
641.277112192769
180.65
612.6964956711689

 422.90649567116895
.(1)  
    done in 5.2e-04 seconds/evaluation
  dimension seconds/evaluations
  -----------------------------
     20      5.2e-04 
  -----------------------------
  bbob done (1 of 360 problems benchmarked)
Deleting folder:  exdata/EA_AOS_on_bbob_budget0500xD-026
, Sat Mar 30 12:24:45 2019 (0h00:02 total elapsed time).
