COCO INFO: Results will be output to folder exdata/EA_AOS_on_bbob_budget0500xD-010
after __main__
budget 0.11 0.56 66 DE/rand/1 500
above main 500
def main 500
Benchmarking solver '<function EA_AOS' with budget=500*dimension on b'bbob' suite, Sat Mar 30 12:27:52 2019
batch_loop 500
Mar30 12h27:53, d=20, running: f017coco_optimiser 10000
inside coco 10000
ea-aos 10000
0.05
0.75
7.35
10.40303999340587
21.5
7.630055984697705
54.95
6.954506645075227
61.35
6.685003829129549
63.25
6.606166253430679
68.45
6.47443280721037
74.7
5.745152705330433
77.75
4.982538288496315
90.65
4.773147075073233
144.2
4.546848519605035
174.2
4.061540106701521
217.2
3.8050839304924935
312.7
3.663184039434803
401.9
3.30374702301129
413.05
2.9372933728211663

 50.32729337282117
.(1)  
    done in 3.4e-04 seconds/evaluation
  dimension seconds/evaluations
  -----------------------------
     20      3.4e-04 
  -----------------------------
  bbob done (1 of 360 problems benchmarked)
Deleting folder:  exdata/EA_AOS_on_bbob_budget0500xD-010
, Sat Mar 30 12:27:56 2019 (0h00:03 total elapsed time).
