COCO INFO: Results will be output to folder exdata/EA_AOS_on_bbob_budget0500xD-025
after __main__
budget 0.35 0.77 77 DE/rand/1 500
above main 500
def main 500
Benchmarking solver '<function EA_AOS' with budget=500*dimension on b'bbob' suite, Sat Mar 30 12:25:32 2019
batch_loop 500
Mar30 12h25:32, d=20, running: f018coco_optimiser 10000
inside coco 10000
ea-aos 10000
0.05
3.05
81.60858584225052
4.7
70.99147993983685
8.75
65.0426116792001
16.55
45.1838397521393
24.85
34.163211807208505
36.3
28.8461135143889
57.4
24.16825819100704
101.7
20.60732193767541
147.8
19.660421496462273
177.1
16.12915920203314
224.05
13.383680944674117
305.7
13.224941487557949
357.55
12.060094210115325
466.05
10.181909307321614

 -6.758090692678387
.(1)  
    done in 4.1e-04 seconds/evaluation
  dimension seconds/evaluations
  -----------------------------
     20      4.1e-04 
  -----------------------------
  bbob done (1 of 360 problems benchmarked)
Deleting folder:  exdata/EA_AOS_on_bbob_budget0500xD-025
, Sat Mar 30 12:25:36 2019 (0h00:02 total elapsed time).
