COCO INFO: Results will be output to folder exdata/EA_AOS_on_bbob_budget0500xD-020
after __main__
budget 0.45 0.55 102 DE/rand/1 500
above main 500
def main 500
Benchmarking solver '<function EA_AOS' with budget=500*dimension on b'bbob' suite, Sat Mar 30 12:22:47 2019
batch_loop 500
Mar30 12h22:47, d=20, running: f005coco_optimiser 10000
inside coco 10000
ea-aos 10000
0.05
0.6
9.15
187.8701732602347
15.1
153.03448167596264
44.8
138.38450810865322
63.45
120.48198132787917
72.95
110.25592713376969
78.05
101.57727796792804
84.15
100.49802947603024
96.85
89.59493552001523
109.65
88.77858829360986
117.8
86.42460586416234
125.35
53.50530073613484
146.3
46.22757526886265
167.3
43.78123789111416
172.4
42.10218821577541
180.6
41.98528390387661
184.35
40.473467913399205
191.0
37.51860061090369
195.9
33.83738934720586
199.25
33.43536964479518
206.1
25.55654899005205
221.4
24.393050301799278
237.9
7.469631609562796
265.75
5.231140079019916
284.75
4.172326710594987
312.65
3.3865136750540685
325.5
1.6237767391887274
332.25
0.0

 -66.39
.(1)  
    done in 3.9e-04 seconds/evaluation
  dimension seconds/evaluations
  -----------------------------
     20      3.9e-04 
  -----------------------------
  bbob done (1 of 360 problems benchmarked)
Deleting folder:  exdata/EA_AOS_on_bbob_budget0500xD-020
, Sat Mar 30 12:22:51 2019 (0h00:02 total elapsed time).
