COCO INFO: Results will be output to folder exdata/EA_AOS_on_bbob_budget0500xD-003
after __main__
budget 0.23 0.43 63 DE/rand/1 500
above main 500
def main 500
Benchmarking solver '<function EA_AOS' with budget=500*dimension on b'bbob' suite, Sat Mar 30 12:24:46 2019
batch_loop 500
Mar30 12h24:46, d=20, running: f008coco_optimiser 10000
inside coco 10000
ea-aos 10000
0.05
0.05
15.5
22901.586690675966
16.25
20667.519906679172
21.75
15066.521614090376
22.65
12554.997625789565
25.8
7658.74680959757
32.2
7332.957209098368
39.15
6742.331110624773
43.25
6388.8161672039705
45.1
5857.634767405569
49.45
4145.51933054157
51.9
3724.3859851463694
68.35
3387.577887866369
77.1
2687.07934038157
82.2
2241.294165770369
87.65
1769.2368455463693
92.55
1544.9021399175688
99.15
1182.7778278759697
114.25
1133.3387309319692
122.65
1009.1185838183691
126.8
714.2247822855694
148.85
596.4329234471692
152.5
571.7085737255691
158.8
447.591295011969
161.95
407.7751735655691
195.35
398.1721635719691

 208.38216357196913
.(1)  
    done in 2.1e-04 seconds/evaluation
  dimension seconds/evaluations
  -----------------------------
     20      2.1e-04 
  -----------------------------
  bbob done (1 of 360 problems benchmarked)
Deleting folder:  exdata/EA_AOS_on_bbob_budget0500xD-003
, Sat Mar 30 12:24:48 2019 (0h00:02 total elapsed time).
