COCO INFO: Results will be output to folder exdata/EA_AOS_on_bbob_budget0500xD-004
after __main__
budget 0.23 0.43 63 DE/rand/1 500
above main 500
def main 500
Benchmarking solver '<function EA_AOS' with budget=500*dimension on b'bbob' suite, Sat Mar 30 12:25:41 2019
batch_loop 500
Mar30 12h25:41, d=20, running: f018coco_optimiser 10000
inside coco 10000
ea-aos 10000
0.05
3.05
81.60858584225052
6.55
66.72538880497667
11.15
58.867074345155544
13.55
46.59298424771953
16.3
42.771424271227524
23.75
41.26625790005202
26.15
37.766834993758515
37.6
33.13754293141779
38.4
32.820137136913026
43.15
29.95372957119412
48.35
27.605567612159206
55.65
26.650399001437854
60.55
24.90977657085722
63.4
20.740567549761618
66.55
20.07882939544745
72.9
16.73356528900211
96.35
16.63859711825181
100.15
15.725230549500516
113.25
14.869300849051168
131.95
12.893695425534897
166.5
11.587339612152954
176.35
10.654960637377927
209.05
10.198437451982977
244.0
9.655140788844802
299.0
9.289788247361699
410.6
8.350364903644442

 -8.58963509635556
.(1)  
    done in 2.7e-04 seconds/evaluation
  dimension seconds/evaluations
  -----------------------------
     20      2.7e-04 
  -----------------------------
  bbob done (1 of 360 problems benchmarked)
Deleting folder:  exdata/EA_AOS_on_bbob_budget0500xD-004
, Sat Mar 30 12:25:44 2019 (0h00:02 total elapsed time).
