COCO INFO: Results will be output to folder exdata/EA_AOS_on_bbob_budget0500xD-001
after __main__
budget 0.41 0.47 150 DE/rand/1 500
above main 500
def main 500
Benchmarking solver '<function EA_AOS' with budget=500*dimension on b'bbob' suite, Sat Mar 30 12:22:49 2019
batch_loop 500
Mar30 12h22:49, d=20, running: f005coco_optimiser 10000
inside coco 10000
ea-aos 10000
0.05
0.6
58.55
172.79972417202583
65.9
165.04641641995192
69.85
146.13700981027034
77.7
131.18938933424852
85.2
117.22467278450091
115.2
92.36832632461926
142.85
85.47579424239899
165.35
67.05761886342778
191.4
58.194722555242095
212.55
53.7830395282643
220.05
50.9390808784134
228.05
42.22838489916654
240.6
31.102616125505342
291.35
28.091864374768207
305.65
25.59632772640299
311.2
13.291487990483176
332.5
11.879338370912478
339.0
8.861055249686217
367.25
1.27427498570313
479.55
1.1288378916846824
489.6
1.0

 -65.39
.(1)  
    done in 3.8e-04 seconds/evaluation
  dimension seconds/evaluations
  -----------------------------
     20      3.8e-04 
  -----------------------------
  bbob done (1 of 360 problems benchmarked)
Deleting folder:  exdata/EA_AOS_on_bbob_budget0500xD-001
, Sat Mar 30 12:22:52 2019 (0h00:02 total elapsed time).
