COCO INFO: Results will be output to folder exdata/EA_AOS_on_bbob_budget0500xD-004
after __main__
budget 0.37 0.46 78 DE/rand/1 500
above main 500
def main 500
Benchmarking solver '<function EA_AOS' with budget=500*dimension on b'bbob' suite, Sat Mar 30 12:22:05 2019
batch_loop 500
Mar30 12h22:06, d=20, running: f020coco_optimiser 10000
inside coco 10000
ea-aos 10000
0.05
0.05
7.4
14710.807897143337
19.1
10882.67868511702
26.85
7623.421036404709
31.5
4428.326147475113
43.5
4220.597996084044
49.15
2302.0922357899344
57.6
724.4772163419303
80.95
344.2827287695061
83.9
78.0177138362829
95.6
60.04025864038266
101.9
4.294092562200262
141.2
4.084249465559452
149.0
4.021017251418215
156.45
3.6554908492555285
173.3
3.2839074807636166
201.3
3.2272329985890167
238.7
3.154423214413697
263.4
3.0731380517179616
271.9
2.993748274362588
295.3
2.9851824845781607
310.75
2.8862318357792276
337.55
2.8802676768343645
350.1
2.741856530102922
363.6
2.6599668329861856
374.3
2.6178653635161595
382.15
2.4298808407909576
436.75
2.3523435987355583
455.3
2.343292442637022
470.25
2.327344127879968
492.25
2.3221914285948344

 -134.43780857140516
.(1)  
    done in 3.1e-04 seconds/evaluation
  dimension seconds/evaluations
  -----------------------------
     20      3.1e-04 
  -----------------------------
  bbob done (1 of 360 problems benchmarked)
Deleting folder:  exdata/EA_AOS_on_bbob_budget0500xD-004
, Sat Mar 30 12:22:09 2019 (0h00:02 total elapsed time).
