COCO INFO: Results will be output to folder exdata/EA_AOS_on_bbob_budget0500xD-001
after __main__
budget 0.23 0.54 52 DE/rand/1 500
above main 500
def main 500
Benchmarking solver '<function EA_AOS' with budget=500*dimension on b'bbob' suite, Sat Mar 30 12:31:00 2019
batch_loop 500
Mar30 12h31:00, d=20, running: f020coco_optimiser 10000
inside coco 10000
ea-aos 10000
0.05
0.05
6.85
14299.953550815248
12.15
9585.156260031074
14.7
9214.891589393244
16.5
4838.891775472954
20.05
2025.0847718890236
30.4
1177.2554643494582
33.9
512.4102439970948
41.55
449.3308584377369
49.35
393.5784007663502
51.95
130.39209823443525
60.65
23.063387562903813
63.95
4.853685446298414
67.35
4.162345142698911
84.45
4.061320274675012
88.9
3.927535645955345
95.2
3.8640116478988773
110.8
3.775824007489092
114.25
3.6768168235086307
119.2
3.5150466561861435
138.6
3.4601998013279456
142.0
3.0513225305859635
197.85
3.013725303704348
202.0
2.9305002776219737
257.75
2.8753876696886493
280.05
2.8553298407713896

 -142.72467015922862
.(1)  
    done in 3.7e-04 seconds/evaluation
  dimension seconds/evaluations
  -----------------------------
     20      3.7e-04 
  -----------------------------
  bbob done (1 of 360 problems benchmarked)
Deleting folder:  exdata/EA_AOS_on_bbob_budget0500xD-001
, Sat Mar 30 12:31:04 2019 (0h00:02 total elapsed time).
