COCO INFO: Results will be output to folder exdata/EA_AOS_on_bbob_budget0500xD
after __main__
budget 0.15 0.5 54 DE/rand/1 500
above main 500
def main 500
Benchmarking solver '<function EA_AOS' with budget=500*dimension on b'bbob' suite, Sat Mar 30 12:29:37 2019
batch_loop 500
Mar30 12h29:37, d=20, running: f020coco_optimiser 10000
inside coco 10000
ea-aos 10000
0.05
0.05
8.15
5558.612800368329
10.85
4450.194535610134
22.15
1118.2376141384236
25.45
1029.9100327435401
34.5
892.5393414303662
42.6
785.2460062063776
50.15
767.4609592972178
53.2
342.14087667114416
57.7
294.3220680832054
60.1
232.14398187564134
73.6
231.9319951474304
79.0
45.25427814831569
87.1
3.7861977822231836
115.2
3.6931066994234243
124.2
3.684431189981325
129.55
3.549935896578063
135.0
3.474243324876028
135.85
3.453346676108424
149.05
3.420203505428958
153.6
3.2921334320349445
161.1
3.2698119500976475
173.25
3.2646535478910153
182.1
3.210770934723115
184.8
3.208049747356455

 -133.55195025264354
.(1)  
    done in 2.2e-04 seconds/evaluation
  dimension seconds/evaluations
  -----------------------------
     20      2.2e-04 
  -----------------------------
  bbob done (1 of 360 problems benchmarked)
Deleting folder:  exdata/EA_AOS_on_bbob_budget0500xD
, Sat Mar 30 12:29:39 2019 (0h00:02 total elapsed time).
