COCO INFO: Results will be output to folder exdata/EA_AOS_on_bbob_budget0500xD-010
after __main__
budget 0.29 0.59 71 DE/rand/1 500
above main 500
def main 500
Benchmarking solver '<function EA_AOS' with budget=500*dimension on b'bbob' suite, Sat Mar 30 12:29:13 2019
batch_loop 500
Mar30 12h29:13, d=20, running: f007coco_optimiser 10000
inside coco 10000
ea-aos 10000
0.05
2.6
829.4094926283183
8.4
777.3146499447143
11.45
571.7215778167899
15.0
529.3952290699995
19.3
420.908981827098
24.75
281.9094294608752
25.3
279.26839666244103
36.1
163.3375512185579
46.4
129.89677366278474
69.05
128.09338289676936
71.4
127.6412747272019
87.0
118.2087508631842
95.55
61.67114148324393
144.15
57.38683120671385
162.75
56.67737507532422
192.3
56.067374437736305
201.8
46.457958011269966
227.8
32.65221803162984
399.95
26.428572547340394
423.7
22.404231752757497

 115.3442317527575
.(1)  
    done in 3.0e-04 seconds/evaluation
  dimension seconds/evaluations
  -----------------------------
     20      3.0e-04 
  -----------------------------
  bbob done (1 of 360 problems benchmarked)
Deleting folder:  exdata/EA_AOS_on_bbob_budget0500xD-010
, Sat Mar 30 12:29:16 2019 (0h00:02 total elapsed time).
