COCO INFO: Results will be output to folder exdata/EA_AOS_on_bbob_budget0500xD-005
after __main__
budget 0.24 0.52 63 DE/rand/1 500
above main 500
def main 500
Benchmarking solver '<function EA_AOS' with budget=500*dimension on b'bbob' suite, Sat Mar 30 12:28:17 2019
batch_loop 500
Mar30 12h28:17, d=20, running: f002coco_optimiser 10000
inside coco 10000
ea-aos 10000
0.05
1.7
2122907.2674226547
12.0
1280648.2222011231
17.4
1009702.8754967492
23.65
881674.0251702
31.0
496578.9193967422
34.85
368045.7604697812
49.5
305460.80021697393
52.05
270931.83246094885
62.4
214436.17128155578
65.55
162543.36949045034
77.6
157686.69936764162
80.75
153214.94403715144
82.5
148512.35592788443
85.4
135282.7686354691
89.45
128440.96897302814
96.7
106836.80998203724
100.45
90840.89397325095
119.0
85727.02469223985
147.8
85253.92581149959
151.45
85112.27576316346
160.55
84513.60550836673
166.55
84488.65466703539
183.4
84312.25919926811
189.75
84163.25271903447
196.5
84081.78620445757
208.6
84027.40637342997
215.65
83977.06807325261
218.95
83974.90768293627
228.25
83965.69049983504
236.75
83964.06117257419

 83754.18117257419
.(1)  
    done in 3.0e-04 seconds/evaluation
  dimension seconds/evaluations
  -----------------------------
     20      3.0e-04 
  -----------------------------
  bbob done (1 of 360 problems benchmarked)
Deleting folder:  exdata/EA_AOS_on_bbob_budget0500xD-005
, Sat Mar 30 12:28:20 2019 (0h00:02 total elapsed time).
