COCO INFO: Results will be output to folder exdata/EA_AOS_on_bbob_budget0500xD-005
after __main__
budget 0.17 0.66 51 DE/rand/1 500
above main 500
def main 500
Benchmarking solver '<function EA_AOS' with budget=500*dimension on b'bbob' suite, Sat Mar 30 12:31:15 2019
batch_loop 500
Mar30 12h31:15, d=20, running: f014coco_optimiser 10000
inside coco 10000
ea-aos 10000
0.05
1.85
33.30029047991755
15.8
24.42940476113054
19.45
17.663767188050016
29.6
17.23689966817085
34.65
16.719680053876928
36.7
11.765515081325404
43.9
10.7850081762939
51.4
10.524332150616658
54.55
9.027247668213533
58.3
7.925875053165953
60.8
7.16056652591692
87.2
6.656565789894174
91.6
6.376207583185931
100.55
6.34918906648312
104.0
6.28671191789914
109.8
5.889584616635219
114.5
5.872432933667341
116.5
5.6592707534512385
128.6
5.445955345096266
141.05
5.438781668374361
143.3
5.186709881777432
150.55
5.125860509543671
178.45
4.902027901770751

 -94.34797209822925
.(1)  
    done in 3.0e-04 seconds/evaluation
  dimension seconds/evaluations
  -----------------------------
     20      3.0e-04 
  -----------------------------
  bbob done (1 of 360 problems benchmarked)
Deleting folder:  exdata/EA_AOS_on_bbob_budget0500xD-005
, Sat Mar 30 12:31:18 2019 (0h00:02 total elapsed time).
