COCO INFO: Results will be output to folder exdata/EA_AOS_on_bbob_budget0500xD-001
after __main__
budget 0.46 0.54 61 DE/rand/1 500
above main 500
def main 500
Benchmarking solver '<function EA_AOS' with budget=500*dimension on b'bbob' suite, Sat Mar 30 12:31:58 2019
batch_loop 500
Mar30 12h31:58, d=20, running: f007coco_optimiser 10000
inside coco 10000
ea-aos 10000
0.05
2.6
829.4094926283183
4.3
694.8897450021609
8.35
569.2612693030089
10.85
542.8047740327363
17.95
503.8610754269744
21.75
277.4211441602436
24.65
266.76475272878105
36.05
256.45838839738883
37.25
246.21689728882046
42.0
222.2928319435909
43.95
218.99787117815526
55.75
160.35777337870647
58.25
156.5440953242727
76.75
120.6858088958677
81.0
103.97590753744615
92.75
91.39474616585977
136.8
81.19670327869079
138.05
75.68166153182051
157.5
58.484590765033204
172.55
57.05041921329706
233.95
50.71739859628656
238.85
40.81776800380209
278.95
38.35020503785796
299.9
33.98292243862389
379.55
33.76458103573631
411.1
32.984851656347985
446.85
28.919999109831878
458.8
28.661246419606158
461.3
25.742299367629144
483.55
25.496042768778466

 118.43604276877846
.(1)  
    done in 2.8e-04 seconds/evaluation
  dimension seconds/evaluations
  -----------------------------
     20      2.8e-04 
  -----------------------------
  bbob done (1 of 360 problems benchmarked)
Deleting folder:  exdata/EA_AOS_on_bbob_budget0500xD-001
, Sat Mar 30 12:32:01 2019 (0h00:02 total elapsed time).
