COCO INFO: Results will be output to folder exdata/EA_AOS_on_bbob_budget0500xD-006
after __main__
budget 0.22 0.59 51 DE/rand/1 500
above main 500
def main 500
Benchmarking solver '<function EA_AOS' with budget=500*dimension on b'bbob' suite, Sat Mar 30 12:35:51 2019
batch_loop 500
Mar30 12h35:51, d=20, running: f012coco_optimiser 10000
inside coco 10000
ea-aos 10000
0.05
0.9
10.3
155810505.4508836
16.35
108781990.67785989
18.1
77916674.86314589
24.1
68753523.39538269
29.7
52391625.34158456
32.55
43960510.886983044
44.8
43274641.700775325
48.0
40252448.78619866
50.8
29157497.135003287
60.55
25437997.03124662
64.05
18994909.274203368
75.05
13395732.299360469
83.5
11187747.737683566
97.3
10975907.610743532
103.9
10626412.149643412
125.65
10115800.81360717
130.9
9911961.143033534
133.0
8812230.193363912
151.9
8621739.528951049
153.8
7570790.077898922
190.05
7453704.839785477
199.5
7299474.860794014
201.95
7297304.027476489
219.9
7186407.533835107
222.45
7077147.3153768005
231.45
6680745.487923862
247.45
6305972.007270778

 6306049.897270777
.(1)  
    done in 2.7e-04 seconds/evaluation
  dimension seconds/evaluations
  -----------------------------
     20      2.7e-04 
  -----------------------------
  bbob done (1 of 360 problems benchmarked)
Deleting folder:  exdata/EA_AOS_on_bbob_budget0500xD-006
, Sat Mar 30 12:35:54 2019 (0h00:02 total elapsed time).
