COCO INFO: Results will be output to folder exdata/EA_AOS_on_bbob_budget0500xD-001
after __main__
budget 0.36 0.6 57 DE/rand/1 500
above main 500
def main 500
Benchmarking solver '<function EA_AOS' with budget=500*dimension on b'bbob' suite, Sat Mar 30 12:35:06 2019
batch_loop 500
Mar30 12h35:06, d=20, running: f014coco_optimiser 10000
inside coco 10000
ea-aos 10000
0.05
2.25
61.56471789121497
3.25
54.702880618981126
13.4
30.48600589858433
19.3
27.639409854472426
21.85
26.79361681040298
30.25
25.41003365662813
35.0
21.719825174812577
42.2
20.019192151554478
43.2
18.349813891197986
47.05
15.004602912958966
56.35
14.803124591265071
59.7
11.201195224771634
73.95
10.483120873052378
75.45
10.107685200809765
79.15
9.78543295142918
86.55
9.465114137629794
103.0
9.062498437781382
115.5
8.289236061334279
117.25
8.16442529748663
125.1
7.920471046516016
164.65
7.76876922159319
165.95
7.500206903399442
176.9
7.284918167160083
184.35
7.188381282233029
188.3
6.889920250504308
199.9
6.854751473603106
207.25
6.730172198452743
211.65
6.077039768946764
221.15
6.017463843718901
231.25
5.79142591348609
253.2
5.6352378539813595
259.35
5.239615857068338
262.35
4.929613446826061
287.0
4.928033402769402
292.3
4.792661419420427
302.1
4.685751934755323
304.1
4.61131009419688
325.8
4.609113980372283
328.75
4.526099195553447
334.35
4.4525632509186055
341.55
4.278279005325072
345.05
4.2645305338242006
349.7
4.160458455244908
363.5
4.096378466221009
385.9
4.057357475971849
397.6
3.9774051756760516

 11.617405175676051
.(1)  
    done in 3.2e-04 seconds/evaluation
  dimension seconds/evaluations
  -----------------------------
     20      3.2e-04 
  -----------------------------
  bbob done (1 of 360 problems benchmarked)
Deleting folder:  exdata/EA_AOS_on_bbob_budget0500xD-001
, Sat Mar 30 12:35:10 2019 (0h00:02 total elapsed time).
