COCO INFO: Results will be output to folder exdata/EA_AOS_on_bbob_budget0500xD-008
after __main__
budget 0.36 0.6 57 DE/rand/1 500
above main 500
def main 500
Benchmarking solver '<function EA_AOS' with budget=500*dimension on b'bbob' suite, Sat Mar 30 12:33:37 2019
batch_loop 500
Mar30 12h33:37, d=20, running: f005coco_optimiser 10000
inside coco 10000
ea-aos 10000
0.05
2.25
252.91753323909782
9.35
222.4958775999497
12.85
213.88947871605208
22.65
203.74191171698052
24.4
193.16364136688733
27.9
191.53526616041242
30.15
174.60650913356446
33.75
167.24891927909513
36.25
165.06204134117306
37.85
154.05799415434782
42.7
150.06143922570064
43.8
144.14285063736054
48.5
142.97538010895786
53.95
139.02132023030467
55.65
126.33509661198784
71.45
112.31886581655581
77.5
104.37981738274866
80.85
99.01974283248455
88.05
93.87246884465023
90.55
80.43313940705218
92.1
77.20434285309187
101.95
72.19945488211499
103.85
71.29763500897556
109.45
69.17414414010577
111.35
60.88030117575096
130.15
58.45613236726504
133.05
48.20509112237886
135.8
46.61855932581801
153.3
37.931441940866335
166.1
36.261444010800346
168.35
36.212615142956196
174.05
33.221579722562495
185.45
32.346858128364914
189.3
30.432566784196354
203.85
21.934506634130074
215.0
20.351165342371075
227.5
17.38104591292121
231.9
16.084926720963878
239.35
14.083394022155758
244.55
12.752977853767135
246.25
11.755044216986704
260.1
11.384771740446567
269.05
10.480769231283574
282.25
9.391821096481493
287.4
9.053965036129313
288.8
8.811963423035664
299.0
6.508302210703832
301.9
3.531950769072509
311.5
2.54854997140626
329.8
2.27427498570313
353.45
1.27427498570313
362.5
0.0

 99.53
.(1)  
    done in 2.5e-04 seconds/evaluation
  dimension seconds/evaluations
  -----------------------------
     20      2.5e-04 
  -----------------------------
  bbob done (1 of 360 problems benchmarked)
Deleting folder:  exdata/EA_AOS_on_bbob_budget0500xD-008
, Sat Mar 30 12:33:39 2019 (0h00:02 total elapsed time).
