COCO INFO: Results will be output to folder exdata/EA_AOS_on_bbob_budget0500xD-003
after __main__
budget 0.36 0.6 57 DE/rand/1 500
above main 500
def main 500
Benchmarking solver '<function EA_AOS' with budget=500*dimension on b'bbob' suite, Sat Mar 30 12:34:12 2019
batch_loop 500
Mar30 12h34:12, d=20, running: f017coco_optimiser 10000
inside coco 10000
ea-aos 10000
0.05
0.75
5.25
10.237983569831698
14.55
9.558904847866735
17.15
9.318292940757857
24.15
8.367528301033424
30.3
8.056873529393002
31.4
7.092163626553983
52.2
7.06388556087726
60.75
5.993397093829543
70.05
5.698401886342303
105.25
5.4766320377945235
107.0
5.415109459080533
124.75
4.2591108129607775
195.85
3.836786590706211
225.75
3.7739615095536294
232.55
3.5553169511395737
308.85
3.533891949127579
347.45
3.52891772930019
461.0
3.2955430713492007
496.0
3.268154089055642

 50.65815408905564
.(1)  
    done in 2.8e-04 seconds/evaluation
  dimension seconds/evaluations
  -----------------------------
     20      2.8e-04 
  -----------------------------
  bbob done (1 of 360 problems benchmarked)
Deleting folder:  exdata/EA_AOS_on_bbob_budget0500xD-003
, Sat Mar 30 12:34:14 2019 (0h00:02 total elapsed time).
