COCO INFO: Results will be output to folder exdata/EA_AOS_on_bbob_budget0500xD-002
after __main__
budget 0.5 0.17 100 DE/rand/1 500
above main 500
def main 500
Benchmarking solver '<function EA_AOS' with budget=500*dimension on b'bbob' suite, Sat Mar 30 11:35:45 2019
batch_loop 500
Mar30 11h35:45, d=20, running: f008coco_optimiser 10000
inside coco 10000
ea-aos 10000
0.05
0.05
20.05
35414.14136248077
34.6
29257.585517255167
39.6
28691.329099232764
53.2
25259.329523891978
56.55
18448.995442423173
61.55
14331.823956928774
71.55
11812.95389455757
85.05
9463.371108413572
92.8
9331.176225728772
99.5
9121.274551552768
103.9
6725.48511593677
109.35
2720.605706842369
119.35
2273.928901203969
124.35
2115.5660737607686
149.35
1588.3562317671688
184.75
1448.2998195847683
204.35
1176.003569351169
214.75
821.9640273319693
219.75
662.5400646567691
297.5
547.2319159847691
307.5
449.9188291111691
325.8
288.0774222503689
350.8
277.39116245196885
380.35
258.26187246476906
385.8
255.39900368076894
450.35
254.37749935756904
477.15
242.94917320076902
480.35
213.836867815169

 24.04686781516901
.(1)  
    done in 2.9e-04 seconds/evaluation
  dimension seconds/evaluations
  -----------------------------
     20      2.9e-04 
  -----------------------------
  bbob done (1 of 360 problems benchmarked)
Deleting folder:  exdata/EA_AOS_on_bbob_budget0500xD-002
, Sat Mar 30 11:35:48 2019 (0h00:02 total elapsed time).
