COCO INFO: Results will be output to folder exdata/EA_AOS_on_bbob_budget0500xD-002
after __main__
budget 0.38 0.54 53 DE/rand/1 500
above main 500
def main 500
Benchmarking solver '<function EA_AOS' with budget=500*dimension on b'bbob' suite, Sat Mar 30 12:35:34 2019
batch_loop 500
Mar30 12h35:34, d=20, running: f020coco_optimiser 10000
inside coco 10000
ea-aos 10000
0.05
0.05
8.7
9419.168372308284
12.45
7240.98081142306
20.7
2578.193201029359
33.15
1608.4538403716472
39.4
401.8090636422021
42.5
171.89239852177278
63.25
60.32170063853468
77.85
4.473014158273571
84.5
4.438575705655495
92.45
3.9695631706543963
111.3
3.944451650327835
118.85
3.92750637065609
121.6
3.865547848228431
128.9
3.7225274174377603
132.1
3.609876599315271
143.1
3.4253047231522373
150.75
3.3122069731615227
161.4
3.2623025363323848
163.25
3.2018063675246253
168.6
3.1555891576154806
184.75
3.148812471660392
187.85
3.1382525160649095
190.05
3.069322367037131
195.95
3.0269650654875306
204.45
2.8944810650000363
218.25
2.8486989532076166

 -142.7313010467924
.(1)  
    done in 2.4e-04 seconds/evaluation
  dimension seconds/evaluations
  -----------------------------
     20      2.4e-04 
  -----------------------------
  bbob done (1 of 360 problems benchmarked)
Deleting folder:  exdata/EA_AOS_on_bbob_budget0500xD-002
, Sat Mar 30 12:35:37 2019 (0h00:02 total elapsed time).
