COCO INFO: Results will be output to folder exdata/EA_AOS_on_bbob_budget0500xD-001
after __main__
budget 0.27 0.56 66 DE/rand/1 500
above main 500
def main 500
Benchmarking solver '<function EA_AOS' with budget=500*dimension on b'bbob' suite, Sat Mar 30 12:35:34 2019
batch_loop 500
Mar30 12h35:34, d=20, running: f020coco_optimiser 10000
inside coco 10000
ea-aos 10000
0.05
0.05
4.95
13443.050398334466
11.2
12943.51338122168
16.15
12840.965790216374
21.1
6009.7355135995185
23.35
3715.3212172720664
30.25
1558.5837490220044
33.75
1355.2555584587672
40.85
1238.5601031013289
49.4
92.78673676357806
54.75
83.68272918290016
64.6
78.3696884112698
67.9
6.50496600370397
81.5
4.4884596433489605
83.9
4.414612881433754
87.95
4.152221757258957
100.85
3.857226168491877
107.05
3.822402137907318
123.95
3.794834574396617
127.25
3.7637047782526167
136.65
3.5953259769145802
140.85
3.431032473851758
142.65
3.357153994563305
180.9
3.2187754987562016
183.35
3.200122905629428
226.8
3.179038812284176
227.9
3.144501213025336
242.75
2.9364668365898865
266.15
2.8523420154102723
272.8
2.8065599036178526
278.15
2.7908627935580057
288.95
2.6849947380477204
298.35
2.679596532124066
313.7
2.633814420331646

 -142.94618557966837
.(1)  
    done in 2.6e-04 seconds/evaluation
  dimension seconds/evaluations
  -----------------------------
     20      2.6e-04 
  -----------------------------
  bbob done (1 of 360 problems benchmarked)
Deleting folder:  exdata/EA_AOS_on_bbob_budget0500xD-001
, Sat Mar 30 12:35:37 2019 (0h00:02 total elapsed time).
