COCO INFO: Results will be output to folder exdata/EA_AOS_on_bbob_budget0500xD-005
after __main__
budget 0.12 0.53 62 DE/rand/1 500
above main 500
def main 500
Benchmarking solver '<function EA_AOS' with budget=500*dimension on b'bbob' suite, Sat Mar 30 12:35:13 2019
batch_loop 500
Mar30 12h35:13, d=20, running: f014coco_optimiser 10000
inside coco 10000
ea-aos 10000
0.05
1.85
33.30029047991755
3.3
29.48514647186481
10.9
25.56809337223703
16.65
24.671319295186294
18.8
20.416258172641122
29.9
15.64983963656951
41.75
13.166338942345817
45.25
12.769649549010836
54.85
9.500734733986718
67.25
9.176270525588833
72.8
8.860224313996241
88.95
8.661830025621583
93.65
8.537631775509723
97.2
8.066782314397429
101.35
6.187138472511606
113.5
5.076794935154481
137.35
4.999444311377076
147.5
4.589828090056201
163.0
4.228531076473786
178.7
3.7329526882701316
215.7
3.5834143949711432
217.7
3.339121778522184
234.6
3.199097978244751
239.4
3.1264755713911114
249.65
2.922940392266611
258.95
2.8237063471057127
264.6
2.814494811821163
267.2
2.6701715496448912
278.1
2.566043296597826

 -96.68395670340217
.(1)  
    done in 2.6e-04 seconds/evaluation
  dimension seconds/evaluations
  -----------------------------
     20      2.6e-04 
  -----------------------------
  bbob done (1 of 360 problems benchmarked)
Deleting folder:  exdata/EA_AOS_on_bbob_budget0500xD-005
, Sat Mar 30 12:35:15 2019 (0h00:02 total elapsed time).
