COCO INFO: Results will be output to folder exdata/EA_AOS_on_bbob_budget0500xD-021
after __main__
budget 1.47 0.32 341 DE/rand/1 500
above main 500
def main 500
Benchmarking solver '<function EA_AOS' with budget=500*dimension on b'bbob' suite, Sat Mar 30 11:48:52 2019
batch_loop 500
Mar30 11h48:52, d=20, running: f006coco_optimiser 10000
inside coco 10000
ea-aos 10000
0.05
10.9
64399.34608822827
131.05
47086.63044314065
216.3
37849.71584587056
318.6
34971.453800767355

 35002.30380076735
.(1)  
    done in 3.7e-04 seconds/evaluation
  dimension seconds/evaluations
  -----------------------------
     20      3.7e-04 
  -----------------------------
  bbob done (1 of 360 problems benchmarked)
Deleting folder:  exdata/EA_AOS_on_bbob_budget0500xD-021
, Sat Mar 30 11:48:55 2019 (0h00:03 total elapsed time).
