COCO INFO: Results will be output to folder exdata/EA_AOS_on_bbob_budget0500xD-015
after __main__
budget 1.57 0.47 139 DE/rand-to-best/2 500
above main 500
def main 500
Benchmarking solver '<function EA_AOS' with budget=500*dimension on b'bbob' suite, Sat Mar 30 08:30:47 2019
batch_loop 500
Mar30 08h30:47, d=20, running: f003coco_optimiser 10000
inside coco 10000
ea-aos 10000
0.05
0.1
437.7

 143.55538103403893
.(1)  
    done in 3.3e-04 seconds/evaluation
  dimension seconds/evaluations
  -----------------------------
     20      3.3e-04 
  -----------------------------
  bbob done (1 of 360 problems benchmarked)
Deleting folder:  exdata/EA_AOS_on_bbob_budget0500xD-015
, Sat Mar 30 08:30:51 2019 (0h00:03 total elapsed time).
