COCO INFO: Results will be output to folder exdata/EA_AOS_on_bbob_budget0500xD-003
after __main__
budget 0.44 0.78 182 DE/rand-to-best/2 500
above main 500
def main 500
Benchmarking solver '<function EA_AOS' with budget=500*dimension on b'bbob' suite, Sat Mar 30 08:35:32 2019
batch_loop 500
Mar30 08h35:32, d=20, running: f021coco_optimiser 10000
inside coco 10000
ea-aos 10000
0.05
0.05
27.45
40.45
69.5
75.7
85.15
107.6
128.25
141.65
150.4
168.6
176.35
224.8
297.0
377.7
481.0

 -31.8239398831441
.(1)  
    done in 3.3e-04 seconds/evaluation
  dimension seconds/evaluations
  -----------------------------
     20      3.3e-04 
  -----------------------------
  bbob done (1 of 360 problems benchmarked)
Deleting folder:  exdata/EA_AOS_on_bbob_budget0500xD-003
, Sat Mar 30 08:35:35 2019 (0h00:03 total elapsed time).
