COCO INFO: Results will be output to folder exdata/EA_AOS_on_bbob_budget0500xD-012
after __main__
budget 0.22 0.87 395 DE/rand-to-best/2 500
above main 500
def main 500
Benchmarking solver '<function EA_AOS' with budget=500*dimension on b'bbob' suite, Sat Mar 30 08:29:27 2019
batch_loop 500
Mar30 08h29:27, d=20, running: f018coco_optimiser 10000
inside coco 10000
ea-aos 10000
0.05
17.0
22.6
45.25
64.3
102.1
157.75
183.15
275.8

 1.6617740151830809
.(1)  
    done in 4.5e-04 seconds/evaluation
  dimension seconds/evaluations
  -----------------------------
     20      4.5e-04 
  -----------------------------
  bbob done (1 of 360 problems benchmarked)
Deleting folder:  exdata/EA_AOS_on_bbob_budget0500xD-012
, Sat Mar 30 08:29:31 2019 (0h00:03 total elapsed time).
