COCO INFO: Results will be output to folder exdata/EA_AOS_on_bbob_budget0500xD-015
after __main__
budget 0.36 0.58 81 DE/rand-to-best/2 500
above main 500
def main 500
Benchmarking solver '<function EA_AOS' with budget=500*dimension on b'bbob' suite, Sat Mar 30 08:29:27 2019
batch_loop 500
Mar30 08h29:27, d=20, running: f018coco_optimiser 10000
inside coco 10000
ea-aos 10000
0.05
3.1
7.05
8.6
19.1
21.85
25.9
47.95
51.6
55.3
79.75
89.2
129.05
132.85
165.4
230.05
424.45

 -7.786823455321267
.(1)  
    done in 2.4e-04 seconds/evaluation
  dimension seconds/evaluations
  -----------------------------
     20      2.4e-04 
  -----------------------------
  bbob done (1 of 360 problems benchmarked)
Deleting folder:  exdata/EA_AOS_on_bbob_budget0500xD-015
, Sat Mar 30 08:29:29 2019 (0h00:02 total elapsed time).
