COCO INFO: Results will be output to folder exdata/EA_AOS_on_bbob_budget0500xD-003
after __main__
budget 1.14 0.41 198 DE/rand-to-best/2 500
above main 500
def main 500
Benchmarking solver '<function EA_AOS' with budget=500*dimension on b'bbob' suite, Sat Mar 30 08:27:39 2019
batch_loop 500
Mar30 08h27:39, d=20, running: f002coco_optimiser 10000
inside coco 10000
ea-aos 10000
0.05
1.3
12.8

 1267767.1318351272
.(1)  
    done in 3.0e-04 seconds/evaluation
  dimension seconds/evaluations
  -----------------------------
     20      3.0e-04 
  -----------------------------
  bbob done (1 of 360 problems benchmarked)
Deleting folder:  exdata/EA_AOS_on_bbob_budget0500xD-003
, Sat Mar 30 08:27:42 2019 (0h00:02 total elapsed time).
