COCO INFO: Results will be output to folder exdata/EA_AOS_on_bbob_budget0500xD-003
after __main__
budget 0.15 0.78 261 DE/rand-to-best/2 500
above main 500
def main 500
Benchmarking solver '<function EA_AOS' with budget=500*dimension on b'bbob' suite, Sat Mar 30 08:29:29 2019
batch_loop 500
Mar30 08h29:30, d=20, running: f018coco_optimiser 10000
inside coco 10000
ea-aos 10000
0.05
3.1
15.3
33.3
43.7
64.65
106.6
119.4
233.35
257.8
268.35

 0.6654763002733866
.(1)  
    done in 3.7e-04 seconds/evaluation
  dimension seconds/evaluations
  -----------------------------
     20      3.7e-04 
  -----------------------------
  bbob done (1 of 360 problems benchmarked)
Deleting folder:  exdata/EA_AOS_on_bbob_budget0500xD-003
, Sat Mar 30 08:29:33 2019 (0h00:03 total elapsed time).
