COCO INFO: Results will be output to folder exdata/EA_AOS_on_bbob_budget0500xD-020
after __main__
budget 0.5 0.89 297 DE/rand-to-best/2 500
above main 500
def main 500
Benchmarking solver '<function EA_AOS' with budget=500*dimension on b'bbob' suite, Sat Mar 30 08:29:39 2019
batch_loop 500
Mar30 08h29:39, d=20, running: f018coco_optimiser 10000
inside coco 10000
ea-aos 10000
0.05
3.1
18.0
63.3
76.75
116.55
152.65
164.85
207.05
224.7
238.15
304.4
317.4
340.5
365.8
423.5
431.7

 -4.658789724479806
.(1)  
    done in 3.9e-04 seconds/evaluation
  dimension seconds/evaluations
  -----------------------------
     20      3.9e-04 
  -----------------------------
  bbob done (1 of 360 problems benchmarked)
Deleting folder:  exdata/EA_AOS_on_bbob_budget0500xD-020
, Sat Mar 30 08:29:43 2019 (0h00:03 total elapsed time).
