COCO INFO: Results will be output to folder exdata/EA_AOS_on_bbob_budget0500xD-021
after __main__
budget 0.55 0.39 368 DE/rand-to-best/2 500
above main 500
def main 500
Benchmarking solver '<function EA_AOS' with budget=500*dimension on b'bbob' suite, Sat Mar 30 08:31:24 2019
batch_loop 500
Mar30 08h31:24, d=20, running: f003coco_optimiser 10000
inside coco 10000
ea-aos 10000
0.05
15.3
28.0
125.05
145.85
182.65
203.65
257.1
291.35
309.75
372.45
494.65

 -241.13096892727765
.(1)  
    done in 3.8e-04 seconds/evaluation
  dimension seconds/evaluations
  -----------------------------
     20      3.8e-04 
  -----------------------------
  bbob done (1 of 360 problems benchmarked)
Deleting folder:  exdata/EA_AOS_on_bbob_budget0500xD-021
, Sat Mar 30 08:31:28 2019 (0h00:03 total elapsed time).
