COCO INFO: Results will be output to folder exdata/EA_AOS_on_bbob_budget0500xD
after __main__
budget 0.3 0.6 258 DE/rand-to-best/2 500
above main 500
def main 500
Benchmarking solver '<function EA_AOS' with budget=500*dimension on b'bbob' suite, Sat Mar 30 08:34:58 2019
batch_loop 500
Mar30 08h34:59, d=20, running: f007coco_optimiser 10000
inside coco 10000
ea-aos 10000
0.05
1.05
24.55
26.9
39.8
79.3
93.75
119.55
131.15
144.55
180.0
290.35
316.55

 150.92667974487057
.(1)  
    done in 3.8e-04 seconds/evaluation
  dimension seconds/evaluations
  -----------------------------
     20      3.8e-04 
  -----------------------------
  bbob done (1 of 360 problems benchmarked)
Deleting folder:  exdata/EA_AOS_on_bbob_budget0500xD
, Sat Mar 30 08:35:02 2019 (0h00:03 total elapsed time).
