COCO INFO: Results will be output to folder exdata/EA_AOS_on_bbob_budget0500xD-002
after __main__
budget 0.35 0.87 109 DE/rand-to-best/2 500
above main 500
def main 500
Benchmarking solver '<function EA_AOS' with budget=500*dimension on b'bbob' suite, Sat Mar 30 08:35:53 2019
batch_loop 500
Mar30 08h35:53, d=20, running: f022coco_optimiser 10000
inside coco 10000
ea-aos 10000
0.05
4.55
15.3
18.1
25.45
37.15
42.55
49.05
52.1
144.3
157.4
251.3
273.05

 131.99278482865435
.(1)  
    done in 2.7e-04 seconds/evaluation
  dimension seconds/evaluations
  -----------------------------
     20      2.7e-04 
  -----------------------------
  bbob done (1 of 360 problems benchmarked)
Deleting folder:  exdata/EA_AOS_on_bbob_budget0500xD-002
, Sat Mar 30 08:35:55 2019 (0h00:02 total elapsed time).
