COCO INFO: Results will be output to folder exdata/EA_AOS_on_bbob_budget0500xD-007
after __main__
budget 0.41 0.65 54 DE/rand-to-best/2 500
above main 500
def main 500
Benchmarking solver '<function EA_AOS' with budget=500*dimension on b'bbob' suite, Sat Mar 30 08:39:31 2019
batch_loop 500
Mar30 08h39:31, d=20, running: f004coco_optimiser 10000
inside coco 10000
ea-aos 10000
0.05
0.05
2.75
8.0
16.15
21.5
25.6
32.85
37.4
47.25
54.7
63.3
98.5
101.35
105.6
128.0
136.3
144.45
164.95
179.0
188.4
192.5

 217.59345735246876
.(1)  
    done in 3.0e-04 seconds/evaluation
  dimension seconds/evaluations
  -----------------------------
     20      3.0e-04 
  -----------------------------
  bbob done (1 of 360 problems benchmarked)
Deleting folder:  exdata/EA_AOS_on_bbob_budget0500xD-007
, Sat Mar 30 08:39:35 2019 (0h00:02 total elapsed time).
