COCO INFO: Results will be output to folder exdata/EA_AOS_on_bbob_budget0500xD-015
after __main__
budget 0.35 0.71 106 DE/rand-to-best/2 500
above main 500
def main 500
Benchmarking solver '<function EA_AOS' with budget=500*dimension on b'bbob' suite, Sat Mar 30 08:45:21 2019
batch_loop 500
Mar30 08h45:22, d=20, running: f018coco_optimiser 10000
inside coco 10000
ea-aos 10000
0.05
3.1
8.05
24.95
33.55
37.5
48.05
57.85
61.65
108.15
118.45
124.6
171.15
310.25
479.35

 -2.7858094921786805
.(1)  
    done in 2.8e-04 seconds/evaluation
  dimension seconds/evaluations
  -----------------------------
     20      2.8e-04 
  -----------------------------
  bbob done (1 of 360 problems benchmarked)
Deleting folder:  exdata/EA_AOS_on_bbob_budget0500xD-015
, Sat Mar 30 08:45:24 2019 (0h00:02 total elapsed time).
