COCO INFO: Results will be output to folder exdata/EA_AOS_on_bbob_budget0500xD-027
after __main__
budget 0.56 0.71 58 DE/rand-to-best/2 500
above main 500
def main 500
Benchmarking solver '<function EA_AOS' with budget=500*dimension on b'bbob' suite, Sat Mar 30 08:37:16 2019
batch_loop 500
Mar30 08h37:16, d=20, running: f003coco_optimiser 10000
inside coco 10000
ea-aos 10000
0.05
0.1
3.95
16.8
17.7
20.85
32.65
35.4
41.15
44.4
49.55
54.0
61.3
86.8
111.85
133.75
152.0
180.45
228.9
236.4
280.65
305.8
309.5
332.3
335.6
380.5
455.25

 -295.4061519692388
.(1)  
    done in 3.4e-04 seconds/evaluation
  dimension seconds/evaluations
  -----------------------------
     20      3.4e-04 
  -----------------------------
  bbob done (1 of 360 problems benchmarked)
Deleting folder:  exdata/EA_AOS_on_bbob_budget0500xD-027
, Sat Mar 30 08:37:20 2019 (0h00:03 total elapsed time).
