COCO INFO: Results will be output to folder exdata/EA_AOS_on_bbob_budget0500xD-005
after __main__
budget 0.27 0.66 105 DE/rand-to-best/2 500
above main 500
def main 500
Benchmarking solver '<function EA_AOS' with budget=500*dimension on b'bbob' suite, Sat Mar 30 08:37:16 2019
batch_loop 500
Mar30 08h37:16, d=20, running: f003coco_optimiser 10000
inside coco 10000
ea-aos 10000
0.05
0.1
8.25
11.3
15.85
23.0
29.95
31.95
39.25
46.9
52.15
65.85
83.85
92.4
102.9
115.05
128.65
162.3
199.2
207.85
242.65
264.6

 -208.46615735262617
.(1)  
    done in 2.9e-04 seconds/evaluation
  dimension seconds/evaluations
  -----------------------------
     20      2.9e-04 
  -----------------------------
  bbob done (1 of 360 problems benchmarked)
Deleting folder:  exdata/EA_AOS_on_bbob_budget0500xD-005
, Sat Mar 30 08:37:19 2019 (0h00:02 total elapsed time).
