COCO INFO: Results will be output to folder exdata/EA_AOS_on_bbob_budget0500xD-029
after __main__
budget 0.52 0.73 97 DE/rand-to-best/2 500
above main 500
def main 500
Benchmarking solver '<function EA_AOS' with budget=500*dimension on b'bbob' suite, Sat Mar 30 08:38:25 2019
batch_loop 500
Mar30 08h38:25, d=20, running: f005coco_optimiser 10000
inside coco 10000
ea-aos 10000
0.05
0.5
5.05
14.15
15.45
22.0
28.8
33.15
35.05
38.95
48.2
50.8
57.35
58.3
79.4
86.95
95.55
98.8
102.8

 -66.39
.(1)  
    done in 3.5e-04 seconds/evaluation
  dimension seconds/evaluations
  -----------------------------
     20      3.5e-04 
  -----------------------------
  bbob done (1 of 360 problems benchmarked)
Deleting folder:  exdata/EA_AOS_on_bbob_budget0500xD-029
, Sat Mar 30 08:38:28 2019 (0h00:02 total elapsed time).
