COCO INFO: Results will be output to folder exdata/EA_AOS_on_bbob_budget0500xD-008
after __main__
budget 0.26 0.55 71 DE/rand-to-best/2 500
above main 500
def main 500
Benchmarking solver '<function EA_AOS' with budget=500*dimension on b'bbob' suite, Sat Mar 30 08:45:21 2019
batch_loop 500
Mar30 08h45:21, d=20, running: f018coco_optimiser 10000
inside coco 10000
ea-aos 10000
0.05
3.1
3.6
24.25
25.8
29.95
33.5
51.75
53.75
146.05
159.55
291.4
385.25
485.55

 -5.106329284832679
.(1)  
    done in 3.3e-04 seconds/evaluation
  dimension seconds/evaluations
  -----------------------------
     20      3.3e-04 
  -----------------------------
  bbob done (1 of 360 problems benchmarked)
Deleting folder:  exdata/EA_AOS_on_bbob_budget0500xD-008
, Sat Mar 30 08:45:25 2019 (0h00:02 total elapsed time).
