COCO INFO: Results will be output to folder exdata/EA_AOS_on_bbob_budget0500xD-008
after __main__
budget 0.22 0.63 50 DE/rand-to-best/2 500
above main 500
def main 500
Benchmarking solver '<function EA_AOS' with budget=500*dimension on b'bbob' suite, Sat Mar 30 08:43:07 2019
batch_loop 500
Mar30 08h43:07, d=20, running: f007coco_optimiser 10000
inside coco 10000
ea-aos 10000
0.05
1.05
5.35
8.15
12.6
17.1
20.1
25.3
31.8
34.8
46.55
57.55
62.9
69.25
74.35
77.3
88.15
94.15
97.2
100.4

 167.16682439260677
.(1)  
    done in 3.0e-04 seconds/evaluation
  dimension seconds/evaluations
  -----------------------------
     20      3.0e-04 
  -----------------------------
  bbob done (1 of 360 problems benchmarked)
Deleting folder:  exdata/EA_AOS_on_bbob_budget0500xD-008
, Sat Mar 30 08:43:10 2019 (0h00:02 total elapsed time).
