COCO INFO: Results will be output to folder exdata/EA_AOS_on_bbob_budget0500xD-009
after __main__
budget 1.02 0.77 114 DE/rand-to-best/2 500
above main 500
def main 500
Benchmarking solver '<function EA_AOS' with budget=500*dimension on b'bbob' suite, Sat Mar 30 08:38:36 2019
batch_loop 500
Mar30 08h38:36, d=20, running: f005coco_optimiser 10000
inside coco 10000
ea-aos 10000
0.05
5.35
7.3
12.55
20.05
23.6
32.05
36.65
42.1
47.45

 -66.39
.(1)  
    done in 3.1e-04 seconds/evaluation
  dimension seconds/evaluations
  -----------------------------
     20      3.1e-04 
  -----------------------------
  bbob done (1 of 360 problems benchmarked)
Deleting folder:  exdata/EA_AOS_on_bbob_budget0500xD-009
, Sat Mar 30 08:38:39 2019 (0h00:02 total elapsed time).
