COCO INFO: Results will be output to folder exdata/EA_AOS_on_bbob_budget0500xD-015
after __main__
budget 0.24 0.77 66 DE/rand-to-best/2 500
above main 500
def main 500
Benchmarking solver '<function EA_AOS' with budget=500*dimension on b'bbob' suite, Sat Mar 30 08:42:00 2019
batch_loop 500
Mar30 08h42:00, d=20, running: f011coco_optimiser 10000
inside coco 10000
ea-aos 10000
0.05
3.1
5.5
19.2
23.05
26.95
40.35
72.7
80.6
219.3
322.7
386.15

 106.63559814291018
.(1)  
    done in 2.8e-04 seconds/evaluation
  dimension seconds/evaluations
  -----------------------------
     20      2.8e-04 
  -----------------------------
  bbob done (1 of 360 problems benchmarked)
Deleting folder:  exdata/EA_AOS_on_bbob_budget0500xD-015
, Sat Mar 30 08:42:02 2019 (0h00:02 total elapsed time).
