COCO INFO: Results will be output to folder exdata/EA_AOS_on_bbob_budget0500xD-002
after __main__
budget 0.19 0.62 73 DE/rand-to-best/2 500
above main 500
def main 500
Benchmarking solver '<function EA_AOS' with budget=500*dimension on b'bbob' suite, Sat Mar 30 08:44:14 2019
batch_loop 500
Mar30 08h44:14, d=20, running: f021coco_optimiser 10000
inside coco 10000
ea-aos 10000
0.05
0.05
4.95
10.35
12.5
28.55
32.05
38.3
49.8
74.75
78.05
89.0
93.6
133.65
147.2
164.0
184.45
203.25
210.3
235.85
243.45
244.6
252.45
261.4
262.85
345.7

 -24.837870413449593
.(1)  
    done in 3.4e-04 seconds/evaluation
  dimension seconds/evaluations
  -----------------------------
     20      3.4e-04 
  -----------------------------
  bbob done (1 of 360 problems benchmarked)
Deleting folder:  exdata/EA_AOS_on_bbob_budget0500xD-002
, Sat Mar 30 08:44:17 2019 (0h00:03 total elapsed time).
