COCO INFO: Results will be output to folder exdata/EA_AOS_on_bbob_budget0500xD-006
after __main__
budget 0.42 0.73 56 DE/rand-to-best/2 500
above main 500
def main 500
Benchmarking solver '<function EA_AOS' with budget=500*dimension on b'bbob' suite, Sat Mar 30 08:37:40 2019
batch_loop 500
Mar30 08h37:40, d=20, running: f003coco_optimiser 10000
inside coco 10000
ea-aos 10000
0.05
0.1
6.65
9.65
13.05
15.25
22.65
26.85
28.95
32.4
35.9
37.55
46.4
51.55
55.2
69.5
119.1
136.7
162.35
179.45
218.55

 -249.68197981422747
.(1)  
    done in 2.9e-04 seconds/evaluation
  dimension seconds/evaluations
  -----------------------------
     20      2.9e-04 
  -----------------------------
  bbob done (1 of 360 problems benchmarked)
Deleting folder:  exdata/EA_AOS_on_bbob_budget0500xD-006
, Sat Mar 30 08:37:43 2019 (0h00:02 total elapsed time).
