COCO INFO: Results will be output to folder exdata/EA_AOS_on_bbob_budget0500xD-022
after __main__
budget 0.54 0.67 104 DE/rand-to-best/2 500
above main 500
def main 500
Benchmarking solver '<function EA_AOS' with budget=500*dimension on b'bbob' suite, Sat Mar 30 08:43:20 2019
batch_loop 500
Mar30 08h43:20, d=20, running: f007coco_optimiser 10000
inside coco 10000
ea-aos 10000
0.05
1.05
10.35
16.1
29.5
47.15
61.0
77.55
110.5
124.6
140.9
156.55
261.8
295.6
339.65
382.15
472.1

 144.57334251208522
.(1)  
    done in 2.9e-04 seconds/evaluation
  dimension seconds/evaluations
  -----------------------------
     20      2.9e-04 
  -----------------------------
  bbob done (1 of 360 problems benchmarked)
Deleting folder:  exdata/EA_AOS_on_bbob_budget0500xD-022
, Sat Mar 30 08:43:22 2019 (0h00:02 total elapsed time).
