COCO INFO: Results will be output to folder exdata/EA_AOS_on_bbob_budget0500xD-023
after __main__
budget 0.17 0.78 94 DE/rand-to-best/2 500
above main 500
def main 500
Benchmarking solver '<function EA_AOS' with budget=500*dimension on b'bbob' suite, Sat Mar 30 08:38:48 2019
batch_loop 500
Mar30 08h38:48, d=20, running: f005coco_optimiser 10000
inside coco 10000
ea-aos 10000
0.05
0.5
5.1
22.15
33.85
43.95
93.6
148.95
242.75
268.4
334.7
351.1
399.65
421.3
424.7
477.15
490.65

 89.93955700514773
.(1)  
    done in 2.9e-04 seconds/evaluation
  dimension seconds/evaluations
  -----------------------------
     20      2.9e-04 
  -----------------------------
  bbob done (1 of 360 problems benchmarked)
Deleting folder:  exdata/EA_AOS_on_bbob_budget0500xD-023
, Sat Mar 30 08:38:51 2019 (0h00:02 total elapsed time).
