COCO INFO: Results will be output to folder exdata/EA_AOS_on_bbob_budget0500xD-001
after __main__
budget 0.44 0.61 72 DE/rand-to-best/2 500
above main 500
def main 500
Benchmarking solver '<function EA_AOS' with budget=500*dimension on b'bbob' suite, Sat Mar 30 08:46:26 2019
batch_loop 500
Mar30 08h46:26, d=20, running: f023coco_optimiser 10000
inside coco 10000
ea-aos 10000
0.05
3.4
20.6
33.4
82.8
150.9
251.2

 -219.94745155652748
.(1)  
    done in 3.7e-04 seconds/evaluation
  dimension seconds/evaluations
  -----------------------------
     20      3.7e-04 
  -----------------------------
  bbob done (1 of 360 problems benchmarked)
Deleting folder:  exdata/EA_AOS_on_bbob_budget0500xD-001
, Sat Mar 30 08:46:29 2019 (0h00:03 total elapsed time).
