COCO INFO: Results will be output to folder exdata/EA_AOS_on_bbob_budget0500xD-007
after __main__
budget 0.22 0.7 65 DE/rand-to-best/2 500
above main 500
def main 500
Benchmarking solver '<function EA_AOS' with budget=500*dimension on b'bbob' suite, Sat Mar 30 08:43:31 2019
batch_loop 500
Mar30 08h43:31, d=20, running: f007coco_optimiser 10000
inside coco 10000
ea-aos 10000
0.05
1.05
8.05
14.4
36.75
40.85
59.25
89.35
107.0
115.6
157.85
199.45
309.7
342.85
387.1

 150.01861419163413
.(1)  
    done in 2.9e-04 seconds/evaluation
  dimension seconds/evaluations
  -----------------------------
     20      2.9e-04 
  -----------------------------
  bbob done (1 of 360 problems benchmarked)
Deleting folder:  exdata/EA_AOS_on_bbob_budget0500xD-007
, Sat Mar 30 08:43:34 2019 (0h00:02 total elapsed time).
