COCO INFO: Results will be output to folder exdata/EA_AOS_on_bbob_budget0500xD-016
after __main__
budget 0.38 0.55 65 DE/rand-to-best/2 500
above main 500
def main 500
Benchmarking solver '<function EA_AOS' with budget=500*dimension on b'bbob' suite, Sat Mar 30 08:37:53 2019
batch_loop 500
Mar30 08h37:53, d=20, running: f003coco_optimiser 10000
inside coco 10000
ea-aos 10000
0.05
0.1
5.35
10.65
14.8
23.0
42.8
45.75
49.0
61.4
64.7
71.05
98.0
102.15
109.1
111.75
124.75
127.95
131.55
136.2
139.6
148.95
162.4
181.9
229.7
257.15
261.1
266.4

 -273.55051665893484
.(1)  
    done in 3.5e-04 seconds/evaluation
  dimension seconds/evaluations
  -----------------------------
     20      3.5e-04 
  -----------------------------
  bbob done (1 of 360 problems benchmarked)
Deleting folder:  exdata/EA_AOS_on_bbob_budget0500xD-016
, Sat Mar 30 08:37:56 2019 (0h00:03 total elapsed time).
