COCO INFO: Results will be output to folder exdata/EA_AOS_on_bbob_budget0500xD-001
after __main__
budget 0.46 0.59 62 DE/rand-to-best/2 500
above main 500
def main 500
Benchmarking solver '<function EA_AOS' with budget=500*dimension on b'bbob' suite, Sat Mar 30 08:44:59 2019
batch_loop 500
Mar30 08h44:59, d=20, running: f022coco_optimiser 10000
inside coco 10000
ea-aos 10000
0.05
1.85
7.85
12.2
15.75
26.3
31.75
36.95
39.05
45.0
54.25
57.5
60.6
64.7
67.5
73.7
74.55
79.85
83.05
87.0
90.7
103.15
120.65
139.15
155.9
174.45
183.4
204.0
224.05
250.05
259.9
264.3
272.75
297.0

 112.46212259338554
.(1)  
    done in 2.9e-04 seconds/evaluation
  dimension seconds/evaluations
  -----------------------------
     20      2.9e-04 
  -----------------------------
  bbob done (1 of 360 problems benchmarked)
Deleting folder:  exdata/EA_AOS_on_bbob_budget0500xD-001
, Sat Mar 30 08:45:02 2019 (0h00:02 total elapsed time).
