COCO INFO: Results will be output to folder exdata/EA_AOS_on_bbob_budget0500xD-029
after __main__
budget 0.56 0.86 127 DE/rand-to-best/2 500
above main 500
def main 500
Benchmarking solver '<function EA_AOS' with budget=500*dimension on b'bbob' suite, Sat Mar 30 08:39:00 2019
batch_loop 500
Mar30 08h39:00, d=20, running: f005coco_optimiser 10000
inside coco 10000
ea-aos 10000
0.05
5.35
8.4
15.65
21.3
26.3
36.2
42.9
51.05
62.6
69.2
71.4
76.25
88.3
91.9
96.4
103.45
117.45
136.8
141.9

 -66.39
.(1)  
    done in 2.9e-04 seconds/evaluation
  dimension seconds/evaluations
  -----------------------------
     20      2.9e-04 
  -----------------------------
  bbob done (1 of 360 problems benchmarked)
Deleting folder:  exdata/EA_AOS_on_bbob_budget0500xD-029
, Sat Mar 30 08:39:03 2019 (0h00:02 total elapsed time).
