COCO INFO: Results will be output to folder exdata/EA_AOS_on_bbob_budget0500xD-010
after __main__
budget 0.43 0.74 124 DE/rand-to-best/2 500
above main 500
def main 500
Benchmarking solver '<function EA_AOS' with budget=500*dimension on b'bbob' suite, Sat Mar 30 08:42:34 2019
batch_loop 500
Mar30 08h42:34, d=20, running: f011coco_optimiser 10000
inside coco 10000
ea-aos 10000
0.05
3.1
26.55
157.85
170.15
177.65
306.8

 108.78745374441839
.(1)  
    done in 2.9e-04 seconds/evaluation
  dimension seconds/evaluations
  -----------------------------
     20      2.9e-04 
  -----------------------------
  bbob done (1 of 360 problems benchmarked)
Deleting folder:  exdata/EA_AOS_on_bbob_budget0500xD-010
, Sat Mar 30 08:42:37 2019 (0h00:02 total elapsed time).
