COCO INFO: Results will be output to folder exdata/EA_AOS_on_bbob_budget0500xD-013
after __main__
budget 0.43 0.91 74 DE/rand-to-best/2 500
above main 500
def main 500
Benchmarking solver '<function EA_AOS' with budget=500*dimension on b'bbob' suite, Sat Mar 30 08:44:27 2019
batch_loop 500
Mar30 08h44:27, d=20, running: f021coco_optimiser 10000
inside coco 10000
ea-aos 10000
0.05
0.05
14.75
16.5
18.85
24.8
33.4
43.5
46.6
49.3
69.5
106.3
114.5
123.45
215.65
233.3
273.85
311.45

 -39.25730031961297
.(1)  
    done in 3.8e-04 seconds/evaluation
  dimension seconds/evaluations
  -----------------------------
     20      3.8e-04 
  -----------------------------
  bbob done (1 of 360 problems benchmarked)
Deleting folder:  exdata/EA_AOS_on_bbob_budget0500xD-013
, Sat Mar 30 08:44:31 2019 (0h00:02 total elapsed time).
