COCO INFO: Results will be output to folder exdata/EA_AOS_on_bbob_budget0500xD-012
after __main__
budget 0.72 0.8 83 DE/rand-to-best/2 500
above main 500
def main 500
Benchmarking solver '<function EA_AOS' with budget=500*dimension on b'bbob' suite, Sat Mar 30 08:41:26 2019
batch_loop 500
Mar30 08h41:26, d=20, running: f002coco_optimiser 10000
inside coco 10000
ea-aos 10000
0.05
1.3
24.7
155.3
160.2
240.5
425.95
465.5
478.3
493.1

 583598.8407405475
.(1)  
    done in 3.2e-04 seconds/evaluation
  dimension seconds/evaluations
  -----------------------------
     20      3.2e-04 
  -----------------------------
  bbob done (1 of 360 problems benchmarked)
Deleting folder:  exdata/EA_AOS_on_bbob_budget0500xD-012
, Sat Mar 30 08:41:29 2019 (0h00:02 total elapsed time).
