COCO INFO: Results will be output to folder exdata/EA_AOS_on_bbob_budget0500xD-010
after __main__
budget 0.33 0.82 65 DE/rand-to-best/2 500
above main 500
def main 500
Benchmarking solver '<function EA_AOS' with budget=500*dimension on b'bbob' suite, Sat Mar 30 08:46:37 2019
batch_loop 500
Mar30 08h46:37, d=20, running: f023coco_optimiser 10000
inside coco 10000
ea-aos 10000
0.05
0.35
3.45
17.05
25.2
31.65
33.25
44.6
60.35
176.35

 -220.8239523139038
.(1)  
    done in 4.0e-04 seconds/evaluation
  dimension seconds/evaluations
  -----------------------------
     20      4.0e-04 
  -----------------------------
  bbob done (1 of 360 problems benchmarked)
Deleting folder:  exdata/EA_AOS_on_bbob_budget0500xD-010
, Sat Mar 30 08:46:41 2019 (0h00:03 total elapsed time).
