COCO INFO: Results will be output to folder exdata/EA_AOS_on_bbob_budget0500xD-028
after __main__
budget 0.43 0.78 58 DE/rand-to-best/2 500
above main 500
def main 500
Benchmarking solver '<function EA_AOS' with budget=500*dimension on b'bbob' suite, Sat Mar 30 08:46:51 2019
batch_loop 500
Mar30 08h46:51, d=20, running: f002coco_optimiser 10000
inside coco 10000
ea-aos 10000
0.05
0.5
12.35
15.0
18.1
21.0
29.7
37.6
51.85
57.9
64.0
74.4
77.55
83.35
88.65
92.1
94.55
98.55
109.35
119.6
139.15
197.15

 123741.92924511716
.(1)  
    done in 2.8e-04 seconds/evaluation
  dimension seconds/evaluations
  -----------------------------
     20      2.8e-04 
  -----------------------------
  bbob done (1 of 360 problems benchmarked)
Deleting folder:  exdata/EA_AOS_on_bbob_budget0500xD-028
, Sat Mar 30 08:46:54 2019 (0h00:02 total elapsed time).
