COCO INFO: Results will be output to folder exdata/EA_AOS_on_bbob_budget0500xD-002
after __main__
budget 0.43 0.52 88 DE/rand-to-best/2 500
above main 500
def main 500
Benchmarking solver '<function EA_AOS' with budget=500*dimension on b'bbob' suite, Sat Mar 30 08:50:47 2019
batch_loop 500
Mar30 08h50:47, d=20, running: f021coco_optimiser 10000
inside coco 10000
ea-aos 10000
0.05
0.05
7.5
24.5
28.9
34.65
39.05
46.25
50.95
54.8
57.85
64.85
72.4
79.45
102.95
113.2
134.85
159.2
182.0
186.2
239.05
244.35
257.0
261.95
288.55
307.5
310.2
328.75

 -33.31161231611751
.(1)  
    done in 3.3e-04 seconds/evaluation
  dimension seconds/evaluations
  -----------------------------
     20      3.3e-04 
  -----------------------------
  bbob done (1 of 360 problems benchmarked)
Deleting folder:  exdata/EA_AOS_on_bbob_budget0500xD-002
, Sat Mar 30 08:50:50 2019 (0h00:02 total elapsed time).
