COCO INFO: Results will be output to folder exdata/EA_AOS_on_bbob_budget0500xD-006
after __main__
budget 0.34 0.83 59 DE/rand-to-best/2 500
above main 500
def main 500
Benchmarking solver '<function EA_AOS' with budget=500*dimension on b'bbob' suite, Sat Mar 30 08:47:14 2019
batch_loop 500
Mar30 08h47:14, d=20, running: f002coco_optimiser 10000
inside coco 10000
ea-aos 10000
0.05
0.5
11.2
15.4
17.8
28.0
57.15
61.0
66.0
69.35
74.95
81.85
84.75
88.4
102.2

 216934.950098913
.(1)  
    done in 2.7e-04 seconds/evaluation
  dimension seconds/evaluations
  -----------------------------
     20      2.7e-04 
  -----------------------------
  bbob done (1 of 360 problems benchmarked)
Deleting folder:  exdata/EA_AOS_on_bbob_budget0500xD-006
, Sat Mar 30 08:47:17 2019 (0h00:02 total elapsed time).
