COCO INFO: Results will be output to folder exdata/EA_AOS_on_bbob_budget0500xD-003
after __main__
budget 0.17 0.42 125 DE/rand-to-best/2 500
above main 500
def main 500
Benchmarking solver '<function EA_AOS' with budget=500*dimension on b'bbob' suite, Sat Mar 30 08:50:54 2019
batch_loop 500
Mar30 08h50:54, d=20, running: f021coco_optimiser 10000
inside coco 10000
ea-aos 10000
0.05
0.05
13.15
38.2
49.9
54.65
80.4
93.15
98.0
118.05
129.25
148.4
152.6
160.1
178.85
273.15
278.55
301.95
339.6
394.1
413.25
437.25

 -28.333508317273335
.(1)  
    done in 2.8e-04 seconds/evaluation
  dimension seconds/evaluations
  -----------------------------
     20      2.8e-04 
  -----------------------------
  bbob done (1 of 360 problems benchmarked)
Deleting folder:  exdata/EA_AOS_on_bbob_budget0500xD-003
, Sat Mar 30 08:50:57 2019 (0h00:02 total elapsed time).
