COCO INFO: Results will be output to folder exdata/EA_AOS_on_bbob_budget0500xD-011
after __main__
budget 0.29 0.66 92 DE/rand-to-best/2 500
above main 500
def main 500
Benchmarking solver '<function EA_AOS' with budget=500*dimension on b'bbob' suite, Sat Mar 30 08:50:55 2019
batch_loop 500
Mar30 08h50:55, d=20, running: f021coco_optimiser 10000
inside coco 10000
ea-aos 10000
0.05
0.05
6.35
13.15
20.8
44.25
50.5
69.5
98.45
125.85
149.0
156.3
281.8
354.5
401.5
429.3
480.45

 -28.195434178490036
.(1)  
    done in 2.9e-04 seconds/evaluation
  dimension seconds/evaluations
  -----------------------------
     20      2.9e-04 
  -----------------------------
  bbob done (1 of 360 problems benchmarked)
Deleting folder:  exdata/EA_AOS_on_bbob_budget0500xD-011
, Sat Mar 30 08:50:58 2019 (0h00:02 total elapsed time).
