COCO INFO: Results will be output to folder exdata/EA_AOS_on_bbob_budget0500xD-014
after __main__
budget 0.39 0.61 93 DE/rand-to-best/2 500
above main 500
def main 500
Benchmarking solver '<function EA_AOS' with budget=500*dimension on b'bbob' suite, Sat Mar 30 08:48:10 2019
batch_loop 500
Mar30 08h48:10, d=20, running: f003coco_optimiser 10000
inside coco 10000
ea-aos 10000
0.05
0.1
5.3
14.9
19.3
23.95
28.4
43.7
48.35
53.6
57.45
61.9
72.85
80.55
90.5
93.4
99.35
102.55
119.0
135.1
145.15
166.25
168.25
210.75
236.85
271.05
285.6
305.7

 -264.36963556621924
.(1)  
    done in 3.0e-04 seconds/evaluation
  dimension seconds/evaluations
  -----------------------------
     20      3.0e-04 
  -----------------------------
  bbob done (1 of 360 problems benchmarked)
Deleting folder:  exdata/EA_AOS_on_bbob_budget0500xD-014
, Sat Mar 30 08:48:13 2019 (0h00:02 total elapsed time).
