COCO INFO: Results will be output to folder exdata/EA_AOS_on_bbob_budget0500xD-018
after __main__
budget 0.3 0.68 64 DE/rand-to-best/2 500
above main 500
def main 500
Benchmarking solver '<function EA_AOS' with budget=500*dimension on b'bbob' suite, Sat Mar 30 08:54:01 2019
batch_loop 500
Mar30 08h54:01, d=20, running: f010coco_optimiser 10000
inside coco 10000
ea-aos 10000
0.05
3.0
6.4
9.2
17.75
23.2
34.15
39.45
64.95
84.8
110.9
115.1
188.15
242.1

 62087.3587796851
.(1)  
    done in 3.4e-04 seconds/evaluation
  dimension seconds/evaluations
  -----------------------------
     20      3.4e-04 
  -----------------------------
  bbob done (1 of 360 problems benchmarked)
Deleting folder:  exdata/EA_AOS_on_bbob_budget0500xD-018
, Sat Mar 30 08:54:04 2019 (0h00:03 total elapsed time).
