COCO INFO: Results will be output to folder exdata/EA_AOS_on_bbob_budget0500xD
after __main__
budget 0.37 0.63 80 DE/rand-to-best/2 500
above main 500
def main 500
Benchmarking solver '<function EA_AOS' with budget=500*dimension on b'bbob' suite, Sat Mar 30 08:47:26 2019
batch_loop 500
Mar30 08h47:26, d=20, running: f002coco_optimiser 10000
inside coco 10000
ea-aos 10000
0.05
0.5
19.3
21.05
28.3
40.9
53.55
58.8
69.05
98.2
112.25
135.6
141.7
155.2
161.65
199.75
207.4
209.75
225.5

 88328.15033411379
.(1)  
    done in 3.1e-04 seconds/evaluation
  dimension seconds/evaluations
  -----------------------------
     20      3.1e-04 
  -----------------------------
  bbob done (1 of 360 problems benchmarked)
Deleting folder:  exdata/EA_AOS_on_bbob_budget0500xD
, Sat Mar 30 08:47:29 2019 (0h00:02 total elapsed time).
