COCO INFO: Results will be output to folder exdata/EA_AOS_on_bbob_budget0500xD-026
after __main__
budget 0.61 0.45 112 DE/rand-to-best/2 500
above main 500
def main 500
Benchmarking solver '<function EA_AOS' with budget=500*dimension on b'bbob' suite, Sat Mar 30 08:47:27 2019
batch_loop 500
Mar30 08h47:27, d=20, running: f002coco_optimiser 10000
inside coco 10000
ea-aos 10000
0.05
0.5
5.95
24.35
113.95
147.65
152.05
163.25
180.05
262.6
271.3
277.15
311.75
337.1
363.3
395.1
417.9
424.45
429.1
451.0
478.7
493.5

 85557.40487955065
.(1)  
    done in 3.1e-04 seconds/evaluation
  dimension seconds/evaluations
  -----------------------------
     20      3.1e-04 
  -----------------------------
  bbob done (1 of 360 problems benchmarked)
Deleting folder:  exdata/EA_AOS_on_bbob_budget0500xD-026
, Sat Mar 30 08:47:30 2019 (0h00:02 total elapsed time).
