COCO INFO: Results will be output to folder exdata/EA_AOS_on_bbob_budget0500xD
after __main__
budget 0.47 0.69 78 DE/rand-to-best/2 500
above main 500
def main 500
Benchmarking solver '<function EA_AOS' with budget=500*dimension on b'bbob' suite, Sat Mar 30 08:54:06 2019
batch_loop 500
Mar30 08h54:06, d=20, running: f010coco_optimiser 10000
inside coco 10000
ea-aos 10000
0.05
3.0
11.1
16.2
21.4
24.6
30.0
40.4
66.5
198.55
284.8
445.15
475.5

 74668.97861431092
.(1)  
    done in 2.6e-04 seconds/evaluation
  dimension seconds/evaluations
  -----------------------------
     20      2.6e-04 
  -----------------------------
  bbob done (1 of 360 problems benchmarked)
Deleting folder:  exdata/EA_AOS_on_bbob_budget0500xD
, Sat Mar 30 08:54:08 2019 (0h00:02 total elapsed time).
