COCO INFO: Results will be output to folder exdata/EA_AOS_on_bbob_budget0500xD-025
after __main__
budget 0.41 0.14 273 DE/rand-to-best/2 500
above main 500
def main 500
Benchmarking solver '<function EA_AOS' with budget=500*dimension on b'bbob' suite, Sat Mar 30 08:33:51 2019
batch_loop 500
Mar30 08h33:51, d=20, running: f007coco_optimiser 10000
inside coco 10000
ea-aos 10000
0.05
1.05
17.25
40.55
49.45
63.1
107.0
134.3
147.95
179.75
242.7
283.65
365.15
412.05
479.3

 155.122641800631
.(1)  
    done in 3.5e-04 seconds/evaluation
  dimension seconds/evaluations
  -----------------------------
     20      3.5e-04 
  -----------------------------
  bbob done (1 of 360 problems benchmarked)
Deleting folder:  exdata/EA_AOS_on_bbob_budget0500xD-025
, Sat Mar 30 08:33:54 2019 (0h00:03 total elapsed time).
