COCO INFO: Results will be output to folder exdata/EA_AOS_on_bbob_budget0500xD-009
after __main__
budget 0.37 0.78 55 DE/rand-to-best/2 500
above main 500
def main 500
Benchmarking solver '<function EA_AOS' with budget=500*dimension on b'bbob' suite, Sat Mar 30 08:58:10 2019
batch_loop 500
Mar30 08h58:10, d=20, running: f010coco_optimiser 10000
inside coco 10000
ea-aos 10000
0.05
2.15
5.1
8.9
12.6
17.65
34.3
41.0
44.75
51.25
54.5
61.6
63.85
72.1
81.3
83.55
169.0
174.7
177.45
332.6
340.65
361.4
399.15

 70716.68129728305
.(1)  
    done in 2.7e-04 seconds/evaluation
  dimension seconds/evaluations
  -----------------------------
     20      2.7e-04 
  -----------------------------
  bbob done (1 of 360 problems benchmarked)
Deleting folder:  exdata/EA_AOS_on_bbob_budget0500xD-009
, Sat Mar 30 08:58:12 2019 (0h00:02 total elapsed time).
