COCO INFO: Results will be output to folder exdata/EA_AOS_on_bbob_budget0500xD-006
after __main__
budget 0.47 0.63 99 DE/rand-to-best/2 500
above main 500
def main 500
Benchmarking solver '<function EA_AOS' with budget=500*dimension on b'bbob' suite, Sat Mar 30 08:57:44 2019
batch_loop 500
Mar30 08h57:44, d=20, running: f023coco_optimiser 10000
inside coco 10000
ea-aos 10000
0.05
3.4
26.6
48.95
54.35
77.5
184.9

 -220.5215001420199
.(1)  
    done in 3.6e-04 seconds/evaluation
  dimension seconds/evaluations
  -----------------------------
     20      3.6e-04 
  -----------------------------
  bbob done (1 of 360 problems benchmarked)
Deleting folder:  exdata/EA_AOS_on_bbob_budget0500xD-006
, Sat Mar 30 08:57:47 2019 (0h00:03 total elapsed time).
