COCO INFO: Results will be output to folder exdata/EA_AOS_on_bbob_budget0500xD-001
after __main__
budget 0.47 0.63 99 DE/rand-to-best/2 500
above main 500
def main 500
Benchmarking solver '<function EA_AOS' with budget=500*dimension on b'bbob' suite, Sat Mar 30 08:58:29 2019
batch_loop 500
Mar30 08h58:29, d=20, running: f007coco_optimiser 10000
inside coco 10000
ea-aos 10000
0.05
1.05
13.25
21.0
28.85
33.8
36.15
49.75
54.7
59.65
66.4
88.8
91.65
123.75
126.9
136.3
169.65
200.8
203.75
211.45
248.65
334.9

 126.82476950358571
.(1)  
    done in 2.6e-04 seconds/evaluation
  dimension seconds/evaluations
  -----------------------------
     20      2.6e-04 
  -----------------------------
  bbob done (1 of 360 problems benchmarked)
Deleting folder:  exdata/EA_AOS_on_bbob_budget0500xD-001
, Sat Mar 30 08:58:32 2019 (0h00:02 total elapsed time).
