COCO INFO: Results will be output to folder exdata/EA_AOS_on_bbob_budget0500xD-019
after __main__
budget 0.37 0.9 57 DE/rand-to-best/2 500
above main 500
def main 500
Benchmarking solver '<function EA_AOS' with budget=500*dimension on b'bbob' suite, Sat Mar 30 08:56:23 2019
batch_loop 500
Mar30 08h56:23, d=20, running: f002coco_optimiser 10000
inside coco 10000
ea-aos 10000
0.05
0.5
13.15
20.15
24.6
34.3
37.6
42.45
42.85
53.6
55.0
68.95
74.9
80.35
82.9
86.35
93.05
99.35
103.25
111.8

 265461.49639908917
.(1)  
    done in 2.7e-04 seconds/evaluation
  dimension seconds/evaluations
  -----------------------------
     20      2.7e-04 
  -----------------------------
  bbob done (1 of 360 problems benchmarked)
Deleting folder:  exdata/EA_AOS_on_bbob_budget0500xD-019
, Sat Mar 30 08:56:26 2019 (0h00:02 total elapsed time).
