COCO INFO: Results will be output to folder exdata/EA_AOS_on_bbob_budget0500xD-003
after __main__
budget 0.16 0.53 74 DE/rand-to-best/2 500
above main 500
def main 500
Benchmarking solver '<function EA_AOS' with budget=500*dimension on b'bbob' suite, Sat Mar 30 08:59:29 2019
batch_loop 500
Mar30 08h59:29, d=20, running: f007coco_optimiser 10000
inside coco 10000
ea-aos 10000
0.05
1.05
6.55
8.5
12.6
18.3
29.4
33.05
86.65
102.8
107.05
232.75
342.45
420.5
446.9

 146.04194665297265
.(1)  
    done in 2.0e-04 seconds/evaluation
  dimension seconds/evaluations
  -----------------------------
     20      2.0e-04 
  -----------------------------
  bbob done (1 of 360 problems benchmarked)
Deleting folder:  exdata/EA_AOS_on_bbob_budget0500xD-003
, Sat Mar 30 08:59:31 2019 (0h00:02 total elapsed time).
