COCO INFO: Results will be output to folder exdata/EA_AOS_on_bbob_budget0500xD-002
after __main__
budget 0.37 0.64 86 DE/rand-to-best/2 500
above main 500
def main 500
Benchmarking solver '<function EA_AOS' with budget=500*dimension on b'bbob' suite, Sat Mar 30 08:59:55 2019
batch_loop 500
Mar30 08h59:55, d=20, running: f019coco_optimiser 10000
inside coco 10000
ea-aos 10000
0.05
0.05

 -25.769626257280233
.(1)  
    done in 2.1e-04 seconds/evaluation
  dimension seconds/evaluations
  -----------------------------
     20      2.1e-04 
  -----------------------------
  bbob done (1 of 360 problems benchmarked)
Deleting folder:  exdata/EA_AOS_on_bbob_budget0500xD-002
, Sat Mar 30 08:59:57 2019 (0h00:02 total elapsed time).
