COCO INFO: Results will be output to folder exdata/EA_AOS_on_bbob_budget0500xD
after __main__
budget 0.43 0.72 78 DE/rand-to-best/2 500
above main 500
def main 500
Benchmarking solver '<function EA_AOS' with budget=500*dimension on b'bbob' suite, Sat Mar 30 09:00:15 2019
batch_loop 500
Mar30 09h00:15, d=20, running: f014coco_optimiser 10000
inside coco 10000
ea-aos 10000
0.05
0.6
5.4
12.25
18.75
23.75
30.5
39.7
47.3
53.7
57.95
64.85
69.2
97.3
127.75
184.95
189.65
209.7
310.65
320.35
331.5
338.4
363.0
402.0
418.65
422.0

 -32.84423621356441
.(1)  
    done in 2.1e-04 seconds/evaluation
  dimension seconds/evaluations
  -----------------------------
     20      2.1e-04 
  -----------------------------
  bbob done (1 of 360 problems benchmarked)
Deleting folder:  exdata/EA_AOS_on_bbob_budget0500xD
, Sat Mar 30 09:00:18 2019 (0h00:02 total elapsed time).
