COCO INFO: Results will be output to folder exdata/EA_AOS_on_bbob_budget0500xD-001
after __main__
budget 0.41 0.6 71 DE/rand-to-best/2 500
above main 500
def main 500
Benchmarking solver '<function EA_AOS' with budget=500*dimension on b'bbob' suite, Sat Mar 30 09:01:49 2019
batch_loop 500
Mar30 09h01:49, d=20, running: f020coco_optimiser 10000
inside coco 10000
ea-aos 10000
0.05
0.05
12.95
15.3
22.4
42.75
52.05
56.45
68.2
74.35
76.25
81.5
88.0
90.1
103.95
107.0
120.0
151.25
160.75
165.45
173.5
181.6
190.7
215.5

 -142.3758844373535
.(1)  
    done in 2.1e-04 seconds/evaluation
  dimension seconds/evaluations
  -----------------------------
     20      2.1e-04 
  -----------------------------
  bbob done (1 of 360 problems benchmarked)
Deleting folder:  exdata/EA_AOS_on_bbob_budget0500xD-001
, Sat Mar 30 09:01:51 2019 (0h00:02 total elapsed time).
