COCO INFO: Results will be output to folder exdata/EA_AOS_on_bbob_budget0500xD-024
after __main__
budget 0.3 0.17 284 DE/rand-to-best/2 500
above main 500
def main 500
Benchmarking solver '<function EA_AOS' with budget=500*dimension on b'bbob' suite, Sat Mar 30 08:32:20 2019
batch_loop 500
Mar30 08h32:20, d=20, running: f011coco_optimiser 10000
inside coco 10000
ea-aos 10000
0.05
3.1
40.4
217.25
419.05

 97.23695074368013
.(1)  
    done in 3.3e-04 seconds/evaluation
  dimension seconds/evaluations
  -----------------------------
     20      3.3e-04 
  -----------------------------
  bbob done (1 of 360 problems benchmarked)
Deleting folder:  exdata/EA_AOS_on_bbob_budget0500xD-024
, Sat Mar 30 08:32:23 2019 (0h00:03 total elapsed time).
