COCO INFO: Results will be output to folder exdata/EA_AOS_on_bbob_budget0500xD-014
after __main__
budget 0.78 0.18 145 DE/rand-to-best/2 500
above main 500
def main 500
Benchmarking solver '<function EA_AOS' with budget=500*dimension on b'bbob' suite, Sat Mar 30 08:31:55 2019
batch_loop 500
Mar30 08h31:55, d=20, running: f011coco_optimiser 10000
inside coco 10000
ea-aos 10000
0.05
3.1
13.25

 169.88694069639098
.(1)  
    done in 3.4e-04 seconds/evaluation
  dimension seconds/evaluations
  -----------------------------
     20      3.4e-04 
  -----------------------------
  bbob done (1 of 360 problems benchmarked)
Deleting folder:  exdata/EA_AOS_on_bbob_budget0500xD-014
, Sat Mar 30 08:31:58 2019 (0h00:03 total elapsed time).
